#
# There is insufficient memory for the Java Runtime Environment to continue.
# Native memory allocation (malloc) failed to allocate 1075696 bytes for Chunk::new
# Possible reasons:
#   The system is out of physical RAM or swap space
#   The process is running with CompressedOops enabled, and the Java Heap may be blocking the growth of the native heap
# Possible solutions:
#   Reduce memory load on the system
#   Increase physical memory or swap space
#   Check if swap backing store is full
#   Decrease Java heap size (-Xmx/-Xms)
#   Decrease number of Java threads
#   Decrease Java thread stack sizes (-Xss)
#   Set larger code cache with -XX:ReservedCodeCacheSize=
#   JVM is running with Unscaled Compressed Oops mode in which the Java heap is
#     placed in the first 4GB address space. The Java Heap base address is the
#     maximum limit for the native heap growth. Please use -XX:HeapBaseMinAddress
#     to set the Java Heap base and to place the Java Heap above 4GB virtual address.
# This output file may be truncated or incomplete.
#
#  Out of Memory Error (./src/hotspot/share/memory/arena.cpp:197), pid=10124, tid=16796
#
# JRE version: OpenJDK Runtime Environment (11.0.11+9) (build 11.0.11+9-b60-7590822)
# Java VM: OpenJDK 64-Bit Server VM (11.0.11+9-b60-7590822, mixed mode, tiered, compressed oops, g1 gc, windows-amd64)
# No core dump will be written. Minidumps are not enabled by default on client versions of Windows
#

---------------  S U M M A R Y ------------

Command Line: --add-opens=java.base/java.util=ALL-UNNAMED --add-opens=java.base/java.lang=ALL-UNNAMED --add-opens=java.base/java.lang.invoke=ALL-UNNAMED --add-opens=java.base/java.util=ALL-UNNAMED --add-opens=java.prefs/java.util.prefs=ALL-UNNAMED --add-opens=java.prefs/java.util.prefs=ALL-UNNAMED --add-opens=java.base/java.nio.charset=ALL-UNNAMED --add-opens=java.base/java.net=ALL-UNNAMED --add-opens=java.base/java.util.concurrent.atomic=ALL-UNNAMED -Xmx2048m -Dfile.encoding=UTF-8 -Duser.country=US -Duser.language=en -Duser.variant org.gradle.launcher.daemon.bootstrap.GradleDaemon 7.2

Host: AMD Ryzen 5 3500U with Radeon Vega Mobile Gfx  , 8 cores, 3G,  Windows 10 , 64 bit Build 22000 (10.0.22000.434)
Time: Mon Mar 21 14:04:10 2022 SE Asia Standard Time elapsed time: 24.422889 seconds (0d 0h 0m 24s)

---------------  T H R E A D  ---------------

Current thread (0x000001dffcde5000):  JavaThread "C2 CompilerThread0" daemon [_thread_in_native, id=16796, stack(0x0000003cd4500000,0x0000003cd4600000)]


Current CompileTask:
C2:  24423 6489       4       java.util.TreeMap::put (247 bytes)

Stack: [0x0000003cd4500000,0x0000003cd4600000]
Native frames: (J=compiled Java code, j=interpreted, Vv=VM code, C=native code)
V  [jvm.dll+0x5f214a]
V  [jvm.dll+0x726fb5]
V  [jvm.dll+0x7285cd]
V  [jvm.dll+0x728c83]
V  [jvm.dll+0x243278]
V  [jvm.dll+0xbc53c]
V  [jvm.dll+0xbca3c]
V  [jvm.dll+0x353e3b]
V  [jvm.dll+0x321893]
V  [jvm.dll+0x320d8a]
V  [jvm.dll+0x1fc1e2]
V  [jvm.dll+0x1fb3d4]
V  [jvm.dll+0x183d6c]
V  [jvm.dll+0x209a57]
V  [jvm.dll+0x2082a1]
V  [jvm.dll+0x6ef58f]
V  [jvm.dll+0x6e80b5]
V  [jvm.dll+0x5f1036]
C  [ucrtbase.dll+0x26c0c]
C  [KERNEL32.DLL+0x154e0]
C  [ntdll.dll+0x485b]


---------------  P R O C E S S  ---------------

Threads class SMR info:
_java_thread_list=0x000001df91881170, length=122, elements={
0x000001dff1952800, 0x000001dffcd7e000, 0x000001dffcd89000, 0x000001dffcddf800,
0x000001dffcde1000, 0x000001dffcde2000, 0x000001dffcde5000, 0x000001dffcdee000,
0x000001dffcdfe000, 0x000001dffd84b000, 0x000001df8f0b4000, 0x000001dffebe5000,
0x000001df8f3d6800, 0x000001dffecc6800, 0x000001dffebc8000, 0x000001df8f18f000,
0x000001dffea60800, 0x000001dffea61000, 0x000001dffe592800, 0x000001dffdbd8000,
0x000001dffdbda000, 0x000001dffdbd5800, 0x000001dffdbda800, 0x000001dffdbdc800,
0x000001dffdbd6800, 0x000001dffdbdb800, 0x000001dffdbd7800, 0x000001dffdbd9000,
0x000001df8f54a000, 0x000001df8f54c800, 0x000001df8f54e800, 0x000001df8f54c000,
0x000001df8f54f000, 0x000001df8f54b000, 0x000001df8f549800, 0x000001df8f552800,
0x000001df8f553000, 0x000001df8f555000, 0x000001df8f551800, 0x000001df8f554000,
0x000001df8f555800, 0x000001df8f550000, 0x000001df8f556800, 0x000001df8f551000,
0x000001df8f557800, 0x000001df8fad0000, 0x000001df8faca000, 0x000001df8facc800,
0x000001df8face000, 0x000001df8facb000, 0x000001df8fad0800, 0x000001df8fad1800,
0x000001df8facd800, 0x000001df8facc000, 0x000001df8fad4800, 0x000001df8fad2800,
0x000001df8fad4000, 0x000001df8facf000, 0x000001df8fad9000, 0x000001df8fad5800,
0x000001df8fad6800, 0x000001df8fad3000, 0x000001df8fad7000, 0x000001df8fad8000,
0x000001df8f2f9000, 0x000001df8f2f7000, 0x000001df8f2f9800, 0x000001df8f2f6800,
0x000001df8f2fd800, 0x000001df8f2fa800, 0x000001df8f2fb000, 0x000001df8f2fc000,
0x000001df8f2fd000, 0x000001df8f2f8000, 0x000001df8f301000, 0x000001df8f302000,
0x000001df8f300000, 0x000001df8f2ff800, 0x000001df8f2fe800, 0x000001df8f302800,
0x000001df8f304000, 0x000001df8f303800, 0x000001df8f305000, 0x000001df8fb2e000,
0x000001df8fb2d000, 0x000001df8fb29000, 0x000001df8fb2a000, 0x000001df8fb2a800,
0x000001df8fb28000, 0x000001df8fb2b800, 0x000001df8fb31000, 0x000001df8fb2e800,
0x000001df8fb30800, 0x000001df8fb32000, 0x000001df8fb2c800, 0x000001df8fb34800,
0x000001df8fb2f800, 0x000001df8fb37000, 0x000001df8fb33000, 0x000001df8fb33800,
0x000001df8fb35000, 0x000001df8fb36000, 0x000001df8fdba800, 0x000001df8fdbb800,
0x000001df8fdb9800, 0x000001df8fdbd800, 0x000001df8fdbc000, 0x000001df8fdbd000,
0x000001df8fdb9000, 0x000001df8fdc1000, 0x000001df8fdbf800, 0x000001df8fdc2000,
0x000001df8fdc2800, 0x000001df8fdc4000, 0x000001df8fdbe800, 0x000001df8fdc3800,
0x000001df8fdc0000, 0x000001df8fdc5000, 0x000001df8fdc6000, 0x000001df8fdc6800,
0x000001df8fdc7800, 0x000001dffe919800
}

Java Threads: ( => current thread )
  0x000001dff1952800 JavaThread "main" [_thread_blocked, id=19856, stack(0x0000003cd3900000,0x0000003cd3a00000)]
  0x000001dffcd7e000 JavaThread "Reference Handler" daemon [_thread_blocked, id=1948, stack(0x0000003cd4000000,0x0000003cd4100000)]
  0x000001dffcd89000 JavaThread "Finalizer" daemon [_thread_blocked, id=23768, stack(0x0000003cd4100000,0x0000003cd4200000)]
  0x000001dffcddf800 JavaThread "Signal Dispatcher" daemon [_thread_blocked, id=5156, stack(0x0000003cd4200000,0x0000003cd4300000)]
  0x000001dffcde1000 JavaThread "Attach Listener" daemon [_thread_blocked, id=22432, stack(0x0000003cd4300000,0x0000003cd4400000)]
  0x000001dffcde2000 JavaThread "Service Thread" daemon [_thread_blocked, id=18868, stack(0x0000003cd4400000,0x0000003cd4500000)]
=>0x000001dffcde5000 JavaThread "C2 CompilerThread0" daemon [_thread_in_native, id=16796, stack(0x0000003cd4500000,0x0000003cd4600000)]
  0x000001dffcdee000 JavaThread "C1 CompilerThread0" daemon [_thread_blocked, id=9828, stack(0x0000003cd4600000,0x0000003cd4700000)]
  0x000001dffcdfe000 JavaThread "Sweeper thread" daemon [_thread_blocked, id=9140, stack(0x0000003cd4700000,0x0000003cd4800000)]
  0x000001dffd84b000 JavaThread "Common-Cleaner" daemon [_thread_blocked, id=18876, stack(0x0000003cd4800000,0x0000003cd4900000)]
  0x000001df8f0b4000 JavaThread "Daemon health stats" [_thread_blocked, id=1136, stack(0x0000003cd4b00000,0x0000003cd4c00000)]
  0x000001dffebe5000 JavaThread "Incoming local TCP Connector on port 62456" [_thread_in_native, id=17616, stack(0x0000003cd4c00000,0x0000003cd4d00000)]
  0x000001df8f3d6800 JavaThread "Daemon periodic checks" [_thread_blocked, id=10048, stack(0x0000003cd4d00000,0x0000003cd4e00000)]
  0x000001dffecc6800 JavaThread "Daemon" [_thread_blocked, id=18300, stack(0x0000003cd4e00000,0x0000003cd4f00000)]
  0x000001dffebc8000 JavaThread "Handler for socket connection from /127.0.0.1:62456 to /127.0.0.1:62457" [_thread_in_native, id=23284, stack(0x0000003cd4f00000,0x0000003cd5000000)]
  0x000001df8f18f000 JavaThread "Cancel handler" [_thread_blocked, id=12740, stack(0x0000003cd5000000,0x0000003cd5100000)]
  0x000001dffea60800 JavaThread "Daemon worker" [_thread_in_Java, id=12456, stack(0x0000003cd5100000,0x0000003cd5200000)]
  0x000001dffea61000 JavaThread "Asynchronous log dispatcher for DefaultDaemonConnection: socket connection from /127.0.0.1:62456 to /127.0.0.1:62457" [_thread_blocked, id=18768, stack(0x0000003cd5200000,0x0000003cd5300000)]
  0x000001dffe592800 JavaThread "Stdin handler" [_thread_blocked, id=22960, stack(0x0000003cd5300000,0x0000003cd5400000)]
  0x000001dffdbd8000 JavaThread "Daemon client event forwarder" [_thread_blocked, id=11248, stack(0x0000003cd5400000,0x0000003cd5500000)]
  0x000001dffdbda000 JavaThread "Cache worker for journal cache (C:\Users\acer\.gradle\caches\journal-1)" [_thread_blocked, id=19744, stack(0x0000003cd5b00000,0x0000003cd5c00000)]
  0x000001dffdbd5800 JavaThread "File lock request listener" [_thread_in_native, id=15852, stack(0x0000003cd5c00000,0x0000003cd5d00000)]
  0x000001dffdbda800 JavaThread "Cache worker for file hash cache (C:\Users\acer\.gradle\caches\7.2\fileHashes)" [_thread_blocked, id=13852, stack(0x0000003cd5d00000,0x0000003cd5e00000)]
  0x000001dffdbdc800 JavaThread "Cache worker for file hash cache (C:\Users\acer\AndroidStudioProjects\constraint_layout - 2\.gradle\7.2\fileHashes)" [_thread_blocked, id=21980, stack(0x0000003cd5f00000,0x0000003cd6000000)]
  0x000001dffdbd6800 JavaThread "File watcher server" daemon [_thread_in_native, id=21664, stack(0x0000003cd6000000,0x0000003cd6100000)]
  0x000001dffdbdb800 JavaThread "File watcher consumer" daemon [_thread_blocked, id=13140, stack(0x0000003cd6100000,0x0000003cd6200000)]
  0x000001dffdbd7800 JavaThread "Cache worker for checksums cache (C:\Users\acer\AndroidStudioProjects\constraint_layout - 2\.gradle\checksums)" [_thread_blocked, id=1972, stack(0x0000003cd6200000,0x0000003cd6300000)]
  0x000001dffdbd9000 JavaThread "Cache worker for cache directory md-supplier (C:\Users\acer\.gradle\caches\7.2\md-supplier)" [_thread_blocked, id=12560, stack(0x0000003cd6300000,0x0000003cd6400000)]
  0x000001df8f54a000 JavaThread "Cache worker for cache directory md-rule (C:\Users\acer\.gradle\caches\7.2\md-rule)" [_thread_blocked, id=9776, stack(0x0000003cd6400000,0x0000003cd6500000)]
  0x000001df8f54c800 JavaThread "Cache worker for execution history cache (C:\Users\acer\.gradle\caches\7.2\executionHistory)" [_thread_blocked, id=20392, stack(0x0000003cd6500000,0x0000003cd6600000)]
  0x000001df8f54e800 JavaThread "jar transforms" [_thread_blocked, id=2316, stack(0x0000003cd6600000,0x0000003cd6700000)]
  0x000001df8f54c000 JavaThread "Cache worker for file content cache (C:\Users\acer\.gradle\caches\7.2\fileContent)" [_thread_blocked, id=14352, stack(0x0000003cd6700000,0x0000003cd6800000)]
  0x000001df8f54f000 JavaThread "jar transforms Thread 2" [_thread_blocked, id=24924, stack(0x0000003cd6800000,0x0000003cd6900000)]
  0x000001df8f54b000 JavaThread "Cache worker for dependencies-accessors (C:\Users\acer\AndroidStudioProjects\constraint_layout - 2\.gradle\7.2\dependencies-accessors)" [_thread_blocked, id=3012, stack(0x0000003cd6900000,0x0000003cd6a00000)]
  0x000001df8f549800 JavaThread "jar transforms Thread 3" [_thread_blocked, id=13864, stack(0x0000003cd6a00000,0x0000003cd6b00000)]
  0x000001df8f552800 JavaThread "Cache worker for Build Output Cleanup Cache (C:\Users\acer\AndroidStudioProjects\constraint_layout - 2\.gradle\buildOutputCleanup)" [_thread_blocked, id=5448, stack(0x0000003cd6b00000,0x0000003cd6c00000)]
  0x000001df8f553000 JavaThread "Unconstrained build operations" [_thread_blocked, id=4704, stack(0x0000003cd6c00000,0x0000003cd6d00000)]
  0x000001df8f555000 JavaThread "Unconstrained build operations Thread 2" [_thread_blocked, id=12640, stack(0x0000003cd6d00000,0x0000003cd6e00000)]
  0x000001df8f551800 JavaThread "Unconstrained build operations Thread 3" [_thread_blocked, id=23416, stack(0x0000003cd6e00000,0x0000003cd6f00000)]
  0x000001df8f554000 JavaThread "Unconstrained build operations Thread 4" [_thread_blocked, id=12788, stack(0x0000003cd6f00000,0x0000003cd7000000)]
  0x000001df8f555800 JavaThread "Unconstrained build operations Thread 5" [_thread_blocked, id=20044, stack(0x0000003cd7000000,0x0000003cd7100000)]
  0x000001df8f550000 JavaThread "Unconstrained build operations Thread 6" [_thread_blocked, id=10164, stack(0x0000003cd7100000,0x0000003cd7200000)]
  0x000001df8f556800 JavaThread "Unconstrained build operations Thread 7" [_thread_blocked, id=3156, stack(0x0000003cd7200000,0x0000003cd7300000)]
  0x000001df8f551000 JavaThread "Unconstrained build operations Thread 8" [_thread_blocked, id=15912, stack(0x0000003cd7300000,0x0000003cd7400000)]
  0x000001df8f557800 JavaThread "Unconstrained build operations Thread 9" [_thread_blocked, id=21392, stack(0x0000003cd7400000,0x0000003cd7500000)]
  0x000001df8fad0000 JavaThread "Unconstrained build operations Thread 10" [_thread_blocked, id=14544, stack(0x0000003cd7500000,0x0000003cd7600000)]
  0x000001df8faca000 JavaThread "Unconstrained build operations Thread 11" [_thread_blocked, id=15052, stack(0x0000003cd7600000,0x0000003cd7700000)]
  0x000001df8facc800 JavaThread "Unconstrained build operations Thread 12" [_thread_blocked, id=4804, stack(0x0000003cd7700000,0x0000003cd7800000)]
  0x000001df8face000 JavaThread "Unconstrained build operations Thread 13" [_thread_blocked, id=24656, stack(0x0000003cd7800000,0x0000003cd7900000)]
  0x000001df8facb000 JavaThread "Unconstrained build operations Thread 14" [_thread_blocked, id=20104, stack(0x0000003cd7900000,0x0000003cd7a00000)]
  0x000001df8fad0800 JavaThread "Unconstrained build operations Thread 15" [_thread_blocked, id=4248, stack(0x0000003cd7a00000,0x0000003cd7b00000)]
  0x000001df8fad1800 JavaThread "Unconstrained build operations Thread 16" [_thread_blocked, id=6272, stack(0x0000003cd7b00000,0x0000003cd7c00000)]
  0x000001df8facd800 JavaThread "Unconstrained build operations Thread 17" [_thread_blocked, id=19104, stack(0x0000003cd7c00000,0x0000003cd7d00000)]
  0x000001df8facc000 JavaThread "Unconstrained build operations Thread 18" [_thread_blocked, id=9164, stack(0x0000003cd7d00000,0x0000003cd7e00000)]
  0x000001df8fad4800 JavaThread "Unconstrained build operations Thread 19" [_thread_blocked, id=16500, stack(0x0000003cd7e00000,0x0000003cd7f00000)]
  0x000001df8fad2800 JavaThread "Unconstrained build operations Thread 20" [_thread_blocked, id=5396, stack(0x0000003cd7f00000,0x0000003cd8000000)]
  0x000001df8fad4000 JavaThread "Unconstrained build operations Thread 21" [_thread_blocked, id=780, stack(0x0000003cd8000000,0x0000003cd8100000)]
  0x000001df8facf000 JavaThread "Unconstrained build operations Thread 22" [_thread_blocked, id=7824, stack(0x0000003cd8100000,0x0000003cd8200000)]
  0x000001df8fad9000 JavaThread "Unconstrained build operations Thread 23" [_thread_blocked, id=2620, stack(0x0000003cd8200000,0x0000003cd8300000)]
  0x000001df8fad5800 JavaThread "Unconstrained build operations Thread 24" [_thread_blocked, id=23600, stack(0x0000003cd8300000,0x0000003cd8400000)]
  0x000001df8fad6800 JavaThread "Unconstrained build operations Thread 25" [_thread_blocked, id=14376, stack(0x0000003cd8400000,0x0000003cd8500000)]
  0x000001df8fad3000 JavaThread "Unconstrained build operations Thread 26" [_thread_blocked, id=4160, stack(0x0000003cd8500000,0x0000003cd8600000)]
  0x000001df8fad7000 JavaThread "Unconstrained build operations Thread 27" [_thread_blocked, id=13424, stack(0x0000003cd8600000,0x0000003cd8700000)]
  0x000001df8fad8000 JavaThread "Unconstrained build operations Thread 28" [_thread_blocked, id=13580, stack(0x0000003cd8700000,0x0000003cd8800000)]
  0x000001df8f2f9000 JavaThread "Unconstrained build operations Thread 29" [_thread_blocked, id=20328, stack(0x0000003cd8800000,0x0000003cd8900000)]
  0x000001df8f2f7000 JavaThread "Unconstrained build operations Thread 30" [_thread_blocked, id=13248, stack(0x0000003cd8900000,0x0000003cd8a00000)]
  0x000001df8f2f9800 JavaThread "Unconstrained build operations Thread 31" [_thread_blocked, id=14268, stack(0x0000003cd8a00000,0x0000003cd8b00000)]
  0x000001df8f2f6800 JavaThread "Unconstrained build operations Thread 32" [_thread_blocked, id=23528, stack(0x0000003cd8b00000,0x0000003cd8c00000)]
  0x000001df8f2fd800 JavaThread "Unconstrained build operations Thread 33" [_thread_blocked, id=11648, stack(0x0000003cd8c00000,0x0000003cd8d00000)]
  0x000001df8f2fa800 JavaThread "Unconstrained build operations Thread 34" [_thread_blocked, id=7900, stack(0x0000003cd8d00000,0x0000003cd8e00000)]
  0x000001df8f2fb000 JavaThread "Unconstrained build operations Thread 35" [_thread_blocked, id=18984, stack(0x0000003cd8e00000,0x0000003cd8f00000)]
  0x000001df8f2fc000 JavaThread "Unconstrained build operations Thread 36" [_thread_blocked, id=10312, stack(0x0000003cd8f00000,0x0000003cd9000000)]
  0x000001df8f2fd000 JavaThread "Unconstrained build operations Thread 37" [_thread_blocked, id=24756, stack(0x0000003cd9000000,0x0000003cd9100000)]
  0x000001df8f2f8000 JavaThread "Unconstrained build operations Thread 38" [_thread_blocked, id=15032, stack(0x0000003cd9100000,0x0000003cd9200000)]
  0x000001df8f301000 JavaThread "Unconstrained build operations Thread 39" [_thread_blocked, id=5964, stack(0x0000003cd9200000,0x0000003cd9300000)]
  0x000001df8f302000 JavaThread "Unconstrained build operations Thread 40" [_thread_blocked, id=18852, stack(0x0000003cd9300000,0x0000003cd9400000)]
  0x000001df8f300000 JavaThread "Unconstrained build operations Thread 41" [_thread_blocked, id=11232, stack(0x0000003cd9400000,0x0000003cd9500000)]
  0x000001df8f2ff800 JavaThread "Unconstrained build operations Thread 42" [_thread_blocked, id=8620, stack(0x0000003cd9500000,0x0000003cd9600000)]
  0x000001df8f2fe800 JavaThread "Unconstrained build operations Thread 43" [_thread_blocked, id=20980, stack(0x0000003cd9600000,0x0000003cd9700000)]
  0x000001df8f302800 JavaThread "Unconstrained build operations Thread 44" [_thread_blocked, id=7404, stack(0x0000003cd9700000,0x0000003cd9800000)]
  0x000001df8f304000 JavaThread "Unconstrained build operations Thread 45" [_thread_blocked, id=2108, stack(0x0000003cd9800000,0x0000003cd9900000)]
  0x000001df8f303800 JavaThread "Unconstrained build operations Thread 46" [_thread_blocked, id=16396, stack(0x0000003cd9900000,0x0000003cd9a00000)]
  0x000001df8f305000 JavaThread "Unconstrained build operations Thread 47" [_thread_blocked, id=12256, stack(0x0000003cd9a00000,0x0000003cd9b00000)]
  0x000001df8fb2e000 JavaThread "Unconstrained build operations Thread 48" [_thread_blocked, id=14576, stack(0x0000003cd9b00000,0x0000003cd9c00000)]
  0x000001df8fb2d000 JavaThread "Unconstrained build operations Thread 49" [_thread_blocked, id=21232, stack(0x0000003cd9c00000,0x0000003cd9d00000)]
  0x000001df8fb29000 JavaThread "Unconstrained build operations Thread 50" [_thread_blocked, id=24388, stack(0x0000003cd9d00000,0x0000003cd9e00000)]
  0x000001df8fb2a000 JavaThread "Unconstrained build operations Thread 51" [_thread_blocked, id=4416, stack(0x0000003cd9e00000,0x0000003cd9f00000)]
  0x000001df8fb2a800 JavaThread "Unconstrained build operations Thread 52" [_thread_blocked, id=17040, stack(0x0000003cd9f00000,0x0000003cda000000)]
  0x000001df8fb28000 JavaThread "Unconstrained build operations Thread 53" [_thread_blocked, id=12164, stack(0x0000003cda000000,0x0000003cda100000)]
  0x000001df8fb2b800 JavaThread "Unconstrained build operations Thread 54" [_thread_blocked, id=19796, stack(0x0000003cda100000,0x0000003cda200000)]
  0x000001df8fb31000 JavaThread "Unconstrained build operations Thread 55" [_thread_blocked, id=22728, stack(0x0000003cda200000,0x0000003cda300000)]
  0x000001df8fb2e800 JavaThread "Unconstrained build operations Thread 56" [_thread_blocked, id=14680, stack(0x0000003cda300000,0x0000003cda400000)]
  0x000001df8fb30800 JavaThread "Unconstrained build operations Thread 57" [_thread_blocked, id=17396, stack(0x0000003cda400000,0x0000003cda500000)]
  0x000001df8fb32000 JavaThread "Unconstrained build operations Thread 58" [_thread_blocked, id=10228, stack(0x0000003cda500000,0x0000003cda600000)]
  0x000001df8fb2c800 JavaThread "Unconstrained build operations Thread 59" [_thread_blocked, id=4960, stack(0x0000003cda600000,0x0000003cda700000)]
  0x000001df8fb34800 JavaThread "Unconstrained build operations Thread 60" [_thread_blocked, id=2468, stack(0x0000003cda700000,0x0000003cda800000)]
  0x000001df8fb2f800 JavaThread "Unconstrained build operations Thread 61" [_thread_blocked, id=14252, stack(0x0000003cda800000,0x0000003cda900000)]
  0x000001df8fb37000 JavaThread "Unconstrained build operations Thread 62" [_thread_blocked, id=23072, stack(0x0000003cda900000,0x0000003cdaa00000)]
  0x000001df8fb33000 JavaThread "Unconstrained build operations Thread 63" [_thread_blocked, id=23116, stack(0x0000003cdaa00000,0x0000003cdab00000)]
  0x000001df8fb33800 JavaThread "Unconstrained build operations Thread 64" [_thread_blocked, id=23668, stack(0x0000003cdab00000,0x0000003cdac00000)]
  0x000001df8fb35000 JavaThread "Unconstrained build operations Thread 65" [_thread_blocked, id=16104, stack(0x0000003cdac00000,0x0000003cdad00000)]
  0x000001df8fb36000 JavaThread "Unconstrained build operations Thread 66" [_thread_blocked, id=20512, stack(0x0000003cdad00000,0x0000003cdae00000)]
  0x000001df8fdba800 JavaThread "Unconstrained build operations Thread 67" [_thread_blocked, id=22312, stack(0x0000003cdae00000,0x0000003cdaf00000)]
  0x000001df8fdbb800 JavaThread "Unconstrained build operations Thread 68" [_thread_blocked, id=17272, stack(0x0000003cdaf00000,0x0000003cdb000000)]
  0x000001df8fdb9800 JavaThread "Unconstrained build operations Thread 69" [_thread_blocked, id=22876, stack(0x0000003cdb000000,0x0000003cdb100000)]
  0x000001df8fdbd800 JavaThread "Unconstrained build operations Thread 70" [_thread_blocked, id=12724, stack(0x0000003cdb100000,0x0000003cdb200000)]
  0x000001df8fdbc000 JavaThread "Unconstrained build operations Thread 71" [_thread_blocked, id=20440, stack(0x0000003cdb200000,0x0000003cdb300000)]
  0x000001df8fdbd000 JavaThread "Unconstrained build operations Thread 72" [_thread_blocked, id=23016, stack(0x0000003cdb300000,0x0000003cdb400000)]
  0x000001df8fdb9000 JavaThread "Unconstrained build operations Thread 73" [_thread_blocked, id=11748, stack(0x0000003cdb400000,0x0000003cdb500000)]
  0x000001df8fdc1000 JavaThread "Unconstrained build operations Thread 74" [_thread_blocked, id=17168, stack(0x0000003cdb500000,0x0000003cdb600000)]
  0x000001df8fdbf800 JavaThread "Unconstrained build operations Thread 75" [_thread_blocked, id=13596, stack(0x0000003cdb600000,0x0000003cdb700000)]
  0x000001df8fdc2000 JavaThread "Unconstrained build operations Thread 76" [_thread_blocked, id=19644, stack(0x0000003cdb700000,0x0000003cdb800000)]
  0x000001df8fdc2800 JavaThread "Unconstrained build operations Thread 77" [_thread_blocked, id=22300, stack(0x0000003cdb800000,0x0000003cdb900000)]
  0x000001df8fdc4000 JavaThread "Unconstrained build operations Thread 78" [_thread_blocked, id=7604, stack(0x0000003cdb900000,0x0000003cdba00000)]
  0x000001df8fdbe800 JavaThread "Unconstrained build operations Thread 79" [_thread_blocked, id=17256, stack(0x0000003cdba00000,0x0000003cdbb00000)]
  0x000001df8fdc3800 JavaThread "Unconstrained build operations Thread 80" [_thread_blocked, id=3648, stack(0x0000003cdbb00000,0x0000003cdbc00000)]
  0x000001df8fdc0000 JavaThread "jar transforms Thread 4" [_thread_blocked, id=13364, stack(0x0000003cdbc00000,0x0000003cdbd00000)]
  0x000001df8fdc5000 JavaThread "jar transforms Thread 5" [_thread_blocked, id=11832, stack(0x0000003cdbd00000,0x0000003cdbe00000)]
  0x000001df8fdc6000 JavaThread "jar transforms Thread 6" [_thread_blocked, id=11728, stack(0x0000003cdbe00000,0x0000003cdbf00000)]
  0x000001df8fdc6800 JavaThread "jar transforms Thread 7" [_thread_blocked, id=9056, stack(0x0000003cdbf00000,0x0000003cdc000000)]
  0x000001df8fdc7800 JavaThread "jar transforms Thread 8" [_thread_blocked, id=10748, stack(0x0000003cdc000000,0x0000003cdc100000)]
  0x000001dffe919800 JavaThread "Memory manager" [_thread_blocked, id=25204, stack(0x0000003cdc100000,0x0000003cdc200000)]

Other Threads:
  0x000001dffcd7c800 VMThread "VM Thread" [stack: 0x0000003cd3f00000,0x0000003cd4000000] [id=1044]
  0x000001dffd882000 WatcherThread [stack: 0x0000003cd4900000,0x0000003cd4a00000] [id=9132]
  0x000001dff196c800 GCTaskThread "GC Thread#0" [stack: 0x0000003cd3a00000,0x0000003cd3b00000] [id=8796]
  0x000001dffe048000 GCTaskThread "GC Thread#1" [stack: 0x0000003cd4a00000,0x0000003cd4b00000] [id=25228]
  0x000001df8f3d0000 GCTaskThread "GC Thread#2" [stack: 0x0000003cd5500000,0x0000003cd5600000] [id=8144]
  0x000001df8f3d1000 GCTaskThread "GC Thread#3" [stack: 0x0000003cd5600000,0x0000003cd5700000] [id=5936]
  0x000001dffdbe1800 GCTaskThread "GC Thread#4" [stack: 0x0000003cd5700000,0x0000003cd5800000] [id=14172]
  0x000001dffe415800 GCTaskThread "GC Thread#5" [stack: 0x0000003cd5800000,0x0000003cd5900000] [id=288]
  0x000001dffe416000 GCTaskThread "GC Thread#6" [stack: 0x0000003cd5900000,0x0000003cd5a00000] [id=22668]
  0x000001df8f0c3000 GCTaskThread "GC Thread#7" [stack: 0x0000003cd5a00000,0x0000003cd5b00000] [id=14304]
  0x000001dff199d000 ConcurrentGCThread "G1 Main Marker" [stack: 0x0000003cd3b00000,0x0000003cd3c00000] [id=4876]
  0x000001dff199e800 ConcurrentGCThread "G1 Conc#0" [stack: 0x0000003cd3c00000,0x0000003cd3d00000] [id=17808]
  0x000001dffdbb9000 ConcurrentGCThread "G1 Conc#1" [stack: 0x0000003cd5e00000,0x0000003cd5f00000] [id=1508]
  0x000001dff19f8800 ConcurrentGCThread "G1 Refine#0" [stack: 0x0000003cd3d00000,0x0000003cd3e00000] [id=9248]
  0x000001dff19fa800 ConcurrentGCThread "G1 Young RemSet Sampling" [stack: 0x0000003cd3e00000,0x0000003cd3f00000] [id=10764]

Threads with active compile tasks:
C2 CompilerThread0  24521 6489       4       java.util.TreeMap::put (247 bytes)

VM state:not at safepoint (normal execution)

VM Mutex/Monitor currently owned by a thread: None

Heap address: 0x0000000080000000, size: 2048 MB, Compressed Oops mode: 32-bit
Narrow klass base: 0x0000000000000000, Narrow klass shift: 3
Compressed class space size: 1073741824 Address: 0x0000000100000000

Heap:
 garbage-first heap   total 101376K, used 61566K [0x0000000080000000, 0x0000000100000000)
  region size 1024K, 11 young (11264K), 2 survivors (2048K)
 Metaspace       used 65484K, capacity 66932K, committed 67196K, reserved 1107968K
  class space    used 8269K, capacity 8840K, committed 8960K, reserved 1048576K
Heap Regions: E=young(eden), S=young(survivor), O=old, HS=humongous(starts), HC=humongous(continues), CS=collection set, F=free, A=archive, TAMS=top-at-mark-start (previous, next)
|   0|0x0000000080000000, 0x0000000080100000, 0x0000000080100000|100%| O|  |TAMS 0x0000000080100000, 0x0000000080000000| Untracked 
|   1|0x0000000080100000, 0x0000000080200000, 0x0000000080200000|100%| O|  |TAMS 0x0000000080200000, 0x0000000080100000| Untracked 
|   2|0x0000000080200000, 0x0000000080300000, 0x0000000080300000|100%| O|  |TAMS 0x0000000080300000, 0x0000000080200000| Untracked 
|   3|0x0000000080300000, 0x0000000080400000, 0x0000000080400000|100%|HS|  |TAMS 0x0000000080400000, 0x0000000080300000| Complete 
|   4|0x0000000080400000, 0x0000000080500000, 0x0000000080500000|100%|HC|  |TAMS 0x0000000080500000, 0x0000000080400000| Complete 
|   5|0x0000000080500000, 0x0000000080600000, 0x0000000080600000|100%|HC|  |TAMS 0x0000000080600000, 0x0000000080500000| Complete 
|   6|0x0000000080600000, 0x0000000080700000, 0x0000000080700000|100%| O|  |TAMS 0x0000000080700000, 0x0000000080600000| Untracked 
|   7|0x0000000080700000, 0x0000000080800000, 0x0000000080800000|100%| O|  |TAMS 0x0000000080800000, 0x0000000080700000| Untracked 
|   8|0x0000000080800000, 0x0000000080900000, 0x0000000080900000|100%| O|  |TAMS 0x0000000080900000, 0x0000000080800000| Untracked 
|   9|0x0000000080900000, 0x0000000080a00000, 0x0000000080a00000|100%| O|  |TAMS 0x0000000080a00000, 0x0000000080900000| Untracked 
|  10|0x0000000080a00000, 0x0000000080b00000, 0x0000000080b00000|100%| O|  |TAMS 0x0000000080b00000, 0x0000000080a00000| Untracked 
|  11|0x0000000080b00000, 0x0000000080c00000, 0x0000000080c00000|100%| O|  |TAMS 0x0000000080c00000, 0x0000000080b00000| Untracked 
|  12|0x0000000080c00000, 0x0000000080d00000, 0x0000000080d00000|100%| O|  |TAMS 0x0000000080d00000, 0x0000000080c00000| Untracked 
|  13|0x0000000080d00000, 0x0000000080e00000, 0x0000000080e00000|100%| O|  |TAMS 0x0000000080e00000, 0x0000000080d00000| Untracked 
|  14|0x0000000080e00000, 0x0000000080f00000, 0x0000000080f00000|100%| O|  |TAMS 0x0000000080f00000, 0x0000000080e00000| Untracked 
|  15|0x0000000080f00000, 0x0000000081000000, 0x0000000081000000|100%| O|  |TAMS 0x0000000081000000, 0x0000000080f00000| Untracked 
|  16|0x0000000081000000, 0x0000000081100000, 0x0000000081100000|100%| O|  |TAMS 0x0000000081100000, 0x0000000081000000| Untracked 
|  17|0x0000000081100000, 0x0000000081200000, 0x0000000081200000|100%| O|  |TAMS 0x0000000081200000, 0x0000000081100000| Untracked 
|  18|0x0000000081200000, 0x0000000081300000, 0x0000000081300000|100%| O|  |TAMS 0x0000000081300000, 0x0000000081200000| Untracked 
|  19|0x0000000081300000, 0x0000000081400000, 0x0000000081400000|100%| O|  |TAMS 0x0000000081400000, 0x0000000081300000| Untracked 
|  20|0x0000000081400000, 0x0000000081500000, 0x0000000081500000|100%| O|  |TAMS 0x0000000081500000, 0x0000000081400000| Untracked 
|  21|0x0000000081500000, 0x0000000081600000, 0x0000000081600000|100%| O|  |TAMS 0x0000000081600000, 0x0000000081500000| Untracked 
|  22|0x0000000081600000, 0x0000000081700000, 0x0000000081700000|100%| O|  |TAMS 0x0000000081700000, 0x0000000081600000| Untracked 
|  23|0x0000000081700000, 0x0000000081800000, 0x0000000081800000|100%| O|  |TAMS 0x0000000081800000, 0x0000000081700000| Untracked 
|  24|0x0000000081800000, 0x0000000081900000, 0x0000000081900000|100%| O|  |TAMS 0x0000000081900000, 0x0000000081800000| Untracked 
|  25|0x0000000081900000, 0x0000000081a00000, 0x0000000081a00000|100%| O|  |TAMS 0x0000000081a00000, 0x0000000081900000| Untracked 
|  26|0x0000000081a00000, 0x0000000081b00000, 0x0000000081b00000|100%| O|  |TAMS 0x0000000081b00000, 0x0000000081a00000| Untracked 
|  27|0x0000000081b00000, 0x0000000081c00000, 0x0000000081c00000|100%| O|  |TAMS 0x0000000081c00000, 0x0000000081b00000| Untracked 
|  28|0x0000000081c00000, 0x0000000081d00000, 0x0000000081d00000|100%| O|  |TAMS 0x0000000081d00000, 0x0000000081c00000| Untracked 
|  29|0x0000000081d00000, 0x0000000081e00000, 0x0000000081e00000|100%|HS|  |TAMS 0x0000000081e00000, 0x0000000081d00000| Complete 
|  30|0x0000000081e00000, 0x0000000081f00000, 0x0000000081f00000|100%|HS|  |TAMS 0x0000000081f00000, 0x0000000081e00000| Complete 
|  31|0x0000000081f00000, 0x0000000082000000, 0x0000000082000000|100%|HS|  |TAMS 0x0000000082000000, 0x0000000081f00000| Complete 
|  32|0x0000000082000000, 0x0000000082100000, 0x0000000082100000|100%|HS|  |TAMS 0x0000000082100000, 0x0000000082000000| Complete 
|  33|0x0000000082100000, 0x0000000082200000, 0x0000000082200000|100%|HC|  |TAMS 0x0000000082200000, 0x0000000082100000| Complete 
|  34|0x0000000082200000, 0x0000000082300000, 0x0000000082300000|100%| O|  |TAMS 0x0000000082300000, 0x0000000082200000| Untracked 
|  35|0x0000000082300000, 0x0000000082400000, 0x0000000082400000|100%| O|  |TAMS 0x0000000082400000, 0x0000000082300000| Untracked 
|  36|0x0000000082400000, 0x0000000082500000, 0x0000000082500000|100%| O|  |TAMS 0x0000000082500000, 0x0000000082400000| Untracked 
|  37|0x0000000082500000, 0x0000000082600000, 0x0000000082600000|100%| O|  |TAMS 0x0000000082600000, 0x0000000082500000| Untracked 
|  38|0x0000000082600000, 0x0000000082700000, 0x0000000082700000|100%| O|  |TAMS 0x0000000082700000, 0x0000000082600000| Untracked 
|  39|0x0000000082700000, 0x0000000082800000, 0x0000000082800000|100%| O|  |TAMS 0x0000000082800000, 0x0000000082700000| Untracked 
|  40|0x0000000082800000, 0x0000000082900000, 0x0000000082900000|100%| O|  |TAMS 0x0000000082900000, 0x0000000082800000| Untracked 
|  41|0x0000000082900000, 0x0000000082a00000, 0x0000000082a00000|100%| O|  |TAMS 0x0000000082a00000, 0x0000000082900000| Untracked 
|  42|0x0000000082a00000, 0x0000000082b00000, 0x0000000082b00000|100%| O|  |TAMS 0x0000000082b00000, 0x0000000082a00000| Untracked 
|  43|0x0000000082b00000, 0x0000000082c00000, 0x0000000082c00000|100%| O|  |TAMS 0x0000000082c00000, 0x0000000082b00000| Untracked 
|  44|0x0000000082c00000, 0x0000000082d00000, 0x0000000082d00000|100%| O|  |TAMS 0x0000000082d00000, 0x0000000082c00000| Untracked 
|  45|0x0000000082d00000, 0x0000000082e00000, 0x0000000082e00000|100%| O|  |TAMS 0x0000000082e00000, 0x0000000082d00000| Untracked 
|  46|0x0000000082e00000, 0x0000000082f00000, 0x0000000082f00000|100%| O|  |TAMS 0x0000000082f00000, 0x0000000082e00000| Untracked 
|  47|0x0000000082f00000, 0x0000000083000000, 0x0000000083000000|100%| O|  |TAMS 0x0000000083000000, 0x0000000082f00000| Untracked 
|  48|0x0000000083000000, 0x0000000083100000, 0x0000000083100000|100%| O|  |TAMS 0x0000000083100000, 0x0000000083000000| Untracked 
|  49|0x0000000083100000, 0x00000000831aba00, 0x0000000083200000| 67%| O|  |TAMS 0x00000000831aba00, 0x0000000083100000| Untracked 
|  50|0x0000000083200000, 0x0000000083300000, 0x0000000083300000|100%|HS|  |TAMS 0x0000000083200000, 0x0000000083200000| Complete 
|  51|0x0000000083300000, 0x0000000083300000, 0x0000000083400000|  0%| F|  |TAMS 0x0000000083300000, 0x0000000083300000| Untracked 
|  52|0x0000000083400000, 0x0000000083400000, 0x0000000083500000|  0%| F|  |TAMS 0x0000000083400000, 0x0000000083400000| Untracked 
|  53|0x0000000083500000, 0x0000000083500000, 0x0000000083600000|  0%| F|  |TAMS 0x0000000083500000, 0x0000000083500000| Untracked 
|  54|0x0000000083600000, 0x0000000083600000, 0x0000000083700000|  0%| F|  |TAMS 0x0000000083600000, 0x0000000083600000| Untracked 
|  55|0x0000000083700000, 0x0000000083700000, 0x0000000083800000|  0%| F|  |TAMS 0x0000000083700000, 0x0000000083700000| Untracked 
|  56|0x0000000083800000, 0x0000000083800000, 0x0000000083900000|  0%| F|  |TAMS 0x0000000083800000, 0x0000000083800000| Untracked 
|  57|0x0000000083900000, 0x0000000083900000, 0x0000000083a00000|  0%| F|  |TAMS 0x0000000083900000, 0x0000000083900000| Untracked 
|  58|0x0000000083a00000, 0x0000000083a00000, 0x0000000083b00000|  0%| F|  |TAMS 0x0000000083a00000, 0x0000000083a00000| Untracked 
|  59|0x0000000083b00000, 0x0000000083b00000, 0x0000000083c00000|  0%| F|  |TAMS 0x0000000083b00000, 0x0000000083b00000| Untracked 
|  60|0x0000000083c00000, 0x0000000083c00000, 0x0000000083d00000|  0%| F|  |TAMS 0x0000000083c00000, 0x0000000083c00000| Untracked 
|  61|0x0000000083d00000, 0x0000000083d00000, 0x0000000083e00000|  0%| F|  |TAMS 0x0000000083d00000, 0x0000000083d00000| Untracked 
|  62|0x0000000083e00000, 0x0000000083e00000, 0x0000000083f00000|  0%| F|  |TAMS 0x0000000083e00000, 0x0000000083e00000| Untracked 
|  63|0x0000000083f00000, 0x0000000083f00000, 0x0000000084000000|  0%| F|  |TAMS 0x0000000083f00000, 0x0000000083f00000| Untracked 
|  64|0x0000000084000000, 0x0000000084000000, 0x0000000084100000|  0%| F|  |TAMS 0x0000000084000000, 0x0000000084000000| Untracked 
|  65|0x0000000084100000, 0x0000000084100000, 0x0000000084200000|  0%| F|  |TAMS 0x0000000084100000, 0x0000000084100000| Untracked 
|  66|0x0000000084200000, 0x0000000084200000, 0x0000000084300000|  0%| F|  |TAMS 0x0000000084200000, 0x0000000084200000| Untracked 
|  67|0x0000000084300000, 0x0000000084300000, 0x0000000084400000|  0%| F|  |TAMS 0x0000000084300000, 0x0000000084300000| Untracked 
|  68|0x0000000084400000, 0x0000000084400000, 0x0000000084500000|  0%| F|  |TAMS 0x0000000084400000, 0x0000000084400000| Untracked 
|  69|0x0000000084500000, 0x0000000084500000, 0x0000000084600000|  0%| F|  |TAMS 0x0000000084500000, 0x0000000084500000| Untracked 
|  70|0x0000000084600000, 0x0000000084600000, 0x0000000084700000|  0%| F|  |TAMS 0x0000000084600000, 0x0000000084600000| Untracked 
|  71|0x0000000084700000, 0x0000000084700000, 0x0000000084800000|  0%| F|  |TAMS 0x0000000084700000, 0x0000000084700000| Untracked 
|  72|0x0000000084800000, 0x0000000084800000, 0x0000000084900000|  0%| F|  |TAMS 0x0000000084800000, 0x0000000084800000| Untracked 
|  73|0x0000000084900000, 0x0000000084900000, 0x0000000084a00000|  0%| F|  |TAMS 0x0000000084900000, 0x0000000084900000| Untracked 
|  74|0x0000000084a00000, 0x0000000084a00000, 0x0000000084b00000|  0%| F|  |TAMS 0x0000000084a00000, 0x0000000084a00000| Untracked 
|  75|0x0000000084b00000, 0x0000000084b00000, 0x0000000084c00000|  0%| F|  |TAMS 0x0000000084b00000, 0x0000000084b00000| Untracked 
|  76|0x0000000084c00000, 0x0000000084c00000, 0x0000000084d00000|  0%| F|  |TAMS 0x0000000084c00000, 0x0000000084c00000| Untracked 
|  77|0x0000000084d00000, 0x0000000084d00000, 0x0000000084e00000|  0%| F|  |TAMS 0x0000000084d00000, 0x0000000084d00000| Untracked 
|  78|0x0000000084e00000, 0x0000000084e00000, 0x0000000084f00000|  0%| F|  |TAMS 0x0000000084e00000, 0x0000000084e00000| Untracked 
|  79|0x0000000084f00000, 0x0000000084f00000, 0x0000000085000000|  0%| F|  |TAMS 0x0000000084f00000, 0x0000000084f00000| Untracked 
|  80|0x0000000085000000, 0x0000000085000000, 0x0000000085100000|  0%| F|  |TAMS 0x0000000085000000, 0x0000000085000000| Untracked 
|  81|0x0000000085100000, 0x0000000085100000, 0x0000000085200000|  0%| F|  |TAMS 0x0000000085100000, 0x0000000085100000| Untracked 
|  82|0x0000000085200000, 0x0000000085200000, 0x0000000085300000|  0%| F|  |TAMS 0x0000000085200000, 0x0000000085200000| Untracked 
|  83|0x0000000085300000, 0x0000000085373ec0, 0x0000000085400000| 45%| S|CS|TAMS 0x0000000085300000, 0x0000000085300000| Complete 
|  84|0x0000000085400000, 0x0000000085500000, 0x0000000085500000|100%| S|CS|TAMS 0x0000000085400000, 0x0000000085400000| Complete 
|  85|0x0000000085500000, 0x0000000085500000, 0x0000000085600000|  0%| F|  |TAMS 0x0000000085500000, 0x0000000085500000| Untracked 
|  86|0x0000000085600000, 0x0000000085600000, 0x0000000085700000|  0%| F|  |TAMS 0x0000000085600000, 0x0000000085600000| Untracked 
|  87|0x0000000085700000, 0x0000000085700000, 0x0000000085800000|  0%| F|  |TAMS 0x0000000085700000, 0x0000000085700000| Untracked 
|  88|0x0000000085800000, 0x0000000085800000, 0x0000000085900000|  0%| F|  |TAMS 0x0000000085800000, 0x0000000085800000| Untracked 
|  89|0x0000000085900000, 0x0000000085900000, 0x0000000085a00000|  0%| F|  |TAMS 0x0000000085900000, 0x0000000085900000| Untracked 
|  90|0x0000000085a00000, 0x0000000085b00000, 0x0000000085b00000|100%| E|  |TAMS 0x0000000085a00000, 0x0000000085a00000| Complete 
|  91|0x0000000085b00000, 0x0000000085c00000, 0x0000000085c00000|100%| E|CS|TAMS 0x0000000085b00000, 0x0000000085b00000| Complete 
|  92|0x0000000085c00000, 0x0000000085d00000, 0x0000000085d00000|100%| E|CS|TAMS 0x0000000085c00000, 0x0000000085c00000| Complete 
|  93|0x0000000085d00000, 0x0000000085e00000, 0x0000000085e00000|100%| E|CS|TAMS 0x0000000085d00000, 0x0000000085d00000| Complete 
|  94|0x0000000085e00000, 0x0000000085f00000, 0x0000000085f00000|100%| E|CS|TAMS 0x0000000085e00000, 0x0000000085e00000| Complete 
|  95|0x0000000085f00000, 0x0000000086000000, 0x0000000086000000|100%| E|CS|TAMS 0x0000000085f00000, 0x0000000085f00000| Complete 
|  96|0x0000000086000000, 0x0000000086100000, 0x0000000086100000|100%| E|CS|TAMS 0x0000000086000000, 0x0000000086000000| Complete 
|  97|0x0000000086100000, 0x0000000086200000, 0x0000000086200000|100%| E|CS|TAMS 0x0000000086100000, 0x0000000086100000| Complete 
|  98|0x0000000086200000, 0x0000000086300000, 0x0000000086300000|100%| E|CS|TAMS 0x0000000086200000, 0x0000000086200000| Complete 

Card table byte_map: [0x000001dff5b80000,0x000001dff5f80000] _byte_map_base: 0x000001dff5780000

Marking Bits (Prev, Next): (CMBitMap*) 0x000001dff1994250, (CMBitMap*) 0x000001dff1994218
 Prev Bits: [0x000001dff8380000, 0x000001dffa380000)
 Next Bits: [0x000001dff6380000, 0x000001dff8380000)

Polling page: 0x000001dfef960000

Metaspace:

Usage:
  Non-class:     56.73 MB capacity,    55.87 MB ( 98%) used,   713.77 KB (  1%) free+waste,   163.88 KB ( <1%) overhead. 
      Class:      8.63 MB capacity,     8.08 MB ( 94%) used,   493.83 KB (  6%) free+waste,    76.19 KB ( <1%) overhead. 
       Both:     65.36 MB capacity,    63.95 MB ( 98%) used,     1.18 MB (  2%) free+waste,   240.06 KB ( <1%) overhead. 

Virtual space:
  Non-class space:       58.00 MB reserved,      56.87 MB ( 98%) committed 
      Class space:        1.00 GB reserved,       8.75 MB ( <1%) committed 
             Both:        1.06 GB reserved,      65.62 MB (  6%) committed 

Chunk freelists:
   Non-Class:  16.00 KB
       Class:  24.00 KB
        Both:  40.00 KB

MaxMetaspaceSize: 17179869184.00 GB
CompressedClassSpaceSize: 1.00 GB

CodeHeap 'non-profiled nmethods': size=120000Kb used=3071Kb max_used=3071Kb free=116928Kb
 bounds [0x000001df87ad0000, 0x000001df87dd0000, 0x000001df8f000000]
CodeHeap 'profiled nmethods': size=120000Kb used=13752Kb max_used=13752Kb free=106247Kb
 bounds [0x000001df805a0000, 0x000001df81310000, 0x000001df87ad0000]
CodeHeap 'non-nmethods': size=5760Kb used=2262Kb max_used=2313Kb free=3498Kb
 bounds [0x000001df80000000, 0x000001df80270000, 0x000001df805a0000]
 total_blobs=7308 nmethods=6455 adapters=764
 compilation: enabled
              stopped_count=0, restarted_count=0
 full_count=0

Compilation events (20 events):
Event: 24.368 Thread 0x000001dffcdee000 6550       3       java.util.regex.Pattern::Range (36 bytes)
Event: 24.369 Thread 0x000001dffcdee000 nmethod 6550 0x000001df81308090 code [0x000001df813082a0, 0x000001df813088c8]
Event: 24.369 Thread 0x000001dffcdee000 6552       3       java.lang.invoke.Invokers$Holder::linkToTargetMethod (10 bytes)
Event: 24.369 Thread 0x000001dffcdee000 nmethod 6552 0x000001df81308b10 code [0x000001df81308ce0, 0x000001df81308f98]
Event: 24.369 Thread 0x000001dffcdee000 6553       3       java.util.regex.Pattern$$Lambda$13/0x0000000100090040::get$Lambda (10 bytes)
Event: 24.369 Thread 0x000001dffcdee000 nmethod 6553 0x000001df81309090 code [0x000001df81309240, 0x000001df81309438]
Event: 24.369 Thread 0x000001dffcdee000 6554       3       java.util.regex.Pattern$$Lambda$13/0x0000000100090040::<init> (15 bytes)
Event: 24.369 Thread 0x000001dffcdee000 nmethod 6554 0x000001df81309510 code [0x000001df813096c0, 0x000001df81309818]
Event: 24.369 Thread 0x000001dffcdee000 6556       3       kotlin.text.Regex::<init> (23 bytes)
Event: 24.370 Thread 0x000001dffcdee000 nmethod 6556 0x000001df81309910 code [0x000001df81309b80, 0x000001df8130a3f8]
Event: 24.370 Thread 0x000001dffcdee000 6557       3       java.util.regex.Pattern$BmpCharPredicate::union (23 bytes)
Event: 24.371 Thread 0x000001dffcdee000 nmethod 6557 0x000001df8130a710 code [0x000001df8130a920, 0x000001df8130b028]
Event: 24.371 Thread 0x000001dffcdee000 6555       1       com.android.tools.build.jetifier.processor.transform.TransformationContext::getVersions (5 bytes)
Event: 24.371 Thread 0x000001dffcdee000 nmethod 6555 0x000001df87dcea90 code [0x000001df87dcec40, 0x000001df87dcecf8]
Event: 24.371 Thread 0x000001dffcdee000 6558       3       java.util.regex.Pattern$BmpCharPredicate$$Lambda$14/0x0000000100090440::get$Lambda (10 bytes)
Event: 24.371 Thread 0x000001dffcdee000 nmethod 6558 0x000001df8130b210 code [0x000001df8130b3e0, 0x000001df8130b698]
Event: 24.371 Thread 0x000001dffcdee000 6559       3       java.util.regex.Pattern$BmpCharPredicate$$Lambda$14/0x0000000100090440::<init> (15 bytes)
Event: 24.371 Thread 0x000001dffcdee000 nmethod 6559 0x000001df8130b790 code [0x000001df8130b940, 0x000001df8130bb58]
Event: 24.395 Thread 0x000001dffcdee000 6560       3       java.util.stream.Collectors$$Lambda$64/0x0000000100161440::accept (11 bytes)
Event: 24.395 Thread 0x000001dffcdee000 nmethod 6560 0x000001df8130bc10 code [0x000001df8130bde0, 0x000001df8130c0a8]

GC Heap History (20 events):
Event: 15.768 GC heap before
{Heap before GC invocations=22 (full 0):
 garbage-first heap   total 69632K, used 51597K [0x0000000080000000, 0x0000000100000000)
  region size 1024K, 25 young (25600K), 3 survivors (3072K)
 Metaspace       used 45489K, capacity 46558K, committed 46588K, reserved 1089536K
  class space    used 5839K, capacity 6243K, committed 6272K, reserved 1048576K
}
Event: 15.774 GC heap after
{Heap after GC invocations=23 (full 0):
 garbage-first heap   total 69632K, used 29709K [0x0000000080000000, 0x0000000100000000)
  region size 1024K, 2 young (2048K), 2 survivors (2048K)
 Metaspace       used 45489K, capacity 46558K, committed 46588K, reserved 1089536K
  class space    used 5839K, capacity 6243K, committed 6272K, reserved 1048576K
}
Event: 16.848 GC heap before
{Heap before GC invocations=23 (full 0):
 garbage-first heap   total 69632K, used 52237K [0x0000000080000000, 0x0000000100000000)
  region size 1024K, 24 young (24576K), 2 survivors (2048K)
 Metaspace       used 46993K, capacity 48146K, committed 48380K, reserved 1091584K
  class space    used 6029K, capacity 6474K, committed 6528K, reserved 1048576K
}
Event: 16.857 GC heap after
{Heap after GC invocations=24 (full 0):
 garbage-first heap   total 69632K, used 31309K [0x0000000080000000, 0x0000000100000000)
  region size 1024K, 3 young (3072K), 3 survivors (3072K)
 Metaspace       used 46993K, capacity 48146K, committed 48380K, reserved 1091584K
  class space    used 6029K, capacity 6474K, committed 6528K, reserved 1048576K
}
Event: 17.675 GC heap before
{Heap before GC invocations=24 (full 0):
 garbage-first heap   total 69632K, used 52813K [0x0000000080000000, 0x0000000100000000)
  region size 1024K, 25 young (25600K), 3 survivors (3072K)
 Metaspace       used 47843K, capacity 49071K, committed 49276K, reserved 1091584K
  class space    used 6109K, capacity 6586K, committed 6656K, reserved 1048576K
}
Event: 17.686 GC heap after
{Heap after GC invocations=25 (full 0):
 garbage-first heap   total 83968K, used 32630K [0x0000000080000000, 0x0000000100000000)
  region size 1024K, 3 young (3072K), 3 survivors (3072K)
 Metaspace       used 47843K, capacity 49071K, committed 49276K, reserved 1091584K
  class space    used 6109K, capacity 6586K, committed 6656K, reserved 1048576K
}
Event: 18.790 GC heap before
{Heap before GC invocations=25 (full 0):
 garbage-first heap   total 83968K, used 65398K [0x0000000080000000, 0x0000000100000000)
  region size 1024K, 30 young (30720K), 3 survivors (3072K)
 Metaspace       used 49362K, capacity 50666K, committed 50812K, reserved 1093632K
  class space    used 6295K, capacity 6785K, committed 6912K, reserved 1048576K
}
Event: 18.817 GC heap after
{Heap after GC invocations=26 (full 0):
 garbage-first heap   total 83968K, used 44213K [0x0000000080000000, 0x0000000100000000)
  region size 1024K, 4 young (4096K), 4 survivors (4096K)
 Metaspace       used 49362K, capacity 50666K, committed 50812K, reserved 1093632K
  class space    used 6295K, capacity 6785K, committed 6912K, reserved 1048576K
}
Event: 19.480 GC heap before
{Heap before GC invocations=26 (full 0):
 garbage-first heap   total 83968K, used 64693K [0x0000000080000000, 0x0000000100000000)
  region size 1024K, 24 young (24576K), 4 survivors (4096K)
 Metaspace       used 52067K, capacity 53418K, committed 53628K, reserved 1095680K
  class space    used 6624K, capacity 7124K, committed 7168K, reserved 1048576K
}
Event: 19.492 GC heap after
{Heap after GC invocations=27 (full 0):
 garbage-first heap   total 83968K, used 45181K [0x0000000080000000, 0x0000000100000000)
  region size 1024K, 1 young (1024K), 1 survivors (1024K)
 Metaspace       used 52067K, capacity 53418K, committed 53628K, reserved 1095680K
  class space    used 6624K, capacity 7124K, committed 7168K, reserved 1048576K
}
Event: 20.300 GC heap before
{Heap before GC invocations=28 (full 0):
 garbage-first heap   total 83968K, used 65661K [0x0000000080000000, 0x0000000100000000)
  region size 1024K, 21 young (21504K), 1 survivors (1024K)
 Metaspace       used 54972K, capacity 56259K, committed 56572K, reserved 1097728K
  class space    used 6982K, capacity 7475K, committed 7552K, reserved 1048576K
}
Event: 20.304 GC heap after
{Heap after GC invocations=29 (full 0):
 garbage-first heap   total 83968K, used 45744K [0x0000000080000000, 0x0000000100000000)
  region size 1024K, 2 young (2048K), 2 survivors (2048K)
 Metaspace       used 54972K, capacity 56259K, committed 56572K, reserved 1097728K
  class space    used 6982K, capacity 7475K, committed 7552K, reserved 1048576K
}
Event: 21.015 GC heap before
{Heap before GC invocations=29 (full 0):
 garbage-first heap   total 83968K, used 66224K [0x0000000080000000, 0x0000000100000000)
  region size 1024K, 22 young (22528K), 2 survivors (2048K)
 Metaspace       used 58067K, capacity 59468K, committed 59772K, reserved 1101824K
  class space    used 7326K, capacity 7858K, committed 7936K, reserved 1048576K
}
Event: 21.024 GC heap after
{Heap after GC invocations=30 (full 0):
 garbage-first heap   total 83968K, used 46587K [0x0000000080000000, 0x0000000100000000)
  region size 1024K, 3 young (3072K), 3 survivors (3072K)
 Metaspace       used 58067K, capacity 59468K, committed 59772K, reserved 1101824K
  class space    used 7326K, capacity 7858K, committed 7936K, reserved 1048576K
}
Event: 21.831 GC heap before
{Heap before GC invocations=31 (full 0):
 garbage-first heap   total 83968K, used 66043K [0x0000000080000000, 0x0000000100000000)
  region size 1024K, 23 young (23552K), 3 survivors (3072K)
 Metaspace       used 61314K, capacity 62781K, committed 62972K, reserved 1103872K
  class space    used 7738K, capacity 8301K, committed 8320K, reserved 1048576K
}
Event: 21.865 GC heap after
{Heap after GC invocations=32 (full 0):
 garbage-first heap   total 101376K, used 48765K [0x0000000080000000, 0x0000000100000000)
  region size 1024K, 3 young (3072K), 3 survivors (3072K)
 Metaspace       used 61314K, capacity 62781K, committed 62972K, reserved 1103872K
  class space    used 7738K, capacity 8301K, committed 8320K, reserved 1048576K
}
Event: 22.969 GC heap before
{Heap before GC invocations=32 (full 0):
 garbage-first heap   total 101376K, used 75389K [0x0000000080000000, 0x0000000100000000)
  region size 1024K, 30 young (30720K), 3 survivors (3072K)
 Metaspace       used 63586K, capacity 65059K, committed 65276K, reserved 1105920K
  class space    used 8009K, capacity 8565K, committed 8576K, reserved 1048576K
}
Event: 23.007 GC heap after
{Heap after GC invocations=33 (full 0):
 garbage-first heap   total 101376K, used 50800K [0x0000000080000000, 0x0000000100000000)
  region size 1024K, 4 young (4096K), 4 survivors (4096K)
 Metaspace       used 63586K, capacity 65059K, committed 65276K, reserved 1105920K
  class space    used 8009K, capacity 8565K, committed 8576K, reserved 1048576K
}
Event: 24.031 GC heap before
{Heap before GC invocations=34 (full 0):
 garbage-first heap   total 101376K, used 64112K [0x0000000080000000, 0x0000000100000000)
  region size 1024K, 18 young (18432K), 4 survivors (4096K)
 Metaspace       used 64817K, capacity 66349K, committed 66556K, reserved 1107968K
  class space    used 8173K, capacity 8737K, committed 8832K, reserved 1048576K
}
Event: 24.082 GC heap after
{Heap after GC invocations=35 (full 0):
 garbage-first heap   total 101376K, used 52350K [0x0000000080000000, 0x0000000100000000)
  region size 1024K, 2 young (2048K), 2 survivors (2048K)
 Metaspace       used 64817K, capacity 66349K, committed 66556K, reserved 1107968K
  class space    used 8173K, capacity 8737K, committed 8832K, reserved 1048576K
}

Deoptimization events (20 events):
Event: 24.326 Thread 0x000001dffea60800 Uncommon trap: trap_request=0xffffff4d fr.pc=0x000001df87afda34 relative=0x00000000000001f4
Event: 24.326 Thread 0x000001dffea60800 Uncommon trap: reason=unstable_if action=reinterpret pc=0x000001df87afda34 method=java.lang.AbstractStringBuilder.isLatin1()Z @ 10 c2
Event: 24.326 Thread 0x000001dffea60800 DEOPT PACKING pc=0x000001df87afda34 sp=0x0000003cd51f6820
Event: 24.326 Thread 0x000001dffea60800 DEOPT UNPACKING pc=0x000001df8002662f sp=0x0000003cd51f6760 mode 2
Event: 24.326 Thread 0x000001dffea60800 Uncommon trap: trap_request=0xffffff4d fr.pc=0x000001df87b93a10 relative=0x0000000000000630
Event: 24.326 Thread 0x000001dffea60800 Uncommon trap: reason=unstable_if action=reinterpret pc=0x000001df87b93a10 method=java.lang.AbstractStringBuilder.appendChars(Ljava/lang/CharSequence;II)V @ 4 c2
Event: 24.326 Thread 0x000001dffea60800 DEOPT PACKING pc=0x000001df87b93a10 sp=0x0000003cd51f68b0
Event: 24.326 Thread 0x000001dffea60800 DEOPT UNPACKING pc=0x000001df8002662f sp=0x0000003cd51f6798 mode 2
Event: 24.326 Thread 0x000001dffea60800 Uncommon trap: trap_request=0xffffff4d fr.pc=0x000001df87b32cb8 relative=0x00000000000003f8
Event: 24.326 Thread 0x000001dffea60800 Uncommon trap: reason=unstable_if action=reinterpret pc=0x000001df87b32cb8 method=java.lang.AbstractStringBuilder.isLatin1()Z @ 10 c2
Event: 24.326 Thread 0x000001dffea60800 DEOPT PACKING pc=0x000001df87b32cb8 sp=0x0000003cd51f6950
Event: 24.326 Thread 0x000001dffea60800 DEOPT UNPACKING pc=0x000001df8002662f sp=0x0000003cd51f68d0 mode 2
Event: 24.326 Thread 0x000001dffea60800 Uncommon trap: trap_request=0xffffff4d fr.pc=0x000001df87b0274c relative=0x000000000000048c
Event: 24.326 Thread 0x000001dffea60800 Uncommon trap: reason=unstable_if action=reinterpret pc=0x000001df87b0274c method=java.lang.AbstractStringBuilder.putStringAt(ILjava/lang/String;)V @ 8 c2
Event: 24.326 Thread 0x000001dffea60800 DEOPT PACKING pc=0x000001df87b0274c sp=0x0000003cd51f68a0
Event: 24.326 Thread 0x000001dffea60800 DEOPT UNPACKING pc=0x000001df8002662f sp=0x0000003cd51f6800 mode 2
Event: 24.326 Thread 0x000001dffea60800 Uncommon trap: trap_request=0xffffff4d fr.pc=0x000001df87b02e6c relative=0x00000000000000cc
Event: 24.326 Thread 0x000001dffea60800 Uncommon trap: reason=unstable_if action=reinterpret pc=0x000001df87b02e6c method=java.lang.String.getBytes([BIB)V @ 5 c2
Event: 24.326 Thread 0x000001dffea60800 DEOPT PACKING pc=0x000001df87b02e6c sp=0x0000003cd51f67b0
Event: 24.326 Thread 0x000001dffea60800 DEOPT UNPACKING pc=0x000001df8002662f sp=0x0000003cd51f6778 mode 2

Classes redefined (0 events):
No events

Internal exceptions (20 events):
Event: 18.514 Thread 0x000001dffdbd8000 Exception <a 'java/lang/NoSuchMethodError'{0x0000000083e9b5f8}: <clinit>> (0x0000000083e9b5f8) thrown at [./src/hotspot/share/prims/jni.cpp, line 1362]
Event: 18.514 Thread 0x000001dffdbd8000 Exception <a 'java/lang/NoSuchMethodError'{0x0000000083e9cac0}: <clinit>> (0x0000000083e9cac0) thrown at [./src/hotspot/share/prims/jni.cpp, line 1362]
Event: 18.518 Thread 0x000001dffdbd8000 Exception <a 'java/lang/NoSuchMethodError'{0x0000000083eb3330}: <clinit>> (0x0000000083eb3330) thrown at [./src/hotspot/share/prims/jni.cpp, line 1362]
Event: 18.521 Thread 0x000001dffdbd8000 Exception <a 'java/lang/NoSuchMethodError'{0x0000000083ebfe60}: <clinit>> (0x0000000083ebfe60) thrown at [./src/hotspot/share/prims/jni.cpp, line 1362]
Event: 18.527 Thread 0x000001dffdbd8000 Exception <a 'java/lang/NoSuchMethodError'{0x0000000083ed89b0}: <clinit>> (0x0000000083ed89b0) thrown at [./src/hotspot/share/prims/jni.cpp, line 1362]
Event: 18.557 Thread 0x000001dffea60800 Exception <a 'java/lang/ClassNotFoundException'{0x0000000083d5e7d0}: build_atjxkagnta0fdy3auf1uxi6gnBeanInfo> (0x0000000083d5e7d0) thrown at [./src/hotspot/share/classfile/systemDictionary.cpp, line 231]
Event: 18.557 Thread 0x000001dffea60800 Exception <a 'java/lang/ClassNotFoundException'{0x0000000083d69a00}: build_atjxkagnta0fdy3auf1uxi6gnCustomizer> (0x0000000083d69a00) thrown at [./src/hotspot/share/classfile/systemDictionary.cpp, line 231]
Event: 18.611 Thread 0x000001dffea60800 Exception <a 'java/lang/ClassNotFoundException'{0x0000000083cf1c30}: org/gradle/api/internal/plugins/DefaultObjectConfigurationActionBeanInfo> (0x0000000083cf1c30) thrown at [./src/hotspot/share/classfile/systemDictionary.cpp, line 231]
Event: 18.613 Thread 0x000001dffea60800 Exception <a 'java/lang/ClassNotFoundException'{0x0000000083b27268}: org/gradle/api/internal/plugins/DefaultObjectConfigurationActionCustomizer> (0x0000000083b27268) thrown at [./src/hotspot/share/classfile/systemDictionary.cpp, line 231]
Event: 19.032 Thread 0x000001dffea60800 Exception <a 'java/lang/NoSuchMethodError'{0x0000000084ca2278}: 'java.lang.Object java.lang.invoke.DirectMethodHandle$Holder.invokeStatic(java.lang.Object, java.lang.Object, java.lang.Object, java.lang.Object, int)'> (0x0000000084ca2278) thrown at [./src/hotspot/share/interpreter/linkResolver.cpp, line 773]
Event: 19.032 Thread 0x000001dffea60800 Exception <a 'java/lang/NoSuchMethodError'{0x0000000084ca6c70}: 'java.lang.Object java.lang.invoke.DirectMethodHandle$Holder.invokeSpecial(java.lang.Object, java.lang.Object, java.lang.Object, java.lang.Object, java.lang.Object, int)'> (0x0000000084ca6c70) thrown at [./src/hotspot/share/interpreter/linkResolver.cpp, line 773]
Event: 19.032 Thread 0x000001dffea60800 Exception <a 'java/lang/NoSuchMethodError'{0x0000000084cab2b0}: 'java.lang.Object java.lang.invoke.Invokers$Holder.linkToTargetMethod(java.lang.Object, java.lang.Object, java.lang.Object, int, java.lang.Object)'> (0x0000000084cab2b0) thrown at [./src/hotspot/share/interpreter/linkResolver.cpp, line 773]
Event: 19.528 Thread 0x000001dffea60800 Exception <a 'java/lang/NoSuchMethodError'{0x00000000851c4258}: 'java.lang.Object java.lang.invoke.DirectMethodHandle$Holder.invokeSpecial(java.lang.Object, java.lang.Object, int, int, java.lang.Object, java.lang.Object, java.lang.Object)'> (0x00000000851c4258) thrown at [./src/hotspot/share/interpreter/linkResolver.cpp, line 773]
Event: 19.528 Thread 0x000001dffea60800 Exception <a 'java/lang/NoSuchMethodError'{0x00000000851c87d8}: 'java.lang.Object java.lang.invoke.DelegatingMethodHandle$Holder.reinvoke_L(java.lang.Object, int, int, java.lang.Object, java.lang.Object, java.lang.Object)'> (0x00000000851c87d8) thrown at [./src/hotspot/share/interpreter/linkResolver.cpp, line 773]
Event: 20.129 Thread 0x000001dffea60800 Exception <a 'java/lang/NoSuchMethodError'{0x000000008445ed70}: 'int java.lang.invoke.DirectMethodHandle$Holder.invokeInterface(java.lang.Object, java.lang.Object, java.lang.Object, java.lang.Object)'> (0x000000008445ed70) thrown at [./src/hotspot/share/interpreter/linkResolver.cpp, line 773]
Event: 20.843 Thread 0x000001dffea60800 Exception <a 'java/lang/NoSuchMethodError'{0x000000008415a448}: 'void java.lang.invoke.DirectMethodHandle$Holder.invokeInterface(java.lang.Object, java.lang.Object, java.lang.Object, java.lang.Object)'> (0x000000008415a448) thrown at [./src/hotspot/share/interpreter/linkResolver.cpp, line 773]
Event: 21.267 Thread 0x000001dffea60800 Exception <a 'java/lang/IncompatibleClassChangeError'{0x0000000084ddf760}: Found class java.lang.Object, but interface was expected> (0x0000000084ddf760) thrown at [./src/hotspot/share/interpreter/linkResolver.cpp, line 839]
Event: 21.638 Thread 0x000001dffea60800 Implicit null exception at 0x000001df87d00d2d to 0x000001df87d00fc4
Event: 21.730 Thread 0x000001dffea60800 Implicit null exception at 0x000001df87c1882c to 0x000001df87c189da
Event: 22.052 Thread 0x000001dffea60800 Exception <a 'sun/nio/fs/WindowsException'{0x0000000085b963c8}> (0x0000000085b963c8) thrown at [./src/hotspot/share/prims/jni.cpp, line 615]

Events (20 events):
Event: 24.390 loading class com/android/build/gradle/internal/tasks/factory/PreConfigAction
Event: 24.390 loading class com/android/build/gradle/internal/tasks/factory/PreConfigAction done
Event: 24.391 loading class com/android/build/gradle/internal/tasks/factory/TaskConfigAction
Event: 24.391 loading class com/android/build/gradle/internal/tasks/factory/TaskConfigAction done
Event: 24.391 loading class com/android/build/gradle/internal/tasks/factory/TaskProviderCallback
Event: 24.391 loading class com/android/build/gradle/internal/tasks/factory/TaskProviderCallback done
Event: 24.392 loading class com/android/build/gradle/internal/tasks/ExtractProguardFiles
Event: 24.392 loading class com/android/build/gradle/internal/tasks/ExtractProguardFiles done
Event: 24.393 loading class com/android/build/gradle/internal/tasks/NonIncrementalGlobalTask
Event: 24.393 loading class com/android/build/gradle/internal/tasks/NonIncrementalGlobalTask done
Event: 24.394 loading class com/android/build/gradle/internal/tasks/VariantAwareTask
Event: 24.394 loading class com/android/build/gradle/internal/tasks/VariantAwareTask done
Event: 24.394 loading class com/android/build/gradle/internal/tasks/BaseTask
Event: 24.394 loading class com/android/build/gradle/internal/tasks/BaseTask done
Event: 24.396 loading class com/android/build/gradle/internal/tasks/factory/TaskFactoryUtils
Event: 24.396 loading class com/android/build/gradle/internal/tasks/factory/TaskFactoryUtils done
Event: 24.397 loading class com/android/build/gradle/internal/tasks/factory/TaskConfigurationActions
Event: 24.397 loading class com/android/build/gradle/internal/tasks/factory/TaskConfigurationActions done
Event: 24.399 loading class com/android/build/gradle/internal/tasks/ExtractProguardFiles$CreationAction$handleProvider$1
Event: 24.399 loading class com/android/build/gradle/internal/tasks/ExtractProguardFiles$CreationAction$handleProvider$1 done


Dynamic libraries:
0x00007ff753cd0000 - 0x00007ff753cda000 	C:\Program Files\Android\Android Studio\jre\bin\java.exe
0x00007fff4ad80000 - 0x00007fff4af89000 	C:\WINDOWS\SYSTEM32\ntdll.dll
0x00007fff49600000 - 0x00007fff496bd000 	C:\WINDOWS\System32\KERNEL32.DLL
0x00007fff48600000 - 0x00007fff48974000 	C:\WINDOWS\System32\KERNELBASE.dll
0x00007fff484e0000 - 0x00007fff485f1000 	C:\WINDOWS\System32\ucrtbase.dll
0x00007fff31740000 - 0x00007fff31759000 	C:\Program Files\Android\Android Studio\jre\bin\jli.dll
0x00007fff33210000 - 0x00007fff33227000 	C:\Program Files\Android\Android Studio\jre\bin\VCRUNTIME140.dll
0x00007fff48de0000 - 0x00007fff48f8c000 	C:\WINDOWS\System32\USER32.dll
0x00007fff48390000 - 0x00007fff483b6000 	C:\WINDOWS\System32\win32u.dll
0x00007fff365b0000 - 0x00007fff36855000 	C:\WINDOWS\WinSxS\amd64_microsoft.windows.common-controls_6595b64144ccf1df_6.0.22000.120_none_9d947278b86cc467\COMCTL32.dll
0x00007fff4aaf0000 - 0x00007fff4ab19000 	C:\WINDOWS\System32\GDI32.dll
0x00007fff49890000 - 0x00007fff49933000 	C:\WINDOWS\System32\msvcrt.dll
0x00007fff483c0000 - 0x00007fff484d2000 	C:\WINDOWS\System32\gdi32full.dll
0x00007fff48270000 - 0x00007fff4830d000 	C:\WINDOWS\System32\msvcp_win.dll
0x00007fff49100000 - 0x00007fff49131000 	C:\WINDOWS\System32\IMM32.DLL
0x00007ffefa9a0000 - 0x00007ffefaa3d000 	C:\Program Files\Android\Android Studio\jre\bin\msvcp140.dll
0x00007ffea2260000 - 0x00007ffea2d35000 	C:\Program Files\Android\Android Studio\jre\bin\server\jvm.dll
0x00007fff4ac20000 - 0x00007fff4acce000 	C:\WINDOWS\System32\ADVAPI32.dll
0x00007fff48c20000 - 0x00007fff48cbe000 	C:\WINDOWS\System32\sechost.dll
0x00007fff49230000 - 0x00007fff49350000 	C:\WINDOWS\System32\RPCRT4.dll
0x00007fff496c0000 - 0x00007fff496c8000 	C:\WINDOWS\System32\PSAPI.DLL
0x00007fff3b5d0000 - 0x00007fff3b5d9000 	C:\WINDOWS\SYSTEM32\WSOCK32.dll
0x00007fff49000000 - 0x00007fff4906f000 	C:\WINDOWS\System32\WS2_32.dll
0x00007fff41b80000 - 0x00007fff41bb3000 	C:\WINDOWS\SYSTEM32\WINMM.dll
0x00007fff3f7d0000 - 0x00007fff3f7da000 	C:\WINDOWS\SYSTEM32\VERSION.dll
0x00007fff47370000 - 0x00007fff47388000 	C:\WINDOWS\SYSTEM32\kernel.appcore.dll
0x00007fff35e00000 - 0x00007fff35e11000 	C:\Program Files\Android\Android Studio\jre\bin\verify.dll
0x00007fff3a0f0000 - 0x00007fff3a311000 	C:\WINDOWS\SYSTEM32\DBGHELP.DLL
0x00007fff37d80000 - 0x00007fff37db1000 	C:\WINDOWS\SYSTEM32\dbgcore.DLL
0x00007fff48310000 - 0x00007fff4838f000 	C:\WINDOWS\System32\bcryptPrimitives.dll
0x00007fff31710000 - 0x00007fff31739000 	C:\Program Files\Android\Android Studio\jre\bin\java.dll
0x00007fff42820000 - 0x00007fff4282b000 	C:\Program Files\Android\Android Studio\jre\bin\jimage.dll
0x00007fff00e00000 - 0x00007fff00e18000 	C:\Program Files\Android\Android Studio\jre\bin\zip.dll
0x00007fff49ed0000 - 0x00007fff4a67e000 	C:\WINDOWS\System32\SHELL32.dll
0x00007fff463e0000 - 0x00007fff46c47000 	C:\WINDOWS\SYSTEM32\windows.storage.dll
0x00007fff499b0000 - 0x00007fff49d28000 	C:\WINDOWS\System32\combase.dll
0x00007fff46270000 - 0x00007fff463d6000 	C:\WINDOWS\SYSTEM32\wintypes.dll
0x00007fff49510000 - 0x00007fff495fa000 	C:\WINDOWS\System32\SHCORE.dll
0x00007fff491d0000 - 0x00007fff4922d000 	C:\WINDOWS\System32\shlwapi.dll
0x00007fff481a0000 - 0x00007fff481c1000 	C:\WINDOWS\SYSTEM32\profapi.dll
0x00007fff00de0000 - 0x00007fff00dfa000 	C:\Program Files\Android\Android Studio\jre\bin\net.dll
0x00007fff41a00000 - 0x00007fff41b0c000 	C:\WINDOWS\SYSTEM32\WINHTTP.dll
0x00007fff477a0000 - 0x00007fff47807000 	C:\WINDOWS\system32\mswsock.dll
0x00007ffefdbf0000 - 0x00007ffefdc04000 	C:\Program Files\Android\Android Studio\jre\bin\nio.dll
0x00007fff359f0000 - 0x00007fff35a17000 	C:\Users\acer\.gradle\native\e1d6ef7f7dcc3fd88c89a11ec53ec762bb8ba0a96d01ffa2cd45eb1d1d8dd5c5\windows-amd64\native-platform.dll
0x00007ffef40c0000 - 0x00007ffef4204000 	C:\Users\acer\.gradle\native\5664cfc778a61ccfe75a443a1ab52a65af34e5dc3c78e0209fed803814484fcb\windows-amd64\native-platform-file-events.dll
0x00007fff3af40000 - 0x00007fff3af4a000 	C:\Program Files\Android\Android Studio\jre\bin\management.dll
0x00007fff39af0000 - 0x00007fff39afd000 	C:\Program Files\Android\Android Studio\jre\bin\management_ext.dll
0x00007fff479e0000 - 0x00007fff479f8000 	C:\WINDOWS\SYSTEM32\CRYPTSP.dll
0x00007fff472d0000 - 0x00007fff47305000 	C:\WINDOWS\system32\rsaenh.dll
0x00007fff47890000 - 0x00007fff478b9000 	C:\WINDOWS\SYSTEM32\USERENV.dll
0x00007fff47b60000 - 0x00007fff47b87000 	C:\WINDOWS\SYSTEM32\bcrypt.dll
0x00007fff47a00000 - 0x00007fff47a0c000 	C:\WINDOWS\SYSTEM32\CRYPTBASE.dll
0x00007fff46ea0000 - 0x00007fff46ecd000 	C:\WINDOWS\SYSTEM32\IPHLPAPI.DLL
0x00007fff48f90000 - 0x00007fff48f99000 	C:\WINDOWS\System32\NSI.dll
0x00007fff419c0000 - 0x00007fff419d9000 	C:\WINDOWS\SYSTEM32\dhcpcsvc6.DLL
0x00007fff41ee0000 - 0x00007fff41efe000 	C:\WINDOWS\SYSTEM32\dhcpcsvc.DLL
0x00007fff46ed0000 - 0x00007fff46fb7000 	C:\WINDOWS\SYSTEM32\DNSAPI.dll

dbghelp: loaded successfully - version: 4.0.5 - missing functions: none
symbol engine: initialized successfully - sym options: 0x614 - pdb path: .;C:\Program Files\Android\Android Studio\jre\bin;C:\WINDOWS\SYSTEM32;C:\WINDOWS\WinSxS\amd64_microsoft.windows.common-controls_6595b64144ccf1df_6.0.22000.120_none_9d947278b86cc467;C:\Program Files\Android\Android Studio\jre\bin\server;C:\Users\acer\.gradle\native\e1d6ef7f7dcc3fd88c89a11ec53ec762bb8ba0a96d01ffa2cd45eb1d1d8dd5c5\windows-amd64;C:\Users\acer\.gradle\native\5664cfc778a61ccfe75a443a1ab52a65af34e5dc3c78e0209fed803814484fcb\windows-amd64

VM Arguments:
jvm_args: --add-opens=java.base/java.util=ALL-UNNAMED --add-opens=java.base/java.lang=ALL-UNNAMED --add-opens=java.base/java.lang.invoke=ALL-UNNAMED --add-opens=java.base/java.util=ALL-UNNAMED --add-opens=java.prefs/java.util.prefs=ALL-UNNAMED --add-opens=java.prefs/java.util.prefs=ALL-UNNAMED --add-opens=java.base/java.nio.charset=ALL-UNNAMED --add-opens=java.base/java.net=ALL-UNNAMED --add-opens=java.base/java.util.concurrent.atomic=ALL-UNNAMED -Xmx2048m -Dfile.encoding=UTF-8 -Duser.country=US -Duser.language=en -Duser.variant 
java_command: org.gradle.launcher.daemon.bootstrap.GradleDaemon 7.2
java_class_path (initial): C:\Users\acer\.gradle\wrapper\dists\gradle-7.2-bin\2dnblmf4td7x66yl1d74lt32g\gradle-7.2\lib\gradle-launcher-7.2.jar
Launcher Type: SUN_STANDARD

[Global flags]
     intx CICompilerCount                          = 4                                         {product} {ergonomic}
     uint ConcGCThreads                            = 2                                         {product} {ergonomic}
     uint G1ConcRefinementThreads                  = 8                                         {product} {ergonomic}
   size_t G1HeapRegionSize                         = 1048576                                   {product} {ergonomic}
    uintx GCDrainStackTargetSize                   = 64                                        {product} {ergonomic}
   size_t InitialHeapSize                          = 58720256                                  {product} {ergonomic}
   size_t MarkStackSize                            = 4194304                                   {product} {ergonomic}
   size_t MaxHeapSize                              = 2147483648                                {product} {command line}
   size_t MaxNewSize                               = 1287651328                                {product} {ergonomic}
   size_t MinHeapDeltaBytes                        = 1048576                                   {product} {ergonomic}
    uintx NonNMethodCodeHeapSize                   = 5836300                                {pd product} {ergonomic}
    uintx NonProfiledCodeHeapSize                  = 122910970                              {pd product} {ergonomic}
    uintx ProfiledCodeHeapSize                     = 122910970                              {pd product} {ergonomic}
    uintx ReservedCodeCacheSize                    = 251658240                              {pd product} {ergonomic}
     bool SegmentedCodeCache                       = true                                      {product} {ergonomic}
     bool UseCompressedClassPointers               = true                                 {lp64_product} {ergonomic}
     bool UseCompressedOops                        = true                                 {lp64_product} {ergonomic}
     bool UseG1GC                                  = true                                      {product} {ergonomic}
     bool UseLargePagesIndividualAllocation        = false                                  {pd product} {ergonomic}

Logging:
Log output configuration:
 #0: stdout all=warning uptime,level,tags
 #1: stderr all=off uptime,level,tags

Environment Variables:
PATH=C:\Program Files\Microsoft MPI\Bin\;C:\Program Files (x86)\Common Files\Intel\Shared Files\cpp\bin\Intel64;C:\WINDOWS\system32;C:\WINDOWS;C:\WINDOWS\System32\Wbem;C:\WINDOWS\System32\WindowsPowerShell\v1.0\;C:\WINDOWS\System32\OpenSSH\;C:\Program Files\Microsoft SQL Server\Client SDK\ODBC\170\Tools\Binn\;C:\Program Files (x86)\Microsoft SQL Server\150\Tools\Binn\;C:\Program Files\Microsoft SQL Server\150\Tools\Binn\;C:\Program Files\Microsoft SQL Server\150\DTS\Binn\;C:\Program Files (x86)\Microsoft SQL Server\150\DTS\Binn\;C:\Program Files\Azure Data Studio\bin;C:\Program Files\dotnet\;C:\Program Files (x86)\dotnet\;D;C:\HashiCorp\Vagrant\bin;C:\Program Files\Kubernetes\Minikube;C:\minikube;C:\Program Files\Git\cmd;C:\Program Files\Microsoft SQL Server\130\Tools\Binn\;C:\Users\acer\AppData\Local\Programs\Python\Python39\Scripts\;C:\Users\acer\AppData\Local\Programs\Python\Python39\;C:\Users\acer\AppData\Local\Microsoft\WindowsApps;;C:\Program Files\Azure Data Studio\bin;C:\Users\acer\AppData\Local\Programs\Microsoft VS Code\bin;C:\Users\acer\.dotnet\tools
USERNAME=acer
OS=Windows_NT
PROCESSOR_IDENTIFIER=AMD64 Family 23 Model 24 Stepping 1, AuthenticAMD



---------------  S Y S T E M  ---------------

OS: Windows 10 , 64 bit Build 22000 (10.0.22000.434)
OS uptime: 10 days 22:55 hours

CPU:total 8 (initial active 8) (8 cores per cpu, 2 threads per core) family 23 model 24 stepping 1 microcode 0x0, cmov, cx8, fxsr, mmx, sse, sse2, sse3, ssse3, sse4.1, sse4.2, popcnt, avx, avx2, aes, clmul, mmxext, 3dnowpref, lzcnt, sse4a, ht, tsc, tscinvbit, tscinv, bmi1, bmi2, adx, s

Memory: 4k page, system-wide physical 3514M (140M free)
TotalPageFile size 14266M (AvailPageFile size 2M)
current process WorkingSet (physical memory assigned to process): 184M, peak: 201M
current process commit charge ("private bytes"): 333M, peak: 334M

vm_info: OpenJDK 64-Bit Server VM (11.0.11+9-b60-7590822) for windows-amd64 JRE (11.0.11+9-b60-7590822), built on Jul 29 2021 21:43:44 by "builder" with MS VC++ 14.0 (VS2015)

END.
