#
# There is insufficient memory for the Java Runtime Environment to continue.
# Native memory allocation (malloc) failed to allocate 1077536 bytes for Chunk::new
# Possible reasons:
#   The system is out of physical RAM or swap space
#   The process is running with CompressedOops enabled, and the Java Heap may be blocking the growth of the native heap
# Possible solutions:
#   Reduce memory load on the system
#   Increase physical memory or swap space
#   Check if swap backing store is full
#   Decrease Java heap size (-Xmx/-Xms)
#   Decrease number of Java threads
#   Decrease Java thread stack sizes (-Xss)
#   Set larger code cache with -XX:ReservedCodeCacheSize=
#   JVM is running with Unscaled Compressed Oops mode in which the Java heap is
#     placed in the first 4GB address space. The Java Heap base address is the
#     maximum limit for the native heap growth. Please use -XX:HeapBaseMinAddress
#     to set the Java Heap base and to place the Java Heap above 4GB virtual address.
# This output file may be truncated or incomplete.
#
#  Out of Memory Error (./src/hotspot/share/memory/arena.cpp:197), pid=10832, tid=21932
#
# JRE version: OpenJDK Runtime Environment (11.0.11+9) (build 11.0.11+9-b60-7590822)
# Java VM: OpenJDK 64-Bit Server VM (11.0.11+9-b60-7590822, mixed mode, tiered, compressed oops, g1 gc, windows-amd64)
# No core dump will be written. Minidumps are not enabled by default on client versions of Windows
#

---------------  S U M M A R Y ------------

Command Line: --add-opens=java.base/java.util=ALL-UNNAMED --add-opens=java.base/java.lang=ALL-UNNAMED --add-opens=java.base/java.lang.invoke=ALL-UNNAMED --add-opens=java.base/java.util=ALL-UNNAMED --add-opens=java.prefs/java.util.prefs=ALL-UNNAMED --add-opens=java.prefs/java.util.prefs=ALL-UNNAMED --add-opens=java.base/java.nio.charset=ALL-UNNAMED --add-opens=java.base/java.net=ALL-UNNAMED --add-opens=java.base/java.util.concurrent.atomic=ALL-UNNAMED -Xmx2048m -Dfile.encoding=UTF-8 -Duser.country=US -Duser.language=en -Duser.variant org.gradle.launcher.daemon.bootstrap.GradleDaemon 7.2

Host: AMD Ryzen 5 3500U with Radeon Vega Mobile Gfx  , 8 cores, 3G,  Windows 10 , 64 bit Build 22000 (10.0.22000.434)
Time: Mon Mar 21 14:07:09 2022 SE Asia Standard Time elapsed time: 18.468125 seconds (0d 0h 0m 18s)

---------------  T H R E A D  ---------------

Current thread (0x000001e39b50c000):  JavaThread "C2 CompilerThread0" daemon [_thread_in_native, id=21932, stack(0x000000b519b00000,0x000000b519c00000)]


Current CompileTask:
C2:  18468 5419       4       org.objectweb.asm.Frame::execute (2318 bytes)

Stack: [0x000000b519b00000,0x000000b519c00000]
Native frames: (J=compiled Java code, j=interpreted, Vv=VM code, C=native code)
V  [jvm.dll+0x5f214a]
V  [jvm.dll+0x726fb5]
V  [jvm.dll+0x7285cd]
V  [jvm.dll+0x728c83]
V  [jvm.dll+0x243278]
V  [jvm.dll+0xbc53c]
V  [jvm.dll+0xbca3c]
V  [jvm.dll+0x2b5c34]
V  [jvm.dll+0x508488]
V  [jvm.dll+0x203d53]
V  [jvm.dll+0x1fdbac]
V  [jvm.dll+0x1fb35f]
V  [jvm.dll+0x183d6c]
V  [jvm.dll+0x209a57]
V  [jvm.dll+0x2082a1]
V  [jvm.dll+0x6ef58f]
V  [jvm.dll+0x6e80b5]
V  [jvm.dll+0x5f1036]
C  [ucrtbase.dll+0x26c0c]
C  [KERNEL32.DLL+0x154e0]
C  [ntdll.dll+0x485b]


---------------  P R O C E S S  ---------------

Threads class SMR info:
_java_thread_list=0x000001e39dcdd170, length=121, elements={
0x000001e3fe44f800, 0x000001e39ab49000, 0x000001e39ab56800, 0x000001e39b502800,
0x000001e39b503800, 0x000001e39b505000, 0x000001e39b50c000, 0x000001e39b50d800,
0x000001e39abac800, 0x000001e39b645000, 0x000001e39c516800, 0x000001e39cbbb000,
0x000001e39d3a6800, 0x000001e39c5ed000, 0x000001e39d6c0000, 0x000001e39cb7e800,
0x000001e39ce3d000, 0x000001e39ba7c800, 0x000001e39ced4800, 0x000001e39b9c8000,
0x000001e39b9ca800, 0x000001e39b9c9800, 0x000001e39b9c6800, 0x000001e39b9c9000,
0x000001e39b9c4800, 0x000001e39b9cb800, 0x000001e39b9c5800, 0x000001e39b9c7000,
0x000001e39da3c800, 0x000001e39da41800, 0x000001e39da3c000, 0x000001e39da3d800,
0x000001e39da3f000, 0x000001e39da42800, 0x000001e39da43000, 0x000001e39da3e800,
0x000001e39da44000, 0x000001e39da46800, 0x000001e39da49000, 0x000001e39da45800,
0x000001e39da4a800, 0x000001e39da47800, 0x000001e39da48000, 0x000001e39da49800,
0x000001e39da45000, 0x000001e39fe29800, 0x000001e39fe2a000, 0x000001e39fe24800,
0x000001e39fe25800, 0x000001e39fe2b000, 0x000001e39fe28000, 0x000001e39fe2c000,
0x000001e39fe27000, 0x000001e39fe28800, 0x000001e39fe26000, 0x000001e39fe2e800,
0x000001e39fe2c800, 0x000001e39fe2d800, 0x000001e39fe31800, 0x000001e39fe30000,
0x000001e39fe2f000, 0x000001e39fe31000, 0x000001e39fe32800, 0x000001e39fe33000,
0x000001e39fa74800, 0x000001e39fa77800, 0x000001e39fa76000, 0x000001e39fa7a000,
0x000001e39fa77000, 0x000001e39fa78800, 0x000001e39fa79800, 0x000001e39fa7b000,
0x000001e39fa75800, 0x000001e39fa7f000, 0x000001e39fa7d800, 0x000001e39fa80000,
0x000001e39fa81800, 0x000001e39fa7c800, 0x000001e39fa7e000, 0x000001e39fa80800,
0x000001e39fa7c000, 0x000001e39fa82800, 0x000001e39fa83000, 0x000001e39fdcf000,
0x000001e39fdcc000, 0x000001e39fdd0000, 0x000001e39fdd2800, 0x000001e39fdcc800,
0x000001e39fdd3000, 0x000001e39fdd0800, 0x000001e39fdd1800, 0x000001e39fdcd800,
0x000001e39fdce800, 0x000001e39fdd6800, 0x000001e39fdd8000, 0x000001e39fdd5800,
0x000001e39fdd9800, 0x000001e39fdd9000, 0x000001e39fdd5000, 0x000001e39fdd4000,
0x000001e39fdd7000, 0x000001e39fdda800, 0x000001e3a1ac5800, 0x000001e3a1ac7800,
0x000001e3a1ac9800, 0x000001e3a1acc000, 0x000001e3a1ac9000, 0x000001e3a1ac6800,
0x000001e3a1aca800, 0x000001e3a1acb800, 0x000001e3a1acd000, 0x000001e3a1ace000,
0x000001e3a1ac8000, 0x000001e3a1ad2800, 0x000001e3a1acf800, 0x000001e3a1ad4800,
0x000001e3a1ad3800, 0x000001e3a1ace800, 0x000001e3a1ad0800, 0x000001e3a1ad1000,
0x000001e3a1ad2000
}

Java Threads: ( => current thread )
  0x000001e3fe44f800 JavaThread "main" [_thread_blocked, id=8848, stack(0x000000b518f00000,0x000000b519000000)]
  0x000001e39ab49000 JavaThread "Reference Handler" daemon [_thread_blocked, id=24200, stack(0x000000b519600000,0x000000b519700000)]
  0x000001e39ab56800 JavaThread "Finalizer" daemon [_thread_blocked, id=17956, stack(0x000000b519700000,0x000000b519800000)]
  0x000001e39b502800 JavaThread "Signal Dispatcher" daemon [_thread_blocked, id=11472, stack(0x000000b519800000,0x000000b519900000)]
  0x000001e39b503800 JavaThread "Attach Listener" daemon [_thread_blocked, id=1868, stack(0x000000b519900000,0x000000b519a00000)]
  0x000001e39b505000 JavaThread "Service Thread" daemon [_thread_blocked, id=15664, stack(0x000000b519a00000,0x000000b519b00000)]
=>0x000001e39b50c000 JavaThread "C2 CompilerThread0" daemon [_thread_in_native, id=21932, stack(0x000000b519b00000,0x000000b519c00000)]
  0x000001e39b50d800 JavaThread "C1 CompilerThread0" daemon [_thread_blocked, id=13604, stack(0x000000b519c00000,0x000000b519d00000)]
  0x000001e39abac800 JavaThread "Sweeper thread" daemon [_thread_blocked, id=15356, stack(0x000000b519d00000,0x000000b519e00000)]
  0x000001e39b645000 JavaThread "Common-Cleaner" daemon [_thread_blocked, id=25392, stack(0x000000b519e00000,0x000000b519f00000)]
  0x000001e39c516800 JavaThread "Daemon health stats" [_thread_blocked, id=12692, stack(0x000000b51a100000,0x000000b51a200000)]
  0x000001e39cbbb000 JavaThread "Incoming local TCP Connector on port 62515" [_thread_in_native, id=21184, stack(0x000000b51a200000,0x000000b51a300000)]
  0x000001e39d3a6800 JavaThread "Daemon periodic checks" [_thread_blocked, id=24688, stack(0x000000b51a300000,0x000000b51a400000)]
  0x000001e39c5ed000 JavaThread "Daemon" [_thread_blocked, id=7216, stack(0x000000b51a400000,0x000000b51a500000)]
  0x000001e39d6c0000 JavaThread "Handler for socket connection from /127.0.0.1:62515 to /127.0.0.1:62516" [_thread_in_native, id=22752, stack(0x000000b51a500000,0x000000b51a600000)]
  0x000001e39cb7e800 JavaThread "Cancel handler" [_thread_blocked, id=4360, stack(0x000000b51a600000,0x000000b51a700000)]
  0x000001e39ce3d000 JavaThread "Daemon worker" [_thread_in_vm, id=24028, stack(0x000000b51a700000,0x000000b51a800000)]
  0x000001e39ba7c800 JavaThread "Asynchronous log dispatcher for DefaultDaemonConnection: socket connection from /127.0.0.1:62515 to /127.0.0.1:62516" [_thread_blocked, id=1124, stack(0x000000b51a800000,0x000000b51a900000)]
  0x000001e39ced4800 JavaThread "Stdin handler" [_thread_blocked, id=24240, stack(0x000000b51a900000,0x000000b51aa00000)]
  0x000001e39b9c8000 JavaThread "Daemon client event forwarder" [_thread_blocked, id=15840, stack(0x000000b51aa00000,0x000000b51ab00000)]
  0x000001e39b9ca800 JavaThread "Cache worker for journal cache (C:\Users\acer\.gradle\caches\journal-1)" [_thread_blocked, id=21376, stack(0x000000b51b100000,0x000000b51b200000)]
  0x000001e39b9c9800 JavaThread "File lock request listener" [_thread_in_native, id=19756, stack(0x000000b51b200000,0x000000b51b300000)]
  0x000001e39b9c6800 JavaThread "Cache worker for file hash cache (C:\Users\acer\.gradle\caches\7.2\fileHashes)" [_thread_blocked, id=11996, stack(0x000000b51b300000,0x000000b51b400000)]
  0x000001e39b9c9000 JavaThread "Cache worker for file hash cache (C:\Users\acer\AndroidStudioProjects\constraint_layout - 2\.gradle\7.2\fileHashes)" [_thread_blocked, id=25560, stack(0x000000b51b500000,0x000000b51b600000)]
  0x000001e39b9c4800 JavaThread "File watcher server" daemon [_thread_in_native, id=7212, stack(0x000000b51b600000,0x000000b51b700000)]
  0x000001e39b9cb800 JavaThread "File watcher consumer" daemon [_thread_blocked, id=15888, stack(0x000000b51b700000,0x000000b51b800000)]
  0x000001e39b9c5800 JavaThread "Cache worker for checksums cache (C:\Users\acer\AndroidStudioProjects\constraint_layout - 2\.gradle\checksums)" [_thread_blocked, id=17584, stack(0x000000b51b800000,0x000000b51b900000)]
  0x000001e39b9c7000 JavaThread "Cache worker for cache directory md-supplier (C:\Users\acer\.gradle\caches\7.2\md-supplier)" [_thread_blocked, id=2624, stack(0x000000b51b900000,0x000000b51ba00000)]
  0x000001e39da3c800 JavaThread "Cache worker for cache directory md-rule (C:\Users\acer\.gradle\caches\7.2\md-rule)" [_thread_blocked, id=21408, stack(0x000000b51ba00000,0x000000b51bb00000)]
  0x000001e39da41800 JavaThread "Cache worker for execution history cache (C:\Users\acer\.gradle\caches\7.2\executionHistory)" [_thread_blocked, id=7160, stack(0x000000b51bb00000,0x000000b51bc00000)]
  0x000001e39da3c000 JavaThread "jar transforms" [_thread_blocked, id=3956, stack(0x000000b51bc00000,0x000000b51bd00000)]
  0x000001e39da3d800 JavaThread "Cache worker for file content cache (C:\Users\acer\.gradle\caches\7.2\fileContent)" [_thread_blocked, id=1948, stack(0x000000b51bd00000,0x000000b51be00000)]
  0x000001e39da3f000 JavaThread "jar transforms Thread 2" [_thread_blocked, id=1044, stack(0x000000b51be00000,0x000000b51bf00000)]
  0x000001e39da42800 JavaThread "Cache worker for dependencies-accessors (C:\Users\acer\AndroidStudioProjects\constraint_layout - 2\.gradle\7.2\dependencies-accessors)" [_thread_blocked, id=10764, stack(0x000000b51bf00000,0x000000b51c000000)]
  0x000001e39da43000 JavaThread "jar transforms Thread 3" [_thread_blocked, id=4876, stack(0x000000b51c000000,0x000000b51c100000)]
  0x000001e39da3e800 JavaThread "Cache worker for Build Output Cleanup Cache (C:\Users\acer\AndroidStudioProjects\constraint_layout - 2\.gradle\buildOutputCleanup)" [_thread_blocked, id=8796, stack(0x000000b51c100000,0x000000b51c200000)]
  0x000001e39da44000 JavaThread "Unconstrained build operations" [_thread_blocked, id=17808, stack(0x000000b51c200000,0x000000b51c300000)]
  0x000001e39da46800 JavaThread "Unconstrained build operations Thread 2" [_thread_blocked, id=19200, stack(0x000000b51c300000,0x000000b51c400000)]
  0x000001e39da49000 JavaThread "Unconstrained build operations Thread 3" [_thread_blocked, id=9248, stack(0x000000b51c400000,0x000000b51c500000)]
  0x000001e39da45800 JavaThread "Unconstrained build operations Thread 4" [_thread_blocked, id=17932, stack(0x000000b51c500000,0x000000b51c600000)]
  0x000001e39da4a800 JavaThread "Unconstrained build operations Thread 5" [_thread_blocked, id=22432, stack(0x000000b51c600000,0x000000b51c700000)]
  0x000001e39da47800 JavaThread "Unconstrained build operations Thread 6" [_thread_blocked, id=4356, stack(0x000000b51c700000,0x000000b51c800000)]
  0x000001e39da48000 JavaThread "Unconstrained build operations Thread 7" [_thread_blocked, id=22540, stack(0x000000b51c800000,0x000000b51c900000)]
  0x000001e39da49800 JavaThread "Unconstrained build operations Thread 8" [_thread_blocked, id=9132, stack(0x000000b51c900000,0x000000b51ca00000)]
  0x000001e39da45000 JavaThread "Unconstrained build operations Thread 9" [_thread_blocked, id=10048, stack(0x000000b51ca00000,0x000000b51cb00000)]
  0x000001e39fe29800 JavaThread "Unconstrained build operations Thread 10" [_thread_blocked, id=1136, stack(0x000000b51cb00000,0x000000b51cc00000)]
  0x000001e39fe2a000 JavaThread "Unconstrained build operations Thread 11" [_thread_blocked, id=25228, stack(0x000000b51cc00000,0x000000b51cd00000)]
  0x000001e39fe24800 JavaThread "Unconstrained build operations Thread 12" [_thread_blocked, id=9140, stack(0x000000b51cd00000,0x000000b51ce00000)]
  0x000001e39fe25800 JavaThread "Unconstrained build operations Thread 13" [_thread_blocked, id=17616, stack(0x000000b51ce00000,0x000000b51cf00000)]
  0x000001e39fe2b000 JavaThread "Unconstrained build operations Thread 14" [_thread_blocked, id=12740, stack(0x000000b51cf00000,0x000000b51d000000)]
  0x000001e39fe28000 JavaThread "Unconstrained build operations Thread 15" [_thread_blocked, id=12456, stack(0x000000b51d000000,0x000000b51d100000)]
  0x000001e39fe2c000 JavaThread "Unconstrained build operations Thread 16" [_thread_blocked, id=22960, stack(0x000000b51d100000,0x000000b51d200000)]
  0x000001e39fe27000 JavaThread "Unconstrained build operations Thread 17" [_thread_blocked, id=25372, stack(0x000000b51d200000,0x000000b51d300000)]
  0x000001e39fe28800 JavaThread "Unconstrained build operations Thread 18" [_thread_blocked, id=288, stack(0x000000b51d300000,0x000000b51d400000)]
  0x000001e39fe26000 JavaThread "Unconstrained build operations Thread 19" [_thread_blocked, id=18768, stack(0x000000b51d400000,0x000000b51d500000)]
  0x000001e39fe2e800 JavaThread "Unconstrained build operations Thread 20" [_thread_blocked, id=14304, stack(0x000000b51d500000,0x000000b51d600000)]
  0x000001e39fe2c800 JavaThread "Unconstrained build operations Thread 21" [_thread_blocked, id=22668, stack(0x000000b51d600000,0x000000b51d700000)]
  0x000001e39fe2d800 JavaThread "Unconstrained build operations Thread 22" [_thread_blocked, id=19856, stack(0x000000b51d700000,0x000000b51d800000)]
  0x000001e39fe31800 JavaThread "Unconstrained build operations Thread 23" [_thread_blocked, id=5156, stack(0x000000b51d800000,0x000000b51d900000)]
  0x000001e39fe30000 JavaThread "Unconstrained build operations Thread 24" [_thread_blocked, id=23768, stack(0x000000b51d900000,0x000000b51da00000)]
  0x000001e39fe2f000 JavaThread "Unconstrained build operations Thread 25" [_thread_blocked, id=5936, stack(0x000000b51da00000,0x000000b51db00000)]
  0x000001e39fe31000 JavaThread "Unconstrained build operations Thread 26" [_thread_blocked, id=23284, stack(0x000000b51db00000,0x000000b51dc00000)]
  0x000001e39fe32800 JavaThread "Unconstrained build operations Thread 27" [_thread_blocked, id=18300, stack(0x000000b51dc00000,0x000000b51dd00000)]
  0x000001e39fe33000 JavaThread "Unconstrained build operations Thread 28" [_thread_blocked, id=14172, stack(0x000000b51dd00000,0x000000b51de00000)]
  0x000001e39fa74800 JavaThread "Unconstrained build operations Thread 29" [_thread_blocked, id=9828, stack(0x000000b51de00000,0x000000b51df00000)]
  0x000001e39fa77800 JavaThread "Unconstrained build operations Thread 30" [_thread_blocked, id=21664, stack(0x000000b51df00000,0x000000b51e000000)]
  0x000001e39fa76000 JavaThread "Unconstrained build operations Thread 31" [_thread_blocked, id=21980, stack(0x000000b51e000000,0x000000b51e100000)]
  0x000001e39fa7a000 JavaThread "Unconstrained build operations Thread 32" [_thread_blocked, id=1508, stack(0x000000b51e100000,0x000000b51e200000)]
  0x000001e39fa77000 JavaThread "Unconstrained build operations Thread 33" [_thread_blocked, id=18876, stack(0x000000b51e200000,0x000000b51e300000)]
  0x000001e39fa78800 JavaThread "Unconstrained build operations Thread 34" [_thread_blocked, id=11248, stack(0x000000b51e300000,0x000000b51e400000)]
  0x000001e39fa79800 JavaThread "Unconstrained build operations Thread 35" [_thread_blocked, id=13140, stack(0x000000b51e400000,0x000000b51e500000)]
  0x000001e39fa7b000 JavaThread "Unconstrained build operations Thread 36" [_thread_blocked, id=3012, stack(0x000000b51e500000,0x000000b51e600000)]
  0x000001e39fa75800 JavaThread "Unconstrained build operations Thread 37" [_thread_blocked, id=24924, stack(0x000000b51e600000,0x000000b51e700000)]
  0x000001e39fa7f000 JavaThread "Unconstrained build operations Thread 38" [_thread_blocked, id=14352, stack(0x000000b51e700000,0x000000b51e800000)]
  0x000001e39fa7d800 JavaThread "Unconstrained build operations Thread 39" [_thread_blocked, id=20392, stack(0x000000b51e800000,0x000000b51e900000)]
  0x000001e39fa80000 JavaThread "Unconstrained build operations Thread 40" [_thread_blocked, id=15852, stack(0x000000b51e900000,0x000000b51ea00000)]
  0x000001e39fa81800 JavaThread "Unconstrained build operations Thread 41" [_thread_blocked, id=19744, stack(0x000000b51ea00000,0x000000b51eb00000)]
  0x000001e39fa7c800 JavaThread "Unconstrained build operations Thread 42" [_thread_blocked, id=9776, stack(0x000000b51eb00000,0x000000b51ec00000)]
  0x000001e39fa7e000 JavaThread "Unconstrained build operations Thread 43" [_thread_blocked, id=12560, stack(0x000000b51ec00000,0x000000b51ed00000)]
  0x000001e39fa80800 JavaThread "Unconstrained build operations Thread 44" [_thread_blocked, id=13852, stack(0x000000b51ed00000,0x000000b51ee00000)]
  0x000001e39fa7c000 JavaThread "Unconstrained build operations Thread 45" [_thread_blocked, id=12640, stack(0x000000b51ee00000,0x000000b51ef00000)]
  0x000001e39fa82800 JavaThread "Unconstrained build operations Thread 46" [_thread_blocked, id=20044, stack(0x000000b51ef00000,0x000000b51f000000)]
  0x000001e39fa83000 JavaThread "Unconstrained build operations Thread 47" [_thread_blocked, id=10164, stack(0x000000b51f000000,0x000000b51f100000)]
  0x000001e39fdcf000 JavaThread "Unconstrained build operations Thread 48" [_thread_blocked, id=12788, stack(0x000000b51f100000,0x000000b51f200000)]
  0x000001e39fdcc000 JavaThread "Unconstrained build operations Thread 49" [_thread_blocked, id=20024, stack(0x000000b51f200000,0x000000b51f300000)]
  0x000001e39fdd0000 JavaThread "Unconstrained build operations Thread 50" [_thread_blocked, id=4704, stack(0x000000b51f300000,0x000000b51f400000)]
  0x000001e39fdd2800 JavaThread "Unconstrained build operations Thread 51" [_thread_blocked, id=20104, stack(0x000000b51f400000,0x000000b51f500000)]
  0x000001e39fdcc800 JavaThread "Unconstrained build operations Thread 52" [_thread_blocked, id=24656, stack(0x000000b51f500000,0x000000b51f600000)]
  0x000001e39fdd3000 JavaThread "Unconstrained build operations Thread 53" [_thread_blocked, id=3156, stack(0x000000b51f600000,0x000000b51f700000)]
  0x000001e39fdd0800 JavaThread "Unconstrained build operations Thread 54" [_thread_blocked, id=4804, stack(0x000000b51f700000,0x000000b51f800000)]
  0x000001e39fdd1800 JavaThread "Unconstrained build operations Thread 55" [_thread_blocked, id=15052, stack(0x000000b51f800000,0x000000b51f900000)]
  0x000001e39fdcd800 JavaThread "Unconstrained build operations Thread 56" [_thread_blocked, id=12372, stack(0x000000b51f900000,0x000000b51fa00000)]
  0x000001e39fdce800 JavaThread "Unconstrained build operations Thread 57" [_thread_blocked, id=5448, stack(0x000000b51fa00000,0x000000b51fb00000)]
  0x000001e39fdd6800 JavaThread "Unconstrained build operations Thread 58" [_thread_blocked, id=15912, stack(0x000000b51fb00000,0x000000b51fc00000)]
  0x000001e39fdd8000 JavaThread "Unconstrained build operations Thread 59" [_thread_blocked, id=14544, stack(0x000000b51fc00000,0x000000b51fd00000)]
  0x000001e39fdd5800 JavaThread "Unconstrained build operations Thread 60" [_thread_blocked, id=21392, stack(0x000000b51fd00000,0x000000b51fe00000)]
  0x000001e39fdd9800 JavaThread "Unconstrained build operations Thread 61" [_thread_blocked, id=23416, stack(0x000000b51fe00000,0x000000b51ff00000)]
  0x000001e39fdd9000 JavaThread "Unconstrained build operations Thread 62" [_thread_blocked, id=2620, stack(0x000000b51ff00000,0x000000b520000000)]
  0x000001e39fdd5000 JavaThread "Unconstrained build operations Thread 63" [_thread_blocked, id=14376, stack(0x000000b520000000,0x000000b520100000)]
  0x000001e39fdd4000 JavaThread "Unconstrained build operations Thread 64" [_thread_blocked, id=4160, stack(0x000000b520100000,0x000000b520200000)]
  0x000001e39fdd7000 JavaThread "Unconstrained build operations Thread 65" [_thread_blocked, id=23600, stack(0x000000b520200000,0x000000b520300000)]
  0x000001e39fdda800 JavaThread "Unconstrained build operations Thread 66" [_thread_blocked, id=16500, stack(0x000000b520300000,0x000000b520400000)]
  0x000001e3a1ac5800 JavaThread "Unconstrained build operations Thread 67" [_thread_blocked, id=16864, stack(0x000000b520400000,0x000000b520500000)]
  0x000001e3a1ac7800 JavaThread "Unconstrained build operations Thread 68" [_thread_blocked, id=24820, stack(0x000000b520500000,0x000000b520600000)]
  0x000001e3a1ac9800 JavaThread "Unconstrained build operations Thread 69" [_thread_blocked, id=15032, stack(0x000000b520600000,0x000000b520700000)]
  0x000001e3a1acc000 JavaThread "Unconstrained build operations Thread 70" [_thread_blocked, id=8144, stack(0x000000b520700000,0x000000b520800000)]
  0x000001e3a1ac9000 JavaThread "Unconstrained build operations Thread 71" [_thread_blocked, id=18852, stack(0x000000b520800000,0x000000b520900000)]
  0x000001e3a1ac6800 JavaThread "Unconstrained build operations Thread 72" [_thread_blocked, id=5964, stack(0x000000b520900000,0x000000b520a00000)]
  0x000001e3a1aca800 JavaThread "Unconstrained build operations Thread 73" [_thread_blocked, id=13580, stack(0x000000b520a00000,0x000000b520b00000)]
  0x000001e3a1acb800 JavaThread "Unconstrained build operations Thread 74" [_thread_blocked, id=19104, stack(0x000000b520b00000,0x000000b520c00000)]
  0x000001e3a1acd000 JavaThread "Unconstrained build operations Thread 75" [_thread_blocked, id=10312, stack(0x000000b520c00000,0x000000b520d00000)]
  0x000001e3a1ace000 JavaThread "Unconstrained build operations Thread 76" [_thread_blocked, id=6272, stack(0x000000b520d00000,0x000000b520e00000)]
  0x000001e3a1ac8000 JavaThread "Unconstrained build operations Thread 77" [_thread_blocked, id=13248, stack(0x000000b520e00000,0x000000b520f00000)]
  0x000001e3a1ad2800 JavaThread "Unconstrained build operations Thread 78" [_thread_blocked, id=7900, stack(0x000000b520f00000,0x000000b521000000)]
  0x000001e3a1acf800 JavaThread "Unconstrained build operations Thread 79" [_thread_blocked, id=20980, stack(0x000000b521000000,0x000000b521100000)]
  0x000001e3a1ad4800 JavaThread "Unconstrained build operations Thread 80" [_thread_blocked, id=20328, stack(0x000000b521100000,0x000000b521200000)]
  0x000001e3a1ad3800 JavaThread "jar transforms Thread 4" [_thread_blocked, id=13864, stack(0x000000b521200000,0x000000b521300000)]
  0x000001e3a1ace800 JavaThread "jar transforms Thread 5" [_thread_blocked, id=24388, stack(0x000000b521300000,0x000000b521400000)]
  0x000001e3a1ad0800 JavaThread "jar transforms Thread 6" [_thread_blocked, id=12164, stack(0x000000b521400000,0x000000b521500000)]
  0x000001e3a1ad1000 JavaThread "jar transforms Thread 7" [_thread_blocked, id=4960, stack(0x000000b521500000,0x000000b521600000)]
  0x000001e3a1ad2000 JavaThread "jar transforms Thread 8" [_thread_blocked, id=18024, stack(0x000000b521600000,0x000000b521700000)]

Other Threads:
  0x000001e39ab47000 VMThread "VM Thread" [stack: 0x000000b519500000,0x000000b519600000] [id=2696]
  0x000001e39b678800 WatcherThread [stack: 0x000000b519f00000,0x000000b51a000000] [id=20448]
  0x000001e3fe469800 GCTaskThread "GC Thread#0" [stack: 0x000000b519000000,0x000000b519100000] [id=20272]
  0x000001e39c149800 GCTaskThread "GC Thread#1" [stack: 0x000000b51a000000,0x000000b51a100000] [id=21464]
  0x000001e39cb0d000 GCTaskThread "GC Thread#2" [stack: 0x000000b51ab00000,0x000000b51ac00000] [id=13220]
  0x000001e39d072800 GCTaskThread "GC Thread#3" [stack: 0x000000b51ac00000,0x000000b51ad00000] [id=11920]
  0x000001e39c1c9000 GCTaskThread "GC Thread#4" [stack: 0x000000b51ad00000,0x000000b51ae00000] [id=18740]
  0x000001e39d075800 GCTaskThread "GC Thread#5" [stack: 0x000000b51ae00000,0x000000b51af00000] [id=8504]
  0x000001e39d076000 GCTaskThread "GC Thread#6" [stack: 0x000000b51af00000,0x000000b51b000000] [id=24248]
  0x000001e39cf3e800 GCTaskThread "GC Thread#7" [stack: 0x000000b51b000000,0x000000b51b100000] [id=6996]
  0x000001e3fe49c000 ConcurrentGCThread "G1 Main Marker" [stack: 0x000000b519100000,0x000000b519200000] [id=7640]
  0x000001e3fe49d000 ConcurrentGCThread "G1 Conc#0" [stack: 0x000000b519200000,0x000000b519300000] [id=22880]
  0x000001e39c0aa800 ConcurrentGCThread "G1 Conc#1" [stack: 0x000000b51b400000,0x000000b51b500000] [id=18068]
  0x000001e3fe4f5000 ConcurrentGCThread "G1 Refine#0" [stack: 0x000000b519300000,0x000000b519400000] [id=21948]
  0x000001e3fe4f7800 ConcurrentGCThread "G1 Young RemSet Sampling" [stack: 0x000000b519400000,0x000000b519500000] [id=13856]

Threads with active compile tasks:
C2 CompilerThread0  18613 5419       4       org.objectweb.asm.Frame::execute (2318 bytes)

VM state:not at safepoint (normal execution)

VM Mutex/Monitor currently owned by a thread: None

Heap address: 0x0000000080000000, size: 2048 MB, Compressed Oops mode: 32-bit
Narrow klass base: 0x0000000000000000, Narrow klass shift: 3
Compressed class space size: 1073741824 Address: 0x0000000100000000

Heap:
 garbage-first heap   total 83968K, used 52868K [0x0000000080000000, 0x0000000100000000)
  region size 1024K, 14 young (14336K), 4 survivors (4096K)
 Metaspace       used 50786K, capacity 52087K, committed 52168K, reserved 1095680K
  class space    used 6485K, capacity 6962K, committed 6988K, reserved 1048576K
Heap Regions: E=young(eden), S=young(survivor), O=old, HS=humongous(starts), HC=humongous(continues), CS=collection set, F=free, A=archive, TAMS=top-at-mark-start (previous, next)
|   0|0x0000000080000000, 0x0000000080100000, 0x0000000080100000|100%| O|  |TAMS 0x0000000080100000, 0x0000000080000000| Untracked 
|   1|0x0000000080100000, 0x0000000080200000, 0x0000000080200000|100%| O|  |TAMS 0x0000000080200000, 0x0000000080100000| Untracked 
|   2|0x0000000080200000, 0x0000000080300000, 0x0000000080300000|100%| O|  |TAMS 0x0000000080300000, 0x0000000080200000| Untracked 
|   3|0x0000000080300000, 0x0000000080400000, 0x0000000080400000|100%|HS|  |TAMS 0x0000000080400000, 0x0000000080300000| Complete 
|   4|0x0000000080400000, 0x0000000080500000, 0x0000000080500000|100%|HC|  |TAMS 0x0000000080500000, 0x0000000080400000| Complete 
|   5|0x0000000080500000, 0x0000000080600000, 0x0000000080600000|100%|HC|  |TAMS 0x0000000080600000, 0x0000000080500000| Complete 
|   6|0x0000000080600000, 0x0000000080700000, 0x0000000080700000|100%| O|  |TAMS 0x0000000080700000, 0x0000000080600000| Untracked 
|   7|0x0000000080700000, 0x0000000080800000, 0x0000000080800000|100%| O|  |TAMS 0x0000000080800000, 0x0000000080700000| Untracked 
|   8|0x0000000080800000, 0x0000000080900000, 0x0000000080900000|100%| O|  |TAMS 0x0000000080900000, 0x0000000080800000| Untracked 
|   9|0x0000000080900000, 0x0000000080a00000, 0x0000000080a00000|100%| O|  |TAMS 0x0000000080a00000, 0x0000000080900000| Untracked 
|  10|0x0000000080a00000, 0x0000000080b00000, 0x0000000080b00000|100%| O|  |TAMS 0x0000000080b00000, 0x0000000080a00000| Untracked 
|  11|0x0000000080b00000, 0x0000000080c00000, 0x0000000080c00000|100%| O|  |TAMS 0x0000000080c00000, 0x0000000080b00000| Untracked 
|  12|0x0000000080c00000, 0x0000000080d00000, 0x0000000080d00000|100%| O|  |TAMS 0x0000000080d00000, 0x0000000080c00000| Untracked 
|  13|0x0000000080d00000, 0x0000000080e00000, 0x0000000080e00000|100%| O|  |TAMS 0x0000000080e00000, 0x0000000080d00000| Untracked 
|  14|0x0000000080e00000, 0x0000000080f00000, 0x0000000080f00000|100%| O|  |TAMS 0x0000000080f00000, 0x0000000080e00000| Untracked 
|  15|0x0000000080f00000, 0x0000000081000000, 0x0000000081000000|100%| O|  |TAMS 0x0000000081000000, 0x0000000080f00000| Untracked 
|  16|0x0000000081000000, 0x0000000081100000, 0x0000000081100000|100%| O|  |TAMS 0x0000000081100000, 0x0000000081000000| Untracked 
|  17|0x0000000081100000, 0x0000000081200000, 0x0000000081200000|100%| O|  |TAMS 0x0000000081200000, 0x0000000081100000| Untracked 
|  18|0x0000000081200000, 0x0000000081300000, 0x0000000081300000|100%| O|  |TAMS 0x0000000081300000, 0x0000000081200000| Untracked 
|  19|0x0000000081300000, 0x0000000081400000, 0x0000000081400000|100%| O|  |TAMS 0x0000000081400000, 0x0000000081300000| Untracked 
|  20|0x0000000081400000, 0x0000000081500000, 0x0000000081500000|100%| O|  |TAMS 0x0000000081500000, 0x0000000081400000| Untracked 
|  21|0x0000000081500000, 0x0000000081600000, 0x0000000081600000|100%| O|  |TAMS 0x0000000081600000, 0x0000000081500000| Untracked 
|  22|0x0000000081600000, 0x0000000081700000, 0x0000000081700000|100%| O|  |TAMS 0x0000000081700000, 0x0000000081600000| Untracked 
|  23|0x0000000081700000, 0x0000000081800000, 0x0000000081800000|100%| O|  |TAMS 0x0000000081800000, 0x0000000081700000| Untracked 
|  24|0x0000000081800000, 0x0000000081900000, 0x0000000081900000|100%| O|  |TAMS 0x0000000081900000, 0x0000000081800000| Untracked 
|  25|0x0000000081900000, 0x0000000081a00000, 0x0000000081a00000|100%| O|  |TAMS 0x0000000081a00000, 0x0000000081900000| Untracked 
|  26|0x0000000081a00000, 0x0000000081b00000, 0x0000000081b00000|100%| O|  |TAMS 0x0000000081b00000, 0x0000000081a00000| Untracked 
|  27|0x0000000081b00000, 0x0000000081c00000, 0x0000000081c00000|100%| O|  |TAMS 0x0000000081c00000, 0x0000000081b00000| Untracked 
|  28|0x0000000081c00000, 0x0000000081d00000, 0x0000000081d00000|100%| O|  |TAMS 0x0000000081d00000, 0x0000000081c00000| Untracked 
|  29|0x0000000081d00000, 0x0000000081e00000, 0x0000000081e00000|100%|HS|  |TAMS 0x0000000081e00000, 0x0000000081d00000| Complete 
|  30|0x0000000081e00000, 0x0000000081f00000, 0x0000000081f00000|100%| O|  |TAMS 0x0000000081f00000, 0x0000000081e00000| Untracked 
|  31|0x0000000081f00000, 0x0000000082000000, 0x0000000082000000|100%| O|  |TAMS 0x0000000081f0b000, 0x0000000081f00000| Untracked 
|  32|0x0000000082000000, 0x0000000082100000, 0x0000000082100000|100%|HS|  |TAMS 0x0000000082000000, 0x0000000082000000| Complete 
|  33|0x0000000082100000, 0x0000000082200000, 0x0000000082200000|100%|HS|  |TAMS 0x0000000082100000, 0x0000000082100000| Complete 
|  34|0x0000000082200000, 0x0000000082300000, 0x0000000082300000|100%|HS|  |TAMS 0x0000000082200000, 0x0000000082200000| Complete 
|  35|0x0000000082300000, 0x0000000082400000, 0x0000000082400000|100%|HC|  |TAMS 0x0000000082300000, 0x0000000082300000| Complete 
|  36|0x0000000082400000, 0x0000000082500000, 0x0000000082500000|100%| O|  |TAMS 0x0000000082400000, 0x0000000082400000| Untracked 
|  37|0x0000000082500000, 0x0000000082600000, 0x0000000082600000|100%| O|  |TAMS 0x0000000082500000, 0x0000000082500000| Untracked 
|  38|0x0000000082600000, 0x00000000826a1200, 0x0000000082700000| 62%| O|  |TAMS 0x0000000082600000, 0x0000000082600000| Untracked 
|  39|0x0000000082700000, 0x0000000082700000, 0x0000000082800000|  0%| F|  |TAMS 0x0000000082700000, 0x0000000082700000| Untracked 
|  40|0x0000000082800000, 0x0000000082800000, 0x0000000082900000|  0%| F|  |TAMS 0x0000000082800000, 0x0000000082800000| Untracked 
|  41|0x0000000082900000, 0x0000000082900000, 0x0000000082a00000|  0%| F|  |TAMS 0x0000000082900000, 0x0000000082900000| Untracked 
|  42|0x0000000082a00000, 0x0000000082a00000, 0x0000000082b00000|  0%| F|  |TAMS 0x0000000082a00000, 0x0000000082a00000| Untracked 
|  43|0x0000000082b00000, 0x0000000082b00000, 0x0000000082c00000|  0%| F|  |TAMS 0x0000000082b00000, 0x0000000082b00000| Untracked 
|  44|0x0000000082c00000, 0x0000000082c00000, 0x0000000082d00000|  0%| F|  |TAMS 0x0000000082c00000, 0x0000000082c00000| Untracked 
|  45|0x0000000082d00000, 0x0000000082d00000, 0x0000000082e00000|  0%| F|  |TAMS 0x0000000082d00000, 0x0000000082d00000| Untracked 
|  46|0x0000000082e00000, 0x0000000082e00000, 0x0000000082f00000|  0%| F|  |TAMS 0x0000000082e00000, 0x0000000082e00000| Untracked 
|  47|0x0000000082f00000, 0x0000000082f00000, 0x0000000083000000|  0%| F|  |TAMS 0x0000000082f00000, 0x0000000082f00000| Untracked 
|  48|0x0000000083000000, 0x0000000083000000, 0x0000000083100000|  0%| F|  |TAMS 0x0000000083000000, 0x0000000083000000| Untracked 
|  49|0x0000000083100000, 0x0000000083100000, 0x0000000083200000|  0%| F|  |TAMS 0x0000000083100000, 0x0000000083100000| Untracked 
|  50|0x0000000083200000, 0x0000000083200000, 0x0000000083300000|  0%| F|  |TAMS 0x0000000083200000, 0x0000000083200000| Untracked 
|  51|0x0000000083300000, 0x0000000083400000, 0x0000000083400000|100%| S|CS|TAMS 0x0000000083300000, 0x0000000083300000| Complete 
|  52|0x0000000083400000, 0x0000000083500000, 0x0000000083500000|100%| S|CS|TAMS 0x0000000083400000, 0x0000000083400000| Complete 
|  53|0x0000000083500000, 0x0000000083600000, 0x0000000083600000|100%| S|CS|TAMS 0x0000000083500000, 0x0000000083500000| Complete 
|  54|0x0000000083600000, 0x0000000083700000, 0x0000000083700000|100%| S|CS|TAMS 0x0000000083600000, 0x0000000083600000| Complete 
|  55|0x0000000083700000, 0x0000000083700000, 0x0000000083800000|  0%| F|  |TAMS 0x0000000083700000, 0x0000000083700000| Untracked 
|  56|0x0000000083800000, 0x0000000083800000, 0x0000000083900000|  0%| F|  |TAMS 0x0000000083800000, 0x0000000083800000| Untracked 
|  57|0x0000000083900000, 0x0000000083900000, 0x0000000083a00000|  0%| F|  |TAMS 0x0000000083900000, 0x0000000083900000| Untracked 
|  58|0x0000000083a00000, 0x0000000083a00000, 0x0000000083b00000|  0%| F|  |TAMS 0x0000000083a00000, 0x0000000083a00000| Untracked 
|  59|0x0000000083b00000, 0x0000000083b00000, 0x0000000083c00000|  0%| F|  |TAMS 0x0000000083b00000, 0x0000000083b00000| Untracked 
|  60|0x0000000083c00000, 0x0000000083c00000, 0x0000000083d00000|  0%| F|  |TAMS 0x0000000083c00000, 0x0000000083c00000| Untracked 
|  61|0x0000000083d00000, 0x0000000083d00000, 0x0000000083e00000|  0%| F|  |TAMS 0x0000000083d00000, 0x0000000083d00000| Untracked 
|  62|0x0000000083e00000, 0x0000000083e00000, 0x0000000083f00000|  0%| F|  |TAMS 0x0000000083e00000, 0x0000000083e00000| Untracked 
|  63|0x0000000083f00000, 0x0000000083f00000, 0x0000000084000000|  0%| F|  |TAMS 0x0000000083f00000, 0x0000000083f00000| Untracked 
|  64|0x0000000084000000, 0x0000000084000000, 0x0000000084100000|  0%| F|  |TAMS 0x0000000084000000, 0x0000000084000000| Untracked 
|  65|0x0000000084100000, 0x0000000084100000, 0x0000000084200000|  0%| F|  |TAMS 0x0000000084100000, 0x0000000084100000| Untracked 
|  66|0x0000000084200000, 0x0000000084200000, 0x0000000084300000|  0%| F|  |TAMS 0x0000000084200000, 0x0000000084200000| Untracked 
|  67|0x0000000084300000, 0x0000000084300000, 0x0000000084400000|  0%| F|  |TAMS 0x0000000084300000, 0x0000000084300000| Untracked 
|  68|0x0000000084400000, 0x0000000084400000, 0x0000000084500000|  0%| F|  |TAMS 0x0000000084400000, 0x0000000084400000| Untracked 
|  69|0x0000000084500000, 0x0000000084500000, 0x0000000084600000|  0%| F|  |TAMS 0x0000000084500000, 0x0000000084500000| Untracked 
|  70|0x0000000084600000, 0x0000000084600000, 0x0000000084700000|  0%| F|  |TAMS 0x0000000084600000, 0x0000000084600000| Untracked 
|  71|0x0000000084700000, 0x0000000084700000, 0x0000000084800000|  0%| F|  |TAMS 0x0000000084700000, 0x0000000084700000| Untracked 
|  72|0x0000000084800000, 0x00000000848fb150, 0x0000000084900000| 98%| E|  |TAMS 0x0000000084800000, 0x0000000084800000| Complete 
|  73|0x0000000084900000, 0x0000000084a00000, 0x0000000084a00000|100%| E|CS|TAMS 0x0000000084900000, 0x0000000084900000| Complete 
|  74|0x0000000084a00000, 0x0000000084b00000, 0x0000000084b00000|100%| E|CS|TAMS 0x0000000084a00000, 0x0000000084a00000| Complete 
|  75|0x0000000084b00000, 0x0000000084c00000, 0x0000000084c00000|100%| E|CS|TAMS 0x0000000084b00000, 0x0000000084b00000| Complete 
|  76|0x0000000084c00000, 0x0000000084d00000, 0x0000000084d00000|100%| E|CS|TAMS 0x0000000084c00000, 0x0000000084c00000| Complete 
|  77|0x0000000084d00000, 0x0000000084e00000, 0x0000000084e00000|100%| E|CS|TAMS 0x0000000084d00000, 0x0000000084d00000| Complete 
|  78|0x0000000084e00000, 0x0000000084f00000, 0x0000000084f00000|100%| E|CS|TAMS 0x0000000084e00000, 0x0000000084e00000| Complete 
|  79|0x0000000084f00000, 0x0000000085000000, 0x0000000085000000|100%| E|CS|TAMS 0x0000000084f00000, 0x0000000084f00000| Complete 
|  80|0x0000000085000000, 0x0000000085100000, 0x0000000085100000|100%| E|CS|TAMS 0x0000000085000000, 0x0000000085000000| Complete 
|  81|0x0000000085100000, 0x0000000085200000, 0x0000000085200000|100%| E|CS|TAMS 0x0000000085100000, 0x0000000085100000| Complete 

Card table byte_map: [0x000001e3938b0000,0x000001e393cb0000] _byte_map_base: 0x000001e3934b0000

Marking Bits (Prev, Next): (CMBitMap*) 0x000001e3fe493160, (CMBitMap*) 0x000001e3fe493128
 Prev Bits: [0x000001e3960b0000, 0x000001e3980b0000)
 Next Bits: [0x000001e3940b0000, 0x000001e3960b0000)

Polling page: 0x000001e380000000

Metaspace:

Usage:
  Non-class:     44.07 MB capacity,    43.27 MB ( 98%) used,   685.88 KB (  2%) free+waste,   133.25 KB ( <1%) overhead. 
      Class:      6.80 MB capacity,     6.34 MB ( 93%) used,   411.08 KB (  6%) free+waste,    63.56 KB ( <1%) overhead. 
       Both:     50.87 MB capacity,    49.60 MB ( 98%) used,     1.07 MB (  2%) free+waste,   196.81 KB ( <1%) overhead. 

Virtual space:
  Non-class space:       46.00 MB reserved,      44.12 MB ( 96%) committed 
      Class space:        1.00 GB reserved,       6.82 MB ( <1%) committed 
             Both:        1.04 GB reserved,      50.95 MB (  5%) committed 

Chunk freelists:
   Non-Class:  55.00 KB
       Class:  14.00 KB
        Both:  69.00 KB

MaxMetaspaceSize: 17179869184.00 GB
CompressedClassSpaceSize: 1.00 GB

CodeHeap 'non-profiled nmethods': size=120000Kb used=2483Kb max_used=2483Kb free=117516Kb
 bounds [0x000001e38b510000, 0x000001e38b780000, 0x000001e392a40000]
CodeHeap 'profiled nmethods': size=120000Kb used=11022Kb max_used=11022Kb free=108977Kb
 bounds [0x000001e383fe0000, 0x000001e384ab0000, 0x000001e38b510000]
CodeHeap 'non-nmethods': size=5760Kb used=2221Kb max_used=2262Kb free=3538Kb
 bounds [0x000001e383a40000, 0x000001e383cb0000, 0x000001e383fe0000]
 total_blobs=6153 nmethods=5362 adapters=702
 compilation: enabled
              stopped_count=0, restarted_count=0
 full_count=0

Compilation events (20 events):
Event: 18.234 Thread 0x000001e39b50d800 5431       3       java.lang.reflect.Constructor::setAccessible (21 bytes)
Event: 18.236 Thread 0x000001e39b50d800 nmethod 5431 0x000001e384a98110 code [0x000001e384a98340, 0x000001e384a989d8]
Event: 18.236 Thread 0x000001e39b50d800 5432       3       java.lang.reflect.Constructor::checkCanSetAccessible (29 bytes)
Event: 18.236 Thread 0x000001e39b50d800 nmethod 5432 0x000001e384a98c10 code [0x000001e384a98de0, 0x000001e384a99098]
Event: 18.236 Thread 0x000001e39b50d800 5434       3       org.gradle.internal.classloader.FilteringClassLoader::classAllowed (80 bytes)
Event: 18.237 Thread 0x000001e39b50d800 nmethod 5434 0x000001e384a99210 code [0x000001e384a99480, 0x000001e384a99db8]
Event: 18.237 Thread 0x000001e39b50d800 5430       1       java.util.zip.ZipEntry::getName (5 bytes)
Event: 18.237 Thread 0x000001e39b50d800 nmethod 5430 0x000001e38b779b10 code [0x000001e38b779cc0, 0x000001e38b779d78]
Event: 18.250 Thread 0x000001e39b50c000 nmethod 5405 0x000001e38b779e10 code [0x000001e38b77a060, 0x000001e38b77b690]
Event: 18.250 Thread 0x000001e39b50c000 5426       4       java.lang.PublicMethods$MethodList::merge (192 bytes)
Event: 18.268 Thread 0x000001e39b50c000 nmethod 5426 0x000001e38b77c110 code [0x000001e38b77c2c0, 0x000001e38b77c838]
Event: 18.268 Thread 0x000001e39b50c000 5419       4       org.objectweb.asm.Frame::execute (2318 bytes)
Event: 18.307 Thread 0x000001e39b50d800 5436       3       java.util.regex.Pattern$$Lambda$13/0x0000000100090040::is (13 bytes)
Event: 18.308 Thread 0x000001e39b50d800 nmethod 5436 0x000001e384a9a110 code [0x000001e384a9a2e0, 0x000001e384a9a538]
Event: 18.309 Thread 0x000001e39b50d800 5437   !   3       java.lang.Class::desiredAssertionStatus (54 bytes)
Event: 18.310 Thread 0x000001e39b50d800 nmethod 5437 0x000001e384a9a610 code [0x000001e384a9a820, 0x000001e384a9add8]
Event: 18.334 Thread 0x000001e39b50d800 5439       3       org.objectweb.asm.ByteVector::putUTF8 (144 bytes)
Event: 18.335 Thread 0x000001e39b50d800 nmethod 5439 0x000001e384a9af90 code [0x000001e384a9b220, 0x000001e384a9bd48]
Event: 18.335 Thread 0x000001e39b50d800 5441       3       org.objectweb.asm.SymbolTable::hash (7 bytes)
Event: 18.335 Thread 0x000001e39b50d800 nmethod 5441 0x000001e384a9c290 code [0x000001e384a9c440, 0x000001e384a9c538]

GC Heap History (20 events):
Event: 11.641 GC heap before
{Heap before GC invocations=18 (full 0):
 garbage-first heap   total 57344K, used 35524K [0x0000000080000000, 0x0000000100000000)
  region size 1024K, 10 young (10240K), 1 survivors (1024K)
 Metaspace       used 39289K, capacity 40239K, committed 40392K, reserved 1085440K
  class space    used 5036K, capacity 5424K, committed 5452K, reserved 1048576K
}
Event: 11.644 GC heap after
{Heap after GC invocations=19 (full 0):
 garbage-first heap   total 57344K, used 26924K [0x0000000080000000, 0x0000000100000000)
  region size 1024K, 2 young (2048K), 2 survivors (2048K)
 Metaspace       used 39289K, capacity 40239K, committed 40392K, reserved 1085440K
  class space    used 5036K, capacity 5424K, committed 5452K, reserved 1048576K
}
Event: 11.924 GC heap before
{Heap before GC invocations=19 (full 0):
 garbage-first heap   total 57344K, used 38188K [0x0000000080000000, 0x0000000100000000)
  region size 1024K, 13 young (13312K), 2 survivors (2048K)
 Metaspace       used 40274K, capacity 41247K, committed 41544K, reserved 1085440K
  class space    used 5155K, capacity 5504K, committed 5580K, reserved 1048576K
}
Event: 11.928 GC heap after
{Heap after GC invocations=20 (full 0):
 garbage-first heap   total 57344K, used 27704K [0x0000000080000000, 0x0000000100000000)
  region size 1024K, 2 young (2048K), 2 survivors (2048K)
 Metaspace       used 40274K, capacity 41247K, committed 41544K, reserved 1085440K
  class space    used 5155K, capacity 5504K, committed 5580K, reserved 1048576K
}
Event: 12.327 GC heap before
{Heap before GC invocations=20 (full 0):
 garbage-first heap   total 57344K, used 41016K [0x0000000080000000, 0x0000000100000000)
  region size 1024K, 15 young (15360K), 2 survivors (2048K)
 Metaspace       used 41614K, capacity 42618K, committed 42824K, reserved 1087488K
  class space    used 5366K, capacity 5718K, committed 5836K, reserved 1048576K
}
Event: 12.336 GC heap after
{Heap after GC invocations=21 (full 0):
 garbage-first heap   total 57344K, used 28220K [0x0000000080000000, 0x0000000100000000)
  region size 1024K, 2 young (2048K), 2 survivors (2048K)
 Metaspace       used 41614K, capacity 42618K, committed 42824K, reserved 1087488K
  class space    used 5366K, capacity 5718K, committed 5836K, reserved 1048576K
}
Event: 12.609 GC heap before
{Heap before GC invocations=22 (full 0):
 garbage-first heap   total 57344K, used 35388K [0x0000000080000000, 0x0000000100000000)
  region size 1024K, 11 young (11264K), 2 survivors (2048K)
 Metaspace       used 42327K, capacity 43313K, committed 43336K, reserved 1087488K
  class space    used 5462K, capacity 5822K, committed 5836K, reserved 1048576K
}
Event: 12.614 GC heap after
{Heap after GC invocations=23 (full 0):
 garbage-first heap   total 69632K, used 28864K [0x0000000080000000, 0x0000000100000000)
  region size 1024K, 2 young (2048K), 2 survivors (2048K)
 Metaspace       used 42327K, capacity 43313K, committed 43336K, reserved 1087488K
  class space    used 5462K, capacity 5822K, committed 5836K, reserved 1048576K
}
Event: 13.255 GC heap before
{Heap before GC invocations=24 (full 0):
 garbage-first heap   total 69632K, used 49344K [0x0000000080000000, 0x0000000100000000)
  region size 1024K, 21 young (21504K), 2 survivors (2048K)
 Metaspace       used 44232K, capacity 45301K, committed 45384K, reserved 1089536K
  class space    used 5672K, capacity 6057K, committed 6092K, reserved 1048576K
}
Event: 13.259 GC heap after
{Heap after GC invocations=25 (full 0):
 garbage-first heap   total 69632K, used 29186K [0x0000000080000000, 0x0000000100000000)
  region size 1024K, 2 young (2048K), 2 survivors (2048K)
 Metaspace       used 44232K, capacity 45301K, committed 45384K, reserved 1089536K
  class space    used 5672K, capacity 6057K, committed 6092K, reserved 1048576K
}
Event: 13.703 GC heap before
{Heap before GC invocations=25 (full 0):
 garbage-first heap   total 69632K, used 50690K [0x0000000080000000, 0x0000000100000000)
  region size 1024K, 23 young (23552K), 2 survivors (2048K)
 Metaspace       used 45859K, capacity 46968K, committed 47176K, reserved 1089536K
  class space    used 5895K, capacity 6293K, committed 6348K, reserved 1048576K
}
Event: 13.708 GC heap after
{Heap after GC invocations=26 (full 0):
 garbage-first heap   total 69632K, used 29620K [0x0000000080000000, 0x0000000100000000)
  region size 1024K, 2 young (2048K), 2 survivors (2048K)
 Metaspace       used 45859K, capacity 46968K, committed 47176K, reserved 1089536K
  class space    used 5895K, capacity 6293K, committed 6348K, reserved 1048576K
}
Event: 14.673 GC heap before
{Heap before GC invocations=26 (full 0):
 garbage-first heap   total 69632K, used 52148K [0x0000000080000000, 0x0000000100000000)
  region size 1024K, 24 young (24576K), 2 survivors (2048K)
 Metaspace       used 47245K, capacity 48409K, committed 48712K, reserved 1091584K
  class space    used 6062K, capacity 6519K, committed 6604K, reserved 1048576K
}
Event: 14.681 GC heap after
{Heap after GC invocations=27 (full 0):
 garbage-first heap   total 69632K, used 30811K [0x0000000080000000, 0x0000000100000000)
  region size 1024K, 3 young (3072K), 3 survivors (3072K)
 Metaspace       used 47245K, capacity 48409K, committed 48712K, reserved 1091584K
  class space    used 6062K, capacity 6519K, committed 6604K, reserved 1048576K
}
Event: 15.630 GC heap before
{Heap before GC invocations=27 (full 0):
 garbage-first heap   total 69632K, used 51291K [0x0000000080000000, 0x0000000100000000)
  region size 1024K, 24 young (24576K), 3 survivors (3072K)
 Metaspace       used 47822K, capacity 49046K, committed 49352K, reserved 1091584K
  class space    used 6119K, capacity 6598K, committed 6732K, reserved 1048576K
}
Event: 15.639 GC heap after
{Heap after GC invocations=28 (full 0):
 garbage-first heap   total 69632K, used 31936K [0x0000000080000000, 0x0000000100000000)
  region size 1024K, 3 young (3072K), 3 survivors (3072K)
 Metaspace       used 47822K, capacity 49046K, committed 49352K, reserved 1091584K
  class space    used 6119K, capacity 6598K, committed 6732K, reserved 1048576K
}
Event: 15.680 GC heap before
{Heap before GC invocations=28 (full 0):
 garbage-first heap   total 69632K, used 32960K [0x0000000080000000, 0x0000000100000000)
  region size 1024K, 4 young (4096K), 3 survivors (3072K)
 Metaspace       used 47822K, capacity 49046K, committed 49352K, reserved 1091584K
  class space    used 6119K, capacity 6598K, committed 6732K, reserved 1048576K
}
Event: 15.698 GC heap after
{Heap after GC invocations=29 (full 0):
 garbage-first heap   total 83968K, used 33251K [0x0000000080000000, 0x0000000100000000)
  region size 1024K, 2 young (2048K), 2 survivors (2048K)
 Metaspace       used 47822K, capacity 49046K, committed 49352K, reserved 1091584K
  class space    used 6119K, capacity 6598K, committed 6732K, reserved 1048576K
}
Event: 17.953 GC heap before
{Heap before GC invocations=30 (full 0):
 garbage-first heap   total 83968K, used 61923K [0x0000000080000000, 0x0000000100000000)
  region size 1024K, 27 young (27648K), 2 survivors (2048K)
 Metaspace       used 49507K, capacity 50778K, committed 51016K, reserved 1093632K
  class space    used 6326K, capacity 6823K, committed 6860K, reserved 1048576K
}
Event: 17.984 GC heap after
{Heap after GC invocations=31 (full 0):
 garbage-first heap   total 83968K, used 43652K [0x0000000080000000, 0x0000000100000000)
  region size 1024K, 4 young (4096K), 4 survivors (4096K)
 Metaspace       used 49507K, capacity 50778K, committed 51016K, reserved 1093632K
  class space    used 6326K, capacity 6823K, committed 6860K, reserved 1048576K
}

Deoptimization events (20 events):
Event: 17.122 Thread 0x000001e39ce3d000 DEOPT PACKING pc=0x000001e38b68996c sp=0x000000b51a7fb600
Event: 17.122 Thread 0x000001e39ce3d000 DEOPT UNPACKING pc=0x000001e383a6662f sp=0x000000b51a7fb600 mode 2
Event: 17.138 Thread 0x000001e39b9c8000 DEOPT PACKING pc=0x000001e384305a49 sp=0x000000b51aafbd00
Event: 17.138 Thread 0x000001e39b9c8000 DEOPT UNPACKING pc=0x000001e383a66dde sp=0x000000b51aafb178 mode 0
Event: 17.220 Thread 0x000001e39ce3d000 Uncommon trap: trap_request=0xffffff4d fr.pc=0x000001e38b563058 relative=0x0000000000000578
Event: 17.220 Thread 0x000001e39ce3d000 Uncommon trap: reason=unstable_if action=reinterpret pc=0x000001e38b563058 method=java.util.jar.Manifest$FastInputStream.readLine([BII)I @ 130 c2
Event: 17.220 Thread 0x000001e39ce3d000 DEOPT PACKING pc=0x000001e38b563058 sp=0x000000b51a7f76a0
Event: 17.220 Thread 0x000001e39ce3d000 DEOPT UNPACKING pc=0x000001e383a6662f sp=0x000000b51a7f7630 mode 2
Event: 18.149 Thread 0x000001e39ce3d000 Uncommon trap: trap_request=0xffffff4d fr.pc=0x000001e38b68c0c8 relative=0x0000000000000748
Event: 18.150 Thread 0x000001e39ce3d000 Uncommon trap: reason=unstable_if action=reinterpret pc=0x000001e38b68c0c8 method=java.io.BufferedInputStream.read([BII)I @ 56 c2
Event: 18.150 Thread 0x000001e39ce3d000 DEOPT PACKING pc=0x000001e38b68c0c8 sp=0x000000b51a7f6bf0
Event: 18.150 Thread 0x000001e39ce3d000 DEOPT UNPACKING pc=0x000001e383a6662f sp=0x000000b51a7f6ba8 mode 2
Event: 18.229 Thread 0x000001e39ce3d000 Uncommon trap: trap_request=0xffffff45 fr.pc=0x000001e38b6bc738 relative=0x0000000000000d98
Event: 18.229 Thread 0x000001e39ce3d000 Uncommon trap: reason=unstable_fused_if action=reinterpret pc=0x000001e38b6bc738 method=org.objectweb.asm.ByteVector.putUTF8(Ljava/lang/String;)Lorg/objectweb/asm/ByteVector; @ 93 c2
Event: 18.229 Thread 0x000001e39ce3d000 DEOPT PACKING pc=0x000001e38b6bc738 sp=0x000000b51a7f7690
Event: 18.229 Thread 0x000001e39ce3d000 DEOPT UNPACKING pc=0x000001e383a6662f sp=0x000000b51a7f75e8 mode 2
Event: 18.333 Thread 0x000001e39ce3d000 Uncommon trap: trap_request=0xffffff45 fr.pc=0x000001e38b62286c relative=0x000000000000020c
Event: 18.333 Thread 0x000001e39ce3d000 Uncommon trap: reason=unstable_fused_if action=reinterpret pc=0x000001e38b62286c method=org.objectweb.asm.ByteVector.putUTF8(Ljava/lang/String;)Lorg/objectweb/asm/ByteVector; @ 93 c2
Event: 18.333 Thread 0x000001e39ce3d000 DEOPT PACKING pc=0x000001e38b62286c sp=0x000000b51a7f79c0
Event: 18.333 Thread 0x000001e39ce3d000 DEOPT UNPACKING pc=0x000001e383a6662f sp=0x000000b51a7f7940 mode 2

Classes redefined (0 events):
No events

Internal exceptions (20 events):
Event: 16.981 Thread 0x000001e39ce3d000 Exception <a 'java/lang/ClassNotFoundException'{0x0000000084450d98}: org/gradle/api/DefaultTaskCustomizer> (0x0000000084450d98) thrown at [./src/hotspot/share/classfile/systemDictionary.cpp, line 231]
Event: 16.991 Thread 0x000001e39ce3d000 Exception <a 'java/lang/ClassNotFoundException'{0x00000000844d2a90}: org/gradle/api/internal/ConventionTaskCustomizer> (0x00000000844d2a90) thrown at [./src/hotspot/share/classfile/systemDictionary.cpp, line 231]
Event: 16.995 Thread 0x000001e39ce3d000 Exception <a 'java/lang/ClassNotFoundException'{0x000000008430af88}: org/gradle/api/tasks/DeleteCustomizer> (0x000000008430af88) thrown at [./src/hotspot/share/classfile/systemDictionary.cpp, line 231]
Event: 17.010 Thread 0x000001e39ce3d000 Exception <a 'java/lang/ClassNotFoundException'{0x000000008434a368}: org/gradle/api/tasks/Delete_DecoratedCustomizer> (0x000000008434a368) thrown at [./src/hotspot/share/classfile/systemDictionary.cpp, line 231]
Event: 17.101 Thread 0x000001e39ce3d000 Exception <a 'java/lang/NoSuchMethodError'{0x0000000084063108}: 'long java.lang.invoke.DirectMethodHandle$Holder.invokeVirtual(java.lang.Object, java.lang.Object)'> (0x0000000084063108) thrown at [./src/hotspot/share/interpreter/linkResolver.cpp, line 773]
Event: 17.121 Thread 0x000001e39b9c8000 Exception <a 'java/lang/NoSuchMethodError'{0x00000000840c53d0}: <clinit>> (0x00000000840c53d0) thrown at [./src/hotspot/share/prims/jni.cpp, line 1362]
Event: 17.132 Thread 0x000001e39b9c8000 Exception <a 'java/lang/NoSuchMethodError'{0x00000000840e9d60}: <clinit>> (0x00000000840e9d60) thrown at [./src/hotspot/share/prims/jni.cpp, line 1362]
Event: 17.133 Thread 0x000001e39b9c8000 Exception <a 'java/lang/NoSuchMethodError'{0x00000000840eb300}: <clinit>> (0x00000000840eb300) thrown at [./src/hotspot/share/prims/jni.cpp, line 1362]
Event: 17.133 Thread 0x000001e39b9c8000 Exception <a 'java/lang/NoSuchMethodError'{0x00000000840ecaa8}: <clinit>> (0x00000000840ecaa8) thrown at [./src/hotspot/share/prims/jni.cpp, line 1362]
Event: 17.133 Thread 0x000001e39b9c8000 Exception <a 'java/lang/NoSuchMethodError'{0x00000000840edf70}: <clinit>> (0x00000000840edf70) thrown at [./src/hotspot/share/prims/jni.cpp, line 1362]
Event: 17.138 Thread 0x000001e39b9c8000 Exception <a 'java/lang/NoSuchMethodError'{0x0000000083f047e0}: <clinit>> (0x0000000083f047e0) thrown at [./src/hotspot/share/prims/jni.cpp, line 1362]
Event: 17.140 Thread 0x000001e39b9c8000 Exception <a 'java/lang/NoSuchMethodError'{0x0000000083f11528}: <clinit>> (0x0000000083f11528) thrown at [./src/hotspot/share/prims/jni.cpp, line 1362]
Event: 17.149 Thread 0x000001e39b9c8000 Exception <a 'java/lang/NoSuchMethodError'{0x0000000083f2a090}: <clinit>> (0x0000000083f2a090) thrown at [./src/hotspot/share/prims/jni.cpp, line 1362]
Event: 17.199 Thread 0x000001e39ce3d000 Exception <a 'java/lang/ClassNotFoundException'{0x0000000083faeb60}: build_atjxkagnta0fdy3auf1uxi6gnBeanInfo> (0x0000000083faeb60) thrown at [./src/hotspot/share/classfile/systemDictionary.cpp, line 231]
Event: 17.200 Thread 0x000001e39ce3d000 Exception <a 'java/lang/ClassNotFoundException'{0x0000000083fb9b18}: build_atjxkagnta0fdy3auf1uxi6gnCustomizer> (0x0000000083fb9b18) thrown at [./src/hotspot/share/classfile/systemDictionary.cpp, line 231]
Event: 17.405 Thread 0x000001e39ce3d000 Exception <a 'java/lang/ClassNotFoundException'{0x0000000083d45650}: org/gradle/api/internal/plugins/DefaultObjectConfigurationActionBeanInfo> (0x0000000083d45650) thrown at [./src/hotspot/share/classfile/systemDictionary.cpp, line 231]
Event: 17.444 Thread 0x000001e39ce3d000 Exception <a 'java/lang/ClassNotFoundException'{0x0000000083d7a990}: org/gradle/api/internal/plugins/DefaultObjectConfigurationActionCustomizer> (0x0000000083d7a990) thrown at [./src/hotspot/share/classfile/systemDictionary.cpp, line 231]
Event: 18.202 Thread 0x000001e39ce3d000 Exception <a 'java/lang/NoSuchMethodError'{0x0000000084ee1a20}: 'java.lang.Object java.lang.invoke.DirectMethodHandle$Holder.invokeStatic(java.lang.Object, java.lang.Object, java.lang.Object, java.lang.Object, int)'> (0x0000000084ee1a20) thrown at [./src/hotspot/share/interpreter/linkResolver.cpp, line 773]
Event: 18.204 Thread 0x000001e39ce3d000 Exception <a 'java/lang/NoSuchMethodError'{0x0000000084ee6418}: 'java.lang.Object java.lang.invoke.DirectMethodHandle$Holder.invokeSpecial(java.lang.Object, java.lang.Object, java.lang.Object, java.lang.Object, java.lang.Object, int)'> (0x0000000084ee6418) thrown at [./src/hotspot/share/interpreter/linkResolver.cpp, line 773]
Event: 18.205 Thread 0x000001e39ce3d000 Exception <a 'java/lang/NoSuchMethodError'{0x0000000084eeaa58}: 'java.lang.Object java.lang.invoke.Invokers$Holder.linkToTargetMethod(java.lang.Object, java.lang.Object, java.lang.Object, int, java.lang.Object)'> (0x0000000084eeaa58) thrown at [./src/hotspot/share/interpreter/linkResolver.cpp, line 773]

Events (20 events):
Event: 18.402 loading class com/google/common/collect/ImmutableMap$MapViewOfValuesAsSingletonSets
Event: 18.402 loading class com/google/common/collect/ImmutableMap$MapViewOfValuesAsSingletonSets done
Event: 18.404 loading class com/google/common/collect/ImmutableMap$IteratorBasedImmutableMap
Event: 18.404 loading class com/google/common/collect/ImmutableMap$IteratorBasedImmutableMap done
Event: 18.406 loading class com/google/common/collect/Iterables
Event: 18.406 loading class com/google/common/collect/Iterables done
Event: 18.410 loading class com/google/common/base/Function
Event: 18.410 loading class com/google/common/base/Function done
Event: 18.416 loading class com/google/common/collect/RegularImmutableMap
Event: 18.416 loading class com/google/common/collect/RegularImmutableMap done
Event: 18.426 loading class com/google/common/collect/ImmutableSet
Event: 18.426 loading class com/google/common/collect/ImmutableSet done
Event: 18.428 loading class com/google/common/collect/ImmutableMapEntrySet$RegularEntrySet
Event: 18.428 loading class com/google/common/collect/ImmutableMapEntrySet$RegularEntrySet done
Event: 18.429 loading class com/google/common/collect/ImmutableMapEntrySet
Event: 18.429 loading class com/google/common/collect/ImmutableMapEntrySet done
Event: 18.431 loading class com/google/common/collect/RegularImmutableMap$KeySet
Event: 18.431 loading class com/google/common/collect/RegularImmutableMap$KeySet done
Event: 18.432 loading class com/google/common/collect/IndexedImmutableSet
Event: 18.432 loading class com/google/common/collect/IndexedImmutableSet done


Dynamic libraries:
0x00007ff63c100000 - 0x00007ff63c10a000 	C:\Program Files\Android\Android Studio\jre\bin\java.exe
0x00007fff4ad80000 - 0x00007fff4af89000 	C:\WINDOWS\SYSTEM32\ntdll.dll
0x00007fff49600000 - 0x00007fff496bd000 	C:\WINDOWS\System32\KERNEL32.DLL
0x00007fff48600000 - 0x00007fff48974000 	C:\WINDOWS\System32\KERNELBASE.dll
0x00007fff484e0000 - 0x00007fff485f1000 	C:\WINDOWS\System32\ucrtbase.dll
0x00007fff338c0000 - 0x00007fff338d7000 	C:\Program Files\Android\Android Studio\jre\bin\VCRUNTIME140.dll
0x00007fff33210000 - 0x00007fff33229000 	C:\Program Files\Android\Android Studio\jre\bin\jli.dll
0x00007fff48de0000 - 0x00007fff48f8c000 	C:\WINDOWS\System32\USER32.dll
0x00007fff48390000 - 0x00007fff483b6000 	C:\WINDOWS\System32\win32u.dll
0x00007fff365b0000 - 0x00007fff36855000 	C:\WINDOWS\WinSxS\amd64_microsoft.windows.common-controls_6595b64144ccf1df_6.0.22000.120_none_9d947278b86cc467\COMCTL32.dll
0x00007fff4aaf0000 - 0x00007fff4ab19000 	C:\WINDOWS\System32\GDI32.dll
0x00007fff49890000 - 0x00007fff49933000 	C:\WINDOWS\System32\msvcrt.dll
0x00007fff483c0000 - 0x00007fff484d2000 	C:\WINDOWS\System32\gdi32full.dll
0x00007fff48270000 - 0x00007fff4830d000 	C:\WINDOWS\System32\msvcp_win.dll
0x00007fff49100000 - 0x00007fff49131000 	C:\WINDOWS\System32\IMM32.DLL
0x00007ffefa9a0000 - 0x00007ffefaa3d000 	C:\Program Files\Android\Android Studio\jre\bin\msvcp140.dll
0x00007ffea2260000 - 0x00007ffea2d35000 	C:\Program Files\Android\Android Studio\jre\bin\server\jvm.dll
0x00007fff4ac20000 - 0x00007fff4acce000 	C:\WINDOWS\System32\ADVAPI32.dll
0x00007fff48c20000 - 0x00007fff48cbe000 	C:\WINDOWS\System32\sechost.dll
0x00007fff49230000 - 0x00007fff49350000 	C:\WINDOWS\System32\RPCRT4.dll
0x00007fff496c0000 - 0x00007fff496c8000 	C:\WINDOWS\System32\PSAPI.DLL
0x00007fff3b5d0000 - 0x00007fff3b5d9000 	C:\WINDOWS\SYSTEM32\WSOCK32.dll
0x00007fff41b80000 - 0x00007fff41bb3000 	C:\WINDOWS\SYSTEM32\WINMM.dll
0x00007fff3f7d0000 - 0x00007fff3f7da000 	C:\WINDOWS\SYSTEM32\VERSION.dll
0x00007fff49000000 - 0x00007fff4906f000 	C:\WINDOWS\System32\WS2_32.dll
0x00007fff47370000 - 0x00007fff47388000 	C:\WINDOWS\SYSTEM32\kernel.appcore.dll
0x00007fff35e00000 - 0x00007fff35e11000 	C:\Program Files\Android\Android Studio\jre\bin\verify.dll
0x00007fff3a0f0000 - 0x00007fff3a311000 	C:\WINDOWS\SYSTEM32\DBGHELP.DLL
0x00007fff37d80000 - 0x00007fff37db1000 	C:\WINDOWS\SYSTEM32\dbgcore.DLL
0x00007fff48310000 - 0x00007fff4838f000 	C:\WINDOWS\System32\bcryptPrimitives.dll
0x00007fff31710000 - 0x00007fff31739000 	C:\Program Files\Android\Android Studio\jre\bin\java.dll
0x00007fff42820000 - 0x00007fff4282b000 	C:\Program Files\Android\Android Studio\jre\bin\jimage.dll
0x00007fff00e00000 - 0x00007fff00e18000 	C:\Program Files\Android\Android Studio\jre\bin\zip.dll
0x00007fff49ed0000 - 0x00007fff4a67e000 	C:\WINDOWS\System32\SHELL32.dll
0x00007fff463e0000 - 0x00007fff46c47000 	C:\WINDOWS\SYSTEM32\windows.storage.dll
0x00007fff499b0000 - 0x00007fff49d28000 	C:\WINDOWS\System32\combase.dll
0x00007fff46270000 - 0x00007fff463d6000 	C:\WINDOWS\SYSTEM32\wintypes.dll
0x00007fff49510000 - 0x00007fff495fa000 	C:\WINDOWS\System32\SHCORE.dll
0x00007fff491d0000 - 0x00007fff4922d000 	C:\WINDOWS\System32\shlwapi.dll
0x00007fff481a0000 - 0x00007fff481c1000 	C:\WINDOWS\SYSTEM32\profapi.dll
0x00007fff00de0000 - 0x00007fff00dfa000 	C:\Program Files\Android\Android Studio\jre\bin\net.dll
0x00007fff41a00000 - 0x00007fff41b0c000 	C:\WINDOWS\SYSTEM32\WINHTTP.dll
0x00007fff477a0000 - 0x00007fff47807000 	C:\WINDOWS\system32\mswsock.dll
0x00007ffefdbf0000 - 0x00007ffefdc04000 	C:\Program Files\Android\Android Studio\jre\bin\nio.dll
0x00007fff359f0000 - 0x00007fff35a17000 	C:\Users\acer\.gradle\native\e1d6ef7f7dcc3fd88c89a11ec53ec762bb8ba0a96d01ffa2cd45eb1d1d8dd5c5\windows-amd64\native-platform.dll
0x00007ffefa640000 - 0x00007ffefa784000 	C:\Users\acer\.gradle\native\5664cfc778a61ccfe75a443a1ab52a65af34e5dc3c78e0209fed803814484fcb\windows-amd64\native-platform-file-events.dll
0x00007fff3af40000 - 0x00007fff3af4a000 	C:\Program Files\Android\Android Studio\jre\bin\management.dll
0x00007fff39af0000 - 0x00007fff39afd000 	C:\Program Files\Android\Android Studio\jre\bin\management_ext.dll
0x00007fff479e0000 - 0x00007fff479f8000 	C:\WINDOWS\SYSTEM32\CRYPTSP.dll
0x00007fff472d0000 - 0x00007fff47305000 	C:\WINDOWS\system32\rsaenh.dll
0x00007fff47890000 - 0x00007fff478b9000 	C:\WINDOWS\SYSTEM32\USERENV.dll
0x00007fff47b60000 - 0x00007fff47b87000 	C:\WINDOWS\SYSTEM32\bcrypt.dll
0x00007fff47a00000 - 0x00007fff47a0c000 	C:\WINDOWS\SYSTEM32\CRYPTBASE.dll
0x00007fff46ea0000 - 0x00007fff46ecd000 	C:\WINDOWS\SYSTEM32\IPHLPAPI.DLL
0x00007fff48f90000 - 0x00007fff48f99000 	C:\WINDOWS\System32\NSI.dll
0x00007fff419c0000 - 0x00007fff419d9000 	C:\WINDOWS\SYSTEM32\dhcpcsvc6.DLL
0x00007fff41ee0000 - 0x00007fff41efe000 	C:\WINDOWS\SYSTEM32\dhcpcsvc.DLL
0x00007fff46ed0000 - 0x00007fff46fb7000 	C:\WINDOWS\SYSTEM32\DNSAPI.dll

dbghelp: loaded successfully - version: 4.0.5 - missing functions: none
symbol engine: initialized successfully - sym options: 0x614 - pdb path: .;C:\Program Files\Android\Android Studio\jre\bin;C:\WINDOWS\SYSTEM32;C:\WINDOWS\WinSxS\amd64_microsoft.windows.common-controls_6595b64144ccf1df_6.0.22000.120_none_9d947278b86cc467;C:\Program Files\Android\Android Studio\jre\bin\server;C:\Users\acer\.gradle\native\e1d6ef7f7dcc3fd88c89a11ec53ec762bb8ba0a96d01ffa2cd45eb1d1d8dd5c5\windows-amd64;C:\Users\acer\.gradle\native\5664cfc778a61ccfe75a443a1ab52a65af34e5dc3c78e0209fed803814484fcb\windows-amd64

VM Arguments:
jvm_args: --add-opens=java.base/java.util=ALL-UNNAMED --add-opens=java.base/java.lang=ALL-UNNAMED --add-opens=java.base/java.lang.invoke=ALL-UNNAMED --add-opens=java.base/java.util=ALL-UNNAMED --add-opens=java.prefs/java.util.prefs=ALL-UNNAMED --add-opens=java.prefs/java.util.prefs=ALL-UNNAMED --add-opens=java.base/java.nio.charset=ALL-UNNAMED --add-opens=java.base/java.net=ALL-UNNAMED --add-opens=java.base/java.util.concurrent.atomic=ALL-UNNAMED -Xmx2048m -Dfile.encoding=UTF-8 -Duser.country=US -Duser.language=en -Duser.variant 
java_command: org.gradle.launcher.daemon.bootstrap.GradleDaemon 7.2
java_class_path (initial): C:\Users\acer\.gradle\wrapper\dists\gradle-7.2-bin\2dnblmf4td7x66yl1d74lt32g\gradle-7.2\lib\gradle-launcher-7.2.jar
Launcher Type: SUN_STANDARD

[Global flags]
     intx CICompilerCount                          = 4                                         {product} {ergonomic}
     uint ConcGCThreads                            = 2                                         {product} {ergonomic}
     uint G1ConcRefinementThreads                  = 8                                         {product} {ergonomic}
   size_t G1HeapRegionSize                         = 1048576                                   {product} {ergonomic}
    uintx GCDrainStackTargetSize                   = 64                                        {product} {ergonomic}
   size_t InitialHeapSize                          = 58720256                                  {product} {ergonomic}
   size_t MarkStackSize                            = 4194304                                   {product} {ergonomic}
   size_t MaxHeapSize                              = 2147483648                                {product} {command line}
   size_t MaxNewSize                               = 1287651328                                {product} {ergonomic}
   size_t MinHeapDeltaBytes                        = 1048576                                   {product} {ergonomic}
    uintx NonNMethodCodeHeapSize                   = 5836300                                {pd product} {ergonomic}
    uintx NonProfiledCodeHeapSize                  = 122910970                              {pd product} {ergonomic}
    uintx ProfiledCodeHeapSize                     = 122910970                              {pd product} {ergonomic}
    uintx ReservedCodeCacheSize                    = 251658240                              {pd product} {ergonomic}
     bool SegmentedCodeCache                       = true                                      {product} {ergonomic}
     bool UseCompressedClassPointers               = true                                 {lp64_product} {ergonomic}
     bool UseCompressedOops                        = true                                 {lp64_product} {ergonomic}
     bool UseG1GC                                  = true                                      {product} {ergonomic}
     bool UseLargePagesIndividualAllocation        = false                                  {pd product} {ergonomic}

Logging:
Log output configuration:
 #0: stdout all=warning uptime,level,tags
 #1: stderr all=off uptime,level,tags

Environment Variables:
PATH=C:\Program Files\Microsoft MPI\Bin\;C:\Program Files (x86)\Common Files\Intel\Shared Files\cpp\bin\Intel64;C:\WINDOWS\system32;C:\WINDOWS;C:\WINDOWS\System32\Wbem;C:\WINDOWS\System32\WindowsPowerShell\v1.0\;C:\WINDOWS\System32\OpenSSH\;C:\Program Files\Microsoft SQL Server\Client SDK\ODBC\170\Tools\Binn\;C:\Program Files (x86)\Microsoft SQL Server\150\Tools\Binn\;C:\Program Files\Microsoft SQL Server\150\Tools\Binn\;C:\Program Files\Microsoft SQL Server\150\DTS\Binn\;C:\Program Files (x86)\Microsoft SQL Server\150\DTS\Binn\;C:\Program Files\Azure Data Studio\bin;C:\Program Files\dotnet\;C:\Program Files (x86)\dotnet\;D;C:\HashiCorp\Vagrant\bin;C:\Program Files\Kubernetes\Minikube;C:\minikube;C:\Program Files\Git\cmd;C:\Program Files\Microsoft SQL Server\130\Tools\Binn\;C:\Users\acer\AppData\Local\Programs\Python\Python39\Scripts\;C:\Users\acer\AppData\Local\Programs\Python\Python39\;C:\Users\acer\AppData\Local\Microsoft\WindowsApps;;C:\Program Files\Azure Data Studio\bin;C:\Users\acer\AppData\Local\Programs\Microsoft VS Code\bin;C:\Users\acer\.dotnet\tools
USERNAME=acer
OS=Windows_NT
PROCESSOR_IDENTIFIER=AMD64 Family 23 Model 24 Stepping 1, AuthenticAMD



---------------  S Y S T E M  ---------------

OS: Windows 10 , 64 bit Build 22000 (10.0.22000.434)
OS uptime: 10 days 22:58 hours

CPU:total 8 (initial active 8) (8 cores per cpu, 2 threads per core) family 23 model 24 stepping 1 microcode 0x0, cmov, cx8, fxsr, mmx, sse, sse2, sse3, ssse3, sse4.1, sse4.2, popcnt, avx, avx2, aes, clmul, mmxext, 3dnowpref, lzcnt, sse4a, ht, tsc, tscinvbit, tscinv, bmi1, bmi2, adx, s

Memory: 4k page, system-wide physical 3514M (21M free)
TotalPageFile size 14266M (AvailPageFile size 5M)
current process WorkingSet (physical memory assigned to process): 133M, peak: 168M
current process commit charge ("private bytes"): 285M, peak: 286M

vm_info: OpenJDK 64-Bit Server VM (11.0.11+9-b60-7590822) for windows-amd64 JRE (11.0.11+9-b60-7590822), built on Jul 29 2021 21:43:44 by "builder" with MS VC++ 14.0 (VS2015)

END.
