#
# There is insufficient memory for the Java Runtime Environment to continue.
# Native memory allocation (malloc) failed to allocate 1391056 bytes for Chunk::new
# Possible reasons:
#   The system is out of physical RAM or swap space
#   The process is running with CompressedOops enabled, and the Java Heap may be blocking the growth of the native heap
# Possible solutions:
#   Reduce memory load on the system
#   Increase physical memory or swap space
#   Check if swap backing store is full
#   Decrease Java heap size (-Xmx/-Xms)
#   Decrease number of Java threads
#   Decrease Java thread stack sizes (-Xss)
#   Set larger code cache with -XX:ReservedCodeCacheSize=
#   JVM is running with Unscaled Compressed Oops mode in which the Java heap is
#     placed in the first 4GB address space. The Java Heap base address is the
#     maximum limit for the native heap growth. Please use -XX:HeapBaseMinAddress
#     to set the Java Heap base and to place the Java Heap above 4GB virtual address.
# This output file may be truncated or incomplete.
#
#  Out of Memory Error (./src/hotspot/share/memory/arena.cpp:197), pid=25308, tid=5380
#
# JRE version: OpenJDK Runtime Environment (11.0.11+9) (build 11.0.11+9-b60-7590822)
# Java VM: OpenJDK 64-Bit Server VM (11.0.11+9-b60-7590822, mixed mode, tiered, compressed oops, g1 gc, windows-amd64)
# No core dump will be written. Minidumps are not enabled by default on client versions of Windows
#

---------------  S U M M A R Y ------------

Command Line: --add-opens=java.base/java.util=ALL-UNNAMED --add-opens=java.base/java.lang=ALL-UNNAMED --add-opens=java.base/java.lang.invoke=ALL-UNNAMED --add-opens=java.base/java.util=ALL-UNNAMED --add-opens=java.prefs/java.util.prefs=ALL-UNNAMED --add-opens=java.prefs/java.util.prefs=ALL-UNNAMED --add-opens=java.base/java.nio.charset=ALL-UNNAMED --add-opens=java.base/java.net=ALL-UNNAMED --add-opens=java.base/java.util.concurrent.atomic=ALL-UNNAMED -Xmx2048m -Dfile.encoding=UTF-8 -Duser.country=US -Duser.language=en -Duser.variant org.gradle.launcher.daemon.bootstrap.GradleDaemon 7.2

Host: AMD Ryzen 5 3500U with Radeon Vega Mobile Gfx  , 8 cores, 3G,  Windows 10 , 64 bit Build 22000 (10.0.22000.434)
Time: Mon Mar 21 14:00:21 2022 SE Asia Standard Time elapsed time: 33.435890 seconds (0d 0h 0m 33s)

---------------  T H R E A D  ---------------

Current thread (0x000002cc5b098000):  JavaThread "C2 CompilerThread0" daemon [_thread_in_native, id=5380, stack(0x000000fa16c00000,0x000000fa16d00000)]


Current CompileTask:
C2:  33436 7113 %     4       org.gradle.internal.instantiation.generator.AbstractClassGenerator::inspectType @ 107 (560 bytes)

Stack: [0x000000fa16c00000,0x000000fa16d00000]
Native frames: (J=compiled Java code, j=interpreted, Vv=VM code, C=native code)
V  [jvm.dll+0x5f214a]
V  [jvm.dll+0x726fb5]
V  [jvm.dll+0x7285cd]
V  [jvm.dll+0x728c83]
V  [jvm.dll+0x243278]
V  [jvm.dll+0xbc53c]
V  [jvm.dll+0xbca3c]
V  [jvm.dll+0x353e7d]
V  [jvm.dll+0x19895c]
V  [jvm.dll+0x1fc2ee]
V  [jvm.dll+0x1fb3d4]
V  [jvm.dll+0x183d6c]
V  [jvm.dll+0x209a57]
V  [jvm.dll+0x2082a1]
V  [jvm.dll+0x6ef58f]
V  [jvm.dll+0x6e80b5]
V  [jvm.dll+0x5f1036]
C  [ucrtbase.dll+0x26c0c]
C  [KERNEL32.DLL+0x154e0]
C  [ntdll.dll+0x485b]


---------------  P R O C E S S  ---------------

Threads class SMR info:
_java_thread_list=0x000002cc5d210080, length=122, elements={
0x000002cc402de800, 0x000002cc5a70c800, 0x000002cc5a719800, 0x000002cc5b092800,
0x000002cc5b093800, 0x000002cc5b095000, 0x000002cc5b098000, 0x000002cc5b09c800,
0x000002cc5a76c800, 0x000002cc5b1e7800, 0x000002cc5c5ef000, 0x000002cc5d14d800,
0x000002cc5cf23000, 0x000002cc5d05f800, 0x000002cc5c96f800, 0x000002cc5cb10800,
0x000002cc5cb11000, 0x000002cc5c343000, 0x000002cc5c344000, 0x000002cc5b2a7000,
0x000002cc5b2a7800, 0x000002cc5b2a3800, 0x000002cc5b2a8800, 0x000002cc5b2a3000,
0x000002cc5b2a9800, 0x000002cc5b2a4800, 0x000002cc5b2a5800, 0x000002cc5b2a6000,
0x000002cc5f15c000, 0x000002cc5f157000, 0x000002cc5f15e000, 0x000002cc5f15b800,
0x000002cc5f158000, 0x000002cc5f159000, 0x000002cc5f15e800, 0x000002cc5f15f800,
0x000002cc5f15a800, 0x000002cc5f162800, 0x000002cc5f166000, 0x000002cc5f160000,
0x000002cc5f163800, 0x000002cc5f165000, 0x000002cc5f161000, 0x000002cc5f164800,
0x000002cc5f162000, 0x000002cc5bbae000, 0x000002cc5bbaf800, 0x000002cc5bbae800,
0x000002cc5bbb1000, 0x000002cc5bbb0800, 0x000002cc5bbb3800, 0x000002cc5bbb2000,
0x000002cc5bbb4800, 0x000002cc5bbb3000, 0x000002cc5c09d000, 0x000002cc5c09e800,
0x000002cc5c09f800, 0x000002cc5c0a0800, 0x000002cc5c09a800, 0x000002cc5c09b800,
0x000002cc5c09e000, 0x000002cc5c09c800, 0x000002cc5c0a7000, 0x000002cc5c0a2000,
0x000002cc5c0a4800, 0x000002cc5c0a3800, 0x000002cc5c0a5000, 0x000002cc5c0a3000,
0x000002cc5c0a6000, 0x000002cc5c0a1000, 0x000002cc5c0a7800, 0x000002cc5c0a8800,
0x000002cc5c0a9800, 0x000002cc5fe37000, 0x000002cc5fe38800, 0x000002cc5fe38000,
0x000002cc5fe3b000, 0x000002cc5fe39800, 0x000002cc5fe3a800, 0x000002cc5fe36800,
0x000002cc5fe41800, 0x000002cc5fe41000, 0x000002cc5fe3d800, 0x000002cc5fe3c000,
0x000002cc5fe40000, 0x000002cc5fe3f800, 0x000002cc5fe42800, 0x000002cc5fe3e800,
0x000002cc5fe3d000, 0x000002cc5fe43800, 0x000002cc5fe44000, 0x000002cc5fe45000,
0x000002cc60d7e800, 0x000002cc60d83000, 0x000002cc60d80800, 0x000002cc60d7f800,
0x000002cc60d82000, 0x000002cc60d81000, 0x000002cc60d83800, 0x000002cc60d7e000,
0x000002cc60d87000, 0x000002cc60d84800, 0x000002cc60d8b000, 0x000002cc60d86000,
0x000002cc60d8a000, 0x000002cc60d87800, 0x000002cc60d85000, 0x000002cc60d88800,
0x000002cc60d8b800, 0x000002cc60d8c800, 0x000002cc60d89800, 0x000002cc5f614800,
0x000002cc5f60f800, 0x000002cc5f611000, 0x000002cc5f60f000, 0x000002cc5f610800,
0x000002cc5f613800, 0x000002cc5f615800, 0x000002cc5f616000, 0x000002cc5f618000,
0x000002cc5f617000, 0x000002cc5f612000
}

Java Threads: ( => current thread )
  0x000002cc402de800 JavaThread "main" [_thread_blocked, id=18000, stack(0x000000fa16000000,0x000000fa16100000)]
  0x000002cc5a70c800 JavaThread "Reference Handler" daemon [_thread_blocked, id=24176, stack(0x000000fa16700000,0x000000fa16800000)]
  0x000002cc5a719800 JavaThread "Finalizer" daemon [_thread_blocked, id=2012, stack(0x000000fa16800000,0x000000fa16900000)]
  0x000002cc5b092800 JavaThread "Signal Dispatcher" daemon [_thread_blocked, id=23032, stack(0x000000fa16900000,0x000000fa16a00000)]
  0x000002cc5b093800 JavaThread "Attach Listener" daemon [_thread_blocked, id=11956, stack(0x000000fa16a00000,0x000000fa16b00000)]
  0x000002cc5b095000 JavaThread "Service Thread" daemon [_thread_blocked, id=22752, stack(0x000000fa16b00000,0x000000fa16c00000)]
=>0x000002cc5b098000 JavaThread "C2 CompilerThread0" daemon [_thread_in_native, id=5380, stack(0x000000fa16c00000,0x000000fa16d00000)]
  0x000002cc5b09c800 JavaThread "C1 CompilerThread0" daemon [_thread_blocked, id=7996, stack(0x000000fa16d00000,0x000000fa16e00000)]
  0x000002cc5a76c800 JavaThread "Sweeper thread" daemon [_thread_blocked, id=9456, stack(0x000000fa16e00000,0x000000fa16f00000)]
  0x000002cc5b1e7800 JavaThread "Common-Cleaner" daemon [_thread_blocked, id=15900, stack(0x000000fa16f00000,0x000000fa17000000)]
  0x000002cc5c5ef000 JavaThread "Daemon health stats" [_thread_blocked, id=23732, stack(0x000000fa17200000,0x000000fa17300000)]
  0x000002cc5d14d800 JavaThread "Incoming local TCP Connector on port 62271" [_thread_in_native, id=16556, stack(0x000000fa17300000,0x000000fa17400000)]
  0x000002cc5cf23000 JavaThread "Daemon periodic checks" [_thread_blocked, id=5608, stack(0x000000fa17400000,0x000000fa17500000)]
  0x000002cc5d05f800 JavaThread "Daemon" [_thread_blocked, id=6556, stack(0x000000fa17500000,0x000000fa17600000)]
  0x000002cc5c96f800 JavaThread "Handler for socket connection from /127.0.0.1:62271 to /127.0.0.1:62272" [_thread_in_native, id=15200, stack(0x000000fa17600000,0x000000fa17700000)]
  0x000002cc5cb10800 JavaThread "Cancel handler" [_thread_blocked, id=17472, stack(0x000000fa17700000,0x000000fa17800000)]
  0x000002cc5cb11000 JavaThread "Daemon worker" [_thread_in_Java, id=9020, stack(0x000000fa17800000,0x000000fa17900000)]
  0x000002cc5c343000 JavaThread "Asynchronous log dispatcher for DefaultDaemonConnection: socket connection from /127.0.0.1:62271 to /127.0.0.1:62272" [_thread_blocked, id=18428, stack(0x000000fa17900000,0x000000fa17a00000)]
  0x000002cc5c344000 JavaThread "Stdin handler" [_thread_blocked, id=14780, stack(0x000000fa17a00000,0x000000fa17b00000)]
  0x000002cc5b2a7000 JavaThread "Daemon client event forwarder" [_thread_blocked, id=19640, stack(0x000000fa17b00000,0x000000fa17c00000)]
  0x000002cc5b2a7800 JavaThread "Cache worker for journal cache (C:\Users\acer\.gradle\caches\journal-1)" [_thread_blocked, id=11124, stack(0x000000fa18200000,0x000000fa18300000)]
  0x000002cc5b2a3800 JavaThread "File lock request listener" [_thread_in_native, id=19596, stack(0x000000fa18300000,0x000000fa18400000)]
  0x000002cc5b2a8800 JavaThread "Cache worker for file hash cache (C:\Users\acer\.gradle\caches\7.2\fileHashes)" [_thread_blocked, id=8820, stack(0x000000fa18400000,0x000000fa18500000)]
  0x000002cc5b2a3000 JavaThread "Cache worker for file hash cache (C:\Users\acer\AndroidStudioProjects\constraint_layout - 2\.gradle\7.2\fileHashes)" [_thread_blocked, id=12444, stack(0x000000fa18600000,0x000000fa18700000)]
  0x000002cc5b2a9800 JavaThread "File watcher server" daemon [_thread_in_native, id=11544, stack(0x000000fa18700000,0x000000fa18800000)]
  0x000002cc5b2a4800 JavaThread "File watcher consumer" daemon [_thread_blocked, id=3908, stack(0x000000fa18800000,0x000000fa18900000)]
  0x000002cc5b2a5800 JavaThread "Cache worker for checksums cache (C:\Users\acer\AndroidStudioProjects\constraint_layout - 2\.gradle\checksums)" [_thread_blocked, id=16176, stack(0x000000fa18900000,0x000000fa18a00000)]
  0x000002cc5b2a6000 JavaThread "Cache worker for cache directory md-supplier (C:\Users\acer\.gradle\caches\7.2\md-supplier)" [_thread_blocked, id=11936, stack(0x000000fa18a00000,0x000000fa18b00000)]
  0x000002cc5f15c000 JavaThread "Cache worker for cache directory md-rule (C:\Users\acer\.gradle\caches\7.2\md-rule)" [_thread_blocked, id=8120, stack(0x000000fa18b00000,0x000000fa18c00000)]
  0x000002cc5f157000 JavaThread "Cache worker for execution history cache (C:\Users\acer\.gradle\caches\7.2\executionHistory)" [_thread_blocked, id=22908, stack(0x000000fa18c00000,0x000000fa18d00000)]
  0x000002cc5f15e000 JavaThread "jar transforms" [_thread_blocked, id=20492, stack(0x000000fa18d00000,0x000000fa18e00000)]
  0x000002cc5f15b800 JavaThread "Cache worker for file content cache (C:\Users\acer\.gradle\caches\7.2\fileContent)" [_thread_blocked, id=20188, stack(0x000000fa18e00000,0x000000fa18f00000)]
  0x000002cc5f158000 JavaThread "jar transforms Thread 2" [_thread_blocked, id=12720, stack(0x000000fa18f00000,0x000000fa19000000)]
  0x000002cc5f159000 JavaThread "Cache worker for dependencies-accessors (C:\Users\acer\AndroidStudioProjects\constraint_layout - 2\.gradle\7.2\dependencies-accessors)" [_thread_blocked, id=12096, stack(0x000000fa19000000,0x000000fa19100000)]
  0x000002cc5f15e800 JavaThread "jar transforms Thread 3" [_thread_blocked, id=23592, stack(0x000000fa19100000,0x000000fa19200000)]
  0x000002cc5f15f800 JavaThread "Cache worker for Build Output Cleanup Cache (C:\Users\acer\AndroidStudioProjects\constraint_layout - 2\.gradle\buildOutputCleanup)" [_thread_blocked, id=20904, stack(0x000000fa19200000,0x000000fa19300000)]
  0x000002cc5f15a800 JavaThread "Unconstrained build operations" [_thread_blocked, id=18600, stack(0x000000fa19300000,0x000000fa19400000)]
  0x000002cc5f162800 JavaThread "Unconstrained build operations Thread 2" [_thread_blocked, id=13188, stack(0x000000fa19400000,0x000000fa19500000)]
  0x000002cc5f166000 JavaThread "Unconstrained build operations Thread 3" [_thread_blocked, id=23516, stack(0x000000fa19500000,0x000000fa19600000)]
  0x000002cc5f160000 JavaThread "Unconstrained build operations Thread 4" [_thread_blocked, id=368, stack(0x000000fa19600000,0x000000fa19700000)]
  0x000002cc5f163800 JavaThread "Unconstrained build operations Thread 5" [_thread_blocked, id=12940, stack(0x000000fa19700000,0x000000fa19800000)]
  0x000002cc5f165000 JavaThread "Unconstrained build operations Thread 6" [_thread_blocked, id=19444, stack(0x000000fa19800000,0x000000fa19900000)]
  0x000002cc5f161000 JavaThread "Unconstrained build operations Thread 7" [_thread_blocked, id=12852, stack(0x000000fa19900000,0x000000fa19a00000)]
  0x000002cc5f164800 JavaThread "Unconstrained build operations Thread 8" [_thread_blocked, id=6068, stack(0x000000fa19a00000,0x000000fa19b00000)]
  0x000002cc5f162000 JavaThread "Unconstrained build operations Thread 9" [_thread_blocked, id=22944, stack(0x000000fa19b00000,0x000000fa19c00000)]
  0x000002cc5bbae000 JavaThread "Unconstrained build operations Thread 10" [_thread_blocked, id=11912, stack(0x000000fa19c00000,0x000000fa19d00000)]
  0x000002cc5bbaf800 JavaThread "Unconstrained build operations Thread 11" [_thread_blocked, id=24556, stack(0x000000fa19d00000,0x000000fa19e00000)]
  0x000002cc5bbae800 JavaThread "Unconstrained build operations Thread 12" [_thread_blocked, id=21028, stack(0x000000fa19e00000,0x000000fa19f00000)]
  0x000002cc5bbb1000 JavaThread "Unconstrained build operations Thread 13" [_thread_blocked, id=17948, stack(0x000000fa19f00000,0x000000fa1a000000)]
  0x000002cc5bbb0800 JavaThread "Unconstrained build operations Thread 14" [_thread_blocked, id=21548, stack(0x000000fa1a000000,0x000000fa1a100000)]
  0x000002cc5bbb3800 JavaThread "Unconstrained build operations Thread 15" [_thread_blocked, id=12996, stack(0x000000fa1a100000,0x000000fa1a200000)]
  0x000002cc5bbb2000 JavaThread "Unconstrained build operations Thread 16" [_thread_blocked, id=17060, stack(0x000000fa1a200000,0x000000fa1a300000)]
  0x000002cc5bbb4800 JavaThread "Unconstrained build operations Thread 17" [_thread_blocked, id=22928, stack(0x000000fa1a300000,0x000000fa1a400000)]
  0x000002cc5bbb3000 JavaThread "Unconstrained build operations Thread 18" [_thread_blocked, id=3168, stack(0x000000fa1a400000,0x000000fa1a500000)]
  0x000002cc5c09d000 JavaThread "Unconstrained build operations Thread 19" [_thread_blocked, id=15916, stack(0x000000fa1a500000,0x000000fa1a600000)]
  0x000002cc5c09e800 JavaThread "Unconstrained build operations Thread 20" [_thread_blocked, id=24976, stack(0x000000fa1a600000,0x000000fa1a700000)]
  0x000002cc5c09f800 JavaThread "Unconstrained build operations Thread 21" [_thread_blocked, id=2628, stack(0x000000fa1a700000,0x000000fa1a800000)]
  0x000002cc5c0a0800 JavaThread "Unconstrained build operations Thread 22" [_thread_blocked, id=7000, stack(0x000000fa1a800000,0x000000fa1a900000)]
  0x000002cc5c09a800 JavaThread "Unconstrained build operations Thread 23" [_thread_blocked, id=18756, stack(0x000000fa1a900000,0x000000fa1aa00000)]
  0x000002cc5c09b800 JavaThread "Unconstrained build operations Thread 24" [_thread_blocked, id=5096, stack(0x000000fa1aa00000,0x000000fa1ab00000)]
  0x000002cc5c09e000 JavaThread "Unconstrained build operations Thread 25" [_thread_blocked, id=23900, stack(0x000000fa1ab00000,0x000000fa1ac00000)]
  0x000002cc5c09c800 JavaThread "Unconstrained build operations Thread 26" [_thread_blocked, id=11664, stack(0x000000fa1ac00000,0x000000fa1ad00000)]
  0x000002cc5c0a7000 JavaThread "Unconstrained build operations Thread 27" [_thread_blocked, id=18800, stack(0x000000fa1ad00000,0x000000fa1ae00000)]
  0x000002cc5c0a2000 JavaThread "Unconstrained build operations Thread 28" [_thread_blocked, id=7244, stack(0x000000fa1ae00000,0x000000fa1af00000)]
  0x000002cc5c0a4800 JavaThread "Unconstrained build operations Thread 29" [_thread_blocked, id=24100, stack(0x000000fa1af00000,0x000000fa1b000000)]
  0x000002cc5c0a3800 JavaThread "Unconstrained build operations Thread 30" [_thread_blocked, id=23012, stack(0x000000fa1b000000,0x000000fa1b100000)]
  0x000002cc5c0a5000 JavaThread "Unconstrained build operations Thread 31" [_thread_blocked, id=23080, stack(0x000000fa1b100000,0x000000fa1b200000)]
  0x000002cc5c0a3000 JavaThread "Unconstrained build operations Thread 32" [_thread_blocked, id=13228, stack(0x000000fa1b200000,0x000000fa1b300000)]
  0x000002cc5c0a6000 JavaThread "Unconstrained build operations Thread 33" [_thread_blocked, id=12196, stack(0x000000fa1b300000,0x000000fa1b400000)]
  0x000002cc5c0a1000 JavaThread "Unconstrained build operations Thread 34" [_thread_blocked, id=3196, stack(0x000000fa1b400000,0x000000fa1b500000)]
  0x000002cc5c0a7800 JavaThread "Unconstrained build operations Thread 35" [_thread_blocked, id=6036, stack(0x000000fa1b500000,0x000000fa1b600000)]
  0x000002cc5c0a8800 JavaThread "Unconstrained build operations Thread 36" [_thread_blocked, id=22684, stack(0x000000fa1b600000,0x000000fa1b700000)]
  0x000002cc5c0a9800 JavaThread "Unconstrained build operations Thread 37" [_thread_blocked, id=9640, stack(0x000000fa1b700000,0x000000fa1b800000)]
  0x000002cc5fe37000 JavaThread "Unconstrained build operations Thread 38" [_thread_blocked, id=11852, stack(0x000000fa1b800000,0x000000fa1b900000)]
  0x000002cc5fe38800 JavaThread "Unconstrained build operations Thread 39" [_thread_blocked, id=9944, stack(0x000000fa1b900000,0x000000fa1ba00000)]
  0x000002cc5fe38000 JavaThread "Unconstrained build operations Thread 40" [_thread_blocked, id=21592, stack(0x000000fa1ba00000,0x000000fa1bb00000)]
  0x000002cc5fe3b000 JavaThread "Unconstrained build operations Thread 41" [_thread_blocked, id=21256, stack(0x000000fa1bb00000,0x000000fa1bc00000)]
  0x000002cc5fe39800 JavaThread "Unconstrained build operations Thread 42" [_thread_blocked, id=6948, stack(0x000000fa1bc00000,0x000000fa1bd00000)]
  0x000002cc5fe3a800 JavaThread "Unconstrained build operations Thread 43" [_thread_blocked, id=20848, stack(0x000000fa1bd00000,0x000000fa1be00000)]
  0x000002cc5fe36800 JavaThread "Unconstrained build operations Thread 44" [_thread_blocked, id=18224, stack(0x000000fa1be00000,0x000000fa1bf00000)]
  0x000002cc5fe41800 JavaThread "Unconstrained build operations Thread 45" [_thread_blocked, id=17232, stack(0x000000fa1bf00000,0x000000fa1c000000)]
  0x000002cc5fe41000 JavaThread "Unconstrained build operations Thread 46" [_thread_blocked, id=16564, stack(0x000000fa1c000000,0x000000fa1c100000)]
  0x000002cc5fe3d800 JavaThread "Unconstrained build operations Thread 47" [_thread_blocked, id=22748, stack(0x000000fa1c100000,0x000000fa1c200000)]
  0x000002cc5fe3c000 JavaThread "Unconstrained build operations Thread 48" [_thread_blocked, id=22584, stack(0x000000fa1c200000,0x000000fa1c300000)]
  0x000002cc5fe40000 JavaThread "Unconstrained build operations Thread 49" [_thread_blocked, id=21048, stack(0x000000fa1c300000,0x000000fa1c400000)]
  0x000002cc5fe3f800 JavaThread "Unconstrained build operations Thread 50" [_thread_blocked, id=984, stack(0x000000fa1c400000,0x000000fa1c500000)]
  0x000002cc5fe42800 JavaThread "Unconstrained build operations Thread 51" [_thread_blocked, id=17780, stack(0x000000fa1c500000,0x000000fa1c600000)]
  0x000002cc5fe3e800 JavaThread "Unconstrained build operations Thread 52" [_thread_blocked, id=16096, stack(0x000000fa1c600000,0x000000fa1c700000)]
  0x000002cc5fe3d000 JavaThread "Unconstrained build operations Thread 53" [_thread_blocked, id=17096, stack(0x000000fa1c700000,0x000000fa1c800000)]
  0x000002cc5fe43800 JavaThread "Unconstrained build operations Thread 54" [_thread_blocked, id=20812, stack(0x000000fa1c800000,0x000000fa1c900000)]
  0x000002cc5fe44000 JavaThread "Unconstrained build operations Thread 55" [_thread_blocked, id=20820, stack(0x000000fa1c900000,0x000000fa1ca00000)]
  0x000002cc5fe45000 JavaThread "Unconstrained build operations Thread 56" [_thread_blocked, id=9700, stack(0x000000fa1ca00000,0x000000fa1cb00000)]
  0x000002cc60d7e800 JavaThread "Unconstrained build operations Thread 57" [_thread_blocked, id=2152, stack(0x000000fa1cb00000,0x000000fa1cc00000)]
  0x000002cc60d83000 JavaThread "Unconstrained build operations Thread 58" [_thread_blocked, id=5860, stack(0x000000fa1cc00000,0x000000fa1cd00000)]
  0x000002cc60d80800 JavaThread "Unconstrained build operations Thread 59" [_thread_blocked, id=22316, stack(0x000000fa1cd00000,0x000000fa1ce00000)]
  0x000002cc60d7f800 JavaThread "Unconstrained build operations Thread 60" [_thread_blocked, id=16480, stack(0x000000fa1ce00000,0x000000fa1cf00000)]
  0x000002cc60d82000 JavaThread "Unconstrained build operations Thread 61" [_thread_blocked, id=14828, stack(0x000000fa1cf00000,0x000000fa1d000000)]
  0x000002cc60d81000 JavaThread "Unconstrained build operations Thread 62" [_thread_blocked, id=24952, stack(0x000000fa1d000000,0x000000fa1d100000)]
  0x000002cc60d83800 JavaThread "Unconstrained build operations Thread 63" [_thread_blocked, id=8296, stack(0x000000fa1d100000,0x000000fa1d200000)]
  0x000002cc60d7e000 JavaThread "Unconstrained build operations Thread 64" [_thread_blocked, id=18388, stack(0x000000fa1d200000,0x000000fa1d300000)]
  0x000002cc60d87000 JavaThread "Unconstrained build operations Thread 65" [_thread_blocked, id=9960, stack(0x000000fa1d300000,0x000000fa1d400000)]
  0x000002cc60d84800 JavaThread "Unconstrained build operations Thread 66" [_thread_blocked, id=8244, stack(0x000000fa1d400000,0x000000fa1d500000)]
  0x000002cc60d8b000 JavaThread "Unconstrained build operations Thread 67" [_thread_blocked, id=19648, stack(0x000000fa1d500000,0x000000fa1d600000)]
  0x000002cc60d86000 JavaThread "Unconstrained build operations Thread 68" [_thread_blocked, id=16328, stack(0x000000fa1d600000,0x000000fa1d700000)]
  0x000002cc60d8a000 JavaThread "Unconstrained build operations Thread 69" [_thread_blocked, id=4064, stack(0x000000fa1d700000,0x000000fa1d800000)]
  0x000002cc60d87800 JavaThread "Unconstrained build operations Thread 70" [_thread_blocked, id=13416, stack(0x000000fa1d800000,0x000000fa1d900000)]
  0x000002cc60d85000 JavaThread "Unconstrained build operations Thread 71" [_thread_blocked, id=19144, stack(0x000000fa1d900000,0x000000fa1da00000)]
  0x000002cc60d88800 JavaThread "Unconstrained build operations Thread 72" [_thread_blocked, id=20424, stack(0x000000fa1da00000,0x000000fa1db00000)]
  0x000002cc60d8b800 JavaThread "Unconstrained build operations Thread 73" [_thread_blocked, id=8024, stack(0x000000fa1db00000,0x000000fa1dc00000)]
  0x000002cc60d8c800 JavaThread "Unconstrained build operations Thread 74" [_thread_blocked, id=22580, stack(0x000000fa1dc00000,0x000000fa1dd00000)]
  0x000002cc60d89800 JavaThread "Unconstrained build operations Thread 75" [_thread_blocked, id=7476, stack(0x000000fa1dd00000,0x000000fa1de00000)]
  0x000002cc5f614800 JavaThread "Unconstrained build operations Thread 76" [_thread_blocked, id=18528, stack(0x000000fa1de00000,0x000000fa1df00000)]
  0x000002cc5f60f800 JavaThread "Unconstrained build operations Thread 77" [_thread_blocked, id=13696, stack(0x000000fa1df00000,0x000000fa1e000000)]
  0x000002cc5f611000 JavaThread "Unconstrained build operations Thread 78" [_thread_blocked, id=17740, stack(0x000000fa1e000000,0x000000fa1e100000)]
  0x000002cc5f60f000 JavaThread "Unconstrained build operations Thread 79" [_thread_blocked, id=12636, stack(0x000000fa1e100000,0x000000fa1e200000)]
  0x000002cc5f610800 JavaThread "Unconstrained build operations Thread 80" [_thread_blocked, id=9172, stack(0x000000fa1e200000,0x000000fa1e300000)]
  0x000002cc5f613800 JavaThread "jar transforms Thread 4" [_thread_blocked, id=6820, stack(0x000000fa1e300000,0x000000fa1e400000)]
  0x000002cc5f615800 JavaThread "jar transforms Thread 5" [_thread_blocked, id=19408, stack(0x000000fa1e400000,0x000000fa1e500000)]
  0x000002cc5f616000 JavaThread "jar transforms Thread 6" [_thread_blocked, id=19960, stack(0x000000fa1e500000,0x000000fa1e600000)]
  0x000002cc5f618000 JavaThread "jar transforms Thread 7" [_thread_blocked, id=22652, stack(0x000000fa1e600000,0x000000fa1e700000)]
  0x000002cc5f617000 JavaThread "jar transforms Thread 8" [_thread_blocked, id=19824, stack(0x000000fa1e700000,0x000000fa1e800000)]
  0x000002cc5f612000 JavaThread "Memory manager" [_thread_blocked, id=18536, stack(0x000000fa1e800000,0x000000fa1e900000)]

Other Threads:
  0x000002cc5a70b000 VMThread "VM Thread" [stack: 0x000000fa16600000,0x000000fa16700000] [id=21320]
  0x000002cc5b212800 WatcherThread [stack: 0x000000fa17000000,0x000000fa17100000] [id=3328]
  0x000002cc402f8800 GCTaskThread "GC Thread#0" [stack: 0x000000fa16100000,0x000000fa16200000] [id=5012]
  0x000002cc5c15e000 GCTaskThread "GC Thread#1" [stack: 0x000000fa17100000,0x000000fa17200000] [id=25240]
  0x000002cc5c376000 GCTaskThread "GC Thread#2" [stack: 0x000000fa17c00000,0x000000fa17d00000] [id=15616]
  0x000002cc5b4f5800 GCTaskThread "GC Thread#3" [stack: 0x000000fa17d00000,0x000000fa17e00000] [id=24596]
  0x000002cc5c26f800 GCTaskThread "GC Thread#4" [stack: 0x000000fa17e00000,0x000000fa17f00000] [id=24252]
  0x000002cc5c270800 GCTaskThread "GC Thread#5" [stack: 0x000000fa17f00000,0x000000fa18000000] [id=17884]
  0x000002cc5c14c800 GCTaskThread "GC Thread#6" [stack: 0x000000fa18000000,0x000000fa18100000] [id=23000]
  0x000002cc5c14d800 GCTaskThread "GC Thread#7" [stack: 0x000000fa18100000,0x000000fa18200000] [id=12648]
  0x000002cc4032b000 ConcurrentGCThread "G1 Main Marker" [stack: 0x000000fa16200000,0x000000fa16300000] [id=10532]
  0x000002cc4032c000 ConcurrentGCThread "G1 Conc#0" [stack: 0x000000fa16300000,0x000000fa16400000] [id=10052]
  0x000002cc5c25b000 ConcurrentGCThread "G1 Conc#1" [stack: 0x000000fa18500000,0x000000fa18600000] [id=7804]
  0x000002cc40384800 ConcurrentGCThread "G1 Refine#0" [stack: 0x000000fa16400000,0x000000fa16500000] [id=19896]
  0x000002cc40386800 ConcurrentGCThread "G1 Young RemSet Sampling" [stack: 0x000000fa16500000,0x000000fa16600000] [id=20916]

Threads with active compile tasks:
C2 CompilerThread0  33543 7113 %     4       org.gradle.internal.instantiation.generator.AbstractClassGenerator::inspectType @ 107 (560 bytes)

VM state:not at safepoint (normal execution)

VM Mutex/Monitor currently owned by a thread: None

Heap address: 0x0000000080000000, size: 2048 MB, Compressed Oops mode: 32-bit
Narrow klass base: 0x0000000000000000, Narrow klass shift: 3
Compressed class space size: 1073741824 Address: 0x0000000100000000

Heap:
 garbage-first heap   total 122880K, used 86655K [0x0000000080000000, 0x0000000100000000)
  region size 1024K, 36 young (36864K), 6 survivors (6144K)
 Metaspace       used 72802K, capacity 74429K, committed 74748K, reserved 1114112K
  class space    used 9413K, capacity 10047K, committed 10112K, reserved 1048576K
Heap Regions: E=young(eden), S=young(survivor), O=old, HS=humongous(starts), HC=humongous(continues), CS=collection set, F=free, A=archive, TAMS=top-at-mark-start (previous, next)
|   0|0x0000000080000000, 0x0000000080100000, 0x0000000080100000|100%| O|  |TAMS 0x0000000080100000, 0x0000000080000000| Untracked 
|   1|0x0000000080100000, 0x0000000080200000, 0x0000000080200000|100%| O|  |TAMS 0x0000000080200000, 0x0000000080100000| Untracked 
|   2|0x0000000080200000, 0x0000000080300000, 0x0000000080300000|100%| O|  |TAMS 0x0000000080300000, 0x0000000080200000| Untracked 
|   3|0x0000000080300000, 0x0000000080400000, 0x0000000080400000|100%|HS|  |TAMS 0x0000000080400000, 0x0000000080300000| Complete 
|   4|0x0000000080400000, 0x0000000080500000, 0x0000000080500000|100%|HC|  |TAMS 0x0000000080500000, 0x0000000080400000| Complete 
|   5|0x0000000080500000, 0x0000000080600000, 0x0000000080600000|100%|HC|  |TAMS 0x0000000080600000, 0x0000000080500000| Complete 
|   6|0x0000000080600000, 0x0000000080700000, 0x0000000080700000|100%| O|  |TAMS 0x0000000080700000, 0x0000000080600000| Untracked 
|   7|0x0000000080700000, 0x0000000080800000, 0x0000000080800000|100%| O|  |TAMS 0x0000000080800000, 0x0000000080700000| Untracked 
|   8|0x0000000080800000, 0x0000000080900000, 0x0000000080900000|100%| O|  |TAMS 0x0000000080900000, 0x0000000080800000| Untracked 
|   9|0x0000000080900000, 0x0000000080a00000, 0x0000000080a00000|100%| O|  |TAMS 0x0000000080a00000, 0x0000000080900000| Untracked 
|  10|0x0000000080a00000, 0x0000000080b00000, 0x0000000080b00000|100%| O|  |TAMS 0x0000000080b00000, 0x0000000080a00000| Untracked 
|  11|0x0000000080b00000, 0x0000000080c00000, 0x0000000080c00000|100%| O|  |TAMS 0x0000000080c00000, 0x0000000080b00000| Untracked 
|  12|0x0000000080c00000, 0x0000000080d00000, 0x0000000080d00000|100%| O|  |TAMS 0x0000000080d00000, 0x0000000080c00000| Untracked 
|  13|0x0000000080d00000, 0x0000000080e00000, 0x0000000080e00000|100%| O|  |TAMS 0x0000000080e00000, 0x0000000080d00000| Untracked 
|  14|0x0000000080e00000, 0x0000000080f00000, 0x0000000080f00000|100%| O|  |TAMS 0x0000000080f00000, 0x0000000080e00000| Untracked 
|  15|0x0000000080f00000, 0x0000000081000000, 0x0000000081000000|100%| O|  |TAMS 0x0000000081000000, 0x0000000080f00000| Untracked 
|  16|0x0000000081000000, 0x0000000081100000, 0x0000000081100000|100%| O|  |TAMS 0x0000000081100000, 0x0000000081000000| Untracked 
|  17|0x0000000081100000, 0x0000000081200000, 0x0000000081200000|100%| O|  |TAMS 0x0000000081200000, 0x0000000081100000| Untracked 
|  18|0x0000000081200000, 0x0000000081300000, 0x0000000081300000|100%| O|  |TAMS 0x0000000081300000, 0x0000000081200000| Untracked 
|  19|0x0000000081300000, 0x0000000081400000, 0x0000000081400000|100%| O|  |TAMS 0x0000000081400000, 0x0000000081300000| Untracked 
|  20|0x0000000081400000, 0x0000000081500000, 0x0000000081500000|100%| O|  |TAMS 0x0000000081500000, 0x0000000081400000| Untracked 
|  21|0x0000000081500000, 0x0000000081600000, 0x0000000081600000|100%| O|  |TAMS 0x0000000081600000, 0x0000000081500000| Untracked 
|  22|0x0000000081600000, 0x0000000081700000, 0x0000000081700000|100%| O|  |TAMS 0x0000000081700000, 0x0000000081600000| Untracked 
|  23|0x0000000081700000, 0x0000000081800000, 0x0000000081800000|100%| O|  |TAMS 0x0000000081800000, 0x0000000081700000| Untracked 
|  24|0x0000000081800000, 0x0000000081900000, 0x0000000081900000|100%| O|  |TAMS 0x0000000081900000, 0x0000000081800000| Untracked 
|  25|0x0000000081900000, 0x0000000081a00000, 0x0000000081a00000|100%| O|  |TAMS 0x0000000081a00000, 0x0000000081900000| Untracked 
|  26|0x0000000081a00000, 0x0000000081b00000, 0x0000000081b00000|100%| O|  |TAMS 0x0000000081b00000, 0x0000000081a00000| Untracked 
|  27|0x0000000081b00000, 0x0000000081c00000, 0x0000000081c00000|100%| O|  |TAMS 0x0000000081c00000, 0x0000000081b00000| Untracked 
|  28|0x0000000081c00000, 0x0000000081d00000, 0x0000000081d00000|100%| O|  |TAMS 0x0000000081d00000, 0x0000000081c00000| Untracked 
|  29|0x0000000081d00000, 0x0000000081e00000, 0x0000000081e00000|100%| O|  |TAMS 0x0000000081e00000, 0x0000000081d00000| Untracked 
|  30|0x0000000081e00000, 0x0000000081f00000, 0x0000000081f00000|100%|HS|  |TAMS 0x0000000081f00000, 0x0000000081e00000| Complete 
|  31|0x0000000081f00000, 0x0000000082000000, 0x0000000082000000|100%| O|  |TAMS 0x0000000082000000, 0x0000000081f00000| Untracked 
|  32|0x0000000082000000, 0x0000000082100000, 0x0000000082100000|100%|HS|  |TAMS 0x0000000082100000, 0x0000000082000000| Complete 
|  33|0x0000000082100000, 0x0000000082200000, 0x0000000082200000|100%|HS|  |TAMS 0x0000000082200000, 0x0000000082100000| Complete 
|  34|0x0000000082200000, 0x0000000082300000, 0x0000000082300000|100%|HS|  |TAMS 0x0000000082300000, 0x0000000082200000| Complete 
|  35|0x0000000082300000, 0x0000000082400000, 0x0000000082400000|100%|HC|  |TAMS 0x0000000082400000, 0x0000000082300000| Complete 
|  36|0x0000000082400000, 0x0000000082500000, 0x0000000082500000|100%| O|  |TAMS 0x0000000082500000, 0x0000000082400000| Untracked 
|  37|0x0000000082500000, 0x0000000082600000, 0x0000000082600000|100%| O|  |TAMS 0x0000000082600000, 0x0000000082500000| Untracked 
|  38|0x0000000082600000, 0x0000000082700000, 0x0000000082700000|100%| O|  |TAMS 0x0000000082700000, 0x0000000082600000| Untracked 
|  39|0x0000000082700000, 0x0000000082800000, 0x0000000082800000|100%| O|  |TAMS 0x0000000082800000, 0x0000000082700000| Untracked 
|  40|0x0000000082800000, 0x0000000082900000, 0x0000000082900000|100%| O|  |TAMS 0x0000000082900000, 0x0000000082800000| Untracked 
|  41|0x0000000082900000, 0x0000000082a00000, 0x0000000082a00000|100%| O|  |TAMS 0x0000000082a00000, 0x0000000082900000| Untracked 
|  42|0x0000000082a00000, 0x0000000082b00000, 0x0000000082b00000|100%| O|  |TAMS 0x0000000082ac7a00, 0x0000000082a00000| Untracked 
|  43|0x0000000082b00000, 0x0000000082c00000, 0x0000000082c00000|100%| O|  |TAMS 0x0000000082b00000, 0x0000000082b00000| Untracked 
|  44|0x0000000082c00000, 0x0000000082d00000, 0x0000000082d00000|100%| O|  |TAMS 0x0000000082c00000, 0x0000000082c00000| Untracked 
|  45|0x0000000082d00000, 0x0000000082e00000, 0x0000000082e00000|100%| O|  |TAMS 0x0000000082d00000, 0x0000000082d00000| Untracked 
|  46|0x0000000082e00000, 0x0000000082f00000, 0x0000000082f00000|100%| O|  |TAMS 0x0000000082e00000, 0x0000000082e00000| Untracked 
|  47|0x0000000082f00000, 0x0000000083000000, 0x0000000083000000|100%| O|  |TAMS 0x0000000082f00000, 0x0000000082f00000| Untracked 
|  48|0x0000000083000000, 0x0000000083100000, 0x0000000083100000|100%| O|  |TAMS 0x0000000083000000, 0x0000000083000000| Untracked 
|  49|0x0000000083100000, 0x0000000083200000, 0x0000000083200000|100%| O|  |TAMS 0x0000000083100000, 0x0000000083100000| Untracked 
|  50|0x0000000083200000, 0x0000000083214a00, 0x0000000083300000|  8%| O|  |TAMS 0x0000000083200000, 0x0000000083200000| Untracked 
|  51|0x0000000083300000, 0x0000000083300000, 0x0000000083400000|  0%| F|  |TAMS 0x0000000083300000, 0x0000000083300000| Untracked 
|  52|0x0000000083400000, 0x0000000083400000, 0x0000000083500000|  0%| F|  |TAMS 0x0000000083400000, 0x0000000083400000| Untracked 
|  53|0x0000000083500000, 0x0000000083500000, 0x0000000083600000|  0%| F|  |TAMS 0x0000000083500000, 0x0000000083500000| Untracked 
|  54|0x0000000083600000, 0x0000000083600000, 0x0000000083700000|  0%| F|  |TAMS 0x0000000083600000, 0x0000000083600000| Untracked 
|  55|0x0000000083700000, 0x0000000083700000, 0x0000000083800000|  0%| F|  |TAMS 0x0000000083700000, 0x0000000083700000| Untracked 
|  56|0x0000000083800000, 0x0000000083800000, 0x0000000083900000|  0%| F|  |TAMS 0x0000000083800000, 0x0000000083800000| Untracked 
|  57|0x0000000083900000, 0x0000000083900000, 0x0000000083a00000|  0%| F|  |TAMS 0x0000000083900000, 0x0000000083900000| Untracked 
|  58|0x0000000083a00000, 0x0000000083a00000, 0x0000000083b00000|  0%| F|  |TAMS 0x0000000083a00000, 0x0000000083a00000| Untracked 
|  59|0x0000000083b00000, 0x0000000083b00000, 0x0000000083c00000|  0%| F|  |TAMS 0x0000000083b00000, 0x0000000083b00000| Untracked 
|  60|0x0000000083c00000, 0x0000000083c00000, 0x0000000083d00000|  0%| F|  |TAMS 0x0000000083c00000, 0x0000000083c00000| Untracked 
|  61|0x0000000083d00000, 0x0000000083d00000, 0x0000000083e00000|  0%| F|  |TAMS 0x0000000083d00000, 0x0000000083d00000| Untracked 
|  62|0x0000000083e00000, 0x0000000083e00000, 0x0000000083f00000|  0%| F|  |TAMS 0x0000000083e00000, 0x0000000083e00000| Untracked 
|  63|0x0000000083f00000, 0x0000000083f00000, 0x0000000084000000|  0%| F|  |TAMS 0x0000000083f00000, 0x0000000083f00000| Untracked 
|  64|0x0000000084000000, 0x0000000084000000, 0x0000000084100000|  0%| F|  |TAMS 0x0000000084000000, 0x0000000084000000| Untracked 
|  65|0x0000000084100000, 0x0000000084100000, 0x0000000084200000|  0%| F|  |TAMS 0x0000000084100000, 0x0000000084100000| Untracked 
|  66|0x0000000084200000, 0x0000000084200000, 0x0000000084300000|  0%| F|  |TAMS 0x0000000084200000, 0x0000000084200000| Untracked 
|  67|0x0000000084300000, 0x0000000084300000, 0x0000000084400000|  0%| F|  |TAMS 0x0000000084300000, 0x0000000084300000| Untracked 
|  68|0x0000000084400000, 0x0000000084400000, 0x0000000084500000|  0%| F|  |TAMS 0x0000000084400000, 0x0000000084400000| Untracked 
|  69|0x0000000084500000, 0x0000000084500000, 0x0000000084600000|  0%| F|  |TAMS 0x0000000084500000, 0x0000000084500000| Untracked 
|  70|0x0000000084600000, 0x000000008468b3f8, 0x0000000084700000| 54%| S|CS|TAMS 0x0000000084600000, 0x0000000084600000| Complete 
|  71|0x0000000084700000, 0x0000000084800000, 0x0000000084800000|100%| S|CS|TAMS 0x0000000084700000, 0x0000000084700000| Complete 
|  72|0x0000000084800000, 0x0000000084900000, 0x0000000084900000|100%| S|CS|TAMS 0x0000000084800000, 0x0000000084800000| Complete 
|  73|0x0000000084900000, 0x0000000084a00000, 0x0000000084a00000|100%| S|CS|TAMS 0x0000000084900000, 0x0000000084900000| Complete 
|  74|0x0000000084a00000, 0x0000000084a00000, 0x0000000084b00000|  0%| F|  |TAMS 0x0000000084a00000, 0x0000000084a00000| Untracked 
|  75|0x0000000084b00000, 0x0000000084b00000, 0x0000000084c00000|  0%| F|  |TAMS 0x0000000084b00000, 0x0000000084b00000| Untracked 
|  76|0x0000000084c00000, 0x0000000084c00000, 0x0000000084d00000|  0%| F|  |TAMS 0x0000000084c00000, 0x0000000084c00000| Untracked 
|  77|0x0000000084d00000, 0x0000000084d00000, 0x0000000084e00000|  0%| F|  |TAMS 0x0000000084d00000, 0x0000000084d00000| Untracked 
|  78|0x0000000084e00000, 0x0000000084e00000, 0x0000000084f00000|  0%| F|  |TAMS 0x0000000084e00000, 0x0000000084e00000| Untracked 
|  79|0x0000000084f00000, 0x0000000085000000, 0x0000000085000000|100%| S|CS|TAMS 0x0000000084f00000, 0x0000000084f00000| Complete 
|  80|0x0000000085000000, 0x0000000085100000, 0x0000000085100000|100%| S|CS|TAMS 0x0000000085000000, 0x0000000085000000| Complete 
|  81|0x0000000085100000, 0x0000000085100000, 0x0000000085200000|  0%| F|  |TAMS 0x0000000085100000, 0x0000000085100000| Untracked 
|  82|0x0000000085200000, 0x0000000085200000, 0x0000000085300000|  0%| F|  |TAMS 0x0000000085200000, 0x0000000085200000| Untracked 
|  83|0x0000000085300000, 0x0000000085300000, 0x0000000085400000|  0%| F|  |TAMS 0x0000000085300000, 0x0000000085300000| Untracked 
|  84|0x0000000085400000, 0x0000000085400000, 0x0000000085500000|  0%| F|  |TAMS 0x0000000085400000, 0x0000000085400000| Untracked 
|  85|0x0000000085500000, 0x0000000085500000, 0x0000000085600000|  0%| F|  |TAMS 0x0000000085500000, 0x0000000085500000| Untracked 
|  86|0x0000000085600000, 0x0000000085600000, 0x0000000085700000|  0%| F|  |TAMS 0x0000000085600000, 0x0000000085600000| Untracked 
|  87|0x0000000085700000, 0x0000000085700000, 0x0000000085800000|  0%| F|  |TAMS 0x0000000085700000, 0x0000000085700000| Untracked 
|  88|0x0000000085800000, 0x0000000085800000, 0x0000000085900000|  0%| F|  |TAMS 0x0000000085800000, 0x0000000085800000| Untracked 
|  89|0x0000000085900000, 0x0000000085900000, 0x0000000085a00000|  0%| F|  |TAMS 0x0000000085900000, 0x0000000085900000| Untracked 
|  90|0x0000000085a00000, 0x0000000085a83cd8, 0x0000000085b00000| 51%| E|  |TAMS 0x0000000085a00000, 0x0000000085a00000| Complete 
|  91|0x0000000085b00000, 0x0000000085c00000, 0x0000000085c00000|100%| E|CS|TAMS 0x0000000085b00000, 0x0000000085b00000| Complete 
|  92|0x0000000085c00000, 0x0000000085d00000, 0x0000000085d00000|100%| E|CS|TAMS 0x0000000085c00000, 0x0000000085c00000| Complete 
|  93|0x0000000085d00000, 0x0000000085e00000, 0x0000000085e00000|100%| E|CS|TAMS 0x0000000085d00000, 0x0000000085d00000| Complete 
|  94|0x0000000085e00000, 0x0000000085f00000, 0x0000000085f00000|100%| E|CS|TAMS 0x0000000085e00000, 0x0000000085e00000| Complete 
|  95|0x0000000085f00000, 0x0000000086000000, 0x0000000086000000|100%| E|CS|TAMS 0x0000000085f00000, 0x0000000085f00000| Complete 
|  96|0x0000000086000000, 0x0000000086100000, 0x0000000086100000|100%| E|CS|TAMS 0x0000000086000000, 0x0000000086000000| Complete 
|  97|0x0000000086100000, 0x0000000086200000, 0x0000000086200000|100%| E|CS|TAMS 0x0000000086100000, 0x0000000086100000| Complete 
|  98|0x0000000086200000, 0x0000000086300000, 0x0000000086300000|100%| E|CS|TAMS 0x0000000086200000, 0x0000000086200000| Complete 
|  99|0x0000000086300000, 0x0000000086400000, 0x0000000086400000|100%| E|CS|TAMS 0x0000000086300000, 0x0000000086300000| Complete 
| 100|0x0000000086400000, 0x0000000086500000, 0x0000000086500000|100%| E|CS|TAMS 0x0000000086400000, 0x0000000086400000| Complete 
| 101|0x0000000086500000, 0x0000000086600000, 0x0000000086600000|100%| E|CS|TAMS 0x0000000086500000, 0x0000000086500000| Complete 
| 102|0x0000000086600000, 0x0000000086700000, 0x0000000086700000|100%| E|CS|TAMS 0x0000000086600000, 0x0000000086600000| Complete 
| 103|0x0000000086700000, 0x0000000086800000, 0x0000000086800000|100%| E|CS|TAMS 0x0000000086700000, 0x0000000086700000| Complete 
| 104|0x0000000086800000, 0x0000000086900000, 0x0000000086900000|100%| E|CS|TAMS 0x0000000086800000, 0x0000000086800000| Complete 
| 105|0x0000000086900000, 0x0000000086a00000, 0x0000000086a00000|100%| E|CS|TAMS 0x0000000086900000, 0x0000000086900000| Complete 
| 106|0x0000000086a00000, 0x0000000086b00000, 0x0000000086b00000|100%| E|CS|TAMS 0x0000000086a00000, 0x0000000086a00000| Complete 
| 107|0x0000000086b00000, 0x0000000086c00000, 0x0000000086c00000|100%| E|CS|TAMS 0x0000000086b00000, 0x0000000086b00000| Complete 
| 108|0x0000000086c00000, 0x0000000086d00000, 0x0000000086d00000|100%| E|CS|TAMS 0x0000000086c00000, 0x0000000086c00000| Complete 
| 109|0x0000000086d00000, 0x0000000086e00000, 0x0000000086e00000|100%| E|CS|TAMS 0x0000000086d00000, 0x0000000086d00000| Complete 
| 110|0x0000000086e00000, 0x0000000086f00000, 0x0000000086f00000|100%| E|CS|TAMS 0x0000000086e00000, 0x0000000086e00000| Complete 
| 111|0x0000000086f00000, 0x0000000087000000, 0x0000000087000000|100%| E|CS|TAMS 0x0000000086f00000, 0x0000000086f00000| Complete 
| 112|0x0000000087000000, 0x0000000087100000, 0x0000000087100000|100%| E|CS|TAMS 0x0000000087000000, 0x0000000087000000| Complete 
| 113|0x0000000087100000, 0x0000000087200000, 0x0000000087200000|100%| E|CS|TAMS 0x0000000087100000, 0x0000000087100000| Complete 
| 114|0x0000000087200000, 0x0000000087300000, 0x0000000087300000|100%| E|CS|TAMS 0x0000000087200000, 0x0000000087200000| Complete 
| 115|0x0000000087300000, 0x0000000087400000, 0x0000000087400000|100%| E|CS|TAMS 0x0000000087300000, 0x0000000087300000| Complete 
| 116|0x0000000087400000, 0x0000000087500000, 0x0000000087500000|100%| E|CS|TAMS 0x0000000087400000, 0x0000000087400000| Complete 
| 117|0x0000000087500000, 0x0000000087600000, 0x0000000087600000|100%| E|CS|TAMS 0x0000000087500000, 0x0000000087500000| Complete 
| 118|0x0000000087600000, 0x0000000087700000, 0x0000000087700000|100%| E|CS|TAMS 0x0000000087600000, 0x0000000087600000| Complete 
| 119|0x0000000087700000, 0x0000000087800000, 0x0000000087800000|100%| E|CS|TAMS 0x0000000087700000, 0x0000000087700000| Complete 

Card table byte_map: [0x000002cc53510000,0x000002cc53910000] _byte_map_base: 0x000002cc53110000

Marking Bits (Prev, Next): (CMBitMap*) 0x000002cc403223d8, (CMBitMap*) 0x000002cc40322410
 Prev Bits: [0x000002cc53d10000, 0x000002cc55d10000)
 Next Bits: [0x000002cc55d10000, 0x000002cc57d10000)

Polling page: 0x000002cc3e280000

Metaspace:

Usage:
  Non-class:     62.87 MB capacity,    61.90 MB ( 98%) used,   813.27 KB (  1%) free+waste,   179.75 KB ( <1%) overhead. 
      Class:      9.81 MB capacity,     9.19 MB ( 94%) used,   549.59 KB (  5%) free+waste,    83.63 KB ( <1%) overhead. 
       Both:     72.68 MB capacity,    71.10 MB ( 98%) used,     1.33 MB (  2%) free+waste,   263.38 KB ( <1%) overhead. 

Virtual space:
  Non-class space:       64.00 MB reserved,      63.12 MB ( 99%) committed 
      Class space:        1.00 GB reserved,       9.88 MB ( <1%) committed 
             Both:        1.06 GB reserved,      73.00 MB (  7%) committed 

Chunk freelists:
   Non-Class:  0 bytes
       Class:  1.00 KB
        Both:  1.00 KB

MaxMetaspaceSize: 17179869184.00 GB
CompressedClassSpaceSize: 1.00 GB

CodeHeap 'non-profiled nmethods': size=120000Kb used=3554Kb max_used=3554Kb free=116445Kb
 bounds [0x000002cc4b8b0000, 0x000002cc4bc30000, 0x000002cc52de0000]
CodeHeap 'profiled nmethods': size=120000Kb used=15233Kb max_used=15233Kb free=104766Kb
 bounds [0x000002cc44380000, 0x000002cc45270000, 0x000002cc4b8b0000]
CodeHeap 'non-nmethods': size=5760Kb used=2268Kb max_used=2324Kb free=3491Kb
 bounds [0x000002cc43de0000, 0x000002cc44050000, 0x000002cc44380000]
 total_blobs=7900 nmethods=7038 adapters=773
 compilation: enabled
              stopped_count=0, restarted_count=0
 full_count=0

Compilation events (20 events):
Event: 32.780 Thread 0x000002cc5b09c800 7197       3       com.google.common.collect.LinkedHashMultimap$ValueSet::add (144 bytes)
Event: 32.795 Thread 0x000002cc5b09c800 nmethod 7197 0x000002cc45254b10 code [0x000002cc45254e20, 0x000002cc452562b8]
Event: 32.795 Thread 0x000002cc5b09c800 7199       3       com.google.common.collect.LinkedHashMultimap$ValueSet::rehashIfNecessary (88 bytes)
Event: 32.796 Thread 0x000002cc5b09c800 nmethod 7199 0x000002cc45256990 code [0x000002cc45256bc0, 0x000002cc452573a8]
Event: 32.796 Thread 0x000002cc5b09c800 7196       3       com.google.common.collect.LinkedHashMultimap::put (7 bytes)
Event: 32.800 Thread 0x000002cc5b09c800 nmethod 7196 0x000002cc45257610 code [0x000002cc452577e0, 0x000002cc45257968]
Event: 32.800 Thread 0x000002cc5b09c800 7198       3       com.google.common.collect.LinkedHashMultimap$ValueSet::mask (8 bytes)
Event: 32.800 Thread 0x000002cc5b09c800 nmethod 7198 0x000002cc45257a90 code [0x000002cc45257c40, 0x000002cc45257d58]
Event: 32.800 Thread 0x000002cc5b09c800 7200       3       com.google.common.collect.Hashing::needsResizing (22 bytes)
Event: 32.800 Thread 0x000002cc5b09c800 nmethod 7200 0x000002cc45257e10 code [0x000002cc45257fc0, 0x000002cc45258178]
Event: 32.811 Thread 0x000002cc5b09c800 7201       3       org.gradle.cache.internal.DefaultCrossBuildInMemoryCacheFactory$DefaultCrossBuildInMemoryCache::maybeGetRetainedValue (25 bytes)
Event: 32.814 Thread 0x000002cc5b09c800 nmethod 7201 0x000002cc45258210 code [0x000002cc452583e0, 0x000002cc45258798]
Event: 33.061 Thread 0x000002cc5b09c800 7204       1       org.gradle.internal.graph.CachingDirectedGraphWalker$NodeDetails::access$300 (5 bytes)
Event: 33.061 Thread 0x000002cc5b09c800 nmethod 7204 0x000002cc4bc28090 code [0x000002cc4bc28240, 0x000002cc4bc282d8]
Event: 33.061 Thread 0x000002cc5b09c800 7202       1       org.gradle.internal.graph.CachingDirectedGraphWalker$NodeDetails::access$500 (5 bytes)
Event: 33.061 Thread 0x000002cc5b09c800 nmethod 7202 0x000002cc4bc28390 code [0x000002cc4bc28540, 0x000002cc4bc285d8]
Event: 33.061 Thread 0x000002cc5b09c800 7203       1       org.gradle.internal.graph.CachingDirectedGraphWalker$NodeDetails::access$200 (5 bytes)
Event: 33.061 Thread 0x000002cc5b09c800 nmethod 7203 0x000002cc4bc28690 code [0x000002cc4bc28840, 0x000002cc4bc288d8]
Event: 33.254 Thread 0x000002cc5b09c800 7205       3       org.gradle.internal.reflect.ClassInspector::visitGraph (98 bytes)
Event: 33.260 Thread 0x000002cc5b09c800 nmethod 7205 0x000002cc45258890 code [0x000002cc45258be0, 0x000002cc4525a048]

GC Heap History (20 events):
Event: 17.126 GC heap before
{Heap before GC invocations=24 (full 0):
 garbage-first heap   total 69632K, used 53991K [0x0000000080000000, 0x0000000100000000)
  region size 1024K, 25 young (25600K), 3 survivors (3072K)
 Metaspace       used 47784K, capacity 48969K, committed 49276K, reserved 1091584K
  class space    used 6105K, capacity 6553K, committed 6656K, reserved 1048576K
}
Event: 17.136 GC heap after
{Heap after GC invocations=25 (full 0):
 garbage-first heap   total 69632K, used 31921K [0x0000000080000000, 0x0000000100000000)
  region size 1024K, 3 young (3072K), 3 survivors (3072K)
 Metaspace       used 47784K, capacity 48969K, committed 49276K, reserved 1091584K
  class space    used 6105K, capacity 6553K, committed 6656K, reserved 1048576K
}
Event: 17.563 GC heap before
{Heap before GC invocations=25 (full 0):
 garbage-first heap   total 69632K, used 37041K [0x0000000080000000, 0x0000000100000000)
  region size 1024K, 9 young (9216K), 3 survivors (3072K)
 Metaspace       used 47932K, capacity 49093K, committed 49276K, reserved 1091584K
  class space    used 6120K, capacity 6592K, committed 6656K, reserved 1048576K
}
Event: 17.582 GC heap after
{Heap after GC invocations=26 (full 0):
 garbage-first heap   total 83968K, used 33545K [0x0000000080000000, 0x0000000100000000)
  region size 1024K, 2 young (2048K), 2 survivors (2048K)
 Metaspace       used 47932K, capacity 49093K, committed 49276K, reserved 1091584K
  class space    used 6120K, capacity 6592K, committed 6656K, reserved 1048576K
}
Event: 19.494 GC heap before
{Heap before GC invocations=27 (full 0):
 garbage-first heap   total 83968K, used 63241K [0x0000000080000000, 0x0000000100000000)
  region size 1024K, 28 young (28672K), 2 survivors (2048K)
 Metaspace       used 49753K, capacity 51017K, committed 51324K, reserved 1093632K
  class space    used 6349K, capacity 6817K, committed 6912K, reserved 1048576K
}
Event: 19.538 GC heap after
{Heap after GC invocations=28 (full 0):
 garbage-first heap   total 83968K, used 43725K [0x0000000080000000, 0x0000000100000000)
  region size 1024K, 4 young (4096K), 4 survivors (4096K)
 Metaspace       used 49753K, capacity 51017K, committed 51324K, reserved 1093632K
  class space    used 6349K, capacity 6817K, committed 6912K, reserved 1048576K
}
Event: 20.978 GC heap before
{Heap before GC invocations=28 (full 0):
 garbage-first heap   total 83968K, used 65229K [0x0000000080000000, 0x0000000100000000)
  region size 1024K, 25 young (25600K), 4 survivors (4096K)
 Metaspace       used 52601K, capacity 53901K, committed 54012K, reserved 1095680K
  class space    used 6703K, capacity 7223K, committed 7296K, reserved 1048576K
}
Event: 21.038 GC heap after
{Heap after GC invocations=29 (full 0):
 garbage-first heap   total 83968K, used 44781K [0x0000000080000000, 0x0000000100000000)
  region size 1024K, 1 young (1024K), 1 survivors (1024K)
 Metaspace       used 52601K, capacity 53901K, committed 54012K, reserved 1095680K
  class space    used 6703K, capacity 7223K, committed 7296K, reserved 1048576K
}
Event: 23.292 GC heap before
{Heap before GC invocations=30 (full 0):
 garbage-first heap   total 83968K, used 66285K [0x0000000080000000, 0x0000000100000000)
  region size 1024K, 22 young (22528K), 1 survivors (1024K)
 Metaspace       used 56071K, capacity 57364K, committed 57468K, reserved 1099776K
  class space    used 7101K, capacity 7610K, committed 7680K, reserved 1048576K
}
Event: 23.299 GC heap after
{Heap after GC invocations=31 (full 0):
 garbage-first heap   total 83968K, used 45355K [0x0000000080000000, 0x0000000100000000)
  region size 1024K, 2 young (2048K), 2 survivors (2048K)
 Metaspace       used 56071K, capacity 57364K, committed 57468K, reserved 1099776K
  class space    used 7101K, capacity 7610K, committed 7680K, reserved 1048576K
}
Event: 24.369 GC heap before
{Heap before GC invocations=31 (full 0):
 garbage-first heap   total 83968K, used 66859K [0x0000000080000000, 0x0000000100000000)
  region size 1024K, 23 young (23552K), 2 survivors (2048K)
 Metaspace       used 59476K, capacity 60972K, committed 61180K, reserved 1101824K
  class space    used 7518K, capacity 8061K, committed 8064K, reserved 1048576K
}
Event: 24.383 GC heap after
{Heap after GC invocations=32 (full 0):
 garbage-first heap   total 83968K, used 46504K [0x0000000080000000, 0x0000000100000000)
  region size 1024K, 3 young (3072K), 3 survivors (3072K)
 Metaspace       used 59476K, capacity 60972K, committed 61180K, reserved 1101824K
  class space    used 7518K, capacity 8061K, committed 8064K, reserved 1048576K
}
Event: 25.169 GC heap before
{Heap before GC invocations=33 (full 0):
 garbage-first heap   total 83968K, used 66984K [0x0000000080000000, 0x0000000100000000)
  region size 1024K, 24 young (24576K), 3 survivors (3072K)
 Metaspace       used 61517K, capacity 62972K, committed 63228K, reserved 1103872K
  class space    used 7755K, capacity 8301K, committed 8320K, reserved 1048576K
}
Event: 25.208 GC heap after
{Heap after GC invocations=34 (full 0):
 garbage-first heap   total 122880K, used 48715K [0x0000000080000000, 0x0000000100000000)
  region size 1024K, 3 young (3072K), 3 survivors (3072K)
 Metaspace       used 61517K, capacity 62972K, committed 63228K, reserved 1103872K
  class space    used 7755K, capacity 8301K, committed 8320K, reserved 1048576K
}
Event: 26.397 GC heap before
{Heap before GC invocations=34 (full 0):
 garbage-first heap   total 122880K, used 83531K [0x0000000080000000, 0x0000000100000000)
  region size 1024K, 37 young (37888K), 3 survivors (3072K)
 Metaspace       used 64800K, capacity 66283K, committed 66556K, reserved 1107968K
  class space    used 8170K, capacity 8737K, committed 8832K, reserved 1048576K
}
Event: 26.415 GC heap after
{Heap after GC invocations=35 (full 0):
 garbage-first heap   total 122880K, used 52291K [0x0000000080000000, 0x0000000100000000)
  region size 1024K, 5 young (5120K), 5 survivors (5120K)
 Metaspace       used 64800K, capacity 66283K, committed 66556K, reserved 1107968K
  class space    used 8170K, capacity 8737K, committed 8832K, reserved 1048576K
}
Event: 27.381 GC heap before
{Heap before GC invocations=35 (full 0):
 garbage-first heap   total 122880K, used 89155K [0x0000000080000000, 0x0000000100000000)
  region size 1024K, 41 young (41984K), 5 survivors (5120K)
 Metaspace       used 65641K, capacity 67233K, committed 67452K, reserved 1107968K
  class space    used 8301K, capacity 8878K, committed 8960K, reserved 1048576K
}
Event: 27.397 GC heap after
{Heap after GC invocations=36 (full 0):
 garbage-first heap   total 122880K, used 54246K [0x0000000080000000, 0x0000000100000000)
  region size 1024K, 5 young (5120K), 5 survivors (5120K)
 Metaspace       used 65641K, capacity 67233K, committed 67452K, reserved 1107968K
  class space    used 8301K, capacity 8878K, committed 8960K, reserved 1048576K
}
Event: 29.134 GC heap before
{Heap before GC invocations=36 (full 0):
 garbage-first heap   total 122880K, used 94182K [0x0000000080000000, 0x0000000100000000)
  region size 1024K, 44 young (45056K), 5 survivors (5120K)
 Metaspace       used 70215K, capacity 71798K, committed 72060K, reserved 1112064K
  class space    used 9049K, capacity 9629K, committed 9728K, reserved 1048576K
}
Event: 29.151 GC heap after
{Heap after GC invocations=37 (full 0):
 garbage-first heap   total 122880K, used 56959K [0x0000000080000000, 0x0000000100000000)
  region size 1024K, 6 young (6144K), 6 survivors (6144K)
 Metaspace       used 70215K, capacity 71798K, committed 72060K, reserved 1112064K
  class space    used 9049K, capacity 9629K, committed 9728K, reserved 1048576K
}

Deoptimization events (20 events):
Event: 31.495 Thread 0x000002cc5cb11000 Uncommon trap: trap_request=0xffffff4d fr.pc=0x000002cc4b8d3880 relative=0x0000000000000060
Event: 31.495 Thread 0x000002cc5cb11000 Uncommon trap: reason=unstable_if action=reinterpret pc=0x000002cc4b8d3880 method=java.io.WinNTFileSystem.isSlash(C)Z @ 9 c2
Event: 31.495 Thread 0x000002cc5cb11000 DEOPT PACKING pc=0x000002cc4b8d3880 sp=0x000000fa178f95b0
Event: 31.495 Thread 0x000002cc5cb11000 DEOPT UNPACKING pc=0x000002cc43e0662f sp=0x000000fa178f9538 mode 2
Event: 32.072 Thread 0x000002cc5cb11000 Uncommon trap: trap_request=0xffffff4d fr.pc=0x000002cc4b9114d8 relative=0x00000000000009d8
Event: 32.072 Thread 0x000002cc5cb11000 Uncommon trap: reason=unstable_if action=reinterpret pc=0x000002cc4b9114d8 method=java.util.HashMap.resize()[Ljava/util/HashMap$Node; @ 203 c2
Event: 32.072 Thread 0x000002cc5cb11000 DEOPT PACKING pc=0x000002cc4b9114d8 sp=0x000000fa178f93e0
Event: 32.072 Thread 0x000002cc5cb11000 DEOPT UNPACKING pc=0x000002cc43e0662f sp=0x000000fa178f9380 mode 2
Event: 32.073 Thread 0x000002cc5cb11000 Uncommon trap: trap_request=0xffffff4d fr.pc=0x000002cc4bc24d80 relative=0x0000000000002a00
Event: 32.073 Thread 0x000002cc5cb11000 Uncommon trap: reason=unstable_if action=reinterpret pc=0x000002cc4bc24d80 method=java.util.HashMap.getNode(ILjava/lang/Object;)Ljava/util/HashMap$Node; @ 84 c2
Event: 32.073 Thread 0x000002cc5cb11000 DEOPT PACKING pc=0x000002cc4bc24d80 sp=0x000000fa178f9480
Event: 32.073 Thread 0x000002cc5cb11000 DEOPT UNPACKING pc=0x000002cc43e0662f sp=0x000000fa178f9368 mode 2
Event: 32.073 Thread 0x000002cc5cb11000 Uncommon trap: trap_request=0xffffff4d fr.pc=0x000002cc4bc27788 relative=0x00000000000002c8
Event: 32.073 Thread 0x000002cc5cb11000 Uncommon trap: reason=unstable_if action=reinterpret pc=0x000002cc4bc27788 method=java.util.HashMap.getNode(ILjava/lang/Object;)Ljava/util/HashMap$Node; @ 84 c2
Event: 32.073 Thread 0x000002cc5cb11000 DEOPT PACKING pc=0x000002cc4bc27788 sp=0x000000fa178f9430
Event: 32.073 Thread 0x000002cc5cb11000 DEOPT UNPACKING pc=0x000002cc43e0662f sp=0x000000fa178f9350 mode 2
Event: 32.073 Thread 0x000002cc5cb11000 Uncommon trap: trap_request=0xffffff4d fr.pc=0x000002cc4bb0da64 relative=0x00000000000001a4
Event: 32.073 Thread 0x000002cc5cb11000 Uncommon trap: reason=unstable_if action=reinterpret pc=0x000002cc4bb0da64 method=java.util.HashMap.getNode(ILjava/lang/Object;)Ljava/util/HashMap$Node; @ 84 c2
Event: 32.073 Thread 0x000002cc5cb11000 DEOPT PACKING pc=0x000002cc4bb0da64 sp=0x000000fa178f93d0
Event: 32.073 Thread 0x000002cc5cb11000 DEOPT UNPACKING pc=0x000002cc43e0662f sp=0x000000fa178f9358 mode 2

Classes redefined (0 events):
No events

Internal exceptions (20 events):
Event: 27.409 Thread 0x000002cc5cb11000 Exception <a 'java/lang/ClassNotFoundException'{0x00000000877bb810}: build_atjxkagnta0fdy3auf1uxi6gn$_run_closure1Customizer> (0x00000000877bb810) thrown at [./src/hotspot/share/classfile/systemDictionary.cpp, line 231]
Event: 27.417 Thread 0x000002cc5cb11000 Exception <a 'java/lang/ClassNotFoundException'{0x000000008761b3c8}: org/gradle/api/JavaVersionBeanInfo> (0x000000008761b3c8) thrown at [./src/hotspot/share/classfile/systemDictionary.cpp, line 231]
Event: 27.418 Thread 0x000002cc5cb11000 Exception <a 'java/lang/ClassNotFoundException'{0x0000000087646120}: org/gradle/api/JavaVersionCustomizer> (0x0000000087646120) thrown at [./src/hotspot/share/classfile/systemDictionary.cpp, line 231]
Event: 27.424 Thread 0x000002cc5cb11000 Exception <a 'java/lang/ClassNotFoundException'{0x00000000876adc70}: com/android/build/gradle/internal/CompileOptions$AgpDecorated_DecoratedBeanInfo> (0x00000000876adc70) thrown at [./src/hotspot/share/classfile/systemDictionary.cpp, line 231]
Event: 27.425 Thread 0x000002cc5cb11000 Exception <a 'java/lang/ClassNotFoundException'{0x00000000876c8e78}: com/android/build/gradle/internal/CompileOptions$AgpDecoratedBeanInfo> (0x00000000876c8e78) thrown at [./src/hotspot/share/classfile/systemDictionary.cpp, line 231]
Event: 27.426 Thread 0x000002cc5cb11000 Exception <a 'java/lang/ClassNotFoundException'{0x00000000876e2230}: com/android/build/gradle/internal/CompileOptionsBeanInfo> (0x00000000876e2230) thrown at [./src/hotspot/share/classfile/systemDictionary.cpp, line 231]
Event: 27.427 Thread 0x000002cc5cb11000 Exception <a 'java/lang/ClassNotFoundException'{0x00000000876fb930}: com/android/build/gradle/internal/CompileOptionsCustomizer> (0x00000000876fb930) thrown at [./src/hotspot/share/classfile/systemDictionary.cpp, line 231]
Event: 27.429 Thread 0x000002cc5cb11000 Exception <a 'java/lang/ClassNotFoundException'{0x00000000875231e0}: com/android/build/gradle/internal/CompileOptions$AgpDecoratedCustomizer> (0x00000000875231e0) thrown at [./src/hotspot/share/classfile/systemDictionary.cpp, line 231]
Event: 27.430 Thread 0x000002cc5cb11000 Exception <a 'java/lang/ClassNotFoundException'{0x000000008754de00}: com/android/build/gradle/internal/CompileOptions$AgpDecorated_DecoratedCustomizer> (0x000000008754de00) thrown at [./src/hotspot/share/classfile/systemDictionary.cpp, line 231]
Event: 27.440 Thread 0x000002cc5cb11000 Exception <a 'java/lang/ClassNotFoundException'{0x000000008740bcf0}: org/gradle/api/internal/artifacts/dsl/dependencies/DefaultDependencyHandler_DecoratedBeanInfo> (0x000000008740bcf0) thrown at [./src/hotspot/share/classfile/systemDictionary.cpp, line 231]
Event: 27.443 Thread 0x000002cc5cb11000 Exception <a 'java/lang/ClassNotFoundException'{0x00000000874543e0}: org/gradle/api/internal/artifacts/dsl/dependencies/DefaultDependencyHandlerBeanInfo> (0x00000000874543e0) thrown at [./src/hotspot/share/classfile/systemDictionary.cpp, line 231]
Event: 27.445 Thread 0x000002cc5cb11000 Exception <a 'java/lang/ClassNotFoundException'{0x000000008749ca80}: org/gradle/api/internal/artifacts/dsl/dependencies/DefaultDependencyHandlerCustomizer> (0x000000008749ca80) thrown at [./src/hotspot/share/classfile/systemDictionary.cpp, line 231]
Event: 27.449 Thread 0x000002cc5cb11000 Exception <a 'java/lang/ClassNotFoundException'{0x000000008730e618}: org/gradle/api/internal/artifacts/dsl/dependencies/DefaultDependencyHandler_DecoratedCustomizer> (0x000000008730e618) thrown at [./src/hotspot/share/classfile/systemDictionary.cpp, line 231]
Event: 29.761 Thread 0x000002cc5cb11000 Exception <a 'java/lang/ClassNotFoundException'{0x0000000086c5fe60}: com/android/build/gradle/internal/api/ApkVariantOutputImpl_DecoratedBeanInfo> (0x0000000086c5fe60) thrown at [./src/hotspot/share/classfile/systemDictionary.cpp, line 231]
Event: 29.762 Thread 0x000002cc5cb11000 Exception <a 'java/lang/ClassNotFoundException'{0x0000000086c7a690}: com/android/build/gradle/internal/api/ApkVariantOutputImplBeanInfo> (0x0000000086c7a690) thrown at [./src/hotspot/share/classfile/systemDictionary.cpp, line 231]
Event: 29.765 Thread 0x000002cc5cb11000 Exception <a 'java/lang/ClassNotFoundException'{0x0000000086c95980}: com/android/build/gradle/internal/api/BaseVariantOutputImplBeanInfo> (0x0000000086c95980) thrown at [./src/hotspot/share/classfile/systemDictionary.cpp, line 231]
Event: 29.769 Thread 0x000002cc5cb11000 Exception <a 'java/lang/ClassNotFoundException'{0x0000000086cb0a58}: com/android/build/gradle/internal/api/BaseVariantOutputImplCustomizer> (0x0000000086cb0a58) thrown at [./src/hotspot/share/classfile/systemDictionary.cpp, line 231]
Event: 29.777 Thread 0x000002cc5cb11000 Exception <a 'java/lang/ClassNotFoundException'{0x0000000086cde1c8}: com/android/build/gradle/internal/api/ApkVariantOutputImplCustomizer> (0x0000000086cde1c8) thrown at [./src/hotspot/share/classfile/systemDictionary.cpp, line 231]
Event: 29.781 Thread 0x000002cc5cb11000 Exception <a 'java/lang/ClassNotFoundException'{0x0000000086b08318}: com/android/build/gradle/internal/api/ApkVariantOutputImpl_DecoratedCustomizer> (0x0000000086b08318) thrown at [./src/hotspot/share/classfile/systemDictionary.cpp, line 231]
Event: 29.843 Thread 0x000002cc5cb11000 Exception <a 'java/lang/NoClassDefFoundError'{0x0000000086a758a0}: org/jetbrains/kotlin/gradle/plugin/KotlinBasePluginWrapper> (0x0000000086a758a0) thrown at [./src/hotspot/share/classfile/systemDictionary.cpp, line 220]

Events (20 events):
Event: 32.558 loading class com/android/build/gradle/internal/scope/InternalArtifactType$AAR_MAIN_JAR
Event: 32.558 loading class com/android/build/gradle/internal/scope/InternalArtifactType$AAR_MAIN_JAR done
Event: 32.560 loading class com/android/build/gradle/internal/scope/InternalArtifactType$AAR_LIBS_DIRECTORY
Event: 32.560 loading class com/android/build/gradle/internal/scope/InternalArtifactType$AAR_LIBS_DIRECTORY done
Event: 32.561 loading class com/android/build/gradle/internal/scope/InternalArtifactType$APK_FOR_LOCAL_TEST
Event: 32.561 loading class com/android/build/gradle/internal/scope/InternalArtifactType$APK_FOR_LOCAL_TEST done
Event: 32.563 loading class com/android/build/gradle/internal/scope/InternalArtifactType$ASSET_PACK_BUNDLE
Event: 32.563 loading class com/android/build/gradle/internal/scope/InternalArtifactType$ASSET_PACK_BUNDLE done
Event: 32.564 loading class com/android/build/gradle/internal/scope/InternalArtifactType$MAIN_DEX_LIST_FOR_BUNDLE
Event: 32.564 loading class com/android/build/gradle/internal/scope/InternalArtifactType$MAIN_DEX_LIST_FOR_BUNDLE done
Event: 32.570 loading class com/android/build/gradle/internal/scope/InternalArtifactType$FEATURE_DATA_BINDING_BASE_FEATURE_INFO
Event: 32.570 loading class com/android/build/gradle/internal/scope/InternalArtifactType$FEATURE_DATA_BINDING_BASE_FEATURE_INFO done
Event: 32.572 loading class com/android/build/gradle/internal/scope/InternalArtifactType$FEATURE_DATA_BINDING_FEATURE_INFO
Event: 32.572 loading class com/android/build/gradle/internal/scope/InternalArtifactType$FEATURE_DATA_BINDING_FEATURE_INFO done
Event: 32.575 loading class com/android/build/gradle/internal/scope/InternalArtifactType$FEATURE_DEX
Event: 32.575 loading class com/android/build/gradle/internal/scope/InternalArtifactType$FEATURE_DEX done
Event: 33.062 loading class org/gradle/api/internal/file/FileCollectionInternal
Event: 33.062 loading class org/gradle/api/internal/file/FileCollectionInternal done
Event: 33.062 loading class org/gradle/api/internal/tasks/TaskDependencyResolveContext
Event: 33.062 loading class org/gradle/api/internal/tasks/TaskDependencyResolveContext done


Dynamic libraries:
0x00007ff65b600000 - 0x00007ff65b60a000 	C:\Program Files\Android\Android Studio\jre\bin\java.exe
0x00007fff4ad80000 - 0x00007fff4af89000 	C:\WINDOWS\SYSTEM32\ntdll.dll
0x00007fff49600000 - 0x00007fff496bd000 	C:\WINDOWS\System32\KERNEL32.DLL
0x00007fff48600000 - 0x00007fff48974000 	C:\WINDOWS\System32\KERNELBASE.dll
0x00007fff484e0000 - 0x00007fff485f1000 	C:\WINDOWS\System32\ucrtbase.dll
0x00007fff3a740000 - 0x00007fff3a759000 	C:\Program Files\Android\Android Studio\jre\bin\jli.dll
0x00007fff347e0000 - 0x00007fff347f7000 	C:\Program Files\Android\Android Studio\jre\bin\VCRUNTIME140.dll
0x00007fff48de0000 - 0x00007fff48f8c000 	C:\WINDOWS\System32\USER32.dll
0x00007fff48390000 - 0x00007fff483b6000 	C:\WINDOWS\System32\win32u.dll
0x00007fff4aaf0000 - 0x00007fff4ab19000 	C:\WINDOWS\System32\GDI32.dll
0x00007fff483c0000 - 0x00007fff484d2000 	C:\WINDOWS\System32\gdi32full.dll
0x00007fff48270000 - 0x00007fff4830d000 	C:\WINDOWS\System32\msvcp_win.dll
0x00007fff365b0000 - 0x00007fff36855000 	C:\WINDOWS\WinSxS\amd64_microsoft.windows.common-controls_6595b64144ccf1df_6.0.22000.120_none_9d947278b86cc467\COMCTL32.dll
0x00007fff49890000 - 0x00007fff49933000 	C:\WINDOWS\System32\msvcrt.dll
0x00007fff49100000 - 0x00007fff49131000 	C:\WINDOWS\System32\IMM32.DLL
0x00007ffefac90000 - 0x00007ffefad2d000 	C:\Program Files\Android\Android Studio\jre\bin\msvcp140.dll
0x00007ffea2260000 - 0x00007ffea2d35000 	C:\Program Files\Android\Android Studio\jre\bin\server\jvm.dll
0x00007fff4ac20000 - 0x00007fff4acce000 	C:\WINDOWS\System32\ADVAPI32.dll
0x00007fff48c20000 - 0x00007fff48cbe000 	C:\WINDOWS\System32\sechost.dll
0x00007fff49230000 - 0x00007fff49350000 	C:\WINDOWS\System32\RPCRT4.dll
0x00007fff496c0000 - 0x00007fff496c8000 	C:\WINDOWS\System32\PSAPI.DLL
0x00007fff3b5d0000 - 0x00007fff3b5d9000 	C:\WINDOWS\SYSTEM32\WSOCK32.dll
0x00007fff3f7d0000 - 0x00007fff3f7da000 	C:\WINDOWS\SYSTEM32\VERSION.dll
0x00007fff49000000 - 0x00007fff4906f000 	C:\WINDOWS\System32\WS2_32.dll
0x00007fff41b80000 - 0x00007fff41bb3000 	C:\WINDOWS\SYSTEM32\WINMM.dll
0x00007fff47370000 - 0x00007fff47388000 	C:\WINDOWS\SYSTEM32\kernel.appcore.dll
0x00007fff35e00000 - 0x00007fff35e11000 	C:\Program Files\Android\Android Studio\jre\bin\verify.dll
0x00007fff3a0f0000 - 0x00007fff3a311000 	C:\WINDOWS\SYSTEM32\DBGHELP.DLL
0x00007fff37d80000 - 0x00007fff37db1000 	C:\WINDOWS\SYSTEM32\dbgcore.DLL
0x00007fff48310000 - 0x00007fff4838f000 	C:\WINDOWS\System32\bcryptPrimitives.dll
0x00007fff31710000 - 0x00007fff31739000 	C:\Program Files\Android\Android Studio\jre\bin\java.dll
0x00007fff42820000 - 0x00007fff4282b000 	C:\Program Files\Android\Android Studio\jre\bin\jimage.dll
0x00007fff00e00000 - 0x00007fff00e18000 	C:\Program Files\Android\Android Studio\jre\bin\zip.dll
0x00007fff49ed0000 - 0x00007fff4a67e000 	C:\WINDOWS\System32\SHELL32.dll
0x00007fff463e0000 - 0x00007fff46c47000 	C:\WINDOWS\SYSTEM32\windows.storage.dll
0x00007fff499b0000 - 0x00007fff49d28000 	C:\WINDOWS\System32\combase.dll
0x00007fff46270000 - 0x00007fff463d6000 	C:\WINDOWS\SYSTEM32\wintypes.dll
0x00007fff49510000 - 0x00007fff495fa000 	C:\WINDOWS\System32\SHCORE.dll
0x00007fff491d0000 - 0x00007fff4922d000 	C:\WINDOWS\System32\shlwapi.dll
0x00007fff481a0000 - 0x00007fff481c1000 	C:\WINDOWS\SYSTEM32\profapi.dll
0x00007fff00de0000 - 0x00007fff00dfa000 	C:\Program Files\Android\Android Studio\jre\bin\net.dll
0x00007fff41a00000 - 0x00007fff41b0c000 	C:\WINDOWS\SYSTEM32\WINHTTP.dll
0x00007fff477a0000 - 0x00007fff47807000 	C:\WINDOWS\system32\mswsock.dll
0x00007ffefdbf0000 - 0x00007ffefdc04000 	C:\Program Files\Android\Android Studio\jre\bin\nio.dll
0x00007fff359f0000 - 0x00007fff35a17000 	C:\Users\acer\.gradle\native\e1d6ef7f7dcc3fd88c89a11ec53ec762bb8ba0a96d01ffa2cd45eb1d1d8dd5c5\windows-amd64\native-platform.dll
0x00007ffefaa40000 - 0x00007ffefab84000 	C:\Users\acer\.gradle\native\5664cfc778a61ccfe75a443a1ab52a65af34e5dc3c78e0209fed803814484fcb\windows-amd64\native-platform-file-events.dll
0x00007fff3af40000 - 0x00007fff3af4a000 	C:\Program Files\Android\Android Studio\jre\bin\management.dll
0x00007fff39af0000 - 0x00007fff39afd000 	C:\Program Files\Android\Android Studio\jre\bin\management_ext.dll
0x00007fff479e0000 - 0x00007fff479f8000 	C:\WINDOWS\SYSTEM32\CRYPTSP.dll
0x00007fff472d0000 - 0x00007fff47305000 	C:\WINDOWS\system32\rsaenh.dll
0x00007fff47890000 - 0x00007fff478b9000 	C:\WINDOWS\SYSTEM32\USERENV.dll
0x00007fff47b60000 - 0x00007fff47b87000 	C:\WINDOWS\SYSTEM32\bcrypt.dll
0x00007fff47a00000 - 0x00007fff47a0c000 	C:\WINDOWS\SYSTEM32\CRYPTBASE.dll
0x00007fff46ea0000 - 0x00007fff46ecd000 	C:\WINDOWS\SYSTEM32\IPHLPAPI.DLL
0x00007fff48f90000 - 0x00007fff48f99000 	C:\WINDOWS\System32\NSI.dll
0x00007fff419c0000 - 0x00007fff419d9000 	C:\WINDOWS\SYSTEM32\dhcpcsvc6.DLL
0x00007fff41ee0000 - 0x00007fff41efe000 	C:\WINDOWS\SYSTEM32\dhcpcsvc.DLL
0x00007fff46ed0000 - 0x00007fff46fb7000 	C:\WINDOWS\SYSTEM32\DNSAPI.dll

dbghelp: loaded successfully - version: 4.0.5 - missing functions: none
symbol engine: initialized successfully - sym options: 0x614 - pdb path: .;C:\Program Files\Android\Android Studio\jre\bin;C:\WINDOWS\SYSTEM32;C:\WINDOWS\WinSxS\amd64_microsoft.windows.common-controls_6595b64144ccf1df_6.0.22000.120_none_9d947278b86cc467;C:\Program Files\Android\Android Studio\jre\bin\server;C:\Users\acer\.gradle\native\e1d6ef7f7dcc3fd88c89a11ec53ec762bb8ba0a96d01ffa2cd45eb1d1d8dd5c5\windows-amd64;C:\Users\acer\.gradle\native\5664cfc778a61ccfe75a443a1ab52a65af34e5dc3c78e0209fed803814484fcb\windows-amd64

VM Arguments:
jvm_args: --add-opens=java.base/java.util=ALL-UNNAMED --add-opens=java.base/java.lang=ALL-UNNAMED --add-opens=java.base/java.lang.invoke=ALL-UNNAMED --add-opens=java.base/java.util=ALL-UNNAMED --add-opens=java.prefs/java.util.prefs=ALL-UNNAMED --add-opens=java.prefs/java.util.prefs=ALL-UNNAMED --add-opens=java.base/java.nio.charset=ALL-UNNAMED --add-opens=java.base/java.net=ALL-UNNAMED --add-opens=java.base/java.util.concurrent.atomic=ALL-UNNAMED -Xmx2048m -Dfile.encoding=UTF-8 -Duser.country=US -Duser.language=en -Duser.variant 
java_command: org.gradle.launcher.daemon.bootstrap.GradleDaemon 7.2
java_class_path (initial): C:\Users\acer\.gradle\wrapper\dists\gradle-7.2-bin\2dnblmf4td7x66yl1d74lt32g\gradle-7.2\lib\gradle-launcher-7.2.jar
Launcher Type: SUN_STANDARD

[Global flags]
     intx CICompilerCount                          = 4                                         {product} {ergonomic}
     uint ConcGCThreads                            = 2                                         {product} {ergonomic}
     uint G1ConcRefinementThreads                  = 8                                         {product} {ergonomic}
   size_t G1HeapRegionSize                         = 1048576                                   {product} {ergonomic}
    uintx GCDrainStackTargetSize                   = 64                                        {product} {ergonomic}
   size_t InitialHeapSize                          = 58720256                                  {product} {ergonomic}
   size_t MarkStackSize                            = 4194304                                   {product} {ergonomic}
   size_t MaxHeapSize                              = 2147483648                                {product} {command line}
   size_t MaxNewSize                               = 1287651328                                {product} {ergonomic}
   size_t MinHeapDeltaBytes                        = 1048576                                   {product} {ergonomic}
    uintx NonNMethodCodeHeapSize                   = 5836300                                {pd product} {ergonomic}
    uintx NonProfiledCodeHeapSize                  = 122910970                              {pd product} {ergonomic}
    uintx ProfiledCodeHeapSize                     = 122910970                              {pd product} {ergonomic}
    uintx ReservedCodeCacheSize                    = 251658240                              {pd product} {ergonomic}
     bool SegmentedCodeCache                       = true                                      {product} {ergonomic}
     bool UseCompressedClassPointers               = true                                 {lp64_product} {ergonomic}
     bool UseCompressedOops                        = true                                 {lp64_product} {ergonomic}
     bool UseG1GC                                  = true                                      {product} {ergonomic}
     bool UseLargePagesIndividualAllocation        = false                                  {pd product} {ergonomic}

Logging:
Log output configuration:
 #0: stdout all=warning uptime,level,tags
 #1: stderr all=off uptime,level,tags

Environment Variables:
PATH=C:\Program Files\Microsoft MPI\Bin\;C:\Program Files (x86)\Common Files\Intel\Shared Files\cpp\bin\Intel64;C:\WINDOWS\system32;C:\WINDOWS;C:\WINDOWS\System32\Wbem;C:\WINDOWS\System32\WindowsPowerShell\v1.0\;C:\WINDOWS\System32\OpenSSH\;C:\Program Files\Microsoft SQL Server\Client SDK\ODBC\170\Tools\Binn\;C:\Program Files (x86)\Microsoft SQL Server\150\Tools\Binn\;C:\Program Files\Microsoft SQL Server\150\Tools\Binn\;C:\Program Files\Microsoft SQL Server\150\DTS\Binn\;C:\Program Files (x86)\Microsoft SQL Server\150\DTS\Binn\;C:\Program Files\Azure Data Studio\bin;C:\Program Files\dotnet\;C:\Program Files (x86)\dotnet\;D;C:\HashiCorp\Vagrant\bin;C:\Program Files\Kubernetes\Minikube;C:\minikube;C:\Program Files\Git\cmd;C:\Program Files\Microsoft SQL Server\130\Tools\Binn\;C:\Users\acer\AppData\Local\Programs\Python\Python39\Scripts\;C:\Users\acer\AppData\Local\Programs\Python\Python39\;C:\Users\acer\AppData\Local\Microsoft\WindowsApps;;C:\Program Files\Azure Data Studio\bin;C:\Users\acer\AppData\Local\Programs\Microsoft VS Code\bin;C:\Users\acer\.dotnet\tools
USERNAME=acer
OS=Windows_NT
PROCESSOR_IDENTIFIER=AMD64 Family 23 Model 24 Stepping 1, AuthenticAMD



---------------  S Y S T E M  ---------------

OS: Windows 10 , 64 bit Build 22000 (10.0.22000.434)
OS uptime: 10 days 22:51 hours

CPU:total 8 (initial active 8) (8 cores per cpu, 2 threads per core) family 23 model 24 stepping 1 microcode 0x0, cmov, cx8, fxsr, mmx, sse, sse2, sse3, ssse3, sse4.1, sse4.2, popcnt, avx, avx2, aes, clmul, mmxext, 3dnowpref, lzcnt, sse4a, ht, tsc, tscinvbit, tscinv, bmi1, bmi2, adx, s

Memory: 4k page, system-wide physical 3514M (17M free)
TotalPageFile size 14266M (AvailPageFile size 7M)
current process WorkingSet (physical memory assigned to process): 92M, peak: 243M
current process commit charge ("private bytes"): 366M, peak: 371M

vm_info: OpenJDK 64-Bit Server VM (11.0.11+9-b60-7590822) for windows-amd64 JRE (11.0.11+9-b60-7590822), built on Jul 29 2021 21:43:44 by "builder" with MS VC++ 14.0 (VS2015)

END.
