#
# There is insufficient memory for the Java Runtime Environment to continue.
# Native memory allocation (malloc) failed to allocate 1393296 bytes for Chunk::new
# Possible reasons:
#   The system is out of physical RAM or swap space
#   The process is running with CompressedOops enabled, and the Java Heap may be blocking the growth of the native heap
# Possible solutions:
#   Reduce memory load on the system
#   Increase physical memory or swap space
#   Check if swap backing store is full
#   Decrease Java heap size (-Xmx/-Xms)
#   Decrease number of Java threads
#   Decrease Java thread stack sizes (-Xss)
#   Set larger code cache with -XX:ReservedCodeCacheSize=
#   JVM is running with Unscaled Compressed Oops mode in which the Java heap is
#     placed in the first 4GB address space. The Java Heap base address is the
#     maximum limit for the native heap growth. Please use -XX:HeapBaseMinAddress
#     to set the Java Heap base and to place the Java Heap above 4GB virtual address.
# This output file may be truncated or incomplete.
#
#  Out of Memory Error (./src/hotspot/share/memory/arena.cpp:197), pid=10376, tid=16532
#
# JRE version: OpenJDK Runtime Environment (11.0.11+9) (build 11.0.11+9-b60-7590822)
# Java VM: OpenJDK 64-Bit Server VM (11.0.11+9-b60-7590822, mixed mode, tiered, compressed oops, g1 gc, windows-amd64)
# No core dump will be written. Minidumps are not enabled by default on client versions of Windows
#

---------------  S U M M A R Y ------------

Command Line: --add-opens=java.base/java.util=ALL-UNNAMED --add-opens=java.base/java.lang=ALL-UNNAMED --add-opens=java.base/java.lang.invoke=ALL-UNNAMED --add-opens=java.base/java.util=ALL-UNNAMED --add-opens=java.prefs/java.util.prefs=ALL-UNNAMED --add-opens=java.prefs/java.util.prefs=ALL-UNNAMED --add-opens=java.base/java.nio.charset=ALL-UNNAMED --add-opens=java.base/java.net=ALL-UNNAMED --add-opens=java.base/java.util.concurrent.atomic=ALL-UNNAMED -Xmx2048m -Dfile.encoding=UTF-8 -Duser.country=US -Duser.language=en -Duser.variant org.gradle.launcher.daemon.bootstrap.GradleDaemon 7.2

Host: AMD Ryzen 5 3500U with Radeon Vega Mobile Gfx  , 8 cores, 3G,  Windows 10 , 64 bit Build 22000 (10.0.22000.434)
Time: Mon Mar 21 14:05:59 2022 SE Asia Standard Time elapsed time: 7.230846 seconds (0d 0h 0m 7s)

---------------  T H R E A D  ---------------

Current thread (0x00000128479b9800):  JavaThread "C2 CompilerThread0" daemon [_thread_in_native, id=16532, stack(0x00000022f6800000,0x00000022f6900000)]


Current CompileTask:
C2:   7230 2017   !   4       java.lang.ClassLoader::loadClass (122 bytes)

Stack: [0x00000022f6800000,0x00000022f6900000]
Native frames: (J=compiled Java code, j=interpreted, Vv=VM code, C=native code)
V  [jvm.dll+0x5f214a]
V  [jvm.dll+0x726fb5]
V  [jvm.dll+0x7285cd]
V  [jvm.dll+0x728c83]
V  [jvm.dll+0x243278]
V  [jvm.dll+0xbc53c]
V  [jvm.dll+0xbca3c]
V  [jvm.dll+0x353e7d]
V  [jvm.dll+0x19895c]
V  [jvm.dll+0x1fc2ee]
V  [jvm.dll+0x1fb3d4]
V  [jvm.dll+0x183d6c]
V  [jvm.dll+0x209a57]
V  [jvm.dll+0x2082a1]
V  [jvm.dll+0x6ef58f]
V  [jvm.dll+0x6e80b5]
V  [jvm.dll+0x5f1036]
C  [ucrtbase.dll+0x26c0c]
C  [KERNEL32.DLL+0x154e0]
C  [ntdll.dll+0x485b]


---------------  P R O C E S S  ---------------

Threads class SMR info:
_java_thread_list=0x0000012849adb410, length=24, elements={
0x000001282cbff800, 0x0000012847029800, 0x0000012847037000, 0x00000128479b2800,
0x00000128479b3800, 0x00000128479b5800, 0x00000128479b9800, 0x00000128479be800,
0x000001284708c800, 0x0000012847afa800, 0x0000012848e34000, 0x0000012849511800,
0x0000012849512800, 0x0000012849511000, 0x0000012849513800, 0x000001284950f800,
0x0000012849510000, 0x0000012849514000, 0x0000012849515000, 0x0000012849516000,
0x0000012847efb000, 0x0000012847efd800, 0x0000012847efe800, 0x0000012847f01000
}

Java Threads: ( => current thread )
  0x000001282cbff800 JavaThread "main" [_thread_blocked, id=21448, stack(0x00000022f5c00000,0x00000022f5d00000)]
  0x0000012847029800 JavaThread "Reference Handler" daemon [_thread_blocked, id=5944, stack(0x00000022f6300000,0x00000022f6400000)]
  0x0000012847037000 JavaThread "Finalizer" daemon [_thread_blocked, id=24600, stack(0x00000022f6400000,0x00000022f6500000)]
  0x00000128479b2800 JavaThread "Signal Dispatcher" daemon [_thread_blocked, id=9548, stack(0x00000022f6500000,0x00000022f6600000)]
  0x00000128479b3800 JavaThread "Attach Listener" daemon [_thread_blocked, id=8512, stack(0x00000022f6600000,0x00000022f6700000)]
  0x00000128479b5800 JavaThread "Service Thread" daemon [_thread_blocked, id=8528, stack(0x00000022f6700000,0x00000022f6800000)]
=>0x00000128479b9800 JavaThread "C2 CompilerThread0" daemon [_thread_in_native, id=16532, stack(0x00000022f6800000,0x00000022f6900000)]
  0x00000128479be800 JavaThread "C1 CompilerThread0" daemon [_thread_blocked, id=9612, stack(0x00000022f6900000,0x00000022f6a00000)]
  0x000001284708c800 JavaThread "Sweeper thread" daemon [_thread_blocked, id=23848, stack(0x00000022f6a00000,0x00000022f6b00000)]
  0x0000012847afa800 JavaThread "Common-Cleaner" daemon [_thread_blocked, id=14384, stack(0x00000022f6b00000,0x00000022f6c00000)]
  0x0000012848e34000 JavaThread "Daemon health stats" [_thread_blocked, id=21344, stack(0x00000022f6e00000,0x00000022f6f00000)]
  0x0000012849511800 JavaThread "Incoming local TCP Connector on port 62496" [_thread_in_native, id=18196, stack(0x00000022f6f00000,0x00000022f7000000)]
  0x0000012849512800 JavaThread "Daemon periodic checks" [_thread_blocked, id=14312, stack(0x00000022f7000000,0x00000022f7100000)]
  0x0000012849511000 JavaThread "Daemon" [_thread_blocked, id=6460, stack(0x00000022f7100000,0x00000022f7200000)]
  0x0000012849513800 JavaThread "Handler for socket connection from /127.0.0.1:62496 to /127.0.0.1:62497" [_thread_in_native, id=7332, stack(0x00000022f7200000,0x00000022f7300000)]
  0x000001284950f800 JavaThread "Cancel handler" [_thread_blocked, id=18948, stack(0x00000022f7300000,0x00000022f7400000)]
  0x0000012849510000 JavaThread "Daemon worker" [_thread_in_vm, id=24732, stack(0x00000022f7400000,0x00000022f7500000)]
  0x0000012849514000 JavaThread "Asynchronous log dispatcher for DefaultDaemonConnection: socket connection from /127.0.0.1:62496 to /127.0.0.1:62497" [_thread_blocked, id=25464, stack(0x00000022f7500000,0x00000022f7600000)]
  0x0000012849515000 JavaThread "Stdin handler" [_thread_blocked, id=11296, stack(0x00000022f7600000,0x00000022f7700000)]
  0x0000012849516000 JavaThread "Daemon client event forwarder" [_thread_blocked, id=9772, stack(0x00000022f7700000,0x00000022f7800000)]
  0x0000012847efb000 JavaThread "Cache worker for journal cache (C:\Users\acer\.gradle\caches\journal-1)" [_thread_blocked, id=176, stack(0x00000022f7e00000,0x00000022f7f00000)]
  0x0000012847efd800 JavaThread "File lock request listener" [_thread_in_native, id=12320, stack(0x00000022f7f00000,0x00000022f8000000)]
  0x0000012847efe800 JavaThread "Cache worker for file hash cache (C:\Users\acer\.gradle\caches\7.2\fileHashes)" [_thread_blocked, id=11172, stack(0x00000022f8000000,0x00000022f8100000)]
  0x0000012847f01000 JavaThread "Cache worker for file hash cache (C:\Users\acer\AndroidStudioProjects\constraint_layout - 2\.gradle\7.2\fileHashes)" [_thread_blocked, id=19004, stack(0x00000022f8200000,0x00000022f8300000)]

Other Threads:
  0x0000012847027000 VMThread "VM Thread" [stack: 0x00000022f6200000,0x00000022f6300000] [id=19160]
  0x0000012847b48000 WatcherThread [stack: 0x00000022f6c00000,0x00000022f6d00000] [id=21052]
  0x000001282cc19800 GCTaskThread "GC Thread#0" [stack: 0x00000022f5d00000,0x00000022f5e00000] [id=4056]
  0x0000012847d8f000 GCTaskThread "GC Thread#1" [stack: 0x00000022f6d00000,0x00000022f6e00000] [id=15200]
  0x0000012847ab5000 GCTaskThread "GC Thread#2" [stack: 0x00000022f7800000,0x00000022f7900000] [id=10340]
  0x0000012849806800 GCTaskThread "GC Thread#3" [stack: 0x00000022f7900000,0x00000022f7a00000] [id=19360]
  0x0000012848762800 GCTaskThread "GC Thread#4" [stack: 0x00000022f7a00000,0x00000022f7b00000] [id=19832]
  0x0000012848bf5000 GCTaskThread "GC Thread#5" [stack: 0x00000022f7b00000,0x00000022f7c00000] [id=12044]
  0x0000012848bf2000 GCTaskThread "GC Thread#6" [stack: 0x00000022f7c00000,0x00000022f7d00000] [id=3032]
  0x0000012848bf2800 GCTaskThread "GC Thread#7" [stack: 0x00000022f7d00000,0x00000022f7e00000] [id=9488]
  0x000001282cc4c000 ConcurrentGCThread "G1 Main Marker" [stack: 0x00000022f5e00000,0x00000022f5f00000] [id=16996]
  0x000001282cc4d000 ConcurrentGCThread "G1 Conc#0" [stack: 0x00000022f5f00000,0x00000022f6000000] [id=18912]
  0x000001284879e800 ConcurrentGCThread "G1 Conc#1" [stack: 0x00000022f8100000,0x00000022f8200000] [id=21088]
  0x000001282cca5800 ConcurrentGCThread "G1 Refine#0" [stack: 0x00000022f6000000,0x00000022f6100000] [id=5636]
  0x000001282cca7800 ConcurrentGCThread "G1 Young RemSet Sampling" [stack: 0x00000022f6100000,0x00000022f6200000] [id=11204]

Threads with active compile tasks:
C2 CompilerThread0   7276 2017   !   4       java.lang.ClassLoader::loadClass (122 bytes)

VM state:not at safepoint (normal execution)

VM Mutex/Monitor currently owned by a thread: None

Heap address: 0x0000000080000000, size: 2048 MB, Compressed Oops mode: 32-bit
Narrow klass base: 0x0000000000000000, Narrow klass shift: 3
Compressed class space size: 1073741824 Address: 0x0000000100000000

Heap:
 garbage-first heap   total 57344K, used 33555K [0x0000000080000000, 0x0000000100000000)
  region size 1024K, 18 young (18432K), 2 survivors (2048K)
 Metaspace       used 24085K, capacity 24673K, committed 24832K, reserved 1071104K
  class space    used 3082K, capacity 3300K, committed 3328K, reserved 1048576K
Heap Regions: E=young(eden), S=young(survivor), O=old, HS=humongous(starts), HC=humongous(continues), CS=collection set, F=free, A=archive, TAMS=top-at-mark-start (previous, next)
|   0|0x0000000080000000, 0x0000000080100000, 0x0000000080100000|100%| O|  |TAMS 0x0000000080100000, 0x0000000080000000| Untracked 
|   1|0x0000000080100000, 0x0000000080200000, 0x0000000080200000|100%| O|  |TAMS 0x0000000080200000, 0x0000000080100000| Untracked 
|   2|0x0000000080200000, 0x0000000080300000, 0x0000000080300000|100%| O|  |TAMS 0x0000000080300000, 0x0000000080200000| Untracked 
|   3|0x0000000080300000, 0x0000000080400000, 0x0000000080400000|100%|HS|  |TAMS 0x0000000080400000, 0x0000000080300000| Complete 
|   4|0x0000000080400000, 0x0000000080500000, 0x0000000080500000|100%|HC|  |TAMS 0x0000000080500000, 0x0000000080400000| Complete 
|   5|0x0000000080500000, 0x0000000080600000, 0x0000000080600000|100%|HC|  |TAMS 0x0000000080600000, 0x0000000080500000| Complete 
|   6|0x0000000080600000, 0x0000000080700000, 0x0000000080700000|100%| O|  |TAMS 0x0000000080700000, 0x0000000080600000| Untracked 
|   7|0x0000000080700000, 0x0000000080800000, 0x0000000080800000|100%| O|  |TAMS 0x0000000080800000, 0x0000000080700000| Untracked 
|   8|0x0000000080800000, 0x0000000080900000, 0x0000000080900000|100%| O|  |TAMS 0x0000000080900000, 0x0000000080800000| Untracked 
|   9|0x0000000080900000, 0x0000000080a00000, 0x0000000080a00000|100%| O|  |TAMS 0x0000000080a00000, 0x0000000080900000| Untracked 
|  10|0x0000000080a00000, 0x0000000080b00000, 0x0000000080b00000|100%| O|  |TAMS 0x0000000080b00000, 0x0000000080a00000| Untracked 
|  11|0x0000000080b00000, 0x0000000080c00000, 0x0000000080c00000|100%| O|  |TAMS 0x0000000080c00000, 0x0000000080b00000| Untracked 
|  12|0x0000000080c00000, 0x0000000080d00000, 0x0000000080d00000|100%| O|  |TAMS 0x0000000080d00000, 0x0000000080c00000| Untracked 
|  13|0x0000000080d00000, 0x0000000080e00000, 0x0000000080e00000|100%| O|  |TAMS 0x0000000080e00000, 0x0000000080d00000| Untracked 
|  14|0x0000000080e00000, 0x0000000080f00000, 0x0000000080f00000|100%| O|  |TAMS 0x0000000080f00000, 0x0000000080e00000| Untracked 
|  15|0x0000000080f00000, 0x0000000080ffb600, 0x0000000081000000| 98%| O|  |TAMS 0x0000000080ffb600, 0x0000000080f00000| Untracked 
|  16|0x0000000081000000, 0x0000000081000000, 0x0000000081100000|  0%| F|  |TAMS 0x0000000081000000, 0x0000000081000000| Untracked 
|  17|0x0000000081100000, 0x0000000081100000, 0x0000000081200000|  0%| F|  |TAMS 0x0000000081100000, 0x0000000081100000| Untracked 
|  18|0x0000000081200000, 0x0000000081200000, 0x0000000081300000|  0%| F|  |TAMS 0x0000000081200000, 0x0000000081200000| Untracked 
|  19|0x0000000081300000, 0x0000000081300000, 0x0000000081400000|  0%| F|  |TAMS 0x0000000081300000, 0x0000000081300000| Untracked 
|  20|0x0000000081400000, 0x0000000081400000, 0x0000000081500000|  0%| F|  |TAMS 0x0000000081400000, 0x0000000081400000| Untracked 
|  21|0x0000000081500000, 0x0000000081500000, 0x0000000081600000|  0%| F|  |TAMS 0x0000000081500000, 0x0000000081500000| Untracked 
|  22|0x0000000081600000, 0x0000000081600000, 0x0000000081700000|  0%| F|  |TAMS 0x0000000081600000, 0x0000000081600000| Untracked 
|  23|0x0000000081700000, 0x0000000081700000, 0x0000000081800000|  0%| F|  |TAMS 0x0000000081700000, 0x0000000081700000| Untracked 
|  24|0x0000000081800000, 0x0000000081800000, 0x0000000081900000|  0%| F|  |TAMS 0x0000000081800000, 0x0000000081800000| Untracked 
|  25|0x0000000081900000, 0x0000000081900000, 0x0000000081a00000|  0%| F|  |TAMS 0x0000000081900000, 0x0000000081900000| Untracked 
|  26|0x0000000081a00000, 0x0000000081a00000, 0x0000000081b00000|  0%| F|  |TAMS 0x0000000081a00000, 0x0000000081a00000| Untracked 
|  27|0x0000000081b00000, 0x0000000081b00000, 0x0000000081c00000|  0%| F|  |TAMS 0x0000000081b00000, 0x0000000081b00000| Untracked 
|  28|0x0000000081c00000, 0x0000000081c00000, 0x0000000081d00000|  0%| F|  |TAMS 0x0000000081c00000, 0x0000000081c00000| Untracked 
|  29|0x0000000081d00000, 0x0000000081d00000, 0x0000000081e00000|  0%| F|  |TAMS 0x0000000081d00000, 0x0000000081d00000| Untracked 
|  30|0x0000000081e00000, 0x0000000081e00000, 0x0000000081f00000|  0%| F|  |TAMS 0x0000000081e00000, 0x0000000081e00000| Untracked 
|  31|0x0000000081f00000, 0x0000000081f00000, 0x0000000082000000|  0%| F|  |TAMS 0x0000000081f00000, 0x0000000081f00000| Untracked 
|  32|0x0000000082000000, 0x0000000082000000, 0x0000000082100000|  0%| F|  |TAMS 0x0000000082000000, 0x0000000082000000| Untracked 
|  33|0x0000000082100000, 0x00000000821c9970, 0x0000000082200000| 78%| S|CS|TAMS 0x0000000082100000, 0x0000000082100000| Complete 
|  34|0x0000000082200000, 0x0000000082300000, 0x0000000082300000|100%| S|CS|TAMS 0x0000000082200000, 0x0000000082200000| Complete 
|  35|0x0000000082300000, 0x0000000082300000, 0x0000000082400000|  0%| F|  |TAMS 0x0000000082300000, 0x0000000082300000| Untracked 
|  36|0x0000000082400000, 0x0000000082400000, 0x0000000082500000|  0%| F|  |TAMS 0x0000000082400000, 0x0000000082400000| Untracked 
|  37|0x0000000082500000, 0x0000000082500000, 0x0000000082600000|  0%| F|  |TAMS 0x0000000082500000, 0x0000000082500000| Untracked 
|  38|0x0000000082600000, 0x0000000082600000, 0x0000000082700000|  0%| F|  |TAMS 0x0000000082600000, 0x0000000082600000| Untracked 
|  39|0x0000000082700000, 0x0000000082700000, 0x0000000082800000|  0%| F|  |TAMS 0x0000000082700000, 0x0000000082700000| Untracked 
|  40|0x0000000082800000, 0x0000000082847648, 0x0000000082900000| 27%| E|  |TAMS 0x0000000082800000, 0x0000000082800000| Complete 
|  41|0x0000000082900000, 0x0000000082a00000, 0x0000000082a00000|100%| E|CS|TAMS 0x0000000082900000, 0x0000000082900000| Complete 
|  42|0x0000000082a00000, 0x0000000082b00000, 0x0000000082b00000|100%| E|CS|TAMS 0x0000000082a00000, 0x0000000082a00000| Complete 
|  43|0x0000000082b00000, 0x0000000082c00000, 0x0000000082c00000|100%| E|CS|TAMS 0x0000000082b00000, 0x0000000082b00000| Complete 
|  44|0x0000000082c00000, 0x0000000082d00000, 0x0000000082d00000|100%| E|CS|TAMS 0x0000000082c00000, 0x0000000082c00000| Complete 
|  45|0x0000000082d00000, 0x0000000082e00000, 0x0000000082e00000|100%| E|CS|TAMS 0x0000000082d00000, 0x0000000082d00000| Complete 
|  46|0x0000000082e00000, 0x0000000082f00000, 0x0000000082f00000|100%| E|CS|TAMS 0x0000000082e00000, 0x0000000082e00000| Complete 
|  47|0x0000000082f00000, 0x0000000083000000, 0x0000000083000000|100%| E|CS|TAMS 0x0000000082f00000, 0x0000000082f00000| Complete 
|  48|0x0000000083000000, 0x0000000083100000, 0x0000000083100000|100%| E|CS|TAMS 0x0000000083000000, 0x0000000083000000| Complete 
|  49|0x0000000083100000, 0x0000000083200000, 0x0000000083200000|100%| E|CS|TAMS 0x0000000083100000, 0x0000000083100000| Complete 
|  50|0x0000000083200000, 0x0000000083300000, 0x0000000083300000|100%| E|CS|TAMS 0x0000000083200000, 0x0000000083200000| Complete 
|  51|0x0000000083300000, 0x0000000083400000, 0x0000000083400000|100%| E|CS|TAMS 0x0000000083300000, 0x0000000083300000| Complete 
|  52|0x0000000083400000, 0x0000000083500000, 0x0000000083500000|100%| E|CS|TAMS 0x0000000083400000, 0x0000000083400000| Complete 
|  53|0x0000000083500000, 0x0000000083600000, 0x0000000083600000|100%| E|CS|TAMS 0x0000000083500000, 0x0000000083500000| Complete 
|  54|0x0000000083600000, 0x0000000083700000, 0x0000000083700000|100%| E|CS|TAMS 0x0000000083600000, 0x0000000083600000| Complete 
|  55|0x0000000083700000, 0x0000000083800000, 0x0000000083800000|100%| E|CS|TAMS 0x0000000083700000, 0x0000000083700000| Complete 

Card table byte_map: [0x000001283fe30000,0x0000012840230000] _byte_map_base: 0x000001283fa30000

Marking Bits (Prev, Next): (CMBitMap*) 0x000001282cc43030, (CMBitMap*) 0x000001282cc42ff8
 Prev Bits: [0x0000012842630000, 0x0000012844630000)
 Next Bits: [0x0000012840630000, 0x0000012842630000)

Polling page: 0x000001282aba0000

Metaspace:

Usage:
  Non-class:     20.87 MB capacity,    20.52 MB ( 98%) used,   321.35 KB (  2%) free+waste,    44.13 KB ( <1%) overhead. 
      Class:      3.22 MB capacity,     3.01 MB ( 93%) used,   192.44 KB (  6%) free+waste,    22.13 KB ( <1%) overhead. 
       Both:     24.09 MB capacity,    23.53 MB ( 98%) used,   513.79 KB (  2%) free+waste,    66.25 KB ( <1%) overhead. 

Virtual space:
  Non-class space:       22.00 MB reserved,      21.00 MB ( 95%) committed 
      Class space:        1.00 GB reserved,       3.25 MB ( <1%) committed 
             Both:        1.02 GB reserved,      24.25 MB (  2%) committed 

Chunk freelists:
   Non-Class:  3.00 KB
       Class:  28.00 KB
        Both:  31.00 KB

MaxMetaspaceSize: 17179869184.00 GB
CompressedClassSpaceSize: 1.00 GB

CodeHeap 'non-profiled nmethods': size=120000Kb used=880Kb max_used=880Kb free=119119Kb
 bounds [0x00000128381d0000, 0x0000012838440000, 0x000001283f700000]
CodeHeap 'profiled nmethods': size=120000Kb used=4512Kb max_used=4512Kb free=115487Kb
 bounds [0x0000012830ca0000, 0x0000012831110000, 0x00000128381d0000]
CodeHeap 'non-nmethods': size=5760Kb used=1154Kb max_used=1165Kb free=4605Kb
 bounds [0x0000012830700000, 0x0000012830970000, 0x0000012830ca0000]
 total_blobs=2604 nmethods=2111 adapters=404
 compilation: enabled
              stopped_count=0, restarted_count=0
 full_count=0

Compilation events (20 events):
Event: 7.143 Thread 0x00000128479be800 2101       3       org.objectweb.asm.SymbolTable::addType (81 bytes)
Event: 7.143 Thread 0x00000128479be800 nmethod 2101 0x00000128310f9890 code [0x00000128310f9ac0, 0x00000128310fa098]
Event: 7.143 Thread 0x00000128479be800 2103       3       org.objectweb.asm.Frame::pop (44 bytes)
Event: 7.144 Thread 0x00000128479be800 nmethod 2103 0x00000128310fa390 code [0x00000128310fa540, 0x00000128310fa6b8]
Event: 7.144 Thread 0x00000128479be800 2102       3       org.objectweb.asm.Frame::getLocal (46 bytes)
Event: 7.144 Thread 0x00000128479be800 nmethod 2102 0x00000128310fa790 code [0x00000128310fa940, 0x00000128310fab38]
Event: 7.147 Thread 0x00000128479be800 2105       3       org.objectweb.asm.ByteVector::putShort (52 bytes)
Event: 7.148 Thread 0x00000128479be800 nmethod 2105 0x00000128310fac10 code [0x00000128310fade0, 0x00000128310fafe8]
Event: 7.148 Thread 0x00000128479be800 2104       1       org.objectweb.asm.SymbolTable::getMajorVersion (5 bytes)
Event: 7.148 Thread 0x00000128479be800 nmethod 2104 0x00000128382ab910 code [0x00000128382abac0, 0x00000128382abb78]
Event: 7.149 Thread 0x00000128479be800 2106       3       jdk.internal.org.objectweb.asm.ClassReader::readUnsignedShort (26 bytes)
Event: 7.150 Thread 0x00000128479be800 nmethod 2106 0x00000128310fb110 code [0x00000128310fb2c0, 0x00000128310fb418]
Event: 7.202 Thread 0x00000128479be800 2108       3       java.lang.invoke.VarHandleGuards::guard_LL_V (103 bytes)
Event: 7.206 Thread 0x00000128479be800 nmethod 2108 0x00000128310fb510 code [0x00000128310fb880, 0x00000128310fd328]
Event: 7.218 Thread 0x00000128479be800 2110       3       java.lang.invoke.VarHandleObjects$FieldInstanceReadWrite::set (30 bytes)
Event: 7.219 Thread 0x00000128479be800 nmethod 2110 0x00000128310fdc10 code [0x00000128310fde40, 0x00000128310fe548]
Event: 7.224 Thread 0x00000128479be800 2111       3       java.util.LinkedHashMap$LinkedValueIterator::next (8 bytes)
Event: 7.224 Thread 0x00000128479be800 nmethod 2111 0x00000128310fe810 code [0x00000128310fe9c0, 0x00000128310feae8]
Event: 7.225 Thread 0x00000128479be800 2112       3       org.gradle.internal.service.DefaultServiceRegistry$ParentServices::getService (11 bytes)
Event: 7.226 Thread 0x00000128479be800 nmethod 2112 0x00000128310feb90 code [0x00000128310fed40, 0x00000128310fef08]

GC Heap History (14 events):
Event: 2.054 GC heap before
{Heap before GC invocations=0 (full 0):
 garbage-first heap   total 57344K, used 29696K [0x0000000080000000, 0x0000000100000000)
  region size 1024K, 24 young (24576K), 0 survivors (0K)
 Metaspace       used 9865K, capacity 10118K, committed 10368K, reserved 1058816K
  class space    used 1028K, capacity 1102K, committed 1152K, reserved 1048576K
}
Event: 2.070 GC heap after
{Heap after GC invocations=1 (full 0):
 garbage-first heap   total 57344K, used 9336K [0x0000000080000000, 0x0000000100000000)
  region size 1024K, 3 young (3072K), 3 survivors (3072K)
 Metaspace       used 9865K, capacity 10118K, committed 10368K, reserved 1058816K
  class space    used 1028K, capacity 1102K, committed 1152K, reserved 1048576K
}
Event: 2.654 GC heap before
{Heap before GC invocations=1 (full 0):
 garbage-first heap   total 57344K, used 29816K [0x0000000080000000, 0x0000000100000000)
  region size 1024K, 24 young (24576K), 3 survivors (3072K)
 Metaspace       used 10815K, capacity 11009K, committed 11264K, reserved 1058816K
  class space    used 1130K, capacity 1207K, committed 1280K, reserved 1048576K
}
Event: 2.661 GC heap after
{Heap after GC invocations=2 (full 0):
 garbage-first heap   total 57344K, used 10251K [0x0000000080000000, 0x0000000100000000)
  region size 1024K, 1 young (1024K), 1 survivors (1024K)
 Metaspace       used 10815K, capacity 11009K, committed 11264K, reserved 1058816K
  class space    used 1130K, capacity 1207K, committed 1280K, reserved 1048576K
}
Event: 3.053 GC heap before
{Heap before GC invocations=2 (full 0):
 garbage-first heap   total 57344K, used 32779K [0x0000000080000000, 0x0000000100000000)
  region size 1024K, 23 young (23552K), 1 survivors (1024K)
 Metaspace       used 11076K, capacity 11321K, committed 11520K, reserved 1058816K
  class space    used 1179K, capacity 1247K, committed 1280K, reserved 1048576K
}
Event: 3.060 GC heap after
{Heap after GC invocations=3 (full 0):
 garbage-first heap   total 57344K, used 14235K [0x0000000080000000, 0x0000000100000000)
  region size 1024K, 3 young (3072K), 3 survivors (3072K)
 Metaspace       used 11076K, capacity 11321K, committed 11520K, reserved 1058816K
  class space    used 1179K, capacity 1247K, committed 1280K, reserved 1048576K
}
Event: 5.963 GC heap before
{Heap before GC invocations=3 (full 0):
 garbage-first heap   total 57344K, used 36763K [0x0000000080000000, 0x0000000100000000)
  region size 1024K, 25 young (25600K), 3 survivors (3072K)
 Metaspace       used 17197K, capacity 17541K, committed 17792K, reserved 1064960K
  class space    used 1996K, capacity 2108K, committed 2176K, reserved 1048576K
}
Event: 5.969 GC heap after
{Heap after GC invocations=4 (full 0):
 garbage-first heap   total 57344K, used 16432K [0x0000000080000000, 0x0000000100000000)
  region size 1024K, 3 young (3072K), 3 survivors (3072K)
 Metaspace       used 17197K, capacity 17541K, committed 17792K, reserved 1064960K
  class space    used 1996K, capacity 2108K, committed 2176K, reserved 1048576K
}
Event: 6.369 GC heap before
{Heap before GC invocations=4 (full 0):
 garbage-first heap   total 57344K, used 36912K [0x0000000080000000, 0x0000000100000000)
  region size 1024K, 24 young (24576K), 3 survivors (3072K)
 Metaspace       used 19403K, capacity 19840K, committed 19968K, reserved 1067008K
  class space    used 2365K, capacity 2514K, committed 2560K, reserved 1048576K
}
Event: 6.374 GC heap after
{Heap after GC invocations=5 (full 0):
 garbage-first heap   total 57344K, used 17328K [0x0000000080000000, 0x0000000100000000)
  region size 1024K, 1 young (1024K), 1 survivors (1024K)
 Metaspace       used 19403K, capacity 19840K, committed 19968K, reserved 1067008K
  class space    used 2365K, capacity 2514K, committed 2560K, reserved 1048576K
}
Event: 6.605 GC heap before
{Heap before GC invocations=5 (full 0):
 garbage-first heap   total 57344K, used 26544K [0x0000000080000000, 0x0000000100000000)
  region size 1024K, 11 young (11264K), 1 survivors (1024K)
 Metaspace       used 20712K, capacity 21079K, committed 21248K, reserved 1067008K
  class space    used 2540K, capacity 2693K, committed 2816K, reserved 1048576K
}
Event: 6.610 GC heap after
{Heap after GC invocations=6 (full 0):
 garbage-first heap   total 57344K, used 17650K [0x0000000080000000, 0x0000000100000000)
  region size 1024K, 2 young (2048K), 2 survivors (2048K)
 Metaspace       used 20712K, capacity 21079K, committed 21248K, reserved 1067008K
  class space    used 2540K, capacity 2693K, committed 2816K, reserved 1048576K
}
Event: 6.916 GC heap before
{Heap before GC invocations=7 (full 0):
 garbage-first heap   total 57344K, used 37106K [0x0000000080000000, 0x0000000100000000)
  region size 1024K, 21 young (21504K), 2 survivors (2048K)
 Metaspace       used 22512K, capacity 23003K, committed 23040K, reserved 1069056K
  class space    used 2861K, capacity 3042K, committed 3072K, reserved 1048576K
}
Event: 6.919 GC heap after
{Heap after GC invocations=8 (full 0):
 garbage-first heap   total 57344K, used 18195K [0x0000000080000000, 0x0000000100000000)
  region size 1024K, 2 young (2048K), 2 survivors (2048K)
 Metaspace       used 22512K, capacity 23003K, committed 23040K, reserved 1069056K
  class space    used 2861K, capacity 3042K, committed 3072K, reserved 1048576K
}

Deoptimization events (20 events):
Event: 6.570 Thread 0x0000012849510000 Uncommon trap: trap_request=0xffffff4d fr.pc=0x0000012838237d70 relative=0x0000000000000630
Event: 6.570 Thread 0x0000012849510000 Uncommon trap: reason=unstable_if action=reinterpret pc=0x0000012838237d70 method=java.io.File.getName()Ljava/lang/String; @ 16 c2
Event: 6.570 Thread 0x0000012849510000 DEOPT PACKING pc=0x0000012838237d70 sp=0x00000022f74fb040
Event: 6.570 Thread 0x0000012849510000 DEOPT UNPACKING pc=0x000001283072662f sp=0x00000022f74fb010 mode 2
Event: 6.570 Thread 0x0000012849510000 Uncommon trap: trap_request=0xffffff4d fr.pc=0x0000012838237308 relative=0x00000000000004c8
Event: 6.570 Thread 0x0000012849510000 Uncommon trap: reason=unstable_if action=reinterpret pc=0x0000012838237308 method=java.lang.String.substring(I)Ljava/lang/String; @ 34 c2
Event: 6.570 Thread 0x0000012849510000 DEOPT PACKING pc=0x0000012838237308 sp=0x00000022f74fafc0
Event: 6.570 Thread 0x0000012849510000 DEOPT UNPACKING pc=0x000001283072662f sp=0x00000022f74faf98 mode 2
Event: 6.748 Thread 0x0000012849510000 Uncommon trap: trap_request=0xffffff4d fr.pc=0x00000128382a6218 relative=0x0000000000000398
Event: 6.748 Thread 0x0000012849510000 Uncommon trap: reason=unstable_if action=reinterpret pc=0x00000128382a6218 method=jdk.internal.org.objectweb.asm.Type.getArgumentsAndReturnSizes(Ljava/lang/String;)I @ 88 c2
Event: 6.748 Thread 0x0000012849510000 DEOPT PACKING pc=0x00000128382a6218 sp=0x00000022f74f9550
Event: 6.748 Thread 0x0000012849510000 DEOPT UNPACKING pc=0x000001283072662f sp=0x00000022f74f94d8 mode 2
Event: 6.760 Thread 0x0000012849510000 Uncommon trap: trap_request=0xffffffcc fr.pc=0x000001283829e1e8 relative=0x0000000000000328
Event: 6.760 Thread 0x0000012849510000 Uncommon trap: reason=intrinsic_or_type_checked_inlining action=make_not_entrant pc=0x000001283829e1e8 method=java.util.Arrays.copyOf([Ljava/lang/Object;ILjava/lang/Class;)[Ljava/lang/Object; @ 35 c2
Event: 6.760 Thread 0x0000012849510000 DEOPT PACKING pc=0x000001283829e1e8 sp=0x00000022f74fb6a0
Event: 6.760 Thread 0x0000012849510000 DEOPT UNPACKING pc=0x000001283072662f sp=0x00000022f74fb630 mode 2
Event: 7.058 Thread 0x0000012849510000 Uncommon trap: trap_request=0xffffff4d fr.pc=0x0000012838262868 relative=0x0000000000000228
Event: 7.058 Thread 0x0000012849510000 Uncommon trap: reason=unstable_if action=reinterpret pc=0x0000012838262868 method=java.util.concurrent.ConcurrentHashMap.get(Ljava/lang/Object;)Ljava/lang/Object; @ 76 c2
Event: 7.058 Thread 0x0000012849510000 DEOPT PACKING pc=0x0000012838262868 sp=0x00000022f74f96f0
Event: 7.058 Thread 0x0000012849510000 DEOPT UNPACKING pc=0x000001283072662f sp=0x00000022f74f9658 mode 2

Classes redefined (0 events):
No events

Internal exceptions (20 events):
Event: 3.528 Thread 0x000001282cbff800 Exception <a 'java/lang/NoSuchMethodError'{0x0000000082902cf0}: 'java.lang.Object java.lang.invoke.DirectMethodHandle$Holder.invokeStaticInit(java.lang.Object, int, int, int, int)'> (0x0000000082902cf0) thrown at [./src/hotspot/share/interpreter/linkResolver.cpp, line 773]
Event: 4.447 Thread 0x000001282cbff800 Exception <a 'java/lang/NoSuchMethodError'{0x0000000082818ec0}: 'java.lang.Object java.lang.invoke.DirectMethodHandle$Holder.invokeStaticInit(java.lang.Object, java.lang.Object, int, int, int, int)'> (0x0000000082818ec0) thrown at [./src/hotspot/share/interpreter/linkResolver.cpp, line 773]
Event: 5.695 Thread 0x000001282cbff800 Exception <a 'java/io/IOException'{0x0000000082624078}> (0x0000000082624078) thrown at [./src/hotspot/share/prims/jni.cpp, line 615]
Event: 5.956 Thread 0x0000012849510000 Exception <a 'java/lang/NoSuchMethodError'{0x00000000822dbf68}: 'void java.lang.invoke.DirectMethodHandle$Holder.invokeVirtual(java.lang.Object, java.lang.Object, java.lang.Object, java.lang.Object)'> (0x00000000822dbf68) thrown at [./src/hotspot/share/interpreter/linkResolver.cpp, line 773]
Event: 5.959 Thread 0x0000012849510000 Exception <a 'java/lang/NoSuchMethodError'{0x00000000822ebc40}: 'void java.lang.invoke.DelegatingMethodHandle$Holder.reinvoke_L(java.lang.Object, java.lang.Object, java.lang.Object, java.lang.Object)'> (0x00000000822ebc40) thrown at [./src/hotspot/share/interpreter/linkResolver.cpp, line 773]
Event: 5.977 Thread 0x0000012849510000 Exception <a 'java/lang/NoSuchMethodError'{0x000000008371cfa0}: 'long java.lang.invoke.DirectMethodHandle$Holder.invokeInterface(java.lang.Object, java.lang.Object)'> (0x000000008371cfa0) thrown at [./src/hotspot/share/interpreter/linkResolver.cpp, line 773]
Event: 5.984 Thread 0x0000012849510000 Exception <a 'java/lang/NoSuchMethodError'{0x000000008375baf8}: 'void java.lang.invoke.DelegatingMethodHandle$Holder.reinvoke_L(java.lang.Object, java.lang.Object, java.lang.Object, java.lang.Object, java.lang.Object, java.lang.Object, java.lang.Object)'> (0x000000008375baf8) thrown at [./src/hotspot/share/interpreter/linkResolver.cpp, line 773]
Event: 6.465 Thread 0x0000012849510000 Exception <a 'java/lang/NoSuchMethodError'{0x00000000833143f8}: 'void java.lang.invoke.DirectMethodHandle$Holder.invokeStaticInit(java.lang.Object)'> (0x00000000833143f8) thrown at [./src/hotspot/share/interpreter/linkResolver.cpp, line 773]
Event: 6.527 Thread 0x0000012849510000 Exception <a 'java/lang/NoSuchMethodError'{0x0000000083159bb0}: 'java.lang.Object java.lang.invoke.DirectMethodHandle$Holder.invokeStatic(java.lang.Object, java.lang.Object, java.lang.Object, int)'> (0x0000000083159bb0) thrown at [./src/hotspot/share/interpreter/linkResolver.cpp, line 773]
Event: 6.527 Thread 0x0000012849510000 Exception <a 'java/lang/NoSuchMethodError'{0x000000008315e020}: 'java.lang.Object java.lang.invoke.DirectMethodHandle$Holder.invokeSpecial(java.lang.Object, java.lang.Object, java.lang.Object, java.lang.Object, int)'> (0x000000008315e020) thrown at [./src/hotspot/share/interpreter/linkResolver.cpp, line 773]
Event: 6.527 Thread 0x0000012849510000 Exception <a 'java/lang/NoSuchMethodError'{0x0000000083161cb0}: 'java.lang.Object java.lang.invoke.Invokers$Holder.linkToTargetMethod(java.lang.Object, java.lang.Object, int, java.lang.Object)'> (0x0000000083161cb0) thrown at [./src/hotspot/share/interpreter/linkResolver.cpp, line 773]
Event: 6.651 Thread 0x0000012849510000 Exception <a 'java/lang/NoSuchMethodError'{0x00000000837f0f80}: 'int java.lang.invoke.DirectMethodHandle$Holder.invokeSpecialIFC(java.lang.Object, java.lang.Object, java.lang.Object, java.lang.Object)'> (0x00000000837f0f80) thrown at [./src/hotspot/share/interpreter/linkResolver.cpp, line 773]
Event: 6.653 Thread 0x0000012849510000 Exception <a 'java/lang/NoSuchMethodError'{0x00000000837fef68}: 'java.lang.Object java.lang.invoke.DirectMethodHandle$Holder.invokeInterface(java.lang.Object, java.lang.Object, java.lang.Object)'> (0x00000000837fef68) thrown at [./src/hotspot/share/interpreter/linkResolver.cpp, line 773]
Event: 6.653 Thread 0x0000012849510000 Exception <a 'java/lang/IncompatibleClassChangeError'{0x0000000083602a30}: Found class java.lang.Object, but interface was expected> (0x0000000083602a30) thrown at [./src/hotspot/share/interpreter/linkResolver.cpp, line 839]
Event: 6.698 Thread 0x0000012849510000 Exception <a 'java/lang/NoSuchMethodError'{0x000000008340d410}: 'void java.lang.invoke.DirectMethodHandle$Holder.invokeStatic(java.lang.Object, java.lang.Object, java.lang.Object, java.lang.Object, java.lang.Object)'> (0x000000008340d410) thrown at [./src/hotspot/share/interpreter/linkResolver.cpp, line 773]
Event: 6.815 Thread 0x0000012849510000 Exception <a 'java/lang/NoSuchMethodError'{0x0000000082ef2ec0}: 'java.lang.Object java.lang.invoke.DirectMethodHandle$Holder.invokeSpecial(java.lang.Object, java.lang.Object, java.lang.Object, java.lang.Object, java.lang.Object, java.lang.Object, java.lang.Object, java.lang.Object, java.lang.Object)'> (0x0000000082ef2ec0) thrown at [./src/hotspot/share/interpreter/linkResolver.cpp, line 773]
Event: 6.935 Thread 0x0000012849510000 Exception <a 'java/lang/NoSuchMethodError'{0x0000000083612c78}: 'java.lang.Object java.lang.invoke.DirectMethodHandle$Holder.invokeVirtual(java.lang.Object, java.lang.Object, java.lang.Object, java.lang.Object)'> (0x0000000083612c78) thrown at [./src/hotspot/share/interpreter/linkResolver.cpp, line 773]
Event: 7.118 Thread 0x0000012849510000 Exception <a 'java/lang/NoSuchMethodError'{0x00000000830b8330}: 'void java.lang.invoke.DirectMethodHandle$Holder.invokeSpecial(java.lang.Object, java.lang.Object, java.lang.Object, java.lang.Object, java.lang.Object, java.lang.Object)'> (0x00000000830b8330) thrown at [./src/hotspot/share/interpreter/linkResolver.cpp, line 773]
Event: 7.139 Thread 0x0000012849510000 Exception <a 'java/lang/NoSuchMethodError'{0x0000000082f278a0}: 'void java.lang.invoke.DirectMethodHandle$Holder.invokeSpecial(java.lang.Object, java.lang.Object, java.lang.Object, java.lang.Object, java.lang.Object, java.lang.Object, java.lang.Object)'> (0x0000000082f278a0) thrown at [./src/hotspot/share/interpreter/linkResolver.cpp, line 773]
Event: 7.140 Thread 0x0000012849510000 Exception <a 'java/lang/NoSuchMethodError'{0x0000000082f2fd90}: 'java.lang.Object java.lang.invoke.Invokers$Holder.linkToTargetMethod(java.lang.Object, java.lang.Object, java.lang.Object, java.lang.Object, java.lang.Object, java.lang.Object)'> (0x0000000082f2fd90) thrown at [./src/hotspot/share/interpreter/linkResolver.cpp, line 773]

Events (20 events):
Event: 7.217 loading class org/gradle/execution/plan/TaskInAnotherBuild
Event: 7.217 loading class org/gradle/execution/plan/TaskInAnotherBuild done
Event: 7.218 loading class org/gradle/internal/concurrent/CompositeStoppable$2
Event: 7.218 loading class org/gradle/internal/concurrent/CompositeStoppable$2 done
Event: 7.219 loading class org/gradle/api/internal/project/BuildOperationCrossProjectConfigurator
Event: 7.219 loading class org/gradle/api/internal/project/BuildOperationCrossProjectConfigurator done
Event: 7.220 loading class org/gradle/api/internal/WithMutationGuard
Event: 7.220 loading class org/gradle/api/internal/WithMutationGuard done
Event: 7.221 loading class org/gradle/api/internal/DefaultMutationGuard
Event: 7.221 loading class org/gradle/api/internal/DefaultMutationGuard done
Event: 7.222 loading class org/gradle/api/internal/AbstractMutationGuard
Event: 7.222 loading class org/gradle/api/internal/AbstractMutationGuard done
Event: 7.222 loading class org/gradle/api/internal/AbstractMutationGuard$IllegalMutationException
Event: 7.222 loading class org/gradle/api/internal/AbstractMutationGuard$IllegalMutationException done
Event: 7.223 loading class org/gradle/api/internal/DefaultMutationGuard$1
Event: 7.223 loading class org/gradle/api/internal/DefaultMutationGuard$1 done
Event: 7.224 loading class org/gradle/invocation/DefaultGradle$1
Event: 7.224 loading class org/gradle/invocation/DefaultGradle$1 done
Event: 7.225 loading class org/gradle/api/internal/provider/DefaultConfigurationTimeBarrier
Event: 7.225 loading class org/gradle/api/internal/provider/DefaultConfigurationTimeBarrier done


Dynamic libraries:
0x00007ff6183e0000 - 0x00007ff6183ea000 	C:\Program Files\Android\Android Studio\jre\bin\java.exe
0x00007fff4ad80000 - 0x00007fff4af89000 	C:\WINDOWS\SYSTEM32\ntdll.dll
0x00007fff49600000 - 0x00007fff496bd000 	C:\WINDOWS\System32\KERNEL32.DLL
0x00007fff48600000 - 0x00007fff48974000 	C:\WINDOWS\System32\KERNELBASE.dll
0x00007fff484e0000 - 0x00007fff485f1000 	C:\WINDOWS\System32\ucrtbase.dll
0x00007fff33210000 - 0x00007fff33227000 	C:\Program Files\Android\Android Studio\jre\bin\VCRUNTIME140.dll
0x00007fff338c0000 - 0x00007fff338d9000 	C:\Program Files\Android\Android Studio\jre\bin\jli.dll
0x00007fff48de0000 - 0x00007fff48f8c000 	C:\WINDOWS\System32\USER32.dll
0x00007fff48390000 - 0x00007fff483b6000 	C:\WINDOWS\System32\win32u.dll
0x00007fff4aaf0000 - 0x00007fff4ab19000 	C:\WINDOWS\System32\GDI32.dll
0x00007fff483c0000 - 0x00007fff484d2000 	C:\WINDOWS\System32\gdi32full.dll
0x00007fff48270000 - 0x00007fff4830d000 	C:\WINDOWS\System32\msvcp_win.dll
0x00007fff365b0000 - 0x00007fff36855000 	C:\WINDOWS\WinSxS\amd64_microsoft.windows.common-controls_6595b64144ccf1df_6.0.22000.120_none_9d947278b86cc467\COMCTL32.dll
0x00007fff49890000 - 0x00007fff49933000 	C:\WINDOWS\System32\msvcrt.dll
0x00007fff49100000 - 0x00007fff49131000 	C:\WINDOWS\System32\IMM32.DLL
0x00007ffefa9a0000 - 0x00007ffefaa3d000 	C:\Program Files\Android\Android Studio\jre\bin\msvcp140.dll
0x00007ffea2260000 - 0x00007ffea2d35000 	C:\Program Files\Android\Android Studio\jre\bin\server\jvm.dll
0x00007fff4ac20000 - 0x00007fff4acce000 	C:\WINDOWS\System32\ADVAPI32.dll
0x00007fff48c20000 - 0x00007fff48cbe000 	C:\WINDOWS\System32\sechost.dll
0x00007fff49230000 - 0x00007fff49350000 	C:\WINDOWS\System32\RPCRT4.dll
0x00007fff496c0000 - 0x00007fff496c8000 	C:\WINDOWS\System32\PSAPI.DLL
0x00007fff41b80000 - 0x00007fff41bb3000 	C:\WINDOWS\SYSTEM32\WINMM.dll
0x00007fff3f7d0000 - 0x00007fff3f7da000 	C:\WINDOWS\SYSTEM32\VERSION.dll
0x00007fff3b5d0000 - 0x00007fff3b5d9000 	C:\WINDOWS\SYSTEM32\WSOCK32.dll
0x00007fff49000000 - 0x00007fff4906f000 	C:\WINDOWS\System32\WS2_32.dll
0x00007fff47370000 - 0x00007fff47388000 	C:\WINDOWS\SYSTEM32\kernel.appcore.dll
0x00007fff35e00000 - 0x00007fff35e11000 	C:\Program Files\Android\Android Studio\jre\bin\verify.dll
0x00007fff3a0f0000 - 0x00007fff3a311000 	C:\WINDOWS\SYSTEM32\DBGHELP.DLL
0x00007fff37d80000 - 0x00007fff37db1000 	C:\WINDOWS\SYSTEM32\dbgcore.DLL
0x00007fff48310000 - 0x00007fff4838f000 	C:\WINDOWS\System32\bcryptPrimitives.dll
0x00007fff31710000 - 0x00007fff31739000 	C:\Program Files\Android\Android Studio\jre\bin\java.dll
0x00007fff42820000 - 0x00007fff4282b000 	C:\Program Files\Android\Android Studio\jre\bin\jimage.dll
0x00007fff00e00000 - 0x00007fff00e18000 	C:\Program Files\Android\Android Studio\jre\bin\zip.dll
0x00007fff49ed0000 - 0x00007fff4a67e000 	C:\WINDOWS\System32\SHELL32.dll
0x00007fff463e0000 - 0x00007fff46c47000 	C:\WINDOWS\SYSTEM32\windows.storage.dll
0x00007fff499b0000 - 0x00007fff49d28000 	C:\WINDOWS\System32\combase.dll
0x00007fff46270000 - 0x00007fff463d6000 	C:\WINDOWS\SYSTEM32\wintypes.dll
0x00007fff49510000 - 0x00007fff495fa000 	C:\WINDOWS\System32\SHCORE.dll
0x00007fff491d0000 - 0x00007fff4922d000 	C:\WINDOWS\System32\shlwapi.dll
0x00007fff481a0000 - 0x00007fff481c1000 	C:\WINDOWS\SYSTEM32\profapi.dll
0x00007fff00de0000 - 0x00007fff00dfa000 	C:\Program Files\Android\Android Studio\jre\bin\net.dll
0x00007fff41a00000 - 0x00007fff41b0c000 	C:\WINDOWS\SYSTEM32\WINHTTP.dll
0x00007fff477a0000 - 0x00007fff47807000 	C:\WINDOWS\system32\mswsock.dll
0x00007ffefdbf0000 - 0x00007ffefdc04000 	C:\Program Files\Android\Android Studio\jre\bin\nio.dll
0x00007fff359f0000 - 0x00007fff35a17000 	C:\Users\acer\.gradle\native\e1d6ef7f7dcc3fd88c89a11ec53ec762bb8ba0a96d01ffa2cd45eb1d1d8dd5c5\windows-amd64\native-platform.dll
0x00007ffefa640000 - 0x00007ffefa784000 	C:\Users\acer\.gradle\native\5664cfc778a61ccfe75a443a1ab52a65af34e5dc3c78e0209fed803814484fcb\windows-amd64\native-platform-file-events.dll
0x00007fff3af40000 - 0x00007fff3af4a000 	C:\Program Files\Android\Android Studio\jre\bin\management.dll
0x00007fff39af0000 - 0x00007fff39afd000 	C:\Program Files\Android\Android Studio\jre\bin\management_ext.dll
0x00007fff479e0000 - 0x00007fff479f8000 	C:\WINDOWS\SYSTEM32\CRYPTSP.dll
0x00007fff472d0000 - 0x00007fff47305000 	C:\WINDOWS\system32\rsaenh.dll
0x00007fff47890000 - 0x00007fff478b9000 	C:\WINDOWS\SYSTEM32\USERENV.dll
0x00007fff47b60000 - 0x00007fff47b87000 	C:\WINDOWS\SYSTEM32\bcrypt.dll
0x00007fff47a00000 - 0x00007fff47a0c000 	C:\WINDOWS\SYSTEM32\CRYPTBASE.dll
0x00007fff46ea0000 - 0x00007fff46ecd000 	C:\WINDOWS\SYSTEM32\IPHLPAPI.DLL
0x00007fff48f90000 - 0x00007fff48f99000 	C:\WINDOWS\System32\NSI.dll
0x00007fff419c0000 - 0x00007fff419d9000 	C:\WINDOWS\SYSTEM32\dhcpcsvc6.DLL
0x00007fff41ee0000 - 0x00007fff41efe000 	C:\WINDOWS\SYSTEM32\dhcpcsvc.DLL
0x00007fff46ed0000 - 0x00007fff46fb7000 	C:\WINDOWS\SYSTEM32\DNSAPI.dll

dbghelp: loaded successfully - version: 4.0.5 - missing functions: none
symbol engine: initialized successfully - sym options: 0x614 - pdb path: .;C:\Program Files\Android\Android Studio\jre\bin;C:\WINDOWS\SYSTEM32;C:\WINDOWS\WinSxS\amd64_microsoft.windows.common-controls_6595b64144ccf1df_6.0.22000.120_none_9d947278b86cc467;C:\Program Files\Android\Android Studio\jre\bin\server;C:\Users\acer\.gradle\native\e1d6ef7f7dcc3fd88c89a11ec53ec762bb8ba0a96d01ffa2cd45eb1d1d8dd5c5\windows-amd64;C:\Users\acer\.gradle\native\5664cfc778a61ccfe75a443a1ab52a65af34e5dc3c78e0209fed803814484fcb\windows-amd64

VM Arguments:
jvm_args: --add-opens=java.base/java.util=ALL-UNNAMED --add-opens=java.base/java.lang=ALL-UNNAMED --add-opens=java.base/java.lang.invoke=ALL-UNNAMED --add-opens=java.base/java.util=ALL-UNNAMED --add-opens=java.prefs/java.util.prefs=ALL-UNNAMED --add-opens=java.prefs/java.util.prefs=ALL-UNNAMED --add-opens=java.base/java.nio.charset=ALL-UNNAMED --add-opens=java.base/java.net=ALL-UNNAMED --add-opens=java.base/java.util.concurrent.atomic=ALL-UNNAMED -Xmx2048m -Dfile.encoding=UTF-8 -Duser.country=US -Duser.language=en -Duser.variant 
java_command: org.gradle.launcher.daemon.bootstrap.GradleDaemon 7.2
java_class_path (initial): C:\Users\acer\.gradle\wrapper\dists\gradle-7.2-bin\2dnblmf4td7x66yl1d74lt32g\gradle-7.2\lib\gradle-launcher-7.2.jar
Launcher Type: SUN_STANDARD

[Global flags]
     intx CICompilerCount                          = 4                                         {product} {ergonomic}
     uint ConcGCThreads                            = 2                                         {product} {ergonomic}
     uint G1ConcRefinementThreads                  = 8                                         {product} {ergonomic}
   size_t G1HeapRegionSize                         = 1048576                                   {product} {ergonomic}
    uintx GCDrainStackTargetSize                   = 64                                        {product} {ergonomic}
   size_t InitialHeapSize                          = 58720256                                  {product} {ergonomic}
   size_t MarkStackSize                            = 4194304                                   {product} {ergonomic}
   size_t MaxHeapSize                              = 2147483648                                {product} {command line}
   size_t MaxNewSize                               = 1287651328                                {product} {ergonomic}
   size_t MinHeapDeltaBytes                        = 1048576                                   {product} {ergonomic}
    uintx NonNMethodCodeHeapSize                   = 5836300                                {pd product} {ergonomic}
    uintx NonProfiledCodeHeapSize                  = 122910970                              {pd product} {ergonomic}
    uintx ProfiledCodeHeapSize                     = 122910970                              {pd product} {ergonomic}
    uintx ReservedCodeCacheSize                    = 251658240                              {pd product} {ergonomic}
     bool SegmentedCodeCache                       = true                                      {product} {ergonomic}
     bool UseCompressedClassPointers               = true                                 {lp64_product} {ergonomic}
     bool UseCompressedOops                        = true                                 {lp64_product} {ergonomic}
     bool UseG1GC                                  = true                                      {product} {ergonomic}
     bool UseLargePagesIndividualAllocation        = false                                  {pd product} {ergonomic}

Logging:
Log output configuration:
 #0: stdout all=warning uptime,level,tags
 #1: stderr all=off uptime,level,tags

Environment Variables:
PATH=C:\Program Files\Microsoft MPI\Bin\;C:\Program Files (x86)\Common Files\Intel\Shared Files\cpp\bin\Intel64;C:\WINDOWS\system32;C:\WINDOWS;C:\WINDOWS\System32\Wbem;C:\WINDOWS\System32\WindowsPowerShell\v1.0\;C:\WINDOWS\System32\OpenSSH\;C:\Program Files\Microsoft SQL Server\Client SDK\ODBC\170\Tools\Binn\;C:\Program Files (x86)\Microsoft SQL Server\150\Tools\Binn\;C:\Program Files\Microsoft SQL Server\150\Tools\Binn\;C:\Program Files\Microsoft SQL Server\150\DTS\Binn\;C:\Program Files (x86)\Microsoft SQL Server\150\DTS\Binn\;C:\Program Files\Azure Data Studio\bin;C:\Program Files\dotnet\;C:\Program Files (x86)\dotnet\;D;C:\HashiCorp\Vagrant\bin;C:\Program Files\Kubernetes\Minikube;C:\minikube;C:\Program Files\Git\cmd;C:\Program Files\Microsoft SQL Server\130\Tools\Binn\;C:\Users\acer\AppData\Local\Programs\Python\Python39\Scripts\;C:\Users\acer\AppData\Local\Programs\Python\Python39\;C:\Users\acer\AppData\Local\Microsoft\WindowsApps;;C:\Program Files\Azure Data Studio\bin;C:\Users\acer\AppData\Local\Programs\Microsoft VS Code\bin;C:\Users\acer\.dotnet\tools
USERNAME=acer
OS=Windows_NT
PROCESSOR_IDENTIFIER=AMD64 Family 23 Model 24 Stepping 1, AuthenticAMD



---------------  S Y S T E M  ---------------

OS: Windows 10 , 64 bit Build 22000 (10.0.22000.434)
OS uptime: 10 days 22:57 hours

CPU:total 8 (initial active 8) (8 cores per cpu, 2 threads per core) family 23 model 24 stepping 1 microcode 0x0, cmov, cx8, fxsr, mmx, sse, sse2, sse3, ssse3, sse4.1, sse4.2, popcnt, avx, avx2, aes, clmul, mmxext, 3dnowpref, lzcnt, sse4a, ht, tsc, tscinvbit, tscinv, bmi1, bmi2, adx, s

Memory: 4k page, system-wide physical 3514M (219M free)
TotalPageFile size 14266M (AvailPageFile size 9M)
current process WorkingSet (physical memory assigned to process): 133M, peak: 135M
current process commit charge ("private bytes"): 191M, peak: 192M

vm_info: OpenJDK 64-Bit Server VM (11.0.11+9-b60-7590822) for windows-amd64 JRE (11.0.11+9-b60-7590822), built on Jul 29 2021 21:43:44 by "builder" with MS VC++ 14.0 (VS2015)

END.
