#
# There is insufficient memory for the Java Runtime Environment to continue.
# Native memory allocation (malloc) failed to allocate 355776 bytes for Chunk::new
# Possible reasons:
#   The system is out of physical RAM or swap space
#   The process is running with CompressedOops enabled, and the Java Heap may be blocking the growth of the native heap
# Possible solutions:
#   Reduce memory load on the system
#   Increase physical memory or swap space
#   Check if swap backing store is full
#   Decrease Java heap size (-Xmx/-Xms)
#   Decrease number of Java threads
#   Decrease Java thread stack sizes (-Xss)
#   Set larger code cache with -XX:ReservedCodeCacheSize=
#   JVM is running with Unscaled Compressed Oops mode in which the Java heap is
#     placed in the first 4GB address space. The Java Heap base address is the
#     maximum limit for the native heap growth. Please use -XX:HeapBaseMinAddress
#     to set the Java Heap base and to place the Java Heap above 4GB virtual address.
# This output file may be truncated or incomplete.
#
#  Out of Memory Error (./src/hotspot/share/memory/arena.cpp:197), pid=18852, tid=19712
#
# JRE version: OpenJDK Runtime Environment (11.0.11+9) (build 11.0.11+9-b60-7590822)
# Java VM: OpenJDK 64-Bit Server VM (11.0.11+9-b60-7590822, mixed mode, tiered, compressed oops, g1 gc, windows-amd64)
# No core dump will be written. Minidumps are not enabled by default on client versions of Windows
#

---------------  S U M M A R Y ------------

Command Line: --add-opens=java.base/java.util=ALL-UNNAMED --add-opens=java.base/java.lang=ALL-UNNAMED --add-opens=java.base/java.lang.invoke=ALL-UNNAMED --add-opens=java.base/java.util=ALL-UNNAMED --add-opens=java.prefs/java.util.prefs=ALL-UNNAMED --add-opens=java.prefs/java.util.prefs=ALL-UNNAMED --add-opens=java.base/java.nio.charset=ALL-UNNAMED --add-opens=java.base/java.net=ALL-UNNAMED --add-opens=java.base/java.util.concurrent.atomic=ALL-UNNAMED -Xmx2048m -Dfile.encoding=UTF-8 -Duser.country=US -Duser.language=en -Duser.variant org.gradle.launcher.daemon.bootstrap.GradleDaemon 7.2

Host: AMD Ryzen 5 3500U with Radeon Vega Mobile Gfx  , 8 cores, 3G,  Windows 10 , 64 bit Build 22000 (10.0.22000.434)
Time: Mon Mar 21 13:58:12 2022 SE Asia Standard Time elapsed time: 1093.803113 seconds (0d 0h 18m 13s)

---------------  T H R E A D  ---------------

Current thread (0x000001ab7e822000):  JavaThread "C2 CompilerThread0" daemon [_thread_in_native, id=19712, stack(0x00000078ce500000,0x00000078ce600000)]


Current CompileTask:
C2:1093803 14442       4       org.gradle.api.internal.artifacts.ivyservice.modulecache.ModuleMetadataSerializer$Reader::readMavenDependencyExcludes (68 bytes)

Stack: [0x00000078ce500000,0x00000078ce600000]
Native frames: (J=compiled Java code, j=interpreted, Vv=VM code, C=native code)
V  [jvm.dll+0x5f214a]
V  [jvm.dll+0x726fb5]
V  [jvm.dll+0x7285cd]
V  [jvm.dll+0x728c83]
V  [jvm.dll+0x243278]
V  [jvm.dll+0xbc53c]
V  [jvm.dll+0xbca3c]
V  [jvm.dll+0x2b5c34]
V  [jvm.dll+0x508488]
V  [jvm.dll+0x203d53]
V  [jvm.dll+0x1fdbac]
V  [jvm.dll+0x1fb35f]
V  [jvm.dll+0x183d6c]
V  [jvm.dll+0x209a57]
V  [jvm.dll+0x2082a1]
V  [jvm.dll+0x6ef58f]
V  [jvm.dll+0x6e80b5]
V  [jvm.dll+0x5f1036]
C  [ucrtbase.dll+0x26c0c]
C  [KERNEL32.DLL+0x154e0]
C  [ntdll.dll+0x485b]


---------------  P R O C E S S  ---------------

Threads class SMR info:
_java_thread_list=0x000001ab05098be0, length=127, elements={
0x000001ab6438e800, 0x000001ab7e7ba800, 0x000001ab7e7c0000, 0x000001ab7e81c800,
0x000001ab7e81d800, 0x000001ab7e81e800, 0x000001ab7e822000, 0x000001ab7e823800,
0x000001ab7e828000, 0x000001ab7f29b000, 0x000001ab01384800, 0x000001ab00ef7000,
0x000001ab008a7000, 0x000001ab01324800, 0x000001ab0131f800, 0x000001ab01320800,
0x000001ab0131e800, 0x000001ab01323000, 0x000001ab030da000, 0x000001ab030dc800,
0x000001ab030df800, 0x000001ab030e0800, 0x000001ab030db800, 0x000001ab01e5c800,
0x000001ab01e5d800, 0x000001ab01e60000, 0x000001ab01e5a800, 0x000001ab01e65800,
0x000001ab01e61800, 0x000001ab01e62800, 0x000001ab056a4800, 0x000001ab01563800,
0x000001ab01e3e800, 0x000001ab07529000, 0x000001ab0751d000, 0x000001ab07521000,
0x000001ab0751d800, 0x000001ab0751e800, 0x000001ab0751c000, 0x000001ab0751b000,
0x000001ab07525000, 0x000001ab07522000, 0x000001ab0751f800, 0x000001ab07520000,
0x000001ab07526000, 0x000001ab07528800, 0x000001ab07522800, 0x000001ab07524000,
0x000001ab07526800, 0x000001ab07527800, 0x000001ab07523800, 0x000001ab0752a000,
0x000001ab056a0800, 0x000001ab056a1800, 0x000001ab056a5800, 0x000001ab056a0000,
0x000001ab056a4000, 0x000001ab056a6800, 0x000001ab056a2000, 0x000001ab056a8000,
0x000001ab056a7000, 0x000001ab056a9000, 0x000001ab056a3000, 0x000001ab056a9800,
0x000001ab056ad000, 0x000001ab056ac000, 0x000001ab056ad800, 0x000001ab056aa800,
0x000001ab056ae800, 0x000001ab056ab000, 0x000001ab0155e000, 0x000001ab0155b800,
0x000001ab0155a800, 0x000001ab0155f000, 0x000001ab0155d000, 0x000001ab01560800,
0x000001ab0155c800, 0x000001ab0155f800, 0x000001ab01566000, 0x000001ab01567000,
0x000001ab01561800, 0x000001ab01565800, 0x000001ab01568000, 0x000001ab01562000,
0x000001ab01563000, 0x000001ab01564800, 0x000001ab01568800, 0x000001ab01569800,
0x000001ab01e3c000, 0x000001ab01e3a800, 0x000001ab01e3d800, 0x000001ab01e3f000,
0x000001ab01e3b000, 0x000001ab01e39800, 0x000001ab01e41000, 0x000001ab01e42800,
0x000001ab01e40000, 0x000001ab01e41800, 0x000001ab01e3c800, 0x000001ab01e46800,
0x000001ab01e45800, 0x000001ab01e43800, 0x000001ab01e47800, 0x000001ab01e44000,
0x000001ab01e45000, 0x000001ab01e48000, 0x000001ab030da800, 0x000001ab030e2000,
0x000001ab030df000, 0x000001ab030e6000, 0x000001ab030e3800, 0x000001ab030e1800,
0x000001ab030e3000, 0x000001ab030e7000, 0x000001ab030e5800, 0x000001ab030e4800,
0x000001ab030e8000, 0x000001ab030e8800, 0x000001ab01e5e800, 0x000001ab01e5f000,
0x000001ab01e59800, 0x000001ab01e61000, 0x000001ab01e5b000, 0x000001ab01e5c000,
0x000001ab01e67800, 0x000001ab01e64000, 0x000001ab01e63800
}

Java Threads: ( => current thread )
  0x000001ab6438e800 JavaThread "main" [_thread_blocked, id=24648, stack(0x00000078cd900000,0x00000078cda00000)]
  0x000001ab7e7ba800 JavaThread "Reference Handler" daemon [_thread_blocked, id=13796, stack(0x00000078ce000000,0x00000078ce100000)]
  0x000001ab7e7c0000 JavaThread "Finalizer" daemon [_thread_blocked, id=19756, stack(0x00000078ce100000,0x00000078ce200000)]
  0x000001ab7e81c800 JavaThread "Signal Dispatcher" daemon [_thread_blocked, id=17364, stack(0x00000078ce200000,0x00000078ce300000)]
  0x000001ab7e81d800 JavaThread "Attach Listener" daemon [_thread_blocked, id=17312, stack(0x00000078ce300000,0x00000078ce400000)]
  0x000001ab7e81e800 JavaThread "Service Thread" daemon [_thread_blocked, id=11544, stack(0x00000078ce400000,0x00000078ce500000)]
=>0x000001ab7e822000 JavaThread "C2 CompilerThread0" daemon [_thread_in_native, id=19712, stack(0x00000078ce500000,0x00000078ce600000)]
  0x000001ab7e823800 JavaThread "C1 CompilerThread0" daemon [_thread_in_vm, id=3908, stack(0x00000078ce600000,0x00000078ce700000)]
  0x000001ab7e828000 JavaThread "Sweeper thread" daemon [_thread_blocked, id=17012, stack(0x00000078ce700000,0x00000078ce800000)]
  0x000001ab7f29b000 JavaThread "Common-Cleaner" daemon [_thread_blocked, id=5212, stack(0x00000078ce800000,0x00000078ce900000)]
  0x000001ab01384800 JavaThread "Daemon health stats" [_thread_blocked, id=15140, stack(0x00000078ceb00000,0x00000078cec00000)]
  0x000001ab00ef7000 JavaThread "Incoming local TCP Connector on port 51447" [_thread_in_native, id=4976, stack(0x00000078cec00000,0x00000078ced00000)]
  0x000001ab008a7000 JavaThread "Daemon periodic checks" [_thread_blocked, id=5660, stack(0x00000078ced00000,0x00000078cee00000)]
  0x000001ab01324800 JavaThread "Cache worker for journal cache (C:\Users\acer\.gradle\caches\journal-1)" [_thread_blocked, id=16728, stack(0x00000078cfb00000,0x00000078cfc00000)]
  0x000001ab0131f800 JavaThread "File lock request listener" [_thread_in_native, id=9584, stack(0x00000078cfc00000,0x00000078cfd00000)]
  0x000001ab01320800 JavaThread "Cache worker for file hash cache (C:\Users\acer\.gradle\caches\7.2\fileHashes)" [_thread_blocked, id=20168, stack(0x00000078cfd00000,0x00000078cfe00000)]
  0x000001ab0131e800 JavaThread "File watcher server" daemon [_thread_in_native, id=18248, stack(0x00000078d0000000,0x00000078d0100000)]
  0x000001ab01323000 JavaThread "File watcher consumer" daemon [_thread_blocked, id=9196, stack(0x00000078d0100000,0x00000078d0200000)]
  0x000001ab030da000 JavaThread "Cache worker for execution history cache (C:\Users\acer\.gradle\caches\7.2\executionHistory)" [_thread_blocked, id=18500, stack(0x00000078d0500000,0x00000078d0600000)]
  0x000001ab030dc800 JavaThread "jar transforms" [_thread_blocked, id=11380, stack(0x00000078d0600000,0x00000078d0700000)]
  0x000001ab030df800 JavaThread "Cache worker for file content cache (C:\Users\acer\.gradle\caches\7.2\fileContent)" [_thread_blocked, id=25412, stack(0x00000078d0700000,0x00000078d0800000)]
  0x000001ab030e0800 JavaThread "jar transforms Thread 2" [_thread_blocked, id=7612, stack(0x00000078d0800000,0x00000078d0900000)]
  0x000001ab030db800 JavaThread "jar transforms Thread 3" [_thread_blocked, id=23176, stack(0x00000078d0a00000,0x00000078d0b00000)]
  0x000001ab01e5c800 JavaThread "jar transforms Thread 4" [_thread_blocked, id=8060, stack(0x00000078d5c00000,0x00000078d5d00000)]
  0x000001ab01e5d800 JavaThread "jar transforms Thread 5" [_thread_blocked, id=19100, stack(0x00000078d5d00000,0x00000078d5e00000)]
  0x000001ab01e60000 JavaThread "jar transforms Thread 6" [_thread_blocked, id=21884, stack(0x00000078d5e00000,0x00000078d5f00000)]
  0x000001ab01e5a800 JavaThread "jar transforms Thread 7" [_thread_blocked, id=21184, stack(0x00000078d5f00000,0x00000078d6000000)]
  0x000001ab01e65800 JavaThread "jar transforms Thread 8" [_thread_blocked, id=21284, stack(0x00000078d6000000,0x00000078d6100000)]
  0x000001ab01e61800 JavaThread "Memory manager" [_thread_blocked, id=14956, stack(0x00000078d6100000,0x00000078d6200000)]
  0x000001ab01e62800 JavaThread "pool-3-thread-1" [_thread_blocked, id=784, stack(0x00000078d6200000,0x00000078d6300000)]
  0x000001ab056a4800 JavaThread "pool-6-thread-1" [_thread_blocked, id=18480, stack(0x00000078d5a00000,0x00000078d5b00000)]
  0x000001ab01563800 JavaThread "pool-9-thread-1" [_thread_blocked, id=1144, stack(0x00000078d6300000,0x00000078d6400000)]
  0x000001ab01e3e800 JavaThread "pool-12-thread-1" [_thread_blocked, id=10224, stack(0x00000078d6400000,0x00000078d6500000)]
  0x000001ab07529000 JavaThread "pool-15-thread-1" [_thread_blocked, id=11756, stack(0x00000078d6700000,0x00000078d6800000)]
  0x000001ab0751d000 JavaThread "Daemon Thread 5" [_thread_blocked, id=22572, stack(0x00000078cd600000,0x00000078cd700000)]
  0x000001ab07521000 JavaThread "Handler for socket connection from /127.0.0.1:51447 to /127.0.0.1:62176" [_thread_in_native, id=19384, stack(0x00000078cd700000,0x00000078cd800000)]
  0x000001ab0751d800 JavaThread "Cancel handler" [_thread_blocked, id=22908, stack(0x00000078cd800000,0x00000078cd900000)]
  0x000001ab0751e800 JavaThread "Daemon worker Thread 5" [_thread_in_Java, id=8124, stack(0x00000078cee00000,0x00000078cef00000)]
  0x000001ab0751c000 JavaThread "Asynchronous log dispatcher for DefaultDaemonConnection: socket connection from /127.0.0.1:51447 to /127.0.0.1:62176" [_thread_blocked, id=792, stack(0x00000078cef00000,0x00000078cf000000)]
  0x000001ab0751b000 JavaThread "Stdin handler" [_thread_blocked, id=2000, stack(0x00000078cf100000,0x00000078cf200000)]
  0x000001ab07525000 JavaThread "Daemon client event forwarder" [_thread_blocked, id=20612, stack(0x00000078cf200000,0x00000078cf300000)]
  0x000001ab07522000 JavaThread "Cache worker for file hash cache (C:\Users\acer\AndroidStudioProjects\constraint_layout - 2\.gradle\7.2\fileHashes)" [_thread_blocked, id=5800, stack(0x00000078cf300000,0x00000078cf400000)]
  0x000001ab0751f800 JavaThread "Cache worker for checksums cache (C:\Users\acer\AndroidStudioProjects\constraint_layout - 2\.gradle\checksums)" [_thread_blocked, id=25344, stack(0x00000078cf400000,0x00000078cf500000)]
  0x000001ab07520000 JavaThread "Cache worker for cache directory md-supplier (C:\Users\acer\.gradle\caches\7.2\md-supplier)" [_thread_blocked, id=21640, stack(0x00000078cff00000,0x00000078d0000000)]
  0x000001ab07526000 JavaThread "Cache worker for cache directory md-rule (C:\Users\acer\.gradle\caches\7.2\md-rule)" [_thread_blocked, id=11784, stack(0x00000078d0200000,0x00000078d0300000)]
  0x000001ab07528800 JavaThread "Cache worker for dependencies-accessors (C:\Users\acer\AndroidStudioProjects\constraint_layout - 2\.gradle\7.2\dependencies-accessors)" [_thread_blocked, id=14896, stack(0x00000078d0300000,0x00000078d0400000)]
  0x000001ab07522800 JavaThread "Cache worker for Build Output Cleanup Cache (C:\Users\acer\AndroidStudioProjects\constraint_layout - 2\.gradle\buildOutputCleanup)" [_thread_blocked, id=18012, stack(0x00000078d0400000,0x00000078d0500000)]
  0x000001ab07524000 JavaThread "Unconstrained build operations" [_thread_blocked, id=8120, stack(0x00000078d0900000,0x00000078d0a00000)]
  0x000001ab07526800 JavaThread "Unconstrained build operations Thread 2" [_thread_blocked, id=8112, stack(0x00000078d0b00000,0x00000078d0c00000)]
  0x000001ab07527800 JavaThread "Unconstrained build operations Thread 3" [_thread_blocked, id=18052, stack(0x00000078d0c00000,0x00000078d0d00000)]
  0x000001ab07523800 JavaThread "Unconstrained build operations Thread 4" [_thread_blocked, id=24948, stack(0x00000078d0d00000,0x00000078d0e00000)]
  0x000001ab0752a000 JavaThread "Unconstrained build operations Thread 5" [_thread_blocked, id=13316, stack(0x00000078d0e00000,0x00000078d0f00000)]
  0x000001ab056a0800 JavaThread "Unconstrained build operations Thread 6" [_thread_blocked, id=14672, stack(0x00000078d0f00000,0x00000078d1000000)]
  0x000001ab056a1800 JavaThread "Unconstrained build operations Thread 7" [_thread_blocked, id=19132, stack(0x00000078d1000000,0x00000078d1100000)]
  0x000001ab056a5800 JavaThread "Unconstrained build operations Thread 8" [_thread_blocked, id=1704, stack(0x00000078d1100000,0x00000078d1200000)]
  0x000001ab056a0000 JavaThread "Unconstrained build operations Thread 9" [_thread_blocked, id=22184, stack(0x00000078d1200000,0x00000078d1300000)]
  0x000001ab056a4000 JavaThread "Unconstrained build operations Thread 10" [_thread_blocked, id=24808, stack(0x00000078d1300000,0x00000078d1400000)]
  0x000001ab056a6800 JavaThread "Unconstrained build operations Thread 11" [_thread_blocked, id=21000, stack(0x00000078d1400000,0x00000078d1500000)]
  0x000001ab056a2000 JavaThread "Unconstrained build operations Thread 12" [_thread_blocked, id=25356, stack(0x00000078d1500000,0x00000078d1600000)]
  0x000001ab056a8000 JavaThread "Unconstrained build operations Thread 13" [_thread_blocked, id=2876, stack(0x00000078d1600000,0x00000078d1700000)]
  0x000001ab056a7000 JavaThread "Unconstrained build operations Thread 14" [_thread_blocked, id=22036, stack(0x00000078d1700000,0x00000078d1800000)]
  0x000001ab056a9000 JavaThread "Unconstrained build operations Thread 15" [_thread_blocked, id=24684, stack(0x00000078d1800000,0x00000078d1900000)]
  0x000001ab056a3000 JavaThread "Unconstrained build operations Thread 16" [_thread_blocked, id=1636, stack(0x00000078d1900000,0x00000078d1a00000)]
  0x000001ab056a9800 JavaThread "Unconstrained build operations Thread 17" [_thread_blocked, id=21600, stack(0x00000078d1a00000,0x00000078d1b00000)]
  0x000001ab056ad000 JavaThread "Unconstrained build operations Thread 18" [_thread_blocked, id=9528, stack(0x00000078d1b00000,0x00000078d1c00000)]
  0x000001ab056ac000 JavaThread "Unconstrained build operations Thread 19" [_thread_blocked, id=15520, stack(0x00000078d1c00000,0x00000078d1d00000)]
  0x000001ab056ad800 JavaThread "Unconstrained build operations Thread 20" [_thread_blocked, id=23360, stack(0x00000078d1d00000,0x00000078d1e00000)]
  0x000001ab056aa800 JavaThread "Unconstrained build operations Thread 21" [_thread_blocked, id=18312, stack(0x00000078d1e00000,0x00000078d1f00000)]
  0x000001ab056ae800 JavaThread "Unconstrained build operations Thread 22" [_thread_blocked, id=22704, stack(0x00000078d1f00000,0x00000078d2000000)]
  0x000001ab056ab000 JavaThread "Unconstrained build operations Thread 23" [_thread_blocked, id=11016, stack(0x00000078d2000000,0x00000078d2100000)]
  0x000001ab0155e000 JavaThread "Unconstrained build operations Thread 24" [_thread_blocked, id=18776, stack(0x00000078d2100000,0x00000078d2200000)]
  0x000001ab0155b800 JavaThread "Unconstrained build operations Thread 25" [_thread_blocked, id=11020, stack(0x00000078d2200000,0x00000078d2300000)]
  0x000001ab0155a800 JavaThread "Unconstrained build operations Thread 26" [_thread_blocked, id=7248, stack(0x00000078d2300000,0x00000078d2400000)]
  0x000001ab0155f000 JavaThread "Unconstrained build operations Thread 27" [_thread_blocked, id=24296, stack(0x00000078d2400000,0x00000078d2500000)]
  0x000001ab0155d000 JavaThread "Unconstrained build operations Thread 28" [_thread_blocked, id=11988, stack(0x00000078d2500000,0x00000078d2600000)]
  0x000001ab01560800 JavaThread "Unconstrained build operations Thread 29" [_thread_blocked, id=10140, stack(0x00000078d2600000,0x00000078d2700000)]
  0x000001ab0155c800 JavaThread "Unconstrained build operations Thread 30" [_thread_blocked, id=22800, stack(0x00000078d2700000,0x00000078d2800000)]
  0x000001ab0155f800 JavaThread "Unconstrained build operations Thread 31" [_thread_blocked, id=12048, stack(0x00000078d2800000,0x00000078d2900000)]
  0x000001ab01566000 JavaThread "Unconstrained build operations Thread 32" [_thread_blocked, id=14020, stack(0x00000078d2900000,0x00000078d2a00000)]
  0x000001ab01567000 JavaThread "Unconstrained build operations Thread 33" [_thread_blocked, id=21580, stack(0x00000078d2a00000,0x00000078d2b00000)]
  0x000001ab01561800 JavaThread "Unconstrained build operations Thread 34" [_thread_blocked, id=17920, stack(0x00000078d2b00000,0x00000078d2c00000)]
  0x000001ab01565800 JavaThread "Unconstrained build operations Thread 35" [_thread_blocked, id=24868, stack(0x00000078d2c00000,0x00000078d2d00000)]
  0x000001ab01568000 JavaThread "Unconstrained build operations Thread 36" [_thread_blocked, id=11640, stack(0x00000078d2d00000,0x00000078d2e00000)]
  0x000001ab01562000 JavaThread "Unconstrained build operations Thread 37" [_thread_blocked, id=24720, stack(0x00000078d2e00000,0x00000078d2f00000)]
  0x000001ab01563000 JavaThread "Unconstrained build operations Thread 38" [_thread_blocked, id=3480, stack(0x00000078d2f00000,0x00000078d3000000)]
  0x000001ab01564800 JavaThread "Unconstrained build operations Thread 39" [_thread_blocked, id=15884, stack(0x00000078d3000000,0x00000078d3100000)]
  0x000001ab01568800 JavaThread "Unconstrained build operations Thread 40" [_thread_blocked, id=2616, stack(0x00000078d3100000,0x00000078d3200000)]
  0x000001ab01569800 JavaThread "Unconstrained build operations Thread 41" [_thread_blocked, id=3100, stack(0x00000078d3200000,0x00000078d3300000)]
  0x000001ab01e3c000 JavaThread "Unconstrained build operations Thread 42" [_thread_blocked, id=5108, stack(0x00000078d3300000,0x00000078d3400000)]
  0x000001ab01e3a800 JavaThread "Unconstrained build operations Thread 43" [_thread_blocked, id=20584, stack(0x00000078d3400000,0x00000078d3500000)]
  0x000001ab01e3d800 JavaThread "Unconstrained build operations Thread 44" [_thread_blocked, id=19760, stack(0x00000078d3500000,0x00000078d3600000)]
  0x000001ab01e3f000 JavaThread "Unconstrained build operations Thread 45" [_thread_blocked, id=21204, stack(0x00000078d3600000,0x00000078d3700000)]
  0x000001ab01e3b000 JavaThread "Unconstrained build operations Thread 46" [_thread_blocked, id=16204, stack(0x00000078d3700000,0x00000078d3800000)]
  0x000001ab01e39800 JavaThread "Unconstrained build operations Thread 47" [_thread_blocked, id=18916, stack(0x00000078d3800000,0x00000078d3900000)]
  0x000001ab01e41000 JavaThread "Unconstrained build operations Thread 48" [_thread_blocked, id=22204, stack(0x00000078d3900000,0x00000078d3a00000)]
  0x000001ab01e42800 JavaThread "Unconstrained build operations Thread 49" [_thread_blocked, id=9088, stack(0x00000078d3a00000,0x00000078d3b00000)]
  0x000001ab01e40000 JavaThread "Unconstrained build operations Thread 50" [_thread_blocked, id=3184, stack(0x00000078d3b00000,0x00000078d3c00000)]
  0x000001ab01e41800 JavaThread "Unconstrained build operations Thread 51" [_thread_blocked, id=11500, stack(0x00000078d3c00000,0x00000078d3d00000)]
  0x000001ab01e3c800 JavaThread "Unconstrained build operations Thread 52" [_thread_blocked, id=3432, stack(0x00000078d3d00000,0x00000078d3e00000)]
  0x000001ab01e46800 JavaThread "Unconstrained build operations Thread 53" [_thread_blocked, id=23936, stack(0x00000078d3e00000,0x00000078d3f00000)]
  0x000001ab01e45800 JavaThread "Unconstrained build operations Thread 54" [_thread_blocked, id=20084, stack(0x00000078d3f00000,0x00000078d4000000)]
  0x000001ab01e43800 JavaThread "Unconstrained build operations Thread 55" [_thread_blocked, id=3240, stack(0x00000078d4000000,0x00000078d4100000)]
  0x000001ab01e47800 JavaThread "Unconstrained build operations Thread 56" [_thread_blocked, id=7716, stack(0x00000078d4100000,0x00000078d4200000)]
  0x000001ab01e44000 JavaThread "Unconstrained build operations Thread 57" [_thread_blocked, id=564, stack(0x00000078d4200000,0x00000078d4300000)]
  0x000001ab01e45000 JavaThread "Unconstrained build operations Thread 58" [_thread_blocked, id=23908, stack(0x00000078d4300000,0x00000078d4400000)]
  0x000001ab01e48000 JavaThread "Unconstrained build operations Thread 59" [_thread_blocked, id=25200, stack(0x00000078d4400000,0x00000078d4500000)]
  0x000001ab030da800 JavaThread "Unconstrained build operations Thread 60" [_thread_blocked, id=10008, stack(0x00000078d4500000,0x00000078d4600000)]
  0x000001ab030e2000 JavaThread "Unconstrained build operations Thread 61" [_thread_blocked, id=9920, stack(0x00000078d4600000,0x00000078d4700000)]
  0x000001ab030df000 JavaThread "Unconstrained build operations Thread 62" [_thread_blocked, id=11948, stack(0x00000078d4700000,0x00000078d4800000)]
  0x000001ab030e6000 JavaThread "Unconstrained build operations Thread 63" [_thread_blocked, id=4972, stack(0x00000078d4800000,0x00000078d4900000)]
  0x000001ab030e3800 JavaThread "Unconstrained build operations Thread 64" [_thread_blocked, id=12060, stack(0x00000078d4900000,0x00000078d4a00000)]
  0x000001ab030e1800 JavaThread "Unconstrained build operations Thread 65" [_thread_blocked, id=11128, stack(0x00000078d4a00000,0x00000078d4b00000)]
  0x000001ab030e3000 JavaThread "Unconstrained build operations Thread 66" [_thread_blocked, id=10656, stack(0x00000078d4b00000,0x00000078d4c00000)]
  0x000001ab030e7000 JavaThread "Unconstrained build operations Thread 67" [_thread_blocked, id=2148, stack(0x00000078d4c00000,0x00000078d4d00000)]
  0x000001ab030e5800 JavaThread "Unconstrained build operations Thread 68" [_thread_blocked, id=9788, stack(0x00000078d4d00000,0x00000078d4e00000)]
  0x000001ab030e4800 JavaThread "Unconstrained build operations Thread 69" [_thread_blocked, id=11936, stack(0x00000078d4e00000,0x00000078d4f00000)]
  0x000001ab030e8000 JavaThread "Unconstrained build operations Thread 70" [_thread_blocked, id=23864, stack(0x00000078d4f00000,0x00000078d5000000)]
  0x000001ab030e8800 JavaThread "Unconstrained build operations Thread 71" [_thread_blocked, id=12264, stack(0x00000078d5000000,0x00000078d5100000)]
  0x000001ab01e5e800 JavaThread "Unconstrained build operations Thread 72" [_thread_blocked, id=20028, stack(0x00000078d5100000,0x00000078d5200000)]
  0x000001ab01e5f000 JavaThread "Unconstrained build operations Thread 73" [_thread_blocked, id=19704, stack(0x00000078d5200000,0x00000078d5300000)]
  0x000001ab01e59800 JavaThread "Unconstrained build operations Thread 74" [_thread_blocked, id=23996, stack(0x00000078d5300000,0x00000078d5400000)]
  0x000001ab01e61000 JavaThread "Unconstrained build operations Thread 75" [_thread_blocked, id=19812, stack(0x00000078d5400000,0x00000078d5500000)]
  0x000001ab01e5b000 JavaThread "Unconstrained build operations Thread 76" [_thread_blocked, id=18544, stack(0x00000078d5500000,0x00000078d5600000)]
  0x000001ab01e5c000 JavaThread "Unconstrained build operations Thread 77" [_thread_blocked, id=9544, stack(0x00000078d5600000,0x00000078d5700000)]
  0x000001ab01e67800 JavaThread "Unconstrained build operations Thread 78" [_thread_blocked, id=11776, stack(0x00000078d5700000,0x00000078d5800000)]
  0x000001ab01e64000 JavaThread "Unconstrained build operations Thread 79" [_thread_blocked, id=25472, stack(0x00000078d5800000,0x00000078d5900000)]
  0x000001ab01e63800 JavaThread "Unconstrained build operations Thread 80" [_thread_blocked, id=7668, stack(0x00000078d5900000,0x00000078d5a00000)]

Other Threads:
  0x000001ab7e7b8000 VMThread "VM Thread" [stack: 0x00000078cdf00000,0x00000078ce000000] [id=24292]
  0x000001ab7f2c5800 WatcherThread [stack: 0x00000078ce900000,0x00000078cea00000] [id=21772]
  0x000001ab643a8800 GCTaskThread "GC Thread#0" [stack: 0x00000078cda00000,0x00000078cdb00000] [id=16676]
  0x000001ab0009b800 GCTaskThread "GC Thread#1" [stack: 0x00000078cea00000,0x00000078ceb00000] [id=4016]
  0x000001ab010f1800 GCTaskThread "GC Thread#2" [stack: 0x00000078cf500000,0x00000078cf600000] [id=7648]
  0x000001ab0176d800 GCTaskThread "GC Thread#3" [stack: 0x00000078cf600000,0x00000078cf700000] [id=10208]
  0x000001ab7fcab000 GCTaskThread "GC Thread#4" [stack: 0x00000078cf700000,0x00000078cf800000] [id=23708]
  0x000001ab0151d800 GCTaskThread "GC Thread#5" [stack: 0x00000078cf800000,0x00000078cf900000] [id=5752]
  0x000001ab0151e000 GCTaskThread "GC Thread#6" [stack: 0x00000078cf900000,0x00000078cfa00000] [id=16176]
  0x000001ab7f2b7800 GCTaskThread "GC Thread#7" [stack: 0x00000078cfa00000,0x00000078cfb00000] [id=13992]
  0x000001ab643da800 ConcurrentGCThread "G1 Main Marker" [stack: 0x00000078cdb00000,0x00000078cdc00000] [id=11416]
  0x000001ab643db800 ConcurrentGCThread "G1 Conc#0" [stack: 0x00000078cdc00000,0x00000078cdd00000] [id=24404]
  0x000001ab00a09800 ConcurrentGCThread "G1 Conc#1" [stack: 0x00000078cfe00000,0x00000078cff00000] [id=19928]
  0x000001ab64433000 ConcurrentGCThread "G1 Refine#0" [stack: 0x00000078cdd00000,0x00000078cde00000] [id=8044]
  0x000001ab0372e800 ConcurrentGCThread "G1 Refine#1" [stack: 0x00000078cf000000,0x00000078cf100000] [id=17244]
  0x000001ab64435000 ConcurrentGCThread "G1 Young RemSet Sampling" [stack: 0x00000078cde00000,0x00000078cdf00000] [id=18340]

Threads with active compile tasks:
C2 CompilerThread01093934 14442       4       org.gradle.api.internal.artifacts.ivyservice.modulecache.ModuleMetadataSerializer$Reader::readMavenDependencyExcludes (68 bytes)

VM state:not at safepoint (normal execution)

VM Mutex/Monitor currently owned by a thread: None

Heap address: 0x0000000080000000, size: 2048 MB, Compressed Oops mode: 32-bit
Narrow klass base: 0x0000000000000000, Narrow klass shift: 3
Compressed class space size: 1073741824 Address: 0x0000000100000000

Heap:
 garbage-first heap   total 176128K, used 132731K [0x0000000080000000, 0x0000000100000000)
  region size 1024K, 56 young (57344K), 3 survivors (3072K)
 Metaspace       used 90677K, capacity 92906K, committed 93004K, reserved 1130496K
  class space    used 11254K, capacity 12094K, committed 12108K, reserved 1048576K
Heap Regions: E=young(eden), S=young(survivor), O=old, HS=humongous(starts), HC=humongous(continues), CS=collection set, F=free, A=archive, TAMS=top-at-mark-start (previous, next)
|   0|0x0000000080000000, 0x0000000080100000, 0x0000000080100000|100%| O|  |TAMS 0x0000000080100000, 0x0000000080000000| Untracked 
|   1|0x0000000080100000, 0x0000000080200000, 0x0000000080200000|100%| O|  |TAMS 0x0000000080200000, 0x0000000080100000| Untracked 
|   2|0x0000000080200000, 0x0000000080300000, 0x0000000080300000|100%| O|  |TAMS 0x0000000080300000, 0x0000000080200000| Untracked 
|   3|0x0000000080300000, 0x0000000080400000, 0x0000000080400000|100%|HS|  |TAMS 0x0000000080400000, 0x0000000080300000| Complete 
|   4|0x0000000080400000, 0x0000000080500000, 0x0000000080500000|100%|HC|  |TAMS 0x0000000080500000, 0x0000000080400000| Complete 
|   5|0x0000000080500000, 0x0000000080600000, 0x0000000080600000|100%|HC|  |TAMS 0x0000000080600000, 0x0000000080500000| Complete 
|   6|0x0000000080600000, 0x0000000080700000, 0x0000000080700000|100%| O|  |TAMS 0x0000000080700000, 0x0000000080600000| Untracked 
|   7|0x0000000080700000, 0x0000000080800000, 0x0000000080800000|100%| O|  |TAMS 0x0000000080800000, 0x0000000080700000| Untracked 
|   8|0x0000000080800000, 0x0000000080900000, 0x0000000080900000|100%| O|  |TAMS 0x0000000080900000, 0x0000000080800000| Untracked 
|   9|0x0000000080900000, 0x0000000080a00000, 0x0000000080a00000|100%| O|  |TAMS 0x0000000080a00000, 0x0000000080900000| Untracked 
|  10|0x0000000080a00000, 0x0000000080b00000, 0x0000000080b00000|100%| O|  |TAMS 0x0000000080b00000, 0x0000000080a00000| Untracked 
|  11|0x0000000080b00000, 0x0000000080c00000, 0x0000000080c00000|100%| O|  |TAMS 0x0000000080c00000, 0x0000000080b00000| Untracked 
|  12|0x0000000080c00000, 0x0000000080d00000, 0x0000000080d00000|100%| O|  |TAMS 0x0000000080d00000, 0x0000000080c00000| Untracked 
|  13|0x0000000080d00000, 0x0000000080e00000, 0x0000000080e00000|100%| O|  |TAMS 0x0000000080e00000, 0x0000000080d00000| Untracked 
|  14|0x0000000080e00000, 0x0000000080f00000, 0x0000000080f00000|100%| O|  |TAMS 0x0000000080f00000, 0x0000000080e00000| Untracked 
|  15|0x0000000080f00000, 0x0000000081000000, 0x0000000081000000|100%| O|  |TAMS 0x0000000081000000, 0x0000000080f00000| Untracked 
|  16|0x0000000081000000, 0x0000000081100000, 0x0000000081100000|100%| O|  |TAMS 0x0000000081100000, 0x0000000081000000| Untracked 
|  17|0x0000000081100000, 0x0000000081200000, 0x0000000081200000|100%| O|  |TAMS 0x0000000081200000, 0x0000000081100000| Untracked 
|  18|0x0000000081200000, 0x0000000081300000, 0x0000000081300000|100%| O|  |TAMS 0x0000000081300000, 0x0000000081200000| Untracked 
|  19|0x0000000081300000, 0x0000000081400000, 0x0000000081400000|100%| O|  |TAMS 0x0000000081400000, 0x0000000081300000| Untracked 
|  20|0x0000000081400000, 0x0000000081500000, 0x0000000081500000|100%| O|  |TAMS 0x0000000081500000, 0x0000000081400000| Untracked 
|  21|0x0000000081500000, 0x0000000081600000, 0x0000000081600000|100%| O|  |TAMS 0x0000000081600000, 0x0000000081500000| Untracked 
|  22|0x0000000081600000, 0x0000000081700000, 0x0000000081700000|100%| O|  |TAMS 0x0000000081700000, 0x0000000081600000| Untracked 
|  23|0x0000000081700000, 0x0000000081800000, 0x0000000081800000|100%| O|  |TAMS 0x0000000081800000, 0x0000000081700000| Untracked 
|  24|0x0000000081800000, 0x0000000081900000, 0x0000000081900000|100%| O|  |TAMS 0x0000000081900000, 0x0000000081800000| Untracked 
|  25|0x0000000081900000, 0x0000000081a00000, 0x0000000081a00000|100%| O|  |TAMS 0x0000000081a00000, 0x0000000081900000| Untracked 
|  26|0x0000000081a00000, 0x0000000081b00000, 0x0000000081b00000|100%| O|  |TAMS 0x0000000081b00000, 0x0000000081a00000| Untracked 
|  27|0x0000000081b00000, 0x0000000081c00000, 0x0000000081c00000|100%| O|  |TAMS 0x0000000081c00000, 0x0000000081b00000| Untracked 
|  28|0x0000000081c00000, 0x0000000081d00000, 0x0000000081d00000|100%| O|  |TAMS 0x0000000081d00000, 0x0000000081c00000| Untracked 
|  29|0x0000000081d00000, 0x0000000081e00000, 0x0000000081e00000|100%| O|  |TAMS 0x0000000081e00000, 0x0000000081d00000| Untracked 
|  30|0x0000000081e00000, 0x0000000081f00000, 0x0000000081f00000|100%|HS|  |TAMS 0x0000000081f00000, 0x0000000081e00000| Complete 
|  31|0x0000000081f00000, 0x0000000082000000, 0x0000000082000000|100%| O|  |TAMS 0x0000000082000000, 0x0000000081f00000| Untracked 
|  32|0x0000000082000000, 0x0000000082100000, 0x0000000082100000|100%|HS|  |TAMS 0x0000000082100000, 0x0000000082000000| Complete 
|  33|0x0000000082100000, 0x0000000082200000, 0x0000000082200000|100%| O|  |TAMS 0x0000000082200000, 0x0000000082100000| Untracked 
|  34|0x0000000082200000, 0x0000000082300000, 0x0000000082300000|100%|HS|  |TAMS 0x0000000082300000, 0x0000000082200000| Complete 
|  35|0x0000000082300000, 0x0000000082400000, 0x0000000082400000|100%| O|  |TAMS 0x0000000082400000, 0x0000000082300000| Untracked 
|  36|0x0000000082400000, 0x0000000082500000, 0x0000000082500000|100%| O|  |TAMS 0x0000000082500000, 0x0000000082400000| Untracked 
|  37|0x0000000082500000, 0x0000000082600000, 0x0000000082600000|100%| O|  |TAMS 0x0000000082600000, 0x0000000082500000| Untracked 
|  38|0x0000000082600000, 0x0000000082700000, 0x0000000082700000|100%|HS|  |TAMS 0x0000000082700000, 0x0000000082600000| Complete 
|  39|0x0000000082700000, 0x0000000082800000, 0x0000000082800000|100%|HC|  |TAMS 0x0000000082800000, 0x0000000082700000| Complete 
|  40|0x0000000082800000, 0x0000000082900000, 0x0000000082900000|100%| O|  |TAMS 0x0000000082900000, 0x0000000082800000| Untracked 
|  41|0x0000000082900000, 0x0000000082a00000, 0x0000000082a00000|100%| O|  |TAMS 0x0000000082a00000, 0x0000000082900000| Untracked 
|  42|0x0000000082a00000, 0x0000000082b00000, 0x0000000082b00000|100%| O|  |TAMS 0x0000000082b00000, 0x0000000082a00000| Untracked 
|  43|0x0000000082b00000, 0x0000000082c00000, 0x0000000082c00000|100%| O|  |TAMS 0x0000000082c00000, 0x0000000082b00000| Untracked 
|  44|0x0000000082c00000, 0x0000000082d00000, 0x0000000082d00000|100%| O|  |TAMS 0x0000000082d00000, 0x0000000082c00000| Untracked 
|  45|0x0000000082d00000, 0x0000000082e00000, 0x0000000082e00000|100%| O|  |TAMS 0x0000000082e00000, 0x0000000082d00000| Untracked 
|  46|0x0000000082e00000, 0x0000000082f00000, 0x0000000082f00000|100%| O|  |TAMS 0x0000000082f00000, 0x0000000082e00000| Untracked 
|  47|0x0000000082f00000, 0x0000000083000000, 0x0000000083000000|100%| O|  |TAMS 0x0000000083000000, 0x0000000082f00000| Untracked 
|  48|0x0000000083000000, 0x0000000083100000, 0x0000000083100000|100%| O|  |TAMS 0x0000000083100000, 0x0000000083000000| Untracked 
|  49|0x0000000083100000, 0x0000000083200000, 0x0000000083200000|100%| O|  |TAMS 0x0000000083200000, 0x0000000083100000| Untracked 
|  50|0x0000000083200000, 0x0000000083300000, 0x0000000083300000|100%| O|  |TAMS 0x0000000083300000, 0x0000000083200000| Untracked 
|  51|0x0000000083300000, 0x0000000083400000, 0x0000000083400000|100%| O|  |TAMS 0x0000000083400000, 0x0000000083300000| Untracked 
|  52|0x0000000083400000, 0x0000000083500000, 0x0000000083500000|100%| O|  |TAMS 0x0000000083500000, 0x0000000083400000| Untracked 
|  53|0x0000000083500000, 0x0000000083600000, 0x0000000083600000|100%| O|  |TAMS 0x0000000083600000, 0x0000000083500000| Untracked 
|  54|0x0000000083600000, 0x0000000083700000, 0x0000000083700000|100%| O|  |TAMS 0x0000000083700000, 0x0000000083600000| Untracked 
|  55|0x0000000083700000, 0x0000000083800000, 0x0000000083800000|100%| O|  |TAMS 0x0000000083800000, 0x0000000083700000| Untracked 
|  56|0x0000000083800000, 0x0000000083900000, 0x0000000083900000|100%| O|  |TAMS 0x0000000083900000, 0x0000000083800000| Untracked 
|  57|0x0000000083900000, 0x0000000083a00000, 0x0000000083a00000|100%| O|  |TAMS 0x0000000083a00000, 0x0000000083900000| Untracked 
|  58|0x0000000083a00000, 0x0000000083b00000, 0x0000000083b00000|100%| O|  |TAMS 0x0000000083b00000, 0x0000000083a00000| Untracked 
|  59|0x0000000083b00000, 0x0000000083c00000, 0x0000000083c00000|100%| O|  |TAMS 0x0000000083c00000, 0x0000000083b00000| Untracked 
|  60|0x0000000083c00000, 0x0000000083d00000, 0x0000000083d00000|100%| O|  |TAMS 0x0000000083d00000, 0x0000000083c00000| Untracked 
|  61|0x0000000083d00000, 0x0000000083e00000, 0x0000000083e00000|100%| O|  |TAMS 0x0000000083e00000, 0x0000000083d00000| Untracked 
|  62|0x0000000083e00000, 0x0000000083f00000, 0x0000000083f00000|100%| O|  |TAMS 0x0000000083f00000, 0x0000000083e00000| Untracked 
|  63|0x0000000083f00000, 0x0000000084000000, 0x0000000084000000|100%| O|  |TAMS 0x0000000084000000, 0x0000000083f00000| Untracked 
|  64|0x0000000084000000, 0x0000000084100000, 0x0000000084100000|100%| O|  |TAMS 0x0000000084100000, 0x0000000084000000| Untracked 
|  65|0x0000000084100000, 0x0000000084200000, 0x0000000084200000|100%| O|  |TAMS 0x0000000084200000, 0x0000000084100000| Untracked 
|  66|0x0000000084200000, 0x0000000084300000, 0x0000000084300000|100%| O|  |TAMS 0x0000000084300000, 0x0000000084200000| Untracked 
|  67|0x0000000084300000, 0x0000000084400000, 0x0000000084400000|100%| O|  |TAMS 0x0000000084400000, 0x0000000084300000| Untracked 
|  68|0x0000000084400000, 0x0000000084500000, 0x0000000084500000|100%| O|  |TAMS 0x0000000084500000, 0x0000000084400000| Untracked 
|  69|0x0000000084500000, 0x0000000084600000, 0x0000000084600000|100%| O|  |TAMS 0x0000000084600000, 0x0000000084500000| Untracked 
|  70|0x0000000084600000, 0x0000000084700000, 0x0000000084700000|100%| O|  |TAMS 0x000000008467e600, 0x0000000084600000| Untracked 
|  71|0x0000000084700000, 0x0000000084800000, 0x0000000084800000|100%| O|  |TAMS 0x0000000084700000, 0x0000000084700000| Untracked 
|  72|0x0000000084800000, 0x0000000084900000, 0x0000000084900000|100%| O|  |TAMS 0x0000000084800000, 0x0000000084800000| Untracked 
|  73|0x0000000084900000, 0x0000000084a00000, 0x0000000084a00000|100%| O|  |TAMS 0x0000000084900000, 0x0000000084900000| Untracked 
|  74|0x0000000084a00000, 0x0000000084b00000, 0x0000000084b00000|100%| O|  |TAMS 0x0000000084a00000, 0x0000000084a00000| Untracked 
|  75|0x0000000084b00000, 0x0000000084bd4600, 0x0000000084c00000| 82%| O|  |TAMS 0x0000000084b00000, 0x0000000084b00000| Untracked 
|  76|0x0000000084c00000, 0x0000000084c00000, 0x0000000084d00000|  0%| F|  |TAMS 0x0000000084c00000, 0x0000000084c00000| Untracked 
|  77|0x0000000084d00000, 0x0000000084d00000, 0x0000000084e00000|  0%| F|  |TAMS 0x0000000084d00000, 0x0000000084d00000| Untracked 
|  78|0x0000000084e00000, 0x0000000084e00000, 0x0000000084f00000|  0%| F|  |TAMS 0x0000000084e00000, 0x0000000084e00000| Untracked 
|  79|0x0000000084f00000, 0x0000000084f00000, 0x0000000085000000|  0%| F|  |TAMS 0x0000000084f00000, 0x0000000084f00000| Untracked 
|  80|0x0000000085000000, 0x0000000085000000, 0x0000000085100000|  0%| F|  |TAMS 0x0000000085000000, 0x0000000085000000| Untracked 
|  81|0x0000000085100000, 0x0000000085100000, 0x0000000085200000|  0%| F|  |TAMS 0x0000000085100000, 0x0000000085100000| Untracked 
|  82|0x0000000085200000, 0x0000000085200000, 0x0000000085300000|  0%| F|  |TAMS 0x0000000085200000, 0x0000000085200000| Untracked 
|  83|0x0000000085300000, 0x0000000085300000, 0x0000000085400000|  0%| F|  |TAMS 0x0000000085300000, 0x0000000085300000| Untracked 
|  84|0x0000000085400000, 0x0000000085400000, 0x0000000085500000|  0%| F|  |TAMS 0x0000000085400000, 0x0000000085400000| Untracked 
|  85|0x0000000085500000, 0x0000000085500000, 0x0000000085600000|  0%| F|  |TAMS 0x0000000085500000, 0x0000000085500000| Untracked 
|  86|0x0000000085600000, 0x0000000085600000, 0x0000000085700000|  0%| F|  |TAMS 0x0000000085600000, 0x0000000085600000| Untracked 
|  87|0x0000000085700000, 0x0000000085700000, 0x0000000085800000|  0%| F|  |TAMS 0x0000000085700000, 0x0000000085700000| Untracked 
|  88|0x0000000085800000, 0x0000000085800000, 0x0000000085900000|  0%| F|  |TAMS 0x0000000085800000, 0x0000000085800000| Untracked 
|  89|0x0000000085900000, 0x0000000085900000, 0x0000000085a00000|  0%| F|  |TAMS 0x0000000085900000, 0x0000000085900000| Untracked 
|  90|0x0000000085a00000, 0x0000000085a00000, 0x0000000085b00000|  0%| F|  |TAMS 0x0000000085a00000, 0x0000000085a00000| Untracked 
|  91|0x0000000085b00000, 0x0000000085b00000, 0x0000000085c00000|  0%| F|  |TAMS 0x0000000085b00000, 0x0000000085b00000| Untracked 
|  92|0x0000000085c00000, 0x0000000085c00000, 0x0000000085d00000|  0%| F|  |TAMS 0x0000000085c00000, 0x0000000085c00000| Untracked 
|  93|0x0000000085d00000, 0x0000000085d00000, 0x0000000085e00000|  0%| F|  |TAMS 0x0000000085d00000, 0x0000000085d00000| Untracked 
|  94|0x0000000085e00000, 0x0000000085e00000, 0x0000000085f00000|  0%| F|  |TAMS 0x0000000085e00000, 0x0000000085e00000| Untracked 
|  95|0x0000000085f00000, 0x0000000085f00000, 0x0000000086000000|  0%| F|  |TAMS 0x0000000085f00000, 0x0000000085f00000| Untracked 
|  96|0x0000000086000000, 0x0000000086000000, 0x0000000086100000|  0%| F|  |TAMS 0x0000000086000000, 0x0000000086000000| Untracked 
|  97|0x0000000086100000, 0x0000000086100000, 0x0000000086200000|  0%| F|  |TAMS 0x0000000086100000, 0x0000000086100000| Untracked 
|  98|0x0000000086200000, 0x0000000086200000, 0x0000000086300000|  0%| F|  |TAMS 0x0000000086200000, 0x0000000086200000| Untracked 
|  99|0x0000000086300000, 0x0000000086300000, 0x0000000086400000|  0%| F|  |TAMS 0x0000000086300000, 0x0000000086300000| Untracked 
| 100|0x0000000086400000, 0x0000000086400000, 0x0000000086500000|  0%| F|  |TAMS 0x0000000086400000, 0x0000000086400000| Untracked 
| 101|0x0000000086500000, 0x00000000865ca6f8, 0x0000000086600000| 79%| S|CS|TAMS 0x0000000086500000, 0x0000000086500000| Complete 
| 102|0x0000000086600000, 0x0000000086700000, 0x0000000086700000|100%| S|CS|TAMS 0x0000000086600000, 0x0000000086600000| Complete 
| 103|0x0000000086700000, 0x0000000086800000, 0x0000000086800000|100%| S|CS|TAMS 0x0000000086700000, 0x0000000086700000| Complete 
| 104|0x0000000086800000, 0x0000000086800000, 0x0000000086900000|  0%| F|  |TAMS 0x0000000086800000, 0x0000000086800000| Untracked 
| 105|0x0000000086900000, 0x0000000086900000, 0x0000000086a00000|  0%| F|  |TAMS 0x0000000086900000, 0x0000000086900000| Untracked 
| 106|0x0000000086a00000, 0x0000000086a00000, 0x0000000086b00000|  0%| F|  |TAMS 0x0000000086a00000, 0x0000000086a00000| Untracked 
| 107|0x0000000086b00000, 0x0000000086b00000, 0x0000000086c00000|  0%| F|  |TAMS 0x0000000086b00000, 0x0000000086b00000| Untracked 
| 108|0x0000000086c00000, 0x0000000086c00000, 0x0000000086d00000|  0%| F|  |TAMS 0x0000000086c00000, 0x0000000086c00000| Untracked 
| 109|0x0000000086d00000, 0x0000000086d00000, 0x0000000086e00000|  0%| F|  |TAMS 0x0000000086d00000, 0x0000000086d00000| Untracked 
| 110|0x0000000086e00000, 0x0000000086e00000, 0x0000000086f00000|  0%| F|  |TAMS 0x0000000086e00000, 0x0000000086e00000| Untracked 
| 111|0x0000000086f00000, 0x0000000086f00000, 0x0000000087000000|  0%| F|  |TAMS 0x0000000086f00000, 0x0000000086f00000| Untracked 
| 112|0x0000000087000000, 0x0000000087000000, 0x0000000087100000|  0%| F|  |TAMS 0x0000000087000000, 0x0000000087000000| Untracked 
| 113|0x0000000087100000, 0x0000000087100000, 0x0000000087200000|  0%| F|  |TAMS 0x0000000087100000, 0x0000000087100000| Untracked 
| 114|0x0000000087200000, 0x0000000087200000, 0x0000000087300000|  0%| F|  |TAMS 0x0000000087200000, 0x0000000087200000| Untracked 
| 115|0x0000000087300000, 0x0000000087300000, 0x0000000087400000|  0%| F|  |TAMS 0x0000000087300000, 0x0000000087300000| Untracked 
| 116|0x0000000087400000, 0x0000000087400000, 0x0000000087500000|  0%| F|  |TAMS 0x0000000087400000, 0x0000000087400000| Untracked 
| 117|0x0000000087500000, 0x0000000087500000, 0x0000000087600000|  0%| F|  |TAMS 0x0000000087500000, 0x0000000087500000| Untracked 
| 118|0x0000000087600000, 0x0000000087600000, 0x0000000087700000|  0%| F|  |TAMS 0x0000000087600000, 0x0000000087600000| Untracked 
| 119|0x0000000087700000, 0x0000000087792e00, 0x0000000087800000| 57%| E|  |TAMS 0x0000000087700000, 0x0000000087700000| Complete 
| 120|0x0000000087800000, 0x0000000087900000, 0x0000000087900000|100%| E|CS|TAMS 0x0000000087800000, 0x0000000087800000| Complete 
| 121|0x0000000087900000, 0x0000000087a00000, 0x0000000087a00000|100%| E|CS|TAMS 0x0000000087900000, 0x0000000087900000| Complete 
| 122|0x0000000087a00000, 0x0000000087b00000, 0x0000000087b00000|100%| E|CS|TAMS 0x0000000087a00000, 0x0000000087a00000| Complete 
| 123|0x0000000087b00000, 0x0000000087c00000, 0x0000000087c00000|100%| E|CS|TAMS 0x0000000087b00000, 0x0000000087b00000| Complete 
| 124|0x0000000087c00000, 0x0000000087d00000, 0x0000000087d00000|100%| E|CS|TAMS 0x0000000087c00000, 0x0000000087c00000| Complete 
| 125|0x0000000087d00000, 0x0000000087e00000, 0x0000000087e00000|100%| E|CS|TAMS 0x0000000087d00000, 0x0000000087d00000| Complete 
| 126|0x0000000087e00000, 0x0000000087f00000, 0x0000000087f00000|100%| E|CS|TAMS 0x0000000087e00000, 0x0000000087e00000| Complete 
| 127|0x0000000087f00000, 0x0000000088000000, 0x0000000088000000|100%| E|CS|TAMS 0x0000000087f00000, 0x0000000087f00000| Complete 
| 128|0x0000000088000000, 0x0000000088100000, 0x0000000088100000|100%| E|CS|TAMS 0x0000000088000000, 0x0000000088000000| Complete 
| 129|0x0000000088100000, 0x0000000088200000, 0x0000000088200000|100%| E|CS|TAMS 0x0000000088100000, 0x0000000088100000| Complete 
| 130|0x0000000088200000, 0x0000000088300000, 0x0000000088300000|100%| E|CS|TAMS 0x0000000088200000, 0x0000000088200000| Complete 
| 131|0x0000000088300000, 0x0000000088400000, 0x0000000088400000|100%| E|CS|TAMS 0x0000000088300000, 0x0000000088300000| Complete 
| 132|0x0000000088400000, 0x0000000088500000, 0x0000000088500000|100%| E|CS|TAMS 0x0000000088400000, 0x0000000088400000| Complete 
| 133|0x0000000088500000, 0x0000000088600000, 0x0000000088600000|100%| E|CS|TAMS 0x0000000088500000, 0x0000000088500000| Complete 
| 134|0x0000000088600000, 0x0000000088700000, 0x0000000088700000|100%| E|CS|TAMS 0x0000000088600000, 0x0000000088600000| Complete 
| 135|0x0000000088700000, 0x0000000088800000, 0x0000000088800000|100%| E|CS|TAMS 0x0000000088700000, 0x0000000088700000| Complete 
| 136|0x0000000088800000, 0x0000000088900000, 0x0000000088900000|100%| E|CS|TAMS 0x0000000088800000, 0x0000000088800000| Complete 
| 137|0x0000000088900000, 0x0000000088a00000, 0x0000000088a00000|100%| E|CS|TAMS 0x0000000088900000, 0x0000000088900000| Complete 
| 138|0x0000000088a00000, 0x0000000088b00000, 0x0000000088b00000|100%| E|CS|TAMS 0x0000000088a00000, 0x0000000088a00000| Complete 
| 139|0x0000000088b00000, 0x0000000088c00000, 0x0000000088c00000|100%| E|CS|TAMS 0x0000000088b00000, 0x0000000088b00000| Complete 
| 140|0x0000000088c00000, 0x0000000088d00000, 0x0000000088d00000|100%| E|CS|TAMS 0x0000000088c00000, 0x0000000088c00000| Complete 
| 141|0x0000000088d00000, 0x0000000088e00000, 0x0000000088e00000|100%| E|CS|TAMS 0x0000000088d00000, 0x0000000088d00000| Complete 
| 142|0x0000000088e00000, 0x0000000088f00000, 0x0000000088f00000|100%| E|CS|TAMS 0x0000000088e00000, 0x0000000088e00000| Complete 
| 143|0x0000000088f00000, 0x0000000089000000, 0x0000000089000000|100%| E|CS|TAMS 0x0000000088f00000, 0x0000000088f00000| Complete 
| 144|0x0000000089000000, 0x0000000089100000, 0x0000000089100000|100%| E|CS|TAMS 0x0000000089000000, 0x0000000089000000| Complete 
| 145|0x0000000089100000, 0x0000000089200000, 0x0000000089200000|100%| E|CS|TAMS 0x0000000089100000, 0x0000000089100000| Complete 
| 146|0x0000000089200000, 0x0000000089300000, 0x0000000089300000|100%| E|  |TAMS 0x0000000089200000, 0x0000000089200000| Complete 
| 147|0x0000000089300000, 0x0000000089400000, 0x0000000089400000|100%| E|CS|TAMS 0x0000000089300000, 0x0000000089300000| Complete 
| 148|0x0000000089400000, 0x0000000089500000, 0x0000000089500000|100%| E|CS|TAMS 0x0000000089400000, 0x0000000089400000| Complete 
| 149|0x0000000089500000, 0x0000000089600000, 0x0000000089600000|100%| E|CS|TAMS 0x0000000089500000, 0x0000000089500000| Complete 
| 150|0x0000000089600000, 0x0000000089700000, 0x0000000089700000|100%| E|CS|TAMS 0x0000000089600000, 0x0000000089600000| Complete 
| 151|0x0000000089700000, 0x0000000089800000, 0x0000000089800000|100%| E|CS|TAMS 0x0000000089700000, 0x0000000089700000| Complete 
| 152|0x0000000089800000, 0x0000000089900000, 0x0000000089900000|100%| E|CS|TAMS 0x0000000089800000, 0x0000000089800000| Complete 
| 153|0x0000000089900000, 0x0000000089a00000, 0x0000000089a00000|100%| E|CS|TAMS 0x0000000089900000, 0x0000000089900000| Complete 
| 154|0x0000000089a00000, 0x0000000089b00000, 0x0000000089b00000|100%| E|CS|TAMS 0x0000000089a00000, 0x0000000089a00000| Complete 
| 155|0x0000000089b00000, 0x0000000089c00000, 0x0000000089c00000|100%| E|CS|TAMS 0x0000000089b00000, 0x0000000089b00000| Complete 
| 156|0x0000000089c00000, 0x0000000089d00000, 0x0000000089d00000|100%| E|CS|TAMS 0x0000000089c00000, 0x0000000089c00000| Complete 
| 157|0x0000000089d00000, 0x0000000089e00000, 0x0000000089e00000|100%| E|CS|TAMS 0x0000000089d00000, 0x0000000089d00000| Complete 
| 158|0x0000000089e00000, 0x0000000089f00000, 0x0000000089f00000|100%| E|CS|TAMS 0x0000000089e00000, 0x0000000089e00000| Complete 
| 159|0x0000000089f00000, 0x000000008a000000, 0x000000008a000000|100%| E|CS|TAMS 0x0000000089f00000, 0x0000000089f00000| Complete 
| 160|0x000000008a000000, 0x000000008a100000, 0x000000008a100000|100%| E|CS|TAMS 0x000000008a000000, 0x000000008a000000| Complete 
| 161|0x000000008a100000, 0x000000008a200000, 0x000000008a200000|100%| E|CS|TAMS 0x000000008a100000, 0x000000008a100000| Complete 
| 162|0x000000008a200000, 0x000000008a300000, 0x000000008a300000|100%| E|CS|TAMS 0x000000008a200000, 0x000000008a200000| Complete 
| 163|0x000000008a300000, 0x000000008a400000, 0x000000008a400000|100%| E|CS|TAMS 0x000000008a300000, 0x000000008a300000| Complete 
| 164|0x000000008a400000, 0x000000008a500000, 0x000000008a500000|100%| E|CS|TAMS 0x000000008a400000, 0x000000008a400000| Complete 
| 165|0x000000008a500000, 0x000000008a600000, 0x000000008a600000|100%| E|CS|TAMS 0x000000008a500000, 0x000000008a500000| Complete 
| 166|0x000000008a600000, 0x000000008a700000, 0x000000008a700000|100%| E|CS|TAMS 0x000000008a600000, 0x000000008a600000| Complete 
| 167|0x000000008a700000, 0x000000008a800000, 0x000000008a800000|100%| E|CS|TAMS 0x000000008a700000, 0x000000008a700000| Complete 
| 168|0x000000008a800000, 0x000000008a900000, 0x000000008a900000|100%| E|CS|TAMS 0x000000008a800000, 0x000000008a800000| Complete 
| 169|0x000000008a900000, 0x000000008aa00000, 0x000000008aa00000|100%| E|CS|TAMS 0x000000008a900000, 0x000000008a900000| Complete 
| 170|0x000000008aa00000, 0x000000008ab00000, 0x000000008ab00000|100%| E|CS|TAMS 0x000000008aa00000, 0x000000008aa00000| Complete 
| 171|0x000000008ab00000, 0x000000008ac00000, 0x000000008ac00000|100%| E|CS|TAMS 0x000000008ab00000, 0x000000008ab00000| Complete 

Card table byte_map: [0x000001ab775c0000,0x000001ab779c0000] _byte_map_base: 0x000001ab771c0000

Marking Bits (Prev, Next): (CMBitMap*) 0x000001ab643d1c30, (CMBitMap*) 0x000001ab643d1bf8
 Prev Bits: [0x000001ab79dc0000, 0x000001ab7bdc0000)
 Next Bits: [0x000001ab77dc0000, 0x000001ab79dc0000)

Polling page: 0x000001ab62300000

Metaspace:

Usage:
  Non-class:     78.92 MB capacity,    77.56 MB ( 98%) used,     1.09 MB (  1%) free+waste,   272.50 KB ( <1%) overhead. 
      Class:     11.81 MB capacity,    10.99 MB ( 93%) used,   720.99 KB (  6%) free+waste,   118.56 KB ( <1%) overhead. 
       Both:     90.73 MB capacity,    88.55 MB ( 98%) used,     1.79 MB (  2%) free+waste,   391.06 KB ( <1%) overhead. 

Virtual space:
  Non-class space:       80.00 MB reserved,      79.00 MB ( 99%) committed 
      Class space:        1.00 GB reserved,      11.82 MB (  1%) committed 
             Both:        1.08 GB reserved,      90.82 MB (  8%) committed 

Chunk freelists:
   Non-Class:  0 bytes
       Class:  0 bytes
        Both:  0 bytes

MaxMetaspaceSize: 17179869184.00 GB
CompressedClassSpaceSize: 1.00 GB

CodeHeap 'non-profiled nmethods': size=120000Kb used=8092Kb max_used=8092Kb free=111907Kb
 bounds [0x000001ab6f960000, 0x000001ab70150000, 0x000001ab76e90000]
CodeHeap 'profiled nmethods': size=120000Kb used=29986Kb max_used=29986Kb free=90014Kb
 bounds [0x000001ab68430000, 0x000001ab6a180000, 0x000001ab6f960000]
CodeHeap 'non-nmethods': size=5760Kb used=2284Kb max_used=2341Kb free=3475Kb
 bounds [0x000001ab67e90000, 0x000001ab68100000, 0x000001ab68430000]
 total_blobs=15002 nmethods=14125 adapters=787
 compilation: enabled
              stopped_count=0, restarted_count=0
 full_count=0

Compilation events (20 events):
Event: 1093.570 Thread 0x000001ab7e823800 14458       3       org.gradle.api.internal.artifacts.JavaEcosystemSupport$UsageCompatibilityRules::execute (84 bytes)
Event: 1093.579 Thread 0x000001ab7e823800 nmethod 14458 0x000001ab6a16fb90 code [0x000001ab6a16fde0, 0x000001ab6a170678]
Event: 1093.633 Thread 0x000001ab7e823800 14460       3       org.gradle.internal.component.external.model.AbstractMutableModuleComponentResolveMetadata$ImmutableVariantImpl::getArtifacts (71 bytes)
Event: 1093.642 Thread 0x000001ab7e823800 nmethod 14460 0x000001ab6a170990 code [0x000001ab6a170ca0, 0x000001ab6a172008]
Event: 1093.644 Thread 0x000001ab7e823800 14459       3       org.gradle.internal.component.external.model.AbstractVariantBackedConfigurationMetadata::getArtifacts (10 bytes)
Event: 1093.644 Thread 0x000001ab7e823800 nmethod 14459 0x000001ab6a172610 code [0x000001ab6a1727c0, 0x000001ab6a172988]
Event: 1093.645 Thread 0x000001ab7e823800 14461       3       org.gradle.internal.component.external.model.MetadataSourcedComponentArtifacts::getArtifactsFor (45 bytes)
Event: 1093.649 Thread 0x000001ab7e823800 nmethod 14461 0x000001ab6a172a90 code [0x000001ab6a172ca0, 0x000001ab6a173218]
Event: 1093.649 Thread 0x000001ab7e823800 14462       3       org.gradle.internal.component.model.DefaultSelectedByVariantMatchingConfigurationMetadata::getVariants (10 bytes)
Event: 1093.649 Thread 0x000001ab7e823800 nmethod 14462 0x000001ab6a173410 code [0x000001ab6a1735c0, 0x000001ab6a173788]
Event: 1093.649 Thread 0x000001ab7e823800 14463       3       org.gradle.internal.component.external.model.AbstractVariantBackedConfigurationMetadata::getVariants (8 bytes)
Event: 1093.650 Thread 0x000001ab7e823800 nmethod 14463 0x000001ab6a173890 code [0x000001ab6a173aa0, 0x000001ab6a173fe8]
Event: 1093.650 Thread 0x000001ab7e823800 14464       3       org.gradle.api.internal.artifacts.ivyservice.resolveengine.artifact.DefaultArtifactSet::createFromVariantMetadata (144 bytes)
Event: 1093.659 Thread 0x000001ab7e823800 nmethod 14464 0x000001ab6a174210 code [0x000001ab6a174580, 0x000001ab6a175f08]
Event: 1093.681 Thread 0x000001ab7e822000 nmethod 14441 0x000001ab7013a810 code [0x000001ab7013aee0, 0x000001ab70142630]
Event: 1093.682 Thread 0x000001ab7e822000 14450       4       org.gradle.internal.io.StreamByteBuffer$StreamByteBufferInputStream::readImpl (150 bytes)
Event: 1093.709 Thread 0x000001ab7e822000 nmethod 14450 0x000001ab70146590 code [0x000001ab70146740, 0x000001ab70146d58]
Event: 1093.709 Thread 0x000001ab7e822000 14442       4       org.gradle.api.internal.artifacts.ivyservice.modulecache.ModuleMetadataSerializer$Reader::readMavenDependencyExcludes (68 bytes)
Event: 1093.714 Thread 0x000001ab7e823800 14466       3       java.util.concurrent.locks.ReentrantLock::lockInterruptibly (9 bytes)
Event: 1093.715 Thread 0x000001ab7e823800 nmethod 14466 0x000001ab6a176790 code [0x000001ab6a1769a0, 0x000001ab6a176df8]

GC Heap History (20 events):
Event: 36.081 GC heap before
{Heap before GC invocations=65 (full 0):
 garbage-first heap   total 121856K, used 91587K [0x0000000080000000, 0x0000000100000000)
  region size 1024K, 32 young (32768K), 3 survivors (3072K)
 Metaspace       used 79385K, capacity 81174K, committed 81484K, reserved 1120256K
  class space    used 10299K, capacity 10970K, committed 11084K, reserved 1048576K
}
Event: 36.088 GC heap after
{Heap after GC invocations=66 (full 0):
 garbage-first heap   total 121856K, used 64187K [0x0000000080000000, 0x0000000100000000)
  region size 1024K, 4 young (4096K), 4 survivors (4096K)
 Metaspace       used 79385K, capacity 81174K, committed 81484K, reserved 1120256K
  class space    used 10299K, capacity 10970K, committed 11084K, reserved 1048576K
}
Event: 37.167 GC heap before
{Heap before GC invocations=66 (full 0):
 garbage-first heap   total 121856K, used 92859K [0x0000000080000000, 0x0000000100000000)
  region size 1024K, 33 young (33792K), 4 survivors (4096K)
 Metaspace       used 82517K, capacity 84511K, committed 84684K, reserved 1122304K
  class space    used 10687K, capacity 11441K, committed 11468K, reserved 1048576K
}
Event: 37.184 GC heap after
{Heap after GC invocations=67 (full 0):
 garbage-first heap   total 121856K, used 67954K [0x0000000080000000, 0x0000000100000000)
  region size 1024K, 5 young (5120K), 5 survivors (5120K)
 Metaspace       used 82517K, capacity 84511K, committed 84684K, reserved 1122304K
  class space    used 10687K, capacity 11441K, committed 11468K, reserved 1048576K
}
Event: 37.754 GC heap before
{Heap before GC invocations=68 (full 0):
 garbage-first heap   total 121856K, used 95602K [0x0000000080000000, 0x0000000100000000)
  region size 1024K, 33 young (33792K), 5 survivors (5120K)
 Metaspace       used 83105K, capacity 85212K, committed 85324K, reserved 1122304K
  class space    used 10771K, capacity 11565K, committed 11596K, reserved 1048576K
}
Event: 37.765 GC heap after
{Heap after GC invocations=69 (full 0):
 garbage-first heap   total 146432K, used 70291K [0x0000000080000000, 0x0000000100000000)
  region size 1024K, 3 young (3072K), 3 survivors (3072K)
 Metaspace       used 83105K, capacity 85212K, committed 85324K, reserved 1122304K
  class space    used 10771K, capacity 11565K, committed 11596K, reserved 1048576K
}
Event: 38.730 GC heap before
{Heap before GC invocations=69 (full 0):
 garbage-first heap   total 146432K, used 104083K [0x0000000080000000, 0x0000000100000000)
  region size 1024K, 37 young (37888K), 3 survivors (3072K)
 Metaspace       used 83622K, capacity 85700K, committed 85836K, reserved 1124352K
  class space    used 10810K, capacity 11588K, committed 11596K, reserved 1048576K
}
Event: 38.739 GC heap after
{Heap after GC invocations=70 (full 0):
 garbage-first heap   total 146432K, used 72319K [0x0000000080000000, 0x0000000100000000)
  region size 1024K, 5 young (5120K), 5 survivors (5120K)
 Metaspace       used 83622K, capacity 85700K, committed 85836K, reserved 1124352K
  class space    used 10810K, capacity 11588K, committed 11596K, reserved 1048576K
}
Event: 39.621 GC heap before
{Heap before GC invocations=71 (full 0):
 garbage-first heap   total 146432K, used 110207K [0x0000000080000000, 0x0000000100000000)
  region size 1024K, 43 young (44032K), 5 survivors (5120K)
 Metaspace       used 84200K, capacity 86393K, committed 86476K, reserved 1124352K
  class space    used 10850K, capacity 11669K, committed 11724K, reserved 1048576K
}
Event: 39.631 GC heap after
{Heap after GC invocations=72 (full 0):
 garbage-first heap   total 146432K, used 75160K [0x0000000080000000, 0x0000000100000000)
  region size 1024K, 6 young (6144K), 6 survivors (6144K)
 Metaspace       used 84200K, capacity 86393K, committed 86476K, reserved 1124352K
  class space    used 10850K, capacity 11669K, committed 11724K, reserved 1048576K
}
Event: 40.411 GC heap before
{Heap before GC invocations=72 (full 0):
 garbage-first heap   total 146432K, used 113048K [0x0000000080000000, 0x0000000100000000)
  region size 1024K, 44 young (45056K), 6 survivors (6144K)
 Metaspace       used 84369K, capacity 86497K, committed 86732K, reserved 1124352K
  class space    used 10851K, capacity 11670K, committed 11724K, reserved 1048576K
}
Event: 40.423 GC heap after
{Heap after GC invocations=73 (full 0):
 garbage-first heap   total 146432K, used 78032K [0x0000000080000000, 0x0000000100000000)
  region size 1024K, 6 young (6144K), 6 survivors (6144K)
 Metaspace       used 84369K, capacity 86497K, committed 86732K, reserved 1124352K
  class space    used 10851K, capacity 11670K, committed 11724K, reserved 1048576K
}
Event: 270.199 GC heap before
{Heap before GC invocations=74 (full 0):
 garbage-first heap   total 146432K, used 115920K [0x0000000080000000, 0x0000000100000000)
  region size 1024K, 44 young (45056K), 6 survivors (6144K)
 Metaspace       used 88501K, capacity 90559K, committed 90828K, reserved 1128448K
  class space    used 11181K, capacity 11965K, committed 11980K, reserved 1048576K
}
Event: 270.389 GC heap after
{Heap after GC invocations=75 (full 0):
 garbage-first heap   total 176128K, used 80072K [0x0000000080000000, 0x0000000100000000)
  region size 1024K, 5 young (5120K), 5 survivors (5120K)
 Metaspace       used 88501K, capacity 90559K, committed 90828K, reserved 1128448K
  class space    used 11181K, capacity 11965K, committed 11980K, reserved 1048576K
}
Event: 784.633 GC heap before
{Heap before GC invocations=75 (full 0):
 garbage-first heap   total 176128K, used 136392K [0x0000000080000000, 0x0000000100000000)
  region size 1024K, 61 young (62464K), 5 survivors (5120K)
 Metaspace       used 89281K, capacity 91374K, committed 91724K, reserved 1128448K
  class space    used 11192K, capacity 11981K, committed 12108K, reserved 1048576K
}
Event: 784.855 GC heap after
{Heap after GC invocations=76 (full 0):
 garbage-first heap   total 176128K, used 79019K [0x0000000080000000, 0x0000000100000000)
  region size 1024K, 2 young (2048K), 2 survivors (2048K)
 Metaspace       used 89281K, capacity 91374K, committed 91724K, reserved 1128448K
  class space    used 11192K, capacity 11981K, committed 12108K, reserved 1048576K
}
Event: 936.424 GC heap before
{Heap before GC invocations=76 (full 0):
 garbage-first heap   total 176128K, used 138411K [0x0000000080000000, 0x0000000100000000)
  region size 1024K, 61 young (62464K), 2 survivors (2048K)
 Metaspace       used 89937K, capacity 92125K, committed 92236K, reserved 1130496K
  class space    used 11219K, capacity 12031K, committed 12108K, reserved 1048576K
}
Event: 936.547 GC heap after
{Heap after GC invocations=77 (full 0):
 garbage-first heap   total 176128K, used 79677K [0x0000000080000000, 0x0000000100000000)
  region size 1024K, 2 young (2048K), 2 survivors (2048K)
 Metaspace       used 89937K, capacity 92125K, committed 92236K, reserved 1130496K
  class space    used 11219K, capacity 12031K, committed 12108K, reserved 1048576K
}
Event: 973.733 GC heap before
{Heap before GC invocations=77 (full 0):
 garbage-first heap   total 176128K, used 146237K [0x0000000080000000, 0x0000000100000000)
  region size 1024K, 68 young (69632K), 2 survivors (2048K)
 Metaspace       used 90391K, capacity 92709K, committed 92748K, reserved 1130496K
  class space    used 11247K, capacity 12082K, committed 12108K, reserved 1048576K
}
Event: 973.841 GC heap after
{Heap after GC invocations=78 (full 0):
 garbage-first heap   total 176128K, used 80507K [0x0000000080000000, 0x0000000100000000)
  region size 1024K, 3 young (3072K), 3 survivors (3072K)
 Metaspace       used 90391K, capacity 92709K, committed 92748K, reserved 1130496K
  class space    used 11247K, capacity 12082K, committed 12108K, reserved 1048576K
}

Deoptimization events (20 events):
Event: 973.578 Thread 0x000001ab0155a800 DEOPT PACKING pc=0x000001ab68d8062b sp=0x00000078ceef8e20
Event: 973.578 Thread 0x000001ab0155a800 DEOPT UNPACKING pc=0x000001ab67eb6dde sp=0x00000078ceef82b8 mode 0
Event: 973.880 Thread 0x000001ab0155a800 Uncommon trap: trap_request=0xfffffff4 fr.pc=0x000001ab6fe20610 relative=0x0000000000000550
Event: 973.880 Thread 0x000001ab0155a800 Uncommon trap: reason=null_check action=make_not_entrant pc=0x000001ab6fe20610 method=java.lang.ThreadLocal$ThreadLocalMap.expungeStaleEntry(I)I @ 51 c2
Event: 973.880 Thread 0x000001ab0155a800 DEOPT PACKING pc=0x000001ab6fe20610 sp=0x00000078ceef9dc0
Event: 973.880 Thread 0x000001ab0155a800 DEOPT UNPACKING pc=0x000001ab67eb662f sp=0x00000078ceef9d60 mode 2
Event: 974.447 Thread 0x000001ab0155a800 Uncommon trap: trap_request=0xfffffff4 fr.pc=0x000001ab700bd2c0 relative=0x00000000000013c0
Event: 974.447 Thread 0x000001ab0155a800 Uncommon trap: reason=null_check action=make_not_entrant pc=0x000001ab700bd2c0 method=org.gradle.tooling.internal.provider.runner.SubtreeFilteringBuildOperationListener.started(Lorg/gradle/internal/operations/BuildOperationDescriptor;Lorg/gradle/internal/
Event: 974.447 Thread 0x000001ab0155a800 DEOPT PACKING pc=0x000001ab700bd2c0 sp=0x00000078ceefa890
Event: 974.447 Thread 0x000001ab0155a800 DEOPT UNPACKING pc=0x000001ab67eb662f sp=0x00000078ceefa860 mode 2
Event: 974.830 Thread 0x000001ab0155a800 DEOPT PACKING pc=0x000001ab698ff19e sp=0x00000078ceef9760
Event: 974.830 Thread 0x000001ab0155a800 DEOPT UNPACKING pc=0x000001ab67eb6dde sp=0x00000078ceef8cb0 mode 0
Event: 975.712 Thread 0x000001ab0155a800 Uncommon trap: trap_request=0xffffffde fr.pc=0x000001ab6feb0648 relative=0x00000000000007e8
Event: 975.712 Thread 0x000001ab0155a800 Uncommon trap: reason=class_check action=maybe_recompile pc=0x000001ab6feb0648 method=java.util.HashMap.removeNode(ILjava/lang/Object;Ljava/lang/Object;ZZ)Ljava/util/HashMap$Node; @ 143 c2
Event: 975.712 Thread 0x000001ab0155a800 DEOPT PACKING pc=0x000001ab6feb0648 sp=0x00000078ceefa760
Event: 975.712 Thread 0x000001ab0155a800 DEOPT UNPACKING pc=0x000001ab67eb662f sp=0x00000078ceefa6e8 mode 2
Event: 1093.698 Thread 0x000001ab07526800 Uncommon trap: trap_request=0xffffff4d fr.pc=0x000001ab6fd55a88 relative=0x0000000000000788
Event: 1093.700 Thread 0x000001ab07526800 Uncommon trap: reason=unstable_if action=reinterpret pc=0x000001ab6fd55a88 method=java.util.concurrent.locks.AbstractQueuedSynchronizer.hasQueuedPredecessors()Z @ 34 c2
Event: 1093.700 Thread 0x000001ab07526800 DEOPT PACKING pc=0x000001ab6fd55a88 sp=0x00000078d0bfd460
Event: 1093.700 Thread 0x000001ab07526800 DEOPT UNPACKING pc=0x000001ab67eb662f sp=0x00000078d0bfd2d0 mode 2

Classes redefined (0 events):
No events

Internal exceptions (20 events):
Event: 938.480 Thread 0x000001ab0155a800 Exception <a 'sun/nio/fs/WindowsException'{0x000000008930c058}> (0x000000008930c058) thrown at [./src/hotspot/share/prims/jni.cpp, line 615]
Event: 938.722 Thread 0x000001ab0155a800 Exception <a 'sun/nio/fs/WindowsException'{0x00000000891c9118}> (0x00000000891c9118) thrown at [./src/hotspot/share/prims/jni.cpp, line 615]
Event: 940.049 Thread 0x000001ab01e39800 Exception <a 'sun/nio/fs/WindowsException'{0x0000000087c2c3d8}> (0x0000000087c2c3d8) thrown at [./src/hotspot/share/prims/jni.cpp, line 615]
Event: 940.056 Thread 0x000001ab0155a800 Exception <a 'sun/nio/fs/WindowsException'{0x0000000087c37e70}> (0x0000000087c37e70) thrown at [./src/hotspot/share/prims/jni.cpp, line 615]
Event: 940.057 Thread 0x000001ab0155a800 Exception <a 'sun/nio/fs/WindowsException'{0x0000000087c37ef0}> (0x0000000087c37ef0) thrown at [./src/hotspot/share/prims/jni.cpp, line 615]
Event: 940.057 Thread 0x000001ab0155a800 Exception <a 'sun/nio/fs/WindowsException'{0x0000000087c39890}> (0x0000000087c39890) thrown at [./src/hotspot/share/prims/jni.cpp, line 615]
Event: 973.880 Thread 0x000001ab0155a800 Implicit null exception at 0x000001ab6fe20171 to 0x000001ab6fe205f0
Event: 974.093 Thread 0x000001ab0155a800 Exception <a 'sun/nio/fs/WindowsException'{0x000000008a84e410}> (0x000000008a84e410) thrown at [./src/hotspot/share/prims/jni.cpp, line 615]
Event: 974.438 Thread 0x000001ab0155a800 Exception <a 'java/lang/NoClassDefFoundError'{0x000000008a586dd8}: org/jetbrains/kotlin/gradle/plugin/KotlinBasePluginWrapper> (0x000000008a586dd8) thrown at [./src/hotspot/share/oops/constantPool.cpp, line 775]
Event: 974.447 Thread 0x000001ab0155a800 Implicit null exception at 0x000001ab700bc0a1 to 0x000001ab700bd298
Event: 974.569 Thread 0x000001ab0155a800 Exception <a 'sun/nio/fs/WindowsException'{0x000000008a4afdd8}> (0x000000008a4afdd8) thrown at [./src/hotspot/share/prims/jni.cpp, line 615]
Event: 974.644 Thread 0x000001ab0155a800 Exception <a 'sun/nio/fs/WindowsException'{0x000000008a3563a0}> (0x000000008a3563a0) thrown at [./src/hotspot/share/prims/jni.cpp, line 615]
Event: 974.646 Thread 0x000001ab0155a800 Exception <a 'sun/nio/fs/WindowsException'{0x000000008a357718}> (0x000000008a357718) thrown at [./src/hotspot/share/prims/jni.cpp, line 615]
Event: 974.646 Thread 0x000001ab0155a800 Exception <a 'sun/nio/fs/WindowsException'{0x000000008a358ae0}> (0x000000008a358ae0) thrown at [./src/hotspot/share/prims/jni.cpp, line 615]
Event: 974.646 Thread 0x000001ab0155a800 Exception <a 'sun/nio/fs/WindowsException'{0x000000008a359ea8}> (0x000000008a359ea8) thrown at [./src/hotspot/share/prims/jni.cpp, line 615]
Event: 974.847 Thread 0x000001ab0155a800 Exception <a 'sun/nio/fs/WindowsException'{0x0000000089f64ef8}> (0x0000000089f64ef8) thrown at [./src/hotspot/share/prims/jni.cpp, line 615]
Event: 975.647 Thread 0x000001ab019da800 Exception <a 'sun/nio/fs/WindowsException'{0x0000000088a01620}> (0x0000000088a01620) thrown at [./src/hotspot/share/prims/jni.cpp, line 615]
Event: 975.661 Thread 0x000001ab0155a800 Exception <a 'sun/nio/fs/WindowsException'{0x0000000089364110}> (0x0000000089364110) thrown at [./src/hotspot/share/prims/jni.cpp, line 615]
Event: 975.661 Thread 0x000001ab0155a800 Exception <a 'sun/nio/fs/WindowsException'{0x0000000089364190}> (0x0000000089364190) thrown at [./src/hotspot/share/prims/jni.cpp, line 615]
Event: 975.662 Thread 0x000001ab0155a800 Exception <a 'sun/nio/fs/WindowsException'{0x0000000089365b30}> (0x0000000089365b30) thrown at [./src/hotspot/share/prims/jni.cpp, line 615]

Events (20 events):
Event: 1093.742 Thread 0x000001ab01e48000 Thread added: 0x000001ab01e48000
Event: 1093.744 Thread 0x000001ab030da800 Thread added: 0x000001ab030da800
Event: 1093.749 Thread 0x000001ab030e2000 Thread added: 0x000001ab030e2000
Event: 1093.750 Thread 0x000001ab030df000 Thread added: 0x000001ab030df000
Event: 1093.751 Thread 0x000001ab030e6000 Thread added: 0x000001ab030e6000
Event: 1093.752 Thread 0x000001ab030e3800 Thread added: 0x000001ab030e3800
Event: 1093.753 Thread 0x000001ab030e1800 Thread added: 0x000001ab030e1800
Event: 1093.754 Thread 0x000001ab030e3000 Thread added: 0x000001ab030e3000
Event: 1093.756 Thread 0x000001ab030e7000 Thread added: 0x000001ab030e7000
Event: 1093.756 Thread 0x000001ab030e5800 Thread added: 0x000001ab030e5800
Event: 1093.758 Thread 0x000001ab030e4800 Thread added: 0x000001ab030e4800
Event: 1093.760 Thread 0x000001ab030e8000 Thread added: 0x000001ab030e8000
Event: 1093.761 Thread 0x000001ab030e8800 Thread added: 0x000001ab030e8800
Event: 1093.762 Thread 0x000001ab01e5e800 Thread added: 0x000001ab01e5e800
Event: 1093.763 Thread 0x000001ab01e5f000 Thread added: 0x000001ab01e5f000
Event: 1093.765 Thread 0x000001ab01e59800 Thread added: 0x000001ab01e59800
Event: 1093.766 Thread 0x000001ab01e61000 Thread added: 0x000001ab01e61000
Event: 1093.766 Thread 0x000001ab01e5b000 Thread added: 0x000001ab01e5b000
Event: 1093.767 Thread 0x000001ab01e5c000 Thread added: 0x000001ab01e5c000
Event: 1093.769 Thread 0x000001ab01e67800 Thread added: 0x000001ab01e67800


Dynamic libraries:
0x00007ff6d81d0000 - 0x00007ff6d81da000 	C:\Program Files\Android\Android Studio\jre\bin\java.exe
0x00007fff4ad80000 - 0x00007fff4af89000 	C:\WINDOWS\SYSTEM32\ntdll.dll
0x00007fff49600000 - 0x00007fff496bd000 	C:\WINDOWS\System32\KERNEL32.DLL
0x00007fff48600000 - 0x00007fff48974000 	C:\WINDOWS\System32\KERNELBASE.dll
0x00007fff484e0000 - 0x00007fff485f1000 	C:\WINDOWS\System32\ucrtbase.dll
0x00007fff3a740000 - 0x00007fff3a759000 	C:\Program Files\Android\Android Studio\jre\bin\jli.dll
0x00007fff48de0000 - 0x00007fff48f8c000 	C:\WINDOWS\System32\USER32.dll
0x00007fff48390000 - 0x00007fff483b6000 	C:\WINDOWS\System32\win32u.dll
0x00007fff4aaf0000 - 0x00007fff4ab19000 	C:\WINDOWS\System32\GDI32.dll
0x00007fff483c0000 - 0x00007fff484d2000 	C:\WINDOWS\System32\gdi32full.dll
0x00007fff48270000 - 0x00007fff4830d000 	C:\WINDOWS\System32\msvcp_win.dll
0x00007ffedcc10000 - 0x00007ffedcc27000 	C:\Program Files\Android\Android Studio\jre\bin\VCRUNTIME140.dll
0x00007fff365b0000 - 0x00007fff36855000 	C:\WINDOWS\WinSxS\amd64_microsoft.windows.common-controls_6595b64144ccf1df_6.0.22000.120_none_9d947278b86cc467\COMCTL32.dll
0x00007fff49890000 - 0x00007fff49933000 	C:\WINDOWS\System32\msvcrt.dll
0x00007fff49100000 - 0x00007fff49131000 	C:\WINDOWS\System32\IMM32.DLL
0x00007ffe9b0a0000 - 0x00007ffe9b13d000 	C:\Program Files\Android\Android Studio\jre\bin\msvcp140.dll
0x00007ffea2260000 - 0x00007ffea2d35000 	C:\Program Files\Android\Android Studio\jre\bin\server\jvm.dll
0x00007fff4ac20000 - 0x00007fff4acce000 	C:\WINDOWS\System32\ADVAPI32.dll
0x00007fff48c20000 - 0x00007fff48cbe000 	C:\WINDOWS\System32\sechost.dll
0x00007fff49230000 - 0x00007fff49350000 	C:\WINDOWS\System32\RPCRT4.dll
0x00007fff496c0000 - 0x00007fff496c8000 	C:\WINDOWS\System32\PSAPI.DLL
0x00007fff3b5d0000 - 0x00007fff3b5d9000 	C:\WINDOWS\SYSTEM32\WSOCK32.dll
0x00007fff49000000 - 0x00007fff4906f000 	C:\WINDOWS\System32\WS2_32.dll
0x00007fff41b80000 - 0x00007fff41bb3000 	C:\WINDOWS\SYSTEM32\WINMM.dll
0x00007fff3f7d0000 - 0x00007fff3f7da000 	C:\WINDOWS\SYSTEM32\VERSION.dll
0x00007fff47370000 - 0x00007fff47388000 	C:\WINDOWS\SYSTEM32\kernel.appcore.dll
0x00007fff35e00000 - 0x00007fff35e11000 	C:\Program Files\Android\Android Studio\jre\bin\verify.dll
0x00007fff3a0f0000 - 0x00007fff3a311000 	C:\WINDOWS\SYSTEM32\DBGHELP.DLL
0x00007fff37d80000 - 0x00007fff37db1000 	C:\WINDOWS\SYSTEM32\dbgcore.DLL
0x00007fff48310000 - 0x00007fff4838f000 	C:\WINDOWS\System32\bcryptPrimitives.dll
0x00007fff31710000 - 0x00007fff31739000 	C:\Program Files\Android\Android Studio\jre\bin\java.dll
0x00007fff42820000 - 0x00007fff4282b000 	C:\Program Files\Android\Android Studio\jre\bin\jimage.dll
0x00007fff00e00000 - 0x00007fff00e18000 	C:\Program Files\Android\Android Studio\jre\bin\zip.dll
0x00007fff49ed0000 - 0x00007fff4a67e000 	C:\WINDOWS\System32\SHELL32.dll
0x00007fff463e0000 - 0x00007fff46c47000 	C:\WINDOWS\SYSTEM32\windows.storage.dll
0x00007fff499b0000 - 0x00007fff49d28000 	C:\WINDOWS\System32\combase.dll
0x00007fff46270000 - 0x00007fff463d6000 	C:\WINDOWS\SYSTEM32\wintypes.dll
0x00007fff49510000 - 0x00007fff495fa000 	C:\WINDOWS\System32\SHCORE.dll
0x00007fff491d0000 - 0x00007fff4922d000 	C:\WINDOWS\System32\shlwapi.dll
0x00007fff481a0000 - 0x00007fff481c1000 	C:\WINDOWS\SYSTEM32\profapi.dll
0x00007fff00de0000 - 0x00007fff00dfa000 	C:\Program Files\Android\Android Studio\jre\bin\net.dll
0x00007fff41a00000 - 0x00007fff41b0c000 	C:\WINDOWS\SYSTEM32\WINHTTP.dll
0x00007fff477a0000 - 0x00007fff47807000 	C:\WINDOWS\system32\mswsock.dll
0x00007ffefdbf0000 - 0x00007ffefdc04000 	C:\Program Files\Android\Android Studio\jre\bin\nio.dll
0x00007fff359f0000 - 0x00007fff35a17000 	C:\Users\acer\.gradle\native\e1d6ef7f7dcc3fd88c89a11ec53ec762bb8ba0a96d01ffa2cd45eb1d1d8dd5c5\windows-amd64\native-platform.dll
0x00007ffea8f70000 - 0x00007ffea90b4000 	C:\Users\acer\.gradle\native\5664cfc778a61ccfe75a443a1ab52a65af34e5dc3c78e0209fed803814484fcb\windows-amd64\native-platform-file-events.dll
0x00007fff3af40000 - 0x00007fff3af4a000 	C:\Program Files\Android\Android Studio\jre\bin\management.dll
0x00007fff39af0000 - 0x00007fff39afd000 	C:\Program Files\Android\Android Studio\jre\bin\management_ext.dll
0x00007fff479e0000 - 0x00007fff479f8000 	C:\WINDOWS\SYSTEM32\CRYPTSP.dll
0x00007fff472d0000 - 0x00007fff47305000 	C:\WINDOWS\system32\rsaenh.dll
0x00007fff47890000 - 0x00007fff478b9000 	C:\WINDOWS\SYSTEM32\USERENV.dll
0x00007fff47b60000 - 0x00007fff47b87000 	C:\WINDOWS\SYSTEM32\bcrypt.dll
0x00007fff47a00000 - 0x00007fff47a0c000 	C:\WINDOWS\SYSTEM32\CRYPTBASE.dll
0x00007fff46ea0000 - 0x00007fff46ecd000 	C:\WINDOWS\SYSTEM32\IPHLPAPI.DLL
0x00007fff48f90000 - 0x00007fff48f99000 	C:\WINDOWS\System32\NSI.dll
0x00007fff419c0000 - 0x00007fff419d9000 	C:\WINDOWS\SYSTEM32\dhcpcsvc6.DLL
0x00007fff41ee0000 - 0x00007fff41efe000 	C:\WINDOWS\SYSTEM32\dhcpcsvc.DLL
0x00007fff46ed0000 - 0x00007fff46fb7000 	C:\WINDOWS\SYSTEM32\DNSAPI.dll

dbghelp: loaded successfully - version: 4.0.5 - missing functions: none
symbol engine: initialized successfully - sym options: 0x614 - pdb path: .;C:\Program Files\Android\Android Studio\jre\bin;C:\WINDOWS\SYSTEM32;C:\WINDOWS\WinSxS\amd64_microsoft.windows.common-controls_6595b64144ccf1df_6.0.22000.120_none_9d947278b86cc467;C:\Program Files\Android\Android Studio\jre\bin\server;C:\Users\acer\.gradle\native\e1d6ef7f7dcc3fd88c89a11ec53ec762bb8ba0a96d01ffa2cd45eb1d1d8dd5c5\windows-amd64;C:\Users\acer\.gradle\native\5664cfc778a61ccfe75a443a1ab52a65af34e5dc3c78e0209fed803814484fcb\windows-amd64

VM Arguments:
jvm_args: --add-opens=java.base/java.util=ALL-UNNAMED --add-opens=java.base/java.lang=ALL-UNNAMED --add-opens=java.base/java.lang.invoke=ALL-UNNAMED --add-opens=java.base/java.util=ALL-UNNAMED --add-opens=java.prefs/java.util.prefs=ALL-UNNAMED --add-opens=java.prefs/java.util.prefs=ALL-UNNAMED --add-opens=java.base/java.nio.charset=ALL-UNNAMED --add-opens=java.base/java.net=ALL-UNNAMED --add-opens=java.base/java.util.concurrent.atomic=ALL-UNNAMED -Xmx2048m -Dfile.encoding=UTF-8 -Duser.country=US -Duser.language=en -Duser.variant 
java_command: org.gradle.launcher.daemon.bootstrap.GradleDaemon 7.2
java_class_path (initial): C:\Users\acer\.gradle\wrapper\dists\gradle-7.2-bin\2dnblmf4td7x66yl1d74lt32g\gradle-7.2\lib\gradle-launcher-7.2.jar
Launcher Type: SUN_STANDARD

[Global flags]
     intx CICompilerCount                          = 4                                         {product} {ergonomic}
     uint ConcGCThreads                            = 2                                         {product} {ergonomic}
     uint G1ConcRefinementThreads                  = 8                                         {product} {ergonomic}
   size_t G1HeapRegionSize                         = 1048576                                   {product} {ergonomic}
    uintx GCDrainStackTargetSize                   = 64                                        {product} {ergonomic}
   size_t InitialHeapSize                          = 58720256                                  {product} {ergonomic}
   size_t MarkStackSize                            = 4194304                                   {product} {ergonomic}
   size_t MaxHeapSize                              = 2147483648                                {product} {command line}
   size_t MaxNewSize                               = 1287651328                                {product} {ergonomic}
   size_t MinHeapDeltaBytes                        = 1048576                                   {product} {ergonomic}
    uintx NonNMethodCodeHeapSize                   = 5836300                                {pd product} {ergonomic}
    uintx NonProfiledCodeHeapSize                  = 122910970                              {pd product} {ergonomic}
    uintx ProfiledCodeHeapSize                     = 122910970                              {pd product} {ergonomic}
    uintx ReservedCodeCacheSize                    = 251658240                              {pd product} {ergonomic}
     bool SegmentedCodeCache                       = true                                      {product} {ergonomic}
     bool UseCompressedClassPointers               = true                                 {lp64_product} {ergonomic}
     bool UseCompressedOops                        = true                                 {lp64_product} {ergonomic}
     bool UseG1GC                                  = true                                      {product} {ergonomic}
     bool UseLargePagesIndividualAllocation        = false                                  {pd product} {ergonomic}

Logging:
Log output configuration:
 #0: stdout all=warning uptime,level,tags
 #1: stderr all=off uptime,level,tags

Environment Variables:
PATH=C:\Program Files\Microsoft MPI\Bin\;C:\Program Files (x86)\Common Files\Intel\Shared Files\cpp\bin\Intel64;C:\WINDOWS\system32;C:\WINDOWS;C:\WINDOWS\System32\Wbem;C:\WINDOWS\System32\WindowsPowerShell\v1.0\;C:\WINDOWS\System32\OpenSSH\;C:\Program Files\Microsoft SQL Server\Client SDK\ODBC\170\Tools\Binn\;C:\Program Files (x86)\Microsoft SQL Server\150\Tools\Binn\;C:\Program Files\Microsoft SQL Server\150\Tools\Binn\;C:\Program Files\Microsoft SQL Server\150\DTS\Binn\;C:\Program Files (x86)\Microsoft SQL Server\150\DTS\Binn\;C:\Program Files\Azure Data Studio\bin;C:\Program Files\dotnet\;C:\Program Files (x86)\dotnet\;D;C:\HashiCorp\Vagrant\bin;C:\Program Files\Kubernetes\Minikube;C:\minikube;C:\Program Files\Git\cmd;C:\Program Files\Microsoft SQL Server\130\Tools\Binn\;C:\Users\acer\AppData\Local\Programs\Python\Python39\Scripts\;C:\Users\acer\AppData\Local\Programs\Python\Python39\;C:\Users\acer\AppData\Local\Microsoft\WindowsApps;;C:\Program Files\Azure Data Studio\bin;C:\Users\acer\AppData\Local\Programs\Microsoft VS Code\bin;C:\Users\acer\.dotnet\tools
USERNAME=acer
OS=Windows_NT
PROCESSOR_IDENTIFIER=AMD64 Family 23 Model 24 Stepping 1, AuthenticAMD



---------------  S Y S T E M  ---------------

OS: Windows 10 , 64 bit Build 22000 (10.0.22000.434)
OS uptime: 10 days 22:49 hours

CPU:total 8 (initial active 8) (8 cores per cpu, 2 threads per core) family 23 model 24 stepping 1 microcode 0x0, cmov, cx8, fxsr, mmx, sse, sse2, sse3, ssse3, sse4.1, sse4.2, popcnt, avx, avx2, aes, clmul, mmxext, 3dnowpref, lzcnt, sse4a, ht, tsc, tscinvbit, tscinv, bmi1, bmi2, adx, s

Memory: 4k page, system-wide physical 3514M (53M free)
TotalPageFile size 14266M (AvailPageFile size 0M)
current process WorkingSet (physical memory assigned to process): 113M, peak: 349M
current process commit charge ("private bytes"): 470M, peak: 479M

vm_info: OpenJDK 64-Bit Server VM (11.0.11+9-b60-7590822) for windows-amd64 JRE (11.0.11+9-b60-7590822), built on Jul 29 2021 21:43:44 by "builder" with MS VC++ 14.0 (VS2015)

END.
