#
# There is insufficient memory for the Java Runtime Environment to continue.
# Native memory allocation (malloc) failed to allocate 780016 bytes for Chunk::new
# Possible reasons:
#   The system is out of physical RAM or swap space
#   The process is running with CompressedOops enabled, and the Java Heap may be blocking the growth of the native heap
# Possible solutions:
#   Reduce memory load on the system
#   Increase physical memory or swap space
#   Check if swap backing store is full
#   Decrease Java heap size (-Xmx/-Xms)
#   Decrease number of Java threads
#   Decrease Java thread stack sizes (-Xss)
#   Set larger code cache with -XX:ReservedCodeCacheSize=
#   JVM is running with Unscaled Compressed Oops mode in which the Java heap is
#     placed in the first 4GB address space. The Java Heap base address is the
#     maximum limit for the native heap growth. Please use -XX:HeapBaseMinAddress
#     to set the Java Heap base and to place the Java Heap above 4GB virtual address.
# This output file may be truncated or incomplete.
#
#  Out of Memory Error (./src/hotspot/share/memory/arena.cpp:197), pid=304, tid=21284
#
# JRE version: OpenJDK Runtime Environment (11.0.11+9) (build 11.0.11+9-b60-7590822)
# Java VM: OpenJDK 64-Bit Server VM (11.0.11+9-b60-7590822, mixed mode, tiered, compressed oops, g1 gc, windows-amd64)
# No core dump will be written. Minidumps are not enabled by default on client versions of Windows
#

---------------  S U M M A R Y ------------

Command Line: --add-opens=java.base/java.util=ALL-UNNAMED --add-opens=java.base/java.lang=ALL-UNNAMED --add-opens=java.base/java.lang.invoke=ALL-UNNAMED --add-opens=java.base/java.util=ALL-UNNAMED --add-opens=java.prefs/java.util.prefs=ALL-UNNAMED --add-opens=java.prefs/java.util.prefs=ALL-UNNAMED --add-opens=java.base/java.nio.charset=ALL-UNNAMED --add-opens=java.base/java.net=ALL-UNNAMED --add-opens=java.base/java.util.concurrent.atomic=ALL-UNNAMED -Xmx2048m -Dfile.encoding=UTF-8 -Duser.country=US -Duser.language=en -Duser.variant org.gradle.launcher.daemon.bootstrap.GradleDaemon 7.2

Host: AMD Ryzen 5 3500U with Radeon Vega Mobile Gfx  , 8 cores, 3G,  Windows 10 , 64 bit Build 22000 (10.0.22000.434)
Time: Mon Mar 21 14:08:17 2022 SE Asia Standard Time elapsed time: 17.284950 seconds (0d 0h 0m 17s)

---------------  T H R E A D  ---------------

Current thread (0x000001bd71d28800):  JavaThread "C2 CompilerThread0" daemon [_thread_in_native, id=21284, stack(0x0000009872800000,0x0000009872900000)]


Current CompileTask:
C2:  17285 3899       4       java.lang.invoke.LambdaForm$Name::replaceNames (174 bytes)

Stack: [0x0000009872800000,0x0000009872900000]
Native frames: (J=compiled Java code, j=interpreted, Vv=VM code, C=native code)
V  [jvm.dll+0x5f214a]
V  [jvm.dll+0x726fb5]
V  [jvm.dll+0x7285cd]
V  [jvm.dll+0x728c83]
V  [jvm.dll+0x243278]
V  [jvm.dll+0xbc53c]
V  [jvm.dll+0xbca3c]
V  [jvm.dll+0x2b5c34]
V  [jvm.dll+0x508488]
V  [jvm.dll+0x1fd4b5]
V  [jvm.dll+0x1fb35f]
V  [jvm.dll+0x183d6c]
V  [jvm.dll+0x209a57]
V  [jvm.dll+0x2082a1]
V  [jvm.dll+0x6ef58f]
V  [jvm.dll+0x6e80b5]
V  [jvm.dll+0x5f1036]
C  [ucrtbase.dll+0x26c0c]
C  [KERNEL32.DLL+0x154e0]
C  [ntdll.dll+0x485b]


---------------  P R O C E S S  ---------------

Threads class SMR info:
_java_thread_list=0x000001bd749bb9b0, length=36, elements={
0x000001bd56f4e800, 0x000001bd71398800, 0x000001bd713a6800, 0x000001bd71d22800,
0x000001bd71d24000, 0x000001bd71d25800, 0x000001bd71d28800, 0x000001bd71d29800,
0x000001bd71d2e800, 0x000001bd71e77800, 0x000001bd72c07000, 0x000001bd73055000,
0x000001bd72a1d800, 0x000001bd73208800, 0x000001bd73209800, 0x000001bd732b5800,
0x000001bd735d1800, 0x000001bd732ba800, 0x000001bd732bb800, 0x000001bd73d43000,
0x000001bd73d45800, 0x000001bd73d46800, 0x000001bd73d47800, 0x000001bd73d41800,
0x000001bd73d48000, 0x000001bd73d42800, 0x000001bd73d44000, 0x000001bd73d45000,
0x000001bd74595800, 0x000001bd7458f800, 0x000001bd74590800, 0x000001bd74592000,
0x000001bd74591800, 0x000001bd74597000, 0x000001bd74594000, 0x000001bd74598800
}

Java Threads: ( => current thread )
  0x000001bd56f4e800 JavaThread "main" [_thread_blocked, id=15876, stack(0x0000009871c00000,0x0000009871d00000)]
  0x000001bd71398800 JavaThread "Reference Handler" daemon [_thread_blocked, id=3268, stack(0x0000009872300000,0x0000009872400000)]
  0x000001bd713a6800 JavaThread "Finalizer" daemon [_thread_blocked, id=4596, stack(0x0000009872400000,0x0000009872500000)]
  0x000001bd71d22800 JavaThread "Signal Dispatcher" daemon [_thread_blocked, id=16100, stack(0x0000009872500000,0x0000009872600000)]
  0x000001bd71d24000 JavaThread "Attach Listener" daemon [_thread_blocked, id=13272, stack(0x0000009872600000,0x0000009872700000)]
  0x000001bd71d25800 JavaThread "Service Thread" daemon [_thread_blocked, id=17020, stack(0x0000009872700000,0x0000009872800000)]
=>0x000001bd71d28800 JavaThread "C2 CompilerThread0" daemon [_thread_in_native, id=21284, stack(0x0000009872800000,0x0000009872900000)]
  0x000001bd71d29800 JavaThread "C1 CompilerThread0" daemon [_thread_blocked, id=15540, stack(0x0000009872900000,0x0000009872a00000)]
  0x000001bd71d2e800 JavaThread "Sweeper thread" daemon [_thread_blocked, id=12624, stack(0x0000009872a00000,0x0000009872b00000)]
  0x000001bd71e77800 JavaThread "Common-Cleaner" daemon [_thread_blocked, id=9812, stack(0x0000009872b00000,0x0000009872c00000)]
  0x000001bd72c07000 JavaThread "Daemon health stats" [_thread_blocked, id=23532, stack(0x0000009872e00000,0x0000009872f00000)]
  0x000001bd73055000 JavaThread "Incoming local TCP Connector on port 62546" [_thread_in_native, id=16148, stack(0x0000009872f00000,0x0000009873000000)]
  0x000001bd72a1d800 JavaThread "Daemon periodic checks" [_thread_blocked, id=22012, stack(0x0000009873000000,0x0000009873100000)]
  0x000001bd73208800 JavaThread "Daemon" [_thread_blocked, id=13600, stack(0x0000009873100000,0x0000009873200000)]
  0x000001bd73209800 JavaThread "Handler for socket connection from /127.0.0.1:62546 to /127.0.0.1:62547" [_thread_in_native, id=19760, stack(0x0000009873200000,0x0000009873300000)]
  0x000001bd732b5800 JavaThread "Cancel handler" [_thread_blocked, id=19312, stack(0x0000009873300000,0x0000009873400000)]
  0x000001bd735d1800 JavaThread "Daemon worker" [_thread_in_vm, id=24764, stack(0x0000009873400000,0x0000009873500000)]
  0x000001bd732ba800 JavaThread "Asynchronous log dispatcher for DefaultDaemonConnection: socket connection from /127.0.0.1:62546 to /127.0.0.1:62547" [_thread_blocked, id=23460, stack(0x0000009873500000,0x0000009873600000)]
  0x000001bd732bb800 JavaThread "Stdin handler" [_thread_blocked, id=6000, stack(0x0000009873600000,0x0000009873700000)]
  0x000001bd73d43000 JavaThread "Daemon client event forwarder" [_thread_blocked, id=21220, stack(0x0000009873700000,0x0000009873800000)]
  0x000001bd73d45800 JavaThread "Cache worker for journal cache (C:\Users\acer\.gradle\caches\journal-1)" [_thread_blocked, id=21072, stack(0x0000009873e00000,0x0000009873f00000)]
  0x000001bd73d46800 JavaThread "File lock request listener" [_thread_in_native, id=20768, stack(0x0000009873f00000,0x0000009874000000)]
  0x000001bd73d47800 JavaThread "Cache worker for file hash cache (C:\Users\acer\.gradle\caches\7.2\fileHashes)" [_thread_blocked, id=21216, stack(0x0000009874000000,0x0000009874100000)]
  0x000001bd73d41800 JavaThread "Cache worker for file hash cache (C:\Users\acer\AndroidStudioProjects\constraint_layout - 2\.gradle\7.2\fileHashes)" [_thread_blocked, id=14292, stack(0x0000009874200000,0x0000009874300000)]
  0x000001bd73d48000 JavaThread "File watcher server" daemon [_thread_in_native, id=528, stack(0x0000009874300000,0x0000009874400000)]
  0x000001bd73d42800 JavaThread "File watcher consumer" daemon [_thread_blocked, id=3424, stack(0x0000009874400000,0x0000009874500000)]
  0x000001bd73d44000 JavaThread "Cache worker for checksums cache (C:\Users\acer\AndroidStudioProjects\constraint_layout - 2\.gradle\checksums)" [_thread_blocked, id=280, stack(0x0000009874500000,0x0000009874600000)]
  0x000001bd73d45000 JavaThread "Cache worker for cache directory md-supplier (C:\Users\acer\.gradle\caches\7.2\md-supplier)" [_thread_blocked, id=352, stack(0x0000009874600000,0x0000009874700000)]
  0x000001bd74595800 JavaThread "Cache worker for cache directory md-rule (C:\Users\acer\.gradle\caches\7.2\md-rule)" [_thread_blocked, id=16688, stack(0x0000009874700000,0x0000009874800000)]
  0x000001bd7458f800 JavaThread "Cache worker for execution history cache (C:\Users\acer\.gradle\caches\7.2\executionHistory)" [_thread_blocked, id=24992, stack(0x0000009874800000,0x0000009874900000)]
  0x000001bd74590800 JavaThread "jar transforms" [_thread_blocked, id=8892, stack(0x0000009874900000,0x0000009874a00000)]
  0x000001bd74592000 JavaThread "Cache worker for file content cache (C:\Users\acer\.gradle\caches\7.2\fileContent)" [_thread_blocked, id=17400, stack(0x0000009874a00000,0x0000009874b00000)]
  0x000001bd74591800 JavaThread "jar transforms Thread 2" [_thread_blocked, id=12476, stack(0x0000009874b00000,0x0000009874c00000)]
  0x000001bd74597000 JavaThread "Cache worker for dependencies-accessors (C:\Users\acer\AndroidStudioProjects\constraint_layout - 2\.gradle\7.2\dependencies-accessors)" [_thread_blocked, id=24544, stack(0x0000009874c00000,0x0000009874d00000)]
  0x000001bd74594000 JavaThread "jar transforms Thread 3" [_thread_blocked, id=24288, stack(0x0000009874d00000,0x0000009874e00000)]
  0x000001bd74598800 JavaThread "Cache worker for Build Output Cleanup Cache (C:\Users\acer\AndroidStudioProjects\constraint_layout - 2\.gradle\buildOutputCleanup)" [_thread_blocked, id=22920, stack(0x0000009874e00000,0x0000009874f00000)]

Other Threads:
  0x000001bd71396800 VMThread "VM Thread" [stack: 0x0000009872200000,0x0000009872300000] [id=14328]
  0x000001bd71eb1000 WatcherThread [stack: 0x0000009872c00000,0x0000009872d00000] [id=18092]
  0x000001bd56f68800 GCTaskThread "GC Thread#0" [stack: 0x0000009871d00000,0x0000009871e00000] [id=6088]
  0x000001bd7296b800 GCTaskThread "GC Thread#1" [stack: 0x0000009872d00000,0x0000009872e00000] [id=6712]
  0x000001bd7339e800 GCTaskThread "GC Thread#2" [stack: 0x0000009873800000,0x0000009873900000] [id=19500]
  0x000001bd73d5a000 GCTaskThread "GC Thread#3" [stack: 0x0000009873900000,0x0000009873a00000] [id=6400]
  0x000001bd73d14000 GCTaskThread "GC Thread#4" [stack: 0x0000009873a00000,0x0000009873b00000] [id=1524]
  0x000001bd733cd000 GCTaskThread "GC Thread#5" [stack: 0x0000009873b00000,0x0000009873c00000] [id=7708]
  0x000001bd733ce000 GCTaskThread "GC Thread#6" [stack: 0x0000009873c00000,0x0000009873d00000] [id=20736]
  0x000001bd734f6000 GCTaskThread "GC Thread#7" [stack: 0x0000009873d00000,0x0000009873e00000] [id=8032]
  0x000001bd56f9b000 ConcurrentGCThread "G1 Main Marker" [stack: 0x0000009871e00000,0x0000009871f00000] [id=19076]
  0x000001bd56f9c000 ConcurrentGCThread "G1 Conc#0" [stack: 0x0000009871f00000,0x0000009872000000] [id=24520]
  0x000001bd736b6800 ConcurrentGCThread "G1 Conc#1" [stack: 0x0000009874100000,0x0000009874200000] [id=9876]
  0x000001bd56ff4800 ConcurrentGCThread "G1 Refine#0" [stack: 0x0000009872000000,0x0000009872100000] [id=22684]
  0x000001bd56ff6800 ConcurrentGCThread "G1 Young RemSet Sampling" [stack: 0x0000009872100000,0x0000009872200000] [id=13036]

Threads with active compile tasks:
C2 CompilerThread0  17398 3899       4       java.lang.invoke.LambdaForm$Name::replaceNames (174 bytes)

VM state:not at safepoint (normal execution)

VM Mutex/Monitor currently owned by a thread: None

Heap address: 0x0000000080000000, size: 2048 MB, Compressed Oops mode: 32-bit
Narrow klass base: 0x0000000000000000, Narrow klass shift: 3
Compressed class space size: 1073741824 Address: 0x0000000100000000

Heap:
 garbage-first heap   total 69632K, used 41770K [0x0000000080000000, 0x0000000100000000)
  region size 1024K, 14 young (14336K), 2 survivors (2048K)
 Metaspace       used 46647K, capacity 47733K, committed 48076K, reserved 1091584K
  class space    used 6017K, capacity 6467K, committed 6604K, reserved 1048576K
Heap Regions: E=young(eden), S=young(survivor), O=old, HS=humongous(starts), HC=humongous(continues), CS=collection set, F=free, A=archive, TAMS=top-at-mark-start (previous, next)
|   0|0x0000000080000000, 0x0000000080100000, 0x0000000080100000|100%| O|  |TAMS 0x0000000080100000, 0x0000000080000000| Untracked 
|   1|0x0000000080100000, 0x0000000080200000, 0x0000000080200000|100%| O|  |TAMS 0x0000000080200000, 0x0000000080100000| Untracked 
|   2|0x0000000080200000, 0x0000000080300000, 0x0000000080300000|100%| O|  |TAMS 0x0000000080300000, 0x0000000080200000| Untracked 
|   3|0x0000000080300000, 0x0000000080400000, 0x0000000080400000|100%|HS|  |TAMS 0x0000000080400000, 0x0000000080300000| Complete 
|   4|0x0000000080400000, 0x0000000080500000, 0x0000000080500000|100%|HC|  |TAMS 0x0000000080500000, 0x0000000080400000| Complete 
|   5|0x0000000080500000, 0x0000000080600000, 0x0000000080600000|100%|HC|  |TAMS 0x0000000080600000, 0x0000000080500000| Complete 
|   6|0x0000000080600000, 0x0000000080700000, 0x0000000080700000|100%| O|  |TAMS 0x0000000080700000, 0x0000000080600000| Untracked 
|   7|0x0000000080700000, 0x0000000080800000, 0x0000000080800000|100%| O|  |TAMS 0x0000000080800000, 0x0000000080700000| Untracked 
|   8|0x0000000080800000, 0x0000000080900000, 0x0000000080900000|100%| O|  |TAMS 0x0000000080900000, 0x0000000080800000| Untracked 
|   9|0x0000000080900000, 0x0000000080a00000, 0x0000000080a00000|100%| O|  |TAMS 0x0000000080a00000, 0x0000000080900000| Untracked 
|  10|0x0000000080a00000, 0x0000000080b00000, 0x0000000080b00000|100%| O|  |TAMS 0x0000000080b00000, 0x0000000080a00000| Untracked 
|  11|0x0000000080b00000, 0x0000000080c00000, 0x0000000080c00000|100%| O|  |TAMS 0x0000000080c00000, 0x0000000080b00000| Untracked 
|  12|0x0000000080c00000, 0x0000000080d00000, 0x0000000080d00000|100%| O|  |TAMS 0x0000000080d00000, 0x0000000080c00000| Untracked 
|  13|0x0000000080d00000, 0x0000000080e00000, 0x0000000080e00000|100%| O|  |TAMS 0x0000000080e00000, 0x0000000080d00000| Untracked 
|  14|0x0000000080e00000, 0x0000000080f00000, 0x0000000080f00000|100%| O|  |TAMS 0x0000000080f00000, 0x0000000080e00000| Untracked 
|  15|0x0000000080f00000, 0x0000000081000000, 0x0000000081000000|100%| O|  |TAMS 0x0000000081000000, 0x0000000080f00000| Untracked 
|  16|0x0000000081000000, 0x0000000081100000, 0x0000000081100000|100%| O|  |TAMS 0x0000000081100000, 0x0000000081000000| Untracked 
|  17|0x0000000081100000, 0x0000000081200000, 0x0000000081200000|100%| O|  |TAMS 0x0000000081200000, 0x0000000081100000| Untracked 
|  18|0x0000000081200000, 0x0000000081300000, 0x0000000081300000|100%| O|  |TAMS 0x0000000081300000, 0x0000000081200000| Untracked 
|  19|0x0000000081300000, 0x0000000081400000, 0x0000000081400000|100%| O|  |TAMS 0x0000000081400000, 0x0000000081300000| Untracked 
|  20|0x0000000081400000, 0x0000000081500000, 0x0000000081500000|100%| O|  |TAMS 0x0000000081500000, 0x0000000081400000| Untracked 
|  21|0x0000000081500000, 0x0000000081600000, 0x0000000081600000|100%| O|  |TAMS 0x0000000081600000, 0x0000000081500000| Untracked 
|  22|0x0000000081600000, 0x0000000081700000, 0x0000000081700000|100%| O|  |TAMS 0x0000000081700000, 0x0000000081600000| Untracked 
|  23|0x0000000081700000, 0x0000000081800000, 0x0000000081800000|100%| O|  |TAMS 0x0000000081800000, 0x0000000081700000| Untracked 
|  24|0x0000000081800000, 0x0000000081900000, 0x0000000081900000|100%| O|  |TAMS 0x0000000081900000, 0x0000000081800000| Untracked 
|  25|0x0000000081900000, 0x0000000081a00000, 0x0000000081a00000|100%| O|  |TAMS 0x00000000819c8a00, 0x0000000081900000| Untracked 
|  26|0x0000000081a00000, 0x0000000081b00000, 0x0000000081b00000|100%| O|  |TAMS 0x0000000081b00000, 0x0000000081a00000| Untracked 
|  27|0x0000000081b00000, 0x0000000081c00000, 0x0000000081c00000|100%| O|  |TAMS 0x0000000081c00000, 0x0000000081b00000| Untracked 
|  28|0x0000000081c00000, 0x0000000081c5f600, 0x0000000081d00000| 37%| O|  |TAMS 0x0000000081c00000, 0x0000000081c00000| Untracked 
|  29|0x0000000081d00000, 0x0000000081d00000, 0x0000000081e00000|  0%| F|  |TAMS 0x0000000081d00000, 0x0000000081d00000| Untracked 
|  30|0x0000000081e00000, 0x0000000081e00000, 0x0000000081f00000|  0%| F|  |TAMS 0x0000000081e00000, 0x0000000081e00000| Untracked 
|  31|0x0000000081f00000, 0x0000000081f00000, 0x0000000082000000|  0%| F|  |TAMS 0x0000000081f00000, 0x0000000081f00000| Untracked 
|  32|0x0000000082000000, 0x0000000082000000, 0x0000000082100000|  0%| F|  |TAMS 0x0000000082000000, 0x0000000082000000| Untracked 
|  33|0x0000000082100000, 0x0000000082100000, 0x0000000082200000|  0%| F|  |TAMS 0x0000000082100000, 0x0000000082100000| Untracked 
|  34|0x0000000082200000, 0x0000000082200000, 0x0000000082300000|  0%| F|  |TAMS 0x0000000082200000, 0x0000000082200000| Untracked 
|  35|0x0000000082300000, 0x0000000082300000, 0x0000000082400000|  0%| F|  |TAMS 0x0000000082300000, 0x0000000082300000| Untracked 
|  36|0x0000000082400000, 0x0000000082400000, 0x0000000082500000|  0%| F|  |TAMS 0x0000000082400000, 0x0000000082400000| Untracked 
|  37|0x0000000082500000, 0x0000000082500000, 0x0000000082600000|  0%| F|  |TAMS 0x0000000082500000, 0x0000000082500000| Untracked 
|  38|0x0000000082600000, 0x0000000082600000, 0x0000000082700000|  0%| F|  |TAMS 0x0000000082600000, 0x0000000082600000| Untracked 
|  39|0x0000000082700000, 0x0000000082700000, 0x0000000082800000|  0%| F|  |TAMS 0x0000000082700000, 0x0000000082700000| Untracked 
|  40|0x0000000082800000, 0x0000000082800000, 0x0000000082900000|  0%| F|  |TAMS 0x0000000082800000, 0x0000000082800000| Untracked 
|  41|0x0000000082900000, 0x0000000082900000, 0x0000000082a00000|  0%| F|  |TAMS 0x0000000082900000, 0x0000000082900000| Untracked 
|  42|0x0000000082a00000, 0x0000000082a00000, 0x0000000082b00000|  0%| F|  |TAMS 0x0000000082a00000, 0x0000000082a00000| Untracked 
|  43|0x0000000082b00000, 0x0000000082b00000, 0x0000000082c00000|  0%| F|  |TAMS 0x0000000082b00000, 0x0000000082b00000| Untracked 
|  44|0x0000000082c00000, 0x0000000082c6b4d0, 0x0000000082d00000| 41%| S|CS|TAMS 0x0000000082c00000, 0x0000000082c00000| Complete 
|  45|0x0000000082d00000, 0x0000000082e00000, 0x0000000082e00000|100%| S|CS|TAMS 0x0000000082d00000, 0x0000000082d00000| Complete 
|  46|0x0000000082e00000, 0x0000000082e00000, 0x0000000082f00000|  0%| F|  |TAMS 0x0000000082e00000, 0x0000000082e00000| Untracked 
|  47|0x0000000082f00000, 0x0000000082f00000, 0x0000000083000000|  0%| F|  |TAMS 0x0000000082f00000, 0x0000000082f00000| Untracked 
|  48|0x0000000083000000, 0x0000000083000000, 0x0000000083100000|  0%| F|  |TAMS 0x0000000083000000, 0x0000000083000000| Untracked 
|  49|0x0000000083100000, 0x0000000083100000, 0x0000000083200000|  0%| F|  |TAMS 0x0000000083100000, 0x0000000083100000| Untracked 
|  50|0x0000000083200000, 0x0000000083200000, 0x0000000083300000|  0%| F|  |TAMS 0x0000000083200000, 0x0000000083200000| Untracked 
|  51|0x0000000083300000, 0x0000000083300000, 0x0000000083400000|  0%| F|  |TAMS 0x0000000083300000, 0x0000000083300000| Untracked 
|  52|0x0000000083400000, 0x0000000083400000, 0x0000000083500000|  0%| F|  |TAMS 0x0000000083400000, 0x0000000083400000| Untracked 
|  53|0x0000000083500000, 0x0000000083500000, 0x0000000083600000|  0%| F|  |TAMS 0x0000000083500000, 0x0000000083500000| Untracked 
|  54|0x0000000083600000, 0x0000000083600000, 0x0000000083700000|  0%| F|  |TAMS 0x0000000083600000, 0x0000000083600000| Untracked 
|  55|0x0000000083700000, 0x0000000083700000, 0x0000000083800000|  0%| F|  |TAMS 0x0000000083700000, 0x0000000083700000| Untracked 
|  56|0x0000000083800000, 0x00000000838c9ed8, 0x0000000083900000| 78%| E|  |TAMS 0x0000000083800000, 0x0000000083800000| Complete 
|  57|0x0000000083900000, 0x0000000083a00000, 0x0000000083a00000|100%| E|CS|TAMS 0x0000000083900000, 0x0000000083900000| Complete 
|  58|0x0000000083a00000, 0x0000000083b00000, 0x0000000083b00000|100%| E|CS|TAMS 0x0000000083a00000, 0x0000000083a00000| Complete 
|  59|0x0000000083b00000, 0x0000000083c00000, 0x0000000083c00000|100%| E|CS|TAMS 0x0000000083b00000, 0x0000000083b00000| Complete 
|  60|0x0000000083c00000, 0x0000000083d00000, 0x0000000083d00000|100%| E|CS|TAMS 0x0000000083c00000, 0x0000000083c00000| Complete 
|  61|0x0000000083d00000, 0x0000000083e00000, 0x0000000083e00000|100%| E|CS|TAMS 0x0000000083d00000, 0x0000000083d00000| Complete 
|  62|0x0000000083e00000, 0x0000000083f00000, 0x0000000083f00000|100%| E|CS|TAMS 0x0000000083e00000, 0x0000000083e00000| Complete 
|  63|0x0000000083f00000, 0x0000000084000000, 0x0000000084000000|100%| E|CS|TAMS 0x0000000083f00000, 0x0000000083f00000| Complete 
|  64|0x0000000084000000, 0x0000000084100000, 0x0000000084100000|100%| E|CS|TAMS 0x0000000084000000, 0x0000000084000000| Complete 
|  65|0x0000000084100000, 0x0000000084200000, 0x0000000084200000|100%| E|CS|TAMS 0x0000000084100000, 0x0000000084100000| Complete 
|  66|0x0000000084200000, 0x0000000084300000, 0x0000000084300000|100%| E|CS|TAMS 0x0000000084200000, 0x0000000084200000| Complete 
|  67|0x0000000084300000, 0x0000000084400000, 0x0000000084400000|100%| E|CS|TAMS 0x0000000084300000, 0x0000000084300000| Complete 

Card table byte_map: [0x000001bd6a190000,0x000001bd6a590000] _byte_map_base: 0x000001bd69d90000

Marking Bits (Prev, Next): (CMBitMap*) 0x000001bd56f922f8, (CMBitMap*) 0x000001bd56f92330
 Prev Bits: [0x000001bd6a990000, 0x000001bd6c990000)
 Next Bits: [0x000001bd6c990000, 0x000001bd6e990000)

Polling page: 0x000001bd54ea0000

Metaspace:

Usage:
  Non-class:     40.30 MB capacity,    39.68 MB ( 98%) used,   517.54 KB (  1%) free+waste,   116.69 KB ( <1%) overhead. 
      Class:      6.32 MB capacity,     5.88 MB ( 93%) used,   392.83 KB (  6%) free+waste,    56.38 KB ( <1%) overhead. 
       Both:     46.61 MB capacity,    45.56 MB ( 98%) used,   910.37 KB (  2%) free+waste,   173.06 KB ( <1%) overhead. 

Virtual space:
  Non-class space:       42.00 MB reserved,      40.50 MB ( 96%) committed 
      Class space:        1.00 GB reserved,       6.45 MB ( <1%) committed 
             Both:        1.04 GB reserved,      46.95 MB (  4%) committed 

Chunk freelists:
   Non-Class:  14.00 KB
       Class:  29.00 KB
        Both:  43.00 KB

MaxMetaspaceSize: 17179869184.00 GB
CompressedClassSpaceSize: 1.00 GB

CodeHeap 'non-profiled nmethods': size=120000Kb used=1774Kb max_used=1774Kb free=118225Kb
 bounds [0x000001bd62520000, 0x000001bd62790000, 0x000001bd69a50000]
CodeHeap 'profiled nmethods': size=120000Kb used=8465Kb max_used=8465Kb free=111534Kb
 bounds [0x000001bd5aff0000, 0x000001bd5b840000, 0x000001bd62520000]
CodeHeap 'non-nmethods': size=5760Kb used=2214Kb max_used=2235Kb free=3546Kb
 bounds [0x000001bd5aa50000, 0x000001bd5acc0000, 0x000001bd5aff0000]
 total_blobs=4693 nmethods=3909 adapters=695
 compilation: enabled
              stopped_count=0, restarted_count=0
 full_count=0

Compilation events (20 events):
Event: 17.149 Thread 0x000001bd71d29800 3918       3       java.lang.invoke.LambdaFormEditor$Transform::of (49 bytes)
Event: 17.150 Thread 0x000001bd71d29800 nmethod 3918 0x000001bd5b820c10 code [0x000001bd5b820e60, 0x000001bd5b821738]
Event: 17.150 Thread 0x000001bd71d29800 3919       3       java.lang.invoke.LambdaFormEditor$Transform::packedBytes (32 bytes)
Event: 17.150 Thread 0x000001bd71d29800 nmethod 3919 0x000001bd5b821a90 code [0x000001bd5b821c40, 0x000001bd5b821d38]
Event: 17.197 Thread 0x000001bd71d29800 3920       3       java.util.HashMap$Values::iterator (12 bytes)
Event: 17.197 Thread 0x000001bd71d29800 nmethod 3920 0x000001bd5b821e10 code [0x000001bd5b821fe0, 0x000001bd5b822248]
Event: 17.197 Thread 0x000001bd71d29800 3921       3       java.util.HashMap$ValueIterator::<init> (11 bytes)
Event: 17.198 Thread 0x000001bd71d29800 nmethod 3921 0x000001bd5b822310 code [0x000001bd5b8224c0, 0x000001bd5b822648]
Event: 17.205 Thread 0x000001bd71d29800 3922       1       com.google.common.cache.LocalCache$StrongEntry::getKey (5 bytes)
Event: 17.205 Thread 0x000001bd71d29800 nmethod 3922 0x000001bd626da910 code [0x000001bd626daac0, 0x000001bd626dab78]
Event: 17.210 Thread 0x000001bd71d29800 3923       3       com.google.common.reflect.TypeResolver::resolveType (74 bytes)
Event: 17.212 Thread 0x000001bd71d29800 nmethod 3923 0x000001bd5b822710 code [0x000001bd5b822a20, 0x000001bd5b823f08]
Event: 17.213 Thread 0x000001bd71d29800 3926       3       java.util.regex.Matcher::appendExpandedReplacement (510 bytes)
Event: 17.231 Thread 0x000001bd71d29800 nmethod 3926 0x000001bd5b824390 code [0x000001bd5b824c60, 0x000001bd5b829e78]
Event: 17.231 Thread 0x000001bd71d29800 3929       3       com.google.common.collect.AbstractMapBasedMultimap$WrappedCollection::refreshIfEmpty (78 bytes)
Event: 17.232 Thread 0x000001bd71d29800 nmethod 3929 0x000001bd5b82bc10 code [0x000001bd5b82be20, 0x000001bd5b82c538]
Event: 17.232 Thread 0x000001bd71d29800 3925       3       java.util.regex.Matcher::appendReplacement (75 bytes)
Event: 17.233 Thread 0x000001bd71d29800 nmethod 3925 0x000001bd5b82c710 code [0x000001bd5b82c920, 0x000001bd5b82cdc8]
Event: 17.233 Thread 0x000001bd71d29800 3927       3       java.lang.AbstractStringBuilder::getBytes (44 bytes)
Event: 17.234 Thread 0x000001bd71d29800 nmethod 3927 0x000001bd5b82d010 code [0x000001bd5b82d1e0, 0x000001bd5b82d4b8]

GC Heap History (20 events):
Event: 13.306 GC heap before
{Heap before GC invocations=11 (full 0):
 garbage-first heap   total 57344K, used 41705K [0x0000000080000000, 0x0000000100000000)
  region size 1024K, 23 young (23552K), 2 survivors (2048K)
 Metaspace       used 31608K, capacity 32278K, committed 32512K, reserved 1077248K
  class space    used 4223K, capacity 4502K, committed 4608K, reserved 1048576K
}
Event: 13.311 GC heap after
{Heap after GC invocations=12 (full 0):
 garbage-first heap   total 57344K, used 21550K [0x0000000080000000, 0x0000000100000000)
  region size 1024K, 3 young (3072K), 3 survivors (3072K)
 Metaspace       used 31608K, capacity 32278K, committed 32512K, reserved 1077248K
  class space    used 4223K, capacity 4502K, committed 4608K, reserved 1048576K
}
Event: 13.793 GC heap before
{Heap before GC invocations=12 (full 0):
 garbage-first heap   total 57344K, used 29742K [0x0000000080000000, 0x0000000100000000)
  region size 1024K, 12 young (12288K), 3 survivors (3072K)
 Metaspace       used 34995K, capacity 35786K, committed 35840K, reserved 1081344K
  class space    used 4546K, capacity 4863K, committed 4864K, reserved 1048576K
}
Event: 13.804 GC heap after
{Heap after GC invocations=13 (full 0):
 garbage-first heap   total 57344K, used 22951K [0x0000000080000000, 0x0000000100000000)
  region size 1024K, 3 young (3072K), 3 survivors (3072K)
 Metaspace       used 34995K, capacity 35786K, committed 35840K, reserved 1081344K
  class space    used 4546K, capacity 4863K, committed 4864K, reserved 1048576K
}
Event: 14.157 GC heap before
{Heap before GC invocations=14 (full 0):
 garbage-first heap   total 57344K, used 39335K [0x0000000080000000, 0x0000000100000000)
  region size 1024K, 20 young (20480K), 3 survivors (3072K)
 Metaspace       used 36441K, capacity 37321K, committed 37580K, reserved 1081344K
  class space    used 4697K, capacity 5011K, committed 5068K, reserved 1048576K
}
Event: 14.165 GC heap after
{Heap after GC invocations=15 (full 0):
 garbage-first heap   total 57344K, used 25047K [0x0000000080000000, 0x0000000100000000)
  region size 1024K, 3 young (3072K), 3 survivors (3072K)
 Metaspace       used 36441K, capacity 37321K, committed 37580K, reserved 1081344K
  class space    used 4697K, capacity 5011K, committed 5068K, reserved 1048576K
}
Event: 14.501 GC heap before
{Heap before GC invocations=15 (full 0):
 garbage-first heap   total 57344K, used 41431K [0x0000000080000000, 0x0000000100000000)
  region size 1024K, 19 young (19456K), 3 survivors (3072K)
 Metaspace       used 37557K, capacity 38453K, committed 38604K, reserved 1083392K
  class space    used 4859K, capacity 5194K, committed 5324K, reserved 1048576K
}
Event: 14.507 GC heap after
{Heap after GC invocations=16 (full 0):
 garbage-first heap   total 57344K, used 25876K [0x0000000080000000, 0x0000000100000000)
  region size 1024K, 3 young (3072K), 3 survivors (3072K)
 Metaspace       used 37557K, capacity 38453K, committed 38604K, reserved 1083392K
  class space    used 4859K, capacity 5194K, committed 5324K, reserved 1048576K
}
Event: 14.834 GC heap before
{Heap before GC invocations=16 (full 0):
 garbage-first heap   total 57344K, used 44308K [0x0000000080000000, 0x0000000100000000)
  region size 1024K, 19 young (19456K), 3 survivors (3072K)
 Metaspace       used 38760K, capacity 39766K, committed 39884K, reserved 1083392K
  class space    used 4954K, capacity 5312K, committed 5324K, reserved 1048576K
}
Event: 14.840 GC heap after
{Heap after GC invocations=17 (full 0):
 garbage-first heap   total 57344K, used 27246K [0x0000000080000000, 0x0000000100000000)
  region size 1024K, 3 young (3072K), 3 survivors (3072K)
 Metaspace       used 38760K, capacity 39766K, committed 39884K, reserved 1083392K
  class space    used 4954K, capacity 5312K, committed 5324K, reserved 1048576K
}
Event: 15.246 GC heap before
{Heap before GC invocations=17 (full 0):
 garbage-first heap   total 57344K, used 42606K [0x0000000080000000, 0x0000000100000000)
  region size 1024K, 18 young (18432K), 3 survivors (3072K)
 Metaspace       used 39977K, capacity 40888K, committed 41164K, reserved 1085440K
  class space    used 5108K, capacity 5471K, committed 5580K, reserved 1048576K
}
Event: 15.250 GC heap after
{Heap after GC invocations=18 (full 0):
 garbage-first heap   total 57344K, used 28434K [0x0000000080000000, 0x0000000100000000)
  region size 1024K, 3 young (3072K), 3 survivors (3072K)
 Metaspace       used 39977K, capacity 40888K, committed 41164K, reserved 1085440K
  class space    used 5108K, capacity 5471K, committed 5580K, reserved 1048576K
}
Event: 15.667 GC heap before
{Heap before GC invocations=18 (full 0):
 garbage-first heap   total 57344K, used 43794K [0x0000000080000000, 0x0000000100000000)
  region size 1024K, 18 young (18432K), 3 survivors (3072K)
 Metaspace       used 41324K, capacity 42311K, committed 42572K, reserved 1085440K
  class space    used 5323K, capacity 5681K, committed 5708K, reserved 1048576K
}
Event: 15.674 GC heap after
{Heap after GC invocations=19 (full 0):
 garbage-first heap   total 57344K, used 29171K [0x0000000080000000, 0x0000000100000000)
  region size 1024K, 2 young (2048K), 2 survivors (2048K)
 Metaspace       used 41324K, capacity 42311K, committed 42572K, reserved 1085440K
  class space    used 5323K, capacity 5681K, committed 5708K, reserved 1048576K
}
Event: 15.998 GC heap before
{Heap before GC invocations=20 (full 0):
 garbage-first heap   total 57344K, used 38387K [0x0000000080000000, 0x0000000100000000)
  region size 1024K, 13 young (13312K), 2 survivors (2048K)
 Metaspace       used 42322K, capacity 43309K, committed 43468K, reserved 1087488K
  class space    used 5461K, capacity 5822K, committed 5836K, reserved 1048576K
}
Event: 16.003 GC heap after
{Heap after GC invocations=21 (full 0):
 garbage-first heap   total 69632K, used 29940K [0x0000000080000000, 0x0000000100000000)
  region size 1024K, 2 young (2048K), 2 survivors (2048K)
 Metaspace       used 42322K, capacity 43309K, committed 43468K, reserved 1087488K
  class space    used 5461K, capacity 5822K, committed 5836K, reserved 1048576K
}
Event: 16.422 GC heap before
{Heap before GC invocations=22 (full 0):
 garbage-first heap   total 69632K, used 50420K [0x0000000080000000, 0x0000000100000000)
  region size 1024K, 21 young (21504K), 2 survivors (2048K)
 Metaspace       used 44232K, capacity 45233K, committed 45516K, reserved 1089536K
  class space    used 5671K, capacity 6057K, committed 6092K, reserved 1048576K
}
Event: 16.426 GC heap after
{Heap after GC invocations=23 (full 0):
 garbage-first heap   total 69632K, used 30148K [0x0000000080000000, 0x0000000100000000)
  region size 1024K, 2 young (2048K), 2 survivors (2048K)
 Metaspace       used 44232K, capacity 45233K, committed 45516K, reserved 1089536K
  class space    used 5671K, capacity 6057K, committed 6092K, reserved 1048576K
}
Event: 16.859 GC heap before
{Heap before GC invocations=23 (full 0):
 garbage-first heap   total 69632K, used 50628K [0x0000000080000000, 0x0000000100000000)
  region size 1024K, 22 young (22528K), 2 survivors (2048K)
 Metaspace       used 45782K, capacity 46870K, committed 47052K, reserved 1089536K
  class space    used 5881K, capacity 6283K, committed 6348K, reserved 1048576K
}
Event: 16.863 GC heap after
{Heap after GC invocations=24 (full 0):
 garbage-first heap   total 69632K, used 30506K [0x0000000080000000, 0x0000000100000000)
  region size 1024K, 2 young (2048K), 2 survivors (2048K)
 Metaspace       used 45782K, capacity 46870K, committed 47052K, reserved 1089536K
  class space    used 5881K, capacity 6283K, committed 6348K, reserved 1048576K
}

Deoptimization events (20 events):
Event: 16.108 Thread 0x000001bd735d1800 Uncommon trap: trap_request=0xffffffc6 fr.pc=0x000001bd62632cf8 relative=0x0000000000000218
Event: 16.108 Thread 0x000001bd735d1800 Uncommon trap: reason=bimorphic_or_optimized_type_check action=maybe_recompile pc=0x000001bd62632cf8 method=com.google.common.base.CharMatcher.indexIn(Ljava/lang/CharSequence;I)I @ 31 c2
Event: 16.108 Thread 0x000001bd735d1800 DEOPT PACKING pc=0x000001bd62632cf8 sp=0x00000098734f82c0
Event: 16.108 Thread 0x000001bd735d1800 DEOPT UNPACKING pc=0x000001bd5aa7662f sp=0x00000098734f8268 mode 2
Event: 16.112 Thread 0x000001bd735d1800 Uncommon trap: trap_request=0xffffffc6 fr.pc=0x000001bd62632cf8 relative=0x0000000000000218
Event: 16.112 Thread 0x000001bd735d1800 Uncommon trap: reason=bimorphic_or_optimized_type_check action=maybe_recompile pc=0x000001bd62632cf8 method=com.google.common.base.CharMatcher.indexIn(Ljava/lang/CharSequence;I)I @ 31 c2
Event: 16.112 Thread 0x000001bd735d1800 DEOPT PACKING pc=0x000001bd62632cf8 sp=0x00000098734f9bb0
Event: 16.112 Thread 0x000001bd735d1800 DEOPT UNPACKING pc=0x000001bd5aa7662f sp=0x00000098734f9b58 mode 2
Event: 16.226 Thread 0x000001bd735d1800 Uncommon trap: trap_request=0xffffff4d fr.pc=0x000001bd62594300 relative=0x00000000000001c0
Event: 16.226 Thread 0x000001bd735d1800 Uncommon trap: reason=unstable_if action=reinterpret pc=0x000001bd62594300 method=java.net.URI$Parser.scan(IILjava/lang/String;)I @ 26 c2
Event: 16.226 Thread 0x000001bd735d1800 DEOPT PACKING pc=0x000001bd62594300 sp=0x00000098734f8f20
Event: 16.226 Thread 0x000001bd735d1800 DEOPT UNPACKING pc=0x000001bd5aa7662f sp=0x00000098734f8eb0 mode 2
Event: 16.981 Thread 0x000001bd735d1800 Uncommon trap: trap_request=0xffffff4d fr.pc=0x000001bd62593ab0 relative=0x00000000000001f0
Event: 16.981 Thread 0x000001bd735d1800 Uncommon trap: reason=unstable_if action=reinterpret pc=0x000001bd62593ab0 method=java.net.URI$Parser.scan(IILjava/lang/String;)I @ 26 c2
Event: 16.981 Thread 0x000001bd735d1800 DEOPT PACKING pc=0x000001bd62593ab0 sp=0x00000098734f8aa0
Event: 16.981 Thread 0x000001bd735d1800 DEOPT UNPACKING pc=0x000001bd5aa7662f sp=0x00000098734f8a50 mode 2
Event: 17.123 Thread 0x000001bd735d1800 Uncommon trap: trap_request=0xffffff4d fr.pc=0x000001bd6269a3c0 relative=0x0000000000004020
Event: 17.123 Thread 0x000001bd735d1800 Uncommon trap: reason=unstable_if action=reinterpret pc=0x000001bd6269a3c0 method=jdk.internal.org.objectweb.asm.Frame.execute(IILjdk/internal/org/objectweb/asm/ClassWriter;Ljdk/internal/org/objectweb/asm/Item;)V @ 1 c2
Event: 17.123 Thread 0x000001bd735d1800 DEOPT PACKING pc=0x000001bd6269a3c0 sp=0x00000098734f75b0
Event: 17.123 Thread 0x000001bd735d1800 DEOPT UNPACKING pc=0x000001bd5aa7662f sp=0x00000098734f7578 mode 2

Classes redefined (0 events):
No events

Internal exceptions (20 events):
Event: 15.519 Thread 0x000001bd73d43000 Exception <a 'java/lang/NoSuchMethodError'{0x0000000082e10558}: <clinit>> (0x0000000082e10558) thrown at [./src/hotspot/share/prims/jni.cpp, line 1362]
Event: 15.749 Thread 0x000001bd735d1800 Implicit null exception at 0x000001bd625f5874 to 0x000001bd625f5a84
Event: 16.086 Thread 0x000001bd735d1800 Exception <a 'java/lang/ClassNotFoundException'{0x000000008414f5b8}: build_9pr1dw6sljzjab7dmhjemwrmfBeanInfo> (0x000000008414f5b8) thrown at [./src/hotspot/share/classfile/systemDictionary.cpp, line 231]
Event: 16.086 Thread 0x000001bd735d1800 Exception <a 'java/lang/ClassNotFoundException'{0x0000000084165d10}: org/gradle/api/internal/project/ProjectScriptBeanInfo> (0x0000000084165d10) thrown at [./src/hotspot/share/classfile/systemDictionary.cpp, line 231]
Event: 16.087 Thread 0x000001bd735d1800 Exception <a 'java/lang/ClassNotFoundException'{0x000000008417be88}: org/gradle/api/internal/project/ProjectScriptCustomizer> (0x000000008417be88) thrown at [./src/hotspot/share/classfile/systemDictionary.cpp, line 231]
Event: 16.088 Thread 0x000001bd735d1800 Exception <a 'java/lang/ClassNotFoundException'{0x0000000084197108}: build_9pr1dw6sljzjab7dmhjemwrmfCustomizer> (0x0000000084197108) thrown at [./src/hotspot/share/classfile/systemDictionary.cpp, line 231]
Event: 16.098 Thread 0x000001bd735d1800 Exception <a 'java/lang/ClassNotFoundException'{0x0000000084021ab8}: org/gradle/plugin/use/internal/PluginRequestCollector$PluginDependenciesSpecImplBeanInfo> (0x0000000084021ab8) thrown at [./src/hotspot/share/classfile/systemDictionary.cpp, line 231]
Event: 16.099 Thread 0x000001bd735d1800 Exception <a 'java/lang/ClassNotFoundException'{0x0000000084050940}: org/gradle/plugin/use/internal/PluginRequestCollector$PluginDependenciesSpecImplCustomizer> (0x0000000084050940) thrown at [./src/hotspot/share/classfile/systemDictionary.cpp, line 231]
Event: 16.104 Thread 0x000001bd735d1800 Exception <a 'java/lang/ClassNotFoundException'{0x00000000840b7a90}: org/gradle/plugin/use/internal/PluginRequestCollector$PluginDependencySpecImplBeanInfo> (0x00000000840b7a90) thrown at [./src/hotspot/share/classfile/systemDictionary.cpp, line 231]
Event: 16.105 Thread 0x000001bd735d1800 Exception <a 'java/lang/ClassNotFoundException'{0x00000000840e5d48}: org/gradle/plugin/use/internal/PluginRequestCollector$PluginDependencySpecImplCustomizer> (0x00000000840e5d48) thrown at [./src/hotspot/share/classfile/systemDictionary.cpp, line 231]
Event: 16.659 Thread 0x000001bd735d1800 Exception <a 'java/lang/IncompatibleClassChangeError'{0x0000000083983cd8}: Found class java.lang.Object, but interface was expected> (0x0000000083983cd8) thrown at [./src/hotspot/share/interpreter/linkResolver.cpp, line 839]
Event: 16.837 Thread 0x000001bd735d1800 Exception <a 'java/lang/NoSuchMethodError'{0x0000000082e389f0}: 'int java.lang.invoke.DirectMethodHandle$Holder.invokeStaticInit(java.lang.Object)'> (0x0000000082e389f0) thrown at [./src/hotspot/share/interpreter/linkResolver.cpp, line 773]
Event: 16.924 Thread 0x000001bd735d1800 Exception <a 'java/lang/NoSuchMethodError'{0x000000008412d768}: 'void java.lang.invoke.DirectMethodHandle$Holder.invokeStatic(java.lang.Object, java.lang.Object, java.lang.Object, int, java.lang.Object)'> (0x000000008412d768) thrown at [./src/hotspot/share/interpreter/linkResolver.cpp, line 773]
Event: 17.119 Thread 0x000001bd735d1800 Exception <a 'java/lang/NoSuchMethodError'{0x0000000083b2c7e0}: 'java.lang.Object java.lang.invoke.DelegatingMethodHandle$Holder.reinvoke_L(java.lang.Object, java.lang.Object, java.lang.Object, java.lang.Object, java.lang.Object, java.lang.Object, java.lang.Object, java.lang.Object, java.lang.Object, java.lang.Object, java.lang.Object, java.lang.Object, java.lang.Object, java.lang.Object, java.lang.Object, java.lang.Object, java.lang.Object, java.lang.Object, java.lang.Object, java.lang.Object)'> (0x000000
Event: 17.121 Thread 0x000001bd735d1800 Exception <a 'java/lang/NoSuchMethodError'{0x0000000083b38280}: 'java.lang.Object java.lang.invoke.DirectMethodHandle$Holder.invokeSpecial(java.lang.Object, java.lang.Object, java.lang.Object, java.lang.Object, java.lang.Object, java.lang.Object, java.lang.Object, java.lang.Object, java.lang.Object, java.lang.Object, java.lang.Object, java.lang.Object, java.lang.Object, java.lang.Object, java.lang.Object, java.lang.Object, java.lang.Object, java.lang.Object, java.lang.Object, java.lang.Object)'> (0x0000000
Event: 17.121 Thread 0x000001bd735d1800 Exception <a 'java/lang/NoSuchMethodError'{0x0000000083b3e1c0}: 'java.lang.Object java.lang.invoke.Invokers$Holder.invoker(java.lang.Object, java.lang.Object, java.lang.Object, java.lang.Object, java.lang.Object, java.lang.Object, java.lang.Object, java.lang.Object, java.lang.Object, java.lang.Object, java.lang.Object, java.lang.Object, java.lang.Object, java.lang.Object, java.lang.Object, java.lang.Object, java.lang.Object, java.lang.Object, java.lang.Object, java.lang.Object)'> (0x0000000083b3e1c0) throw
Event: 17.122 Thread 0x000001bd735d1800 Exception <a 'java/lang/NoSuchMethodError'{0x0000000083b452d0}: 'java.lang.Object java.lang.invoke.DelegatingMethodHandle$Holder.delegate(java.lang.Object, java.lang.Object, java.lang.Object, java.lang.Object, java.lang.Object, java.lang.Object, java.lang.Object, java.lang.Object, java.lang.Object, java.lang.Object, java.lang.Object, java.lang.Object, java.lang.Object, java.lang.Object, java.lang.Object, java.lang.Object, java.lang.Object, java.lang.Object, java.lang.Object, java.lang.Object)'> (0x00000000
Event: 17.137 Thread 0x000001bd735d1800 Exception <a 'java/lang/NoSuchMethodError'{0x0000000083ba6a00}: 'java.lang.Object java.lang.invoke.DirectMethodHandle$Holder.invokeStatic(java.lang.Object, java.lang.Object, java.lang.Object, java.lang.Object, java.lang.Object, java.lang.Object, java.lang.Object, java.lang.Object, java.lang.Object, java.lang.Object, java.lang.Object, java.lang.Object, java.lang.Object, java.lang.Object, java.lang.Object)'> (0x0000000083ba6a00) thrown at [./src/hotspot/share/interpreter/linkResolver.cpp, line 773]
Event: 17.141 Thread 0x000001bd735d1800 Exception <a 'java/lang/NoSuchMethodError'{0x0000000083bb7150}: 'java.lang.Object java.lang.invoke.DirectMethodHandle$Holder.invokeStatic(java.lang.Object, java.lang.Object, java.lang.Object, java.lang.Object, java.lang.Object, java.lang.Object, java.lang.Object, java.lang.Object, java.lang.Object, java.lang.Object, java.lang.Object, java.lang.Object, java.lang.Object, java.lang.Object, java.lang.Object, java.lang.Object)'> (0x0000000083bb7150) thrown at [./src/hotspot/share/interpreter/linkResolver.cpp, l
Event: 17.144 Thread 0x000001bd735d1800 Exception <a 'java/lang/NoSuchMethodError'{0x0000000083bc7628}: 'java.lang.Object java.lang.invoke.DelegatingMethodHandle$Holder.reinvoke_L(java.lang.Object, java.lang.Object, java.lang.Object, java.lang.Object, java.lang.Object, java.lang.Object, java.lang.Object, java.lang.Object, java.lang.Object, java.lang.Object, java.lang.Object, java.lang.Object, java.lang.Object, java.lang.Object, java.lang.Object, java.lang.Object, java.lang.Object, java.lang.Object, java.lang.Object)'> (0x0000000083bc7628) thrown

Events (20 events):
Event: 17.191 loading class org/gradle/caching/internal/CacheableEntity
Event: 17.192 loading class org/gradle/caching/internal/CacheableEntity done
Event: 17.193 loading class org/gradle/internal/execution/steps/CancelExecutionStep
Event: 17.193 loading class org/gradle/internal/execution/steps/CancelExecutionStep done
Event: 17.200 loading class org/gradle/internal/service/scopes/DefaultProjectFinder
Event: 17.200 loading class org/gradle/internal/service/scopes/DefaultProjectFinder done
Event: 17.203 loading class org/gradle/api/internal/project/ProjectInternal
Event: 17.203 loading class org/gradle/api/internal/project/ProjectInternal done
Event: 17.203 loading class org/gradle/api/internal/project/ProjectInternal
Event: 17.203 loading class org/gradle/api/internal/project/ProjectInternal done
Event: 17.203 loading class org/gradle/internal/service/scopes/ProjectScopeServices
Event: 17.203 loading class org/gradle/internal/service/scopes/ProjectScopeServices done
Event: 17.226 loading class org/gradle/api/internal/collections/FilteredCollection
Event: 17.226 loading class org/gradle/api/internal/collections/FilteredCollection done
Event: 17.229 loading class org/gradle/api/internal/collections/DefaultCollectionEventRegister$FilteredEventRegister
Event: 17.229 loading class org/gradle/api/internal/collections/DefaultCollectionEventRegister$FilteredEventRegister done
Event: 17.232 loading class org/gradle/api/internal/DefaultNamedDomainObjectCollection$FilteredIndex
Event: 17.232 loading class org/gradle/api/internal/DefaultNamedDomainObjectCollection$FilteredIndex done
Event: 17.238 loading class org/gradle/api/internal/collections/FilteredCollection$FilteringIterator
Event: 17.238 loading class org/gradle/api/internal/collections/FilteredCollection$FilteringIterator done


Dynamic libraries:
0x00007ff7c4cb0000 - 0x00007ff7c4cba000 	C:\Program Files\Android\Android Studio\jre\bin\java.exe
0x00007fff4ad80000 - 0x00007fff4af89000 	C:\WINDOWS\SYSTEM32\ntdll.dll
0x00007fff49600000 - 0x00007fff496bd000 	C:\WINDOWS\System32\KERNEL32.DLL
0x00007fff48600000 - 0x00007fff48974000 	C:\WINDOWS\System32\KERNELBASE.dll
0x00007fff484e0000 - 0x00007fff485f1000 	C:\WINDOWS\System32\ucrtbase.dll
0x00007fff36070000 - 0x00007fff36089000 	C:\Program Files\Android\Android Studio\jre\bin\jli.dll
0x00007fff34090000 - 0x00007fff340a7000 	C:\Program Files\Android\Android Studio\jre\bin\VCRUNTIME140.dll
0x00007fff48de0000 - 0x00007fff48f8c000 	C:\WINDOWS\System32\USER32.dll
0x00007fff48390000 - 0x00007fff483b6000 	C:\WINDOWS\System32\win32u.dll
0x00007fff4aaf0000 - 0x00007fff4ab19000 	C:\WINDOWS\System32\GDI32.dll
0x00007fff483c0000 - 0x00007fff484d2000 	C:\WINDOWS\System32\gdi32full.dll
0x00007fff48270000 - 0x00007fff4830d000 	C:\WINDOWS\System32\msvcp_win.dll
0x00007fff365b0000 - 0x00007fff36855000 	C:\WINDOWS\WinSxS\amd64_microsoft.windows.common-controls_6595b64144ccf1df_6.0.22000.120_none_9d947278b86cc467\COMCTL32.dll
0x00007fff49890000 - 0x00007fff49933000 	C:\WINDOWS\System32\msvcrt.dll
0x00007fff49100000 - 0x00007fff49131000 	C:\WINDOWS\System32\IMM32.DLL
0x00007ffefa920000 - 0x00007ffefa9bd000 	C:\Program Files\Android\Android Studio\jre\bin\msvcp140.dll
0x00007ffea2260000 - 0x00007ffea2d35000 	C:\Program Files\Android\Android Studio\jre\bin\server\jvm.dll
0x00007fff4ac20000 - 0x00007fff4acce000 	C:\WINDOWS\System32\ADVAPI32.dll
0x00007fff48c20000 - 0x00007fff48cbe000 	C:\WINDOWS\System32\sechost.dll
0x00007fff49230000 - 0x00007fff49350000 	C:\WINDOWS\System32\RPCRT4.dll
0x00007fff496c0000 - 0x00007fff496c8000 	C:\WINDOWS\System32\PSAPI.DLL
0x00007fff3b5d0000 - 0x00007fff3b5d9000 	C:\WINDOWS\SYSTEM32\WSOCK32.dll
0x00007fff41b80000 - 0x00007fff41bb3000 	C:\WINDOWS\SYSTEM32\WINMM.dll
0x00007fff49000000 - 0x00007fff4906f000 	C:\WINDOWS\System32\WS2_32.dll
0x00007fff3f7d0000 - 0x00007fff3f7da000 	C:\WINDOWS\SYSTEM32\VERSION.dll
0x00007fff47370000 - 0x00007fff47388000 	C:\WINDOWS\SYSTEM32\kernel.appcore.dll
0x00007fff35e00000 - 0x00007fff35e11000 	C:\Program Files\Android\Android Studio\jre\bin\verify.dll
0x00007fff3a0f0000 - 0x00007fff3a311000 	C:\WINDOWS\SYSTEM32\DBGHELP.DLL
0x00007fff37d80000 - 0x00007fff37db1000 	C:\WINDOWS\SYSTEM32\dbgcore.DLL
0x00007fff48310000 - 0x00007fff4838f000 	C:\WINDOWS\System32\bcryptPrimitives.dll
0x00007fff31710000 - 0x00007fff31739000 	C:\Program Files\Android\Android Studio\jre\bin\java.dll
0x00007fff42820000 - 0x00007fff4282b000 	C:\Program Files\Android\Android Studio\jre\bin\jimage.dll
0x00007fff00e00000 - 0x00007fff00e18000 	C:\Program Files\Android\Android Studio\jre\bin\zip.dll
0x00007fff49ed0000 - 0x00007fff4a67e000 	C:\WINDOWS\System32\SHELL32.dll
0x00007fff463e0000 - 0x00007fff46c47000 	C:\WINDOWS\SYSTEM32\windows.storage.dll
0x00007fff499b0000 - 0x00007fff49d28000 	C:\WINDOWS\System32\combase.dll
0x00007fff46270000 - 0x00007fff463d6000 	C:\WINDOWS\SYSTEM32\wintypes.dll
0x00007fff49510000 - 0x00007fff495fa000 	C:\WINDOWS\System32\SHCORE.dll
0x00007fff491d0000 - 0x00007fff4922d000 	C:\WINDOWS\System32\shlwapi.dll
0x00007fff481a0000 - 0x00007fff481c1000 	C:\WINDOWS\SYSTEM32\profapi.dll
0x00007fff00de0000 - 0x00007fff00dfa000 	C:\Program Files\Android\Android Studio\jre\bin\net.dll
0x00007fff41a00000 - 0x00007fff41b0c000 	C:\WINDOWS\SYSTEM32\WINHTTP.dll
0x00007fff477a0000 - 0x00007fff47807000 	C:\WINDOWS\system32\mswsock.dll
0x00007ffefdbf0000 - 0x00007ffefdc04000 	C:\Program Files\Android\Android Studio\jre\bin\nio.dll
0x00007fff359f0000 - 0x00007fff35a17000 	C:\Users\acer\.gradle\native\e1d6ef7f7dcc3fd88c89a11ec53ec762bb8ba0a96d01ffa2cd45eb1d1d8dd5c5\windows-amd64\native-platform.dll
0x00007ffefa640000 - 0x00007ffefa784000 	C:\Users\acer\.gradle\native\5664cfc778a61ccfe75a443a1ab52a65af34e5dc3c78e0209fed803814484fcb\windows-amd64\native-platform-file-events.dll
0x00007fff3af40000 - 0x00007fff3af4a000 	C:\Program Files\Android\Android Studio\jre\bin\management.dll
0x00007fff39af0000 - 0x00007fff39afd000 	C:\Program Files\Android\Android Studio\jre\bin\management_ext.dll
0x00007fff479e0000 - 0x00007fff479f8000 	C:\WINDOWS\SYSTEM32\CRYPTSP.dll
0x00007fff472d0000 - 0x00007fff47305000 	C:\WINDOWS\system32\rsaenh.dll
0x00007fff47890000 - 0x00007fff478b9000 	C:\WINDOWS\SYSTEM32\USERENV.dll
0x00007fff47b60000 - 0x00007fff47b87000 	C:\WINDOWS\SYSTEM32\bcrypt.dll
0x00007fff47a00000 - 0x00007fff47a0c000 	C:\WINDOWS\SYSTEM32\CRYPTBASE.dll
0x00007fff46ea0000 - 0x00007fff46ecd000 	C:\WINDOWS\SYSTEM32\IPHLPAPI.DLL
0x00007fff48f90000 - 0x00007fff48f99000 	C:\WINDOWS\System32\NSI.dll
0x00007fff419c0000 - 0x00007fff419d9000 	C:\WINDOWS\SYSTEM32\dhcpcsvc6.DLL
0x00007fff41ee0000 - 0x00007fff41efe000 	C:\WINDOWS\SYSTEM32\dhcpcsvc.DLL
0x00007fff46ed0000 - 0x00007fff46fb7000 	C:\WINDOWS\SYSTEM32\DNSAPI.dll

dbghelp: loaded successfully - version: 4.0.5 - missing functions: none
symbol engine: initialized successfully - sym options: 0x614 - pdb path: .;C:\Program Files\Android\Android Studio\jre\bin;C:\WINDOWS\SYSTEM32;C:\WINDOWS\WinSxS\amd64_microsoft.windows.common-controls_6595b64144ccf1df_6.0.22000.120_none_9d947278b86cc467;C:\Program Files\Android\Android Studio\jre\bin\server;C:\Users\acer\.gradle\native\e1d6ef7f7dcc3fd88c89a11ec53ec762bb8ba0a96d01ffa2cd45eb1d1d8dd5c5\windows-amd64;C:\Users\acer\.gradle\native\5664cfc778a61ccfe75a443a1ab52a65af34e5dc3c78e0209fed803814484fcb\windows-amd64

VM Arguments:
jvm_args: --add-opens=java.base/java.util=ALL-UNNAMED --add-opens=java.base/java.lang=ALL-UNNAMED --add-opens=java.base/java.lang.invoke=ALL-UNNAMED --add-opens=java.base/java.util=ALL-UNNAMED --add-opens=java.prefs/java.util.prefs=ALL-UNNAMED --add-opens=java.prefs/java.util.prefs=ALL-UNNAMED --add-opens=java.base/java.nio.charset=ALL-UNNAMED --add-opens=java.base/java.net=ALL-UNNAMED --add-opens=java.base/java.util.concurrent.atomic=ALL-UNNAMED -Xmx2048m -Dfile.encoding=UTF-8 -Duser.country=US -Duser.language=en -Duser.variant 
java_command: org.gradle.launcher.daemon.bootstrap.GradleDaemon 7.2
java_class_path (initial): C:\Users\acer\.gradle\wrapper\dists\gradle-7.2-bin\2dnblmf4td7x66yl1d74lt32g\gradle-7.2\lib\gradle-launcher-7.2.jar
Launcher Type: SUN_STANDARD

[Global flags]
     intx CICompilerCount                          = 4                                         {product} {ergonomic}
     uint ConcGCThreads                            = 2                                         {product} {ergonomic}
     uint G1ConcRefinementThreads                  = 8                                         {product} {ergonomic}
   size_t G1HeapRegionSize                         = 1048576                                   {product} {ergonomic}
    uintx GCDrainStackTargetSize                   = 64                                        {product} {ergonomic}
   size_t InitialHeapSize                          = 58720256                                  {product} {ergonomic}
   size_t MarkStackSize                            = 4194304                                   {product} {ergonomic}
   size_t MaxHeapSize                              = 2147483648                                {product} {command line}
   size_t MaxNewSize                               = 1287651328                                {product} {ergonomic}
   size_t MinHeapDeltaBytes                        = 1048576                                   {product} {ergonomic}
    uintx NonNMethodCodeHeapSize                   = 5836300                                {pd product} {ergonomic}
    uintx NonProfiledCodeHeapSize                  = 122910970                              {pd product} {ergonomic}
    uintx ProfiledCodeHeapSize                     = 122910970                              {pd product} {ergonomic}
    uintx ReservedCodeCacheSize                    = 251658240                              {pd product} {ergonomic}
     bool SegmentedCodeCache                       = true                                      {product} {ergonomic}
     bool UseCompressedClassPointers               = true                                 {lp64_product} {ergonomic}
     bool UseCompressedOops                        = true                                 {lp64_product} {ergonomic}
     bool UseG1GC                                  = true                                      {product} {ergonomic}
     bool UseLargePagesIndividualAllocation        = false                                  {pd product} {ergonomic}

Logging:
Log output configuration:
 #0: stdout all=warning uptime,level,tags
 #1: stderr all=off uptime,level,tags

Environment Variables:
PATH=C:\Program Files\Microsoft MPI\Bin\;C:\Program Files (x86)\Common Files\Intel\Shared Files\cpp\bin\Intel64;C:\WINDOWS\system32;C:\WINDOWS;C:\WINDOWS\System32\Wbem;C:\WINDOWS\System32\WindowsPowerShell\v1.0\;C:\WINDOWS\System32\OpenSSH\;C:\Program Files\Microsoft SQL Server\Client SDK\ODBC\170\Tools\Binn\;C:\Program Files (x86)\Microsoft SQL Server\150\Tools\Binn\;C:\Program Files\Microsoft SQL Server\150\Tools\Binn\;C:\Program Files\Microsoft SQL Server\150\DTS\Binn\;C:\Program Files (x86)\Microsoft SQL Server\150\DTS\Binn\;C:\Program Files\Azure Data Studio\bin;C:\Program Files\dotnet\;C:\Program Files (x86)\dotnet\;D;C:\HashiCorp\Vagrant\bin;C:\Program Files\Kubernetes\Minikube;C:\minikube;C:\Program Files\Git\cmd;C:\Program Files\Microsoft SQL Server\130\Tools\Binn\;C:\Users\acer\AppData\Local\Programs\Python\Python39\Scripts\;C:\Users\acer\AppData\Local\Programs\Python\Python39\;C:\Users\acer\AppData\Local\Microsoft\WindowsApps;;C:\Program Files\Azure Data Studio\bin;C:\Users\acer\AppData\Local\Programs\Microsoft VS Code\bin;C:\Users\acer\.dotnet\tools
USERNAME=acer
OS=Windows_NT
PROCESSOR_IDENTIFIER=AMD64 Family 23 Model 24 Stepping 1, AuthenticAMD



---------------  S Y S T E M  ---------------

OS: Windows 10 , 64 bit Build 22000 (10.0.22000.434)
OS uptime: 10 days 22:59 hours

CPU:total 8 (initial active 8) (8 cores per cpu, 2 threads per core) family 23 model 24 stepping 1 microcode 0x0, cmov, cx8, fxsr, mmx, sse, sse2, sse3, ssse3, sse4.1, sse4.2, popcnt, avx, avx2, aes, clmul, mmxext, 3dnowpref, lzcnt, sse4a, ht, tsc, tscinvbit, tscinv, bmi1, bmi2, adx, s

Memory: 4k page, system-wide physical 3514M (7M free)
TotalPageFile size 14266M (AvailPageFile size 2M)
current process WorkingSet (physical memory assigned to process): 160M, peak: 163M
current process commit charge ("private bytes"): 241M, peak: 241M

vm_info: OpenJDK 64-Bit Server VM (11.0.11+9-b60-7590822) for windows-amd64 JRE (11.0.11+9-b60-7590822), built on Jul 29 2021 21:43:44 by "builder" with MS VC++ 14.0 (VS2015)

END.
