#
# There is insufficient memory for the Java Runtime Environment to continue.
# Native memory allocation (malloc) failed to allocate 2901776 bytes for Chunk::new
# Possible reasons:
#   The system is out of physical RAM or swap space
#   The process is running with CompressedOops enabled, and the Java Heap may be blocking the growth of the native heap
# Possible solutions:
#   Reduce memory load on the system
#   Increase physical memory or swap space
#   Check if swap backing store is full
#   Decrease Java heap size (-Xmx/-Xms)
#   Decrease number of Java threads
#   Decrease Java thread stack sizes (-Xss)
#   Set larger code cache with -XX:ReservedCodeCacheSize=
#   JVM is running with Unscaled Compressed Oops mode in which the Java heap is
#     placed in the first 4GB address space. The Java Heap base address is the
#     maximum limit for the native heap growth. Please use -XX:HeapBaseMinAddress
#     to set the Java Heap base and to place the Java Heap above 4GB virtual address.
# This output file may be truncated or incomplete.
#
#  Out of Memory Error (./src/hotspot/share/memory/arena.cpp:197), pid=3264, tid=23572
#
# JRE version: OpenJDK Runtime Environment (11.0.11+9) (build 11.0.11+9-b60-7590822)
# Java VM: OpenJDK 64-Bit Server VM (11.0.11+9-b60-7590822, mixed mode, tiered, compressed oops, g1 gc, windows-amd64)
# No core dump will be written. Minidumps are not enabled by default on client versions of Windows
#

---------------  S U M M A R Y ------------

Command Line: --add-opens=java.base/java.util=ALL-UNNAMED --add-opens=java.base/java.lang=ALL-UNNAMED --add-opens=java.base/java.lang.invoke=ALL-UNNAMED --add-opens=java.base/java.util=ALL-UNNAMED --add-opens=java.prefs/java.util.prefs=ALL-UNNAMED --add-opens=java.prefs/java.util.prefs=ALL-UNNAMED --add-opens=java.base/java.nio.charset=ALL-UNNAMED --add-opens=java.base/java.net=ALL-UNNAMED --add-opens=java.base/java.util.concurrent.atomic=ALL-UNNAMED -Xmx2048m -Dfile.encoding=UTF-8 -Duser.country=US -Duser.language=en -Duser.variant org.gradle.launcher.daemon.bootstrap.GradleDaemon 7.2

Host: AMD Ryzen 5 3500U with Radeon Vega Mobile Gfx  , 8 cores, 3G,  Windows 10 , 64 bit Build 22000 (10.0.22000.434)
Time: Mon Mar 21 14:01:59 2022 SE Asia Standard Time elapsed time: 34.793212 seconds (0d 0h 0m 34s)

---------------  T H R E A D  ---------------

Current thread (0x0000018e39fb7000):  JavaThread "C2 CompilerThread0" daemon [_thread_in_native, id=23572, stack(0x0000006e3a200000,0x0000006e3a300000)]


Current CompileTask:
C2:  34793 6852       4       java.lang.Class::annotationData (44 bytes)

Stack: [0x0000006e3a200000,0x0000006e3a300000]
Native frames: (J=compiled Java code, j=interpreted, Vv=VM code, C=native code)
V  [jvm.dll+0x5f214a]
V  [jvm.dll+0x726fb5]
V  [jvm.dll+0x7285cd]
V  [jvm.dll+0x728c83]
V  [jvm.dll+0x243278]
V  [jvm.dll+0xbc53c]
V  [jvm.dll+0xbca3c]
V  [jvm.dll+0x353e7d]
V  [jvm.dll+0x19895c]
V  [jvm.dll+0x1fc2ee]
V  [jvm.dll+0x1fb3d4]
V  [jvm.dll+0x183d6c]
V  [jvm.dll+0x209a57]
V  [jvm.dll+0x2082a1]
V  [jvm.dll+0x6ef58f]
V  [jvm.dll+0x6e80b5]
V  [jvm.dll+0x5f1036]
C  [ucrtbase.dll+0x26c0c]
C  [KERNEL32.DLL+0x154e0]
C  [ntdll.dll+0x485b]


---------------  P R O C E S S  ---------------

Threads class SMR info:
_java_thread_list=0x0000018e3cd35320, length=122, elements={
0x0000018e1f1df800, 0x0000018e39608800, 0x0000018e39616800, 0x0000018e39fb2800,
0x0000018e39fb4000, 0x0000018e39fb5800, 0x0000018e39fb7000, 0x0000018e39fbc000,
0x0000018e39fbf800, 0x0000018e3a103800, 0x0000018e3b910800, 0x0000018e3a54f000,
0x0000018e3bafe800, 0x0000018e3bb07800, 0x0000018e3ac06800, 0x0000018e3c44c800,
0x0000018e3bad6800, 0x0000018e3bad7000, 0x0000018e3b4e7000, 0x0000018e3ac97800,
0x0000018e3ac95000, 0x0000018e3ac94000, 0x0000018e3ac98000, 0x0000018e3ac9a800,
0x0000018e3ac99000, 0x0000018e3ac96800, 0x0000018e3ac99800, 0x0000018e3ac95800,
0x0000018e3c9a5800, 0x0000018e3c9a5000, 0x0000018e3c9a1800, 0x0000018e3c9a0000,
0x0000018e3c9a6800, 0x0000018e3c9a0800, 0x0000018e3c9a8000, 0x0000018e3c9a9000,
0x0000018e3c9a7000, 0x0000018e3c9a3000, 0x0000018e3c9ab800, 0x0000018e3c9ad000,
0x0000018e3c9ae000, 0x0000018e3c9ac000, 0x0000018e3c9aa800, 0x0000018e3c9ae800,
0x0000018e3c9a9800, 0x0000018e402be000, 0x0000018e402bc800, 0x0000018e402ba000,
0x0000018e402b8800, 0x0000018e402bd000, 0x0000018e402bf000, 0x0000018e402b9000,
0x0000018e402bf800, 0x0000018e402c0800, 0x0000018e402ba800, 0x0000018e402c1800,
0x0000018e402bb800, 0x0000018e402c4800, 0x0000018e402c7000, 0x0000018e402c6000,
0x0000018e402c3000, 0x0000018e402c3800, 0x0000018e402c5800, 0x0000018e402c2000,
0x0000018e3eb05800, 0x0000018e3eb03800, 0x0000018e3eb04800, 0x0000018e3eb06000,
0x0000018e3eb07000, 0x0000018e3eb03000, 0x0000018e3eb01000, 0x0000018e3eb07800,
0x0000018e3eb02000, 0x0000018e3eb0b000, 0x0000018e3eb0c000, 0x0000018e3eb0c800,
0x0000018e3eb0d800, 0x0000018e3eb0e000, 0x0000018e3eb08800, 0x0000018e3eb09800,
0x0000018e3eb0f000, 0x0000018e3eb10000, 0x0000018e3eb0a000, 0x0000018e3aee8800,
0x0000018e3aeeb000, 0x0000018e3aeec000, 0x0000018e3aeec800, 0x0000018e3aeef000,
0x0000018e3aeed800, 0x0000018e3aeee800, 0x0000018e3aee9800, 0x0000018e3aeea800,
0x0000018e3aef4000, 0x0000018e3aef1800, 0x0000018e3aef5000, 0x0000018e3aef2800,
0x0000018e3aef3000, 0x0000018e3aef5800, 0x0000018e3aef0000, 0x0000018e3aef6800,
0x0000018e3aef1000, 0x0000018e3aef7800, 0x0000018e3ec16800, 0x0000018e3ec15800,
0x0000018e3ec14000, 0x0000018e3ec15000, 0x0000018e3ec18000, 0x0000018e3ec19000,
0x0000018e3ec17800, 0x0000018e3ec13800, 0x0000018e3ec1d000, 0x0000018e3ec1b800,
0x0000018e3ec1a800, 0x0000018e3ec1f800, 0x0000018e3ec1e000, 0x0000018e3ec1e800,
0x0000018e3ec1a000, 0x0000018e3ec20800, 0x0000018e3ec21000, 0x0000018e3ec22000,
0x0000018e3ec1c800, 0x0000018e3e812000
}

Java Threads: ( => current thread )
  0x0000018e1f1df800 JavaThread "main" [_thread_blocked, id=21584, stack(0x0000006e39600000,0x0000006e39700000)]
  0x0000018e39608800 JavaThread "Reference Handler" daemon [_thread_blocked, id=24652, stack(0x0000006e39d00000,0x0000006e39e00000)]
  0x0000018e39616800 JavaThread "Finalizer" daemon [_thread_blocked, id=20852, stack(0x0000006e39e00000,0x0000006e39f00000)]
  0x0000018e39fb2800 JavaThread "Signal Dispatcher" daemon [_thread_blocked, id=19832, stack(0x0000006e39f00000,0x0000006e3a000000)]
  0x0000018e39fb4000 JavaThread "Attach Listener" daemon [_thread_blocked, id=5524, stack(0x0000006e3a000000,0x0000006e3a100000)]
  0x0000018e39fb5800 JavaThread "Service Thread" daemon [_thread_blocked, id=20976, stack(0x0000006e3a100000,0x0000006e3a200000)]
=>0x0000018e39fb7000 JavaThread "C2 CompilerThread0" daemon [_thread_in_native, id=23572, stack(0x0000006e3a200000,0x0000006e3a300000)]
  0x0000018e39fbc000 JavaThread "C1 CompilerThread0" daemon [_thread_blocked, id=12320, stack(0x0000006e3a300000,0x0000006e3a400000)]
  0x0000018e39fbf800 JavaThread "Sweeper thread" daemon [_thread_blocked, id=23860, stack(0x0000006e3a400000,0x0000006e3a500000)]
  0x0000018e3a103800 JavaThread "Common-Cleaner" daemon [_thread_blocked, id=23632, stack(0x0000006e3a500000,0x0000006e3a600000)]
  0x0000018e3b910800 JavaThread "Daemon health stats" [_thread_blocked, id=2856, stack(0x0000006e3a800000,0x0000006e3a900000)]
  0x0000018e3a54f000 JavaThread "Incoming local TCP Connector on port 62407" [_thread_in_native, id=6036, stack(0x0000006e3a900000,0x0000006e3aa00000)]
  0x0000018e3bafe800 JavaThread "Daemon periodic checks" [_thread_blocked, id=17096, stack(0x0000006e3aa00000,0x0000006e3ab00000)]
  0x0000018e3bb07800 JavaThread "Daemon" [_thread_blocked, id=5860, stack(0x0000006e3ab00000,0x0000006e3ac00000)]
  0x0000018e3ac06800 JavaThread "Handler for socket connection from /127.0.0.1:62407 to /127.0.0.1:62408" [_thread_in_native, id=16480, stack(0x0000006e3ac00000,0x0000006e3ad00000)]
  0x0000018e3c44c800 JavaThread "Cancel handler" [_thread_blocked, id=14828, stack(0x0000006e3ad00000,0x0000006e3ae00000)]
  0x0000018e3bad6800 JavaThread "Daemon worker" [_thread_in_Java, id=24952, stack(0x0000006e3ae00000,0x0000006e3af00000)]
  0x0000018e3bad7000 JavaThread "Asynchronous log dispatcher for DefaultDaemonConnection: socket connection from /127.0.0.1:62407 to /127.0.0.1:62408" [_thread_blocked, id=4064, stack(0x0000006e3af00000,0x0000006e3b000000)]
  0x0000018e3b4e7000 JavaThread "Stdin handler" [_thread_blocked, id=22580, stack(0x0000006e3b000000,0x0000006e3b100000)]
  0x0000018e3ac97800 JavaThread "Daemon client event forwarder" [_thread_blocked, id=18528, stack(0x0000006e3b100000,0x0000006e3b200000)]
  0x0000018e3ac95000 JavaThread "Cache worker for journal cache (C:\Users\acer\.gradle\caches\journal-1)" [_thread_blocked, id=13072, stack(0x0000006e3b800000,0x0000006e3b900000)]
  0x0000018e3ac94000 JavaThread "File lock request listener" [_thread_in_native, id=7180, stack(0x0000006e3b900000,0x0000006e3ba00000)]
  0x0000018e3ac98000 JavaThread "Cache worker for file hash cache (C:\Users\acer\.gradle\caches\7.2\fileHashes)" [_thread_blocked, id=9648, stack(0x0000006e3ba00000,0x0000006e3bb00000)]
  0x0000018e3ac9a800 JavaThread "Cache worker for file hash cache (C:\Users\acer\AndroidStudioProjects\constraint_layout - 2\.gradle\7.2\fileHashes)" [_thread_blocked, id=18960, stack(0x0000006e3bc00000,0x0000006e3bd00000)]
  0x0000018e3ac99000 JavaThread "File watcher server" daemon [_thread_in_native, id=18124, stack(0x0000006e3bd00000,0x0000006e3be00000)]
  0x0000018e3ac96800 JavaThread "File watcher consumer" daemon [_thread_blocked, id=21972, stack(0x0000006e3be00000,0x0000006e3bf00000)]
  0x0000018e3ac99800 JavaThread "Cache worker for checksums cache (C:\Users\acer\AndroidStudioProjects\constraint_layout - 2\.gradle\checksums)" [_thread_blocked, id=8416, stack(0x0000006e3bf00000,0x0000006e3c000000)]
  0x0000018e3ac95800 JavaThread "Cache worker for cache directory md-supplier (C:\Users\acer\.gradle\caches\7.2\md-supplier)" [_thread_blocked, id=10836, stack(0x0000006e3c000000,0x0000006e3c100000)]
  0x0000018e3c9a5800 JavaThread "Cache worker for cache directory md-rule (C:\Users\acer\.gradle\caches\7.2\md-rule)" [_thread_blocked, id=19056, stack(0x0000006e3c100000,0x0000006e3c200000)]
  0x0000018e3c9a5000 JavaThread "Cache worker for execution history cache (C:\Users\acer\.gradle\caches\7.2\executionHistory)" [_thread_blocked, id=22384, stack(0x0000006e3c200000,0x0000006e3c300000)]
  0x0000018e3c9a1800 JavaThread "jar transforms" [_thread_blocked, id=10880, stack(0x0000006e3c300000,0x0000006e3c400000)]
  0x0000018e3c9a0000 JavaThread "Cache worker for file content cache (C:\Users\acer\.gradle\caches\7.2\fileContent)" [_thread_blocked, id=17000, stack(0x0000006e3c400000,0x0000006e3c500000)]
  0x0000018e3c9a6800 JavaThread "jar transforms Thread 2" [_thread_blocked, id=4464, stack(0x0000006e3c500000,0x0000006e3c600000)]
  0x0000018e3c9a0800 JavaThread "Cache worker for dependencies-accessors (C:\Users\acer\AndroidStudioProjects\constraint_layout - 2\.gradle\7.2\dependencies-accessors)" [_thread_blocked, id=23672, stack(0x0000006e3c600000,0x0000006e3c700000)]
  0x0000018e3c9a8000 JavaThread "jar transforms Thread 3" [_thread_blocked, id=7296, stack(0x0000006e3c700000,0x0000006e3c800000)]
  0x0000018e3c9a9000 JavaThread "Cache worker for Build Output Cleanup Cache (C:\Users\acer\AndroidStudioProjects\constraint_layout - 2\.gradle\buildOutputCleanup)" [_thread_blocked, id=21264, stack(0x0000006e3c800000,0x0000006e3c900000)]
  0x0000018e3c9a7000 JavaThread "Unconstrained build operations" [_thread_blocked, id=18304, stack(0x0000006e3c900000,0x0000006e3ca00000)]
  0x0000018e3c9a3000 JavaThread "Unconstrained build operations Thread 2" [_thread_blocked, id=16668, stack(0x0000006e3ca00000,0x0000006e3cb00000)]
  0x0000018e3c9ab800 JavaThread "Unconstrained build operations Thread 3" [_thread_blocked, id=16628, stack(0x0000006e3cb00000,0x0000006e3cc00000)]
  0x0000018e3c9ad000 JavaThread "Unconstrained build operations Thread 4" [_thread_blocked, id=24980, stack(0x0000006e3cc00000,0x0000006e3cd00000)]
  0x0000018e3c9ae000 JavaThread "Unconstrained build operations Thread 5" [_thread_blocked, id=16116, stack(0x0000006e3cd00000,0x0000006e3ce00000)]
  0x0000018e3c9ac000 JavaThread "Unconstrained build operations Thread 6" [_thread_blocked, id=6260, stack(0x0000006e3ce00000,0x0000006e3cf00000)]
  0x0000018e3c9aa800 JavaThread "Unconstrained build operations Thread 7" [_thread_blocked, id=19944, stack(0x0000006e3cf00000,0x0000006e3d000000)]
  0x0000018e3c9ae800 JavaThread "Unconstrained build operations Thread 8" [_thread_blocked, id=16640, stack(0x0000006e3d000000,0x0000006e3d100000)]
  0x0000018e3c9a9800 JavaThread "Unconstrained build operations Thread 9" [_thread_blocked, id=16960, stack(0x0000006e3d100000,0x0000006e3d200000)]
  0x0000018e402be000 JavaThread "Unconstrained build operations Thread 10" [_thread_blocked, id=24904, stack(0x0000006e3d200000,0x0000006e3d300000)]
  0x0000018e402bc800 JavaThread "Unconstrained build operations Thread 11" [_thread_blocked, id=14876, stack(0x0000006e3d300000,0x0000006e3d400000)]
  0x0000018e402ba000 JavaThread "Unconstrained build operations Thread 12" [_thread_blocked, id=16744, stack(0x0000006e3d400000,0x0000006e3d500000)]
  0x0000018e402b8800 JavaThread "Unconstrained build operations Thread 13" [_thread_blocked, id=4896, stack(0x0000006e3d500000,0x0000006e3d600000)]
  0x0000018e402bd000 JavaThread "Unconstrained build operations Thread 14" [_thread_blocked, id=23836, stack(0x0000006e3d600000,0x0000006e3d700000)]
  0x0000018e402bf000 JavaThread "Unconstrained build operations Thread 15" [_thread_blocked, id=6032, stack(0x0000006e3d700000,0x0000006e3d800000)]
  0x0000018e402b9000 JavaThread "Unconstrained build operations Thread 16" [_thread_blocked, id=4716, stack(0x0000006e3d800000,0x0000006e3d900000)]
  0x0000018e402bf800 JavaThread "Unconstrained build operations Thread 17" [_thread_blocked, id=22936, stack(0x0000006e3d900000,0x0000006e3da00000)]
  0x0000018e402c0800 JavaThread "Unconstrained build operations Thread 18" [_thread_blocked, id=7480, stack(0x0000006e3da00000,0x0000006e3db00000)]
  0x0000018e402ba800 JavaThread "Unconstrained build operations Thread 19" [_thread_blocked, id=19084, stack(0x0000006e3db00000,0x0000006e3dc00000)]
  0x0000018e402c1800 JavaThread "Unconstrained build operations Thread 20" [_thread_blocked, id=14400, stack(0x0000006e3dc00000,0x0000006e3dd00000)]
  0x0000018e402bb800 JavaThread "Unconstrained build operations Thread 21" [_thread_blocked, id=19636, stack(0x0000006e3dd00000,0x0000006e3de00000)]
  0x0000018e402c4800 JavaThread "Unconstrained build operations Thread 22" [_thread_blocked, id=12712, stack(0x0000006e3de00000,0x0000006e3df00000)]
  0x0000018e402c7000 JavaThread "Unconstrained build operations Thread 23" [_thread_blocked, id=6232, stack(0x0000006e3df00000,0x0000006e3e000000)]
  0x0000018e402c6000 JavaThread "Unconstrained build operations Thread 24" [_thread_blocked, id=10460, stack(0x0000006e3e000000,0x0000006e3e100000)]
  0x0000018e402c3000 JavaThread "Unconstrained build operations Thread 25" [_thread_blocked, id=19112, stack(0x0000006e3e100000,0x0000006e3e200000)]
  0x0000018e402c3800 JavaThread "Unconstrained build operations Thread 26" [_thread_blocked, id=21056, stack(0x0000006e3e200000,0x0000006e3e300000)]
  0x0000018e402c5800 JavaThread "Unconstrained build operations Thread 27" [_thread_blocked, id=8004, stack(0x0000006e3e300000,0x0000006e3e400000)]
  0x0000018e402c2000 JavaThread "Unconstrained build operations Thread 28" [_thread_blocked, id=4736, stack(0x0000006e3e400000,0x0000006e3e500000)]
  0x0000018e3eb05800 JavaThread "Unconstrained build operations Thread 29" [_thread_blocked, id=19424, stack(0x0000006e3e500000,0x0000006e3e600000)]
  0x0000018e3eb03800 JavaThread "Unconstrained build operations Thread 30" [_thread_blocked, id=19320, stack(0x0000006e3e600000,0x0000006e3e700000)]
  0x0000018e3eb04800 JavaThread "Unconstrained build operations Thread 31" [_thread_blocked, id=7888, stack(0x0000006e3e700000,0x0000006e3e800000)]
  0x0000018e3eb06000 JavaThread "Unconstrained build operations Thread 32" [_thread_blocked, id=25036, stack(0x0000006e3e800000,0x0000006e3e900000)]
  0x0000018e3eb07000 JavaThread "Unconstrained build operations Thread 33" [_thread_blocked, id=18408, stack(0x0000006e3e900000,0x0000006e3ea00000)]
  0x0000018e3eb03000 JavaThread "Unconstrained build operations Thread 34" [_thread_blocked, id=19352, stack(0x0000006e3ea00000,0x0000006e3eb00000)]
  0x0000018e3eb01000 JavaThread "Unconstrained build operations Thread 35" [_thread_blocked, id=12872, stack(0x0000006e3eb00000,0x0000006e3ec00000)]
  0x0000018e3eb07800 JavaThread "Unconstrained build operations Thread 36" [_thread_blocked, id=3824, stack(0x0000006e3ec00000,0x0000006e3ed00000)]
  0x0000018e3eb02000 JavaThread "Unconstrained build operations Thread 37" [_thread_blocked, id=17444, stack(0x0000006e3ed00000,0x0000006e3ee00000)]
  0x0000018e3eb0b000 JavaThread "Unconstrained build operations Thread 38" [_thread_blocked, id=20048, stack(0x0000006e3ee00000,0x0000006e3ef00000)]
  0x0000018e3eb0c000 JavaThread "Unconstrained build operations Thread 39" [_thread_blocked, id=1540, stack(0x0000006e3ef00000,0x0000006e3f000000)]
  0x0000018e3eb0c800 JavaThread "Unconstrained build operations Thread 40" [_thread_blocked, id=22836, stack(0x0000006e3f000000,0x0000006e3f100000)]
  0x0000018e3eb0d800 JavaThread "Unconstrained build operations Thread 41" [_thread_blocked, id=5916, stack(0x0000006e3f100000,0x0000006e3f200000)]
  0x0000018e3eb0e000 JavaThread "Unconstrained build operations Thread 42" [_thread_blocked, id=21360, stack(0x0000006e3f200000,0x0000006e3f300000)]
  0x0000018e3eb08800 JavaThread "Unconstrained build operations Thread 43" [_thread_blocked, id=21168, stack(0x0000006e3f300000,0x0000006e3f400000)]
  0x0000018e3eb09800 JavaThread "Unconstrained build operations Thread 44" [_thread_blocked, id=8396, stack(0x0000006e3f400000,0x0000006e3f500000)]
  0x0000018e3eb0f000 JavaThread "Unconstrained build operations Thread 45" [_thread_blocked, id=2324, stack(0x0000006e3f500000,0x0000006e3f600000)]
  0x0000018e3eb10000 JavaThread "Unconstrained build operations Thread 46" [_thread_blocked, id=13676, stack(0x0000006e3f600000,0x0000006e3f700000)]
  0x0000018e3eb0a000 JavaThread "Unconstrained build operations Thread 47" [_thread_blocked, id=21356, stack(0x0000006e3f700000,0x0000006e3f800000)]
  0x0000018e3aee8800 JavaThread "Unconstrained build operations Thread 48" [_thread_blocked, id=16196, stack(0x0000006e3f800000,0x0000006e3f900000)]
  0x0000018e3aeeb000 JavaThread "Unconstrained build operations Thread 49" [_thread_blocked, id=6428, stack(0x0000006e3f900000,0x0000006e3fa00000)]
  0x0000018e3aeec000 JavaThread "Unconstrained build operations Thread 50" [_thread_blocked, id=10712, stack(0x0000006e3fa00000,0x0000006e3fb00000)]
  0x0000018e3aeec800 JavaThread "Unconstrained build operations Thread 51" [_thread_blocked, id=3968, stack(0x0000006e3fb00000,0x0000006e3fc00000)]
  0x0000018e3aeef000 JavaThread "Unconstrained build operations Thread 52" [_thread_blocked, id=24300, stack(0x0000006e3fc00000,0x0000006e3fd00000)]
  0x0000018e3aeed800 JavaThread "Unconstrained build operations Thread 53" [_thread_blocked, id=19872, stack(0x0000006e3fd00000,0x0000006e3fe00000)]
  0x0000018e3aeee800 JavaThread "Unconstrained build operations Thread 54" [_thread_blocked, id=22464, stack(0x0000006e3fe00000,0x0000006e3ff00000)]
  0x0000018e3aee9800 JavaThread "Unconstrained build operations Thread 55" [_thread_blocked, id=22000, stack(0x0000006e3ff00000,0x0000006e40000000)]
  0x0000018e3aeea800 JavaThread "Unconstrained build operations Thread 56" [_thread_blocked, id=13792, stack(0x0000006e40000000,0x0000006e40100000)]
  0x0000018e3aef4000 JavaThread "Unconstrained build operations Thread 57" [_thread_blocked, id=10432, stack(0x0000006e40100000,0x0000006e40200000)]
  0x0000018e3aef1800 JavaThread "Unconstrained build operations Thread 58" [_thread_blocked, id=21100, stack(0x0000006e40200000,0x0000006e40300000)]
  0x0000018e3aef5000 JavaThread "Unconstrained build operations Thread 59" [_thread_blocked, id=13508, stack(0x0000006e40300000,0x0000006e40400000)]
  0x0000018e3aef2800 JavaThread "Unconstrained build operations Thread 60" [_thread_blocked, id=6564, stack(0x0000006e40400000,0x0000006e40500000)]
  0x0000018e3aef3000 JavaThread "Unconstrained build operations Thread 61" [_thread_blocked, id=23316, stack(0x0000006e40500000,0x0000006e40600000)]
  0x0000018e3aef5800 JavaThread "Unconstrained build operations Thread 62" [_thread_blocked, id=12260, stack(0x0000006e40600000,0x0000006e40700000)]
  0x0000018e3aef0000 JavaThread "Unconstrained build operations Thread 63" [_thread_blocked, id=11608, stack(0x0000006e40700000,0x0000006e40800000)]
  0x0000018e3aef6800 JavaThread "Unconstrained build operations Thread 64" [_thread_blocked, id=16780, stack(0x0000006e40800000,0x0000006e40900000)]
  0x0000018e3aef1000 JavaThread "Unconstrained build operations Thread 65" [_thread_blocked, id=23160, stack(0x0000006e40900000,0x0000006e40a00000)]
  0x0000018e3aef7800 JavaThread "Unconstrained build operations Thread 66" [_thread_blocked, id=24188, stack(0x0000006e40a00000,0x0000006e40b00000)]
  0x0000018e3ec16800 JavaThread "Unconstrained build operations Thread 67" [_thread_blocked, id=5132, stack(0x0000006e40b00000,0x0000006e40c00000)]
  0x0000018e3ec15800 JavaThread "Unconstrained build operations Thread 68" [_thread_blocked, id=20664, stack(0x0000006e40c00000,0x0000006e40d00000)]
  0x0000018e3ec14000 JavaThread "Unconstrained build operations Thread 69" [_thread_blocked, id=15072, stack(0x0000006e40d00000,0x0000006e40e00000)]
  0x0000018e3ec15000 JavaThread "Unconstrained build operations Thread 70" [_thread_blocked, id=9572, stack(0x0000006e40e00000,0x0000006e40f00000)]
  0x0000018e3ec18000 JavaThread "Unconstrained build operations Thread 71" [_thread_blocked, id=10540, stack(0x0000006e40f00000,0x0000006e41000000)]
  0x0000018e3ec19000 JavaThread "Unconstrained build operations Thread 72" [_thread_blocked, id=15440, stack(0x0000006e41000000,0x0000006e41100000)]
  0x0000018e3ec17800 JavaThread "Unconstrained build operations Thread 73" [_thread_blocked, id=4584, stack(0x0000006e41100000,0x0000006e41200000)]
  0x0000018e3ec13800 JavaThread "Unconstrained build operations Thread 74" [_thread_blocked, id=10668, stack(0x0000006e41200000,0x0000006e41300000)]
  0x0000018e3ec1d000 JavaThread "Unconstrained build operations Thread 75" [_thread_blocked, id=21632, stack(0x0000006e41300000,0x0000006e41400000)]
  0x0000018e3ec1b800 JavaThread "Unconstrained build operations Thread 76" [_thread_blocked, id=23184, stack(0x0000006e41400000,0x0000006e41500000)]
  0x0000018e3ec1a800 JavaThread "Unconstrained build operations Thread 77" [_thread_blocked, id=8200, stack(0x0000006e41500000,0x0000006e41600000)]
  0x0000018e3ec1f800 JavaThread "Unconstrained build operations Thread 78" [_thread_blocked, id=22596, stack(0x0000006e41600000,0x0000006e41700000)]
  0x0000018e3ec1e000 JavaThread "Unconstrained build operations Thread 79" [_thread_blocked, id=10796, stack(0x0000006e41700000,0x0000006e41800000)]
  0x0000018e3ec1e800 JavaThread "Unconstrained build operations Thread 80" [_thread_blocked, id=13884, stack(0x0000006e41800000,0x0000006e41900000)]
  0x0000018e3ec1a000 JavaThread "jar transforms Thread 4" [_thread_blocked, id=22052, stack(0x0000006e41900000,0x0000006e41a00000)]
  0x0000018e3ec20800 JavaThread "jar transforms Thread 5" [_thread_blocked, id=12800, stack(0x0000006e41a00000,0x0000006e41b00000)]
  0x0000018e3ec21000 JavaThread "jar transforms Thread 6" [_thread_blocked, id=19064, stack(0x0000006e41b00000,0x0000006e41c00000)]
  0x0000018e3ec22000 JavaThread "jar transforms Thread 7" [_thread_blocked, id=12184, stack(0x0000006e41c00000,0x0000006e41d00000)]
  0x0000018e3ec1c800 JavaThread "jar transforms Thread 8" [_thread_blocked, id=14556, stack(0x0000006e41d00000,0x0000006e41e00000)]
  0x0000018e3e812000 JavaThread "Memory manager" [_thread_blocked, id=18328, stack(0x0000006e41e00000,0x0000006e41f00000)]

Other Threads:
  0x0000018e39606800 VMThread "VM Thread" [stack: 0x0000006e39c00000,0x0000006e39d00000] [id=20240]
  0x0000018e3a12c800 WatcherThread [stack: 0x0000006e3a600000,0x0000006e3a700000] [id=12696]
  0x0000018e1f1f9000 GCTaskThread "GC Thread#0" [stack: 0x0000006e39700000,0x0000006e39800000] [id=11296]
  0x0000018e3a48a000 GCTaskThread "GC Thread#1" [stack: 0x0000006e3a700000,0x0000006e3a800000] [id=11172]
  0x0000018e3b34c000 GCTaskThread "GC Thread#2" [stack: 0x0000006e3b200000,0x0000006e3b300000] [id=9172]
  0x0000018e3a542000 GCTaskThread "GC Thread#3" [stack: 0x0000006e3b300000,0x0000006e3b400000] [id=6820]
  0x0000018e3c44d800 GCTaskThread "GC Thread#4" [stack: 0x0000006e3b400000,0x0000006e3b500000] [id=19408]
  0x0000018e3b4e8000 GCTaskThread "GC Thread#5" [stack: 0x0000006e3b500000,0x0000006e3b600000] [id=19960]
  0x0000018e3ac3b800 GCTaskThread "GC Thread#6" [stack: 0x0000006e3b600000,0x0000006e3b700000] [id=22652]
  0x0000018e3b74f000 GCTaskThread "GC Thread#7" [stack: 0x0000006e3b700000,0x0000006e3b800000] [id=19824]
  0x0000018e1f22b000 ConcurrentGCThread "G1 Main Marker" [stack: 0x0000006e39800000,0x0000006e39900000] [id=2312]
  0x0000018e1f22c800 ConcurrentGCThread "G1 Conc#0" [stack: 0x0000006e39900000,0x0000006e39a00000] [id=3032]
  0x0000018e3b03c800 ConcurrentGCThread "G1 Conc#1" [stack: 0x0000006e3bb00000,0x0000006e3bc00000] [id=7628]
  0x0000018e1f283800 ConcurrentGCThread "G1 Refine#0" [stack: 0x0000006e39a00000,0x0000006e39b00000] [id=15648]
  0x0000018e1f285800 ConcurrentGCThread "G1 Young RemSet Sampling" [stack: 0x0000006e39b00000,0x0000006e39c00000] [id=9844]

Threads with active compile tasks:
C2 CompilerThread0  34908 6852       4       java.lang.Class::annotationData (44 bytes)

VM state:not at safepoint (normal execution)

VM Mutex/Monitor currently owned by a thread: None

Heap address: 0x0000000080000000, size: 2048 MB, Compressed Oops mode: 32-bit
Narrow klass base: 0x0000000000000000, Narrow klass shift: 3
Compressed class space size: 1073741824 Address: 0x0000000100000000

Heap:
 garbage-first heap   total 121856K, used 77257K [0x0000000080000000, 0x0000000100000000)
  region size 1024K, 24 young (24576K), 4 survivors (4096K)
 Metaspace       used 72105K, capacity 73745K, committed 73852K, reserved 1114112K
  class space    used 9313K, capacity 9928K, committed 9984K, reserved 1048576K
Heap Regions: E=young(eden), S=young(survivor), O=old, HS=humongous(starts), HC=humongous(continues), CS=collection set, F=free, A=archive, TAMS=top-at-mark-start (previous, next)
|   0|0x0000000080000000, 0x0000000080100000, 0x0000000080100000|100%| O|  |TAMS 0x0000000080100000, 0x0000000080000000| Untracked 
|   1|0x0000000080100000, 0x0000000080200000, 0x0000000080200000|100%| O|  |TAMS 0x0000000080200000, 0x0000000080100000| Untracked 
|   2|0x0000000080200000, 0x0000000080300000, 0x0000000080300000|100%| O|  |TAMS 0x0000000080300000, 0x0000000080200000| Untracked 
|   3|0x0000000080300000, 0x0000000080400000, 0x0000000080400000|100%|HS|  |TAMS 0x0000000080400000, 0x0000000080300000| Complete 
|   4|0x0000000080400000, 0x0000000080500000, 0x0000000080500000|100%|HC|  |TAMS 0x0000000080500000, 0x0000000080400000| Complete 
|   5|0x0000000080500000, 0x0000000080600000, 0x0000000080600000|100%|HC|  |TAMS 0x0000000080600000, 0x0000000080500000| Complete 
|   6|0x0000000080600000, 0x0000000080700000, 0x0000000080700000|100%| O|  |TAMS 0x0000000080700000, 0x0000000080600000| Untracked 
|   7|0x0000000080700000, 0x0000000080800000, 0x0000000080800000|100%| O|  |TAMS 0x0000000080800000, 0x0000000080700000| Untracked 
|   8|0x0000000080800000, 0x0000000080900000, 0x0000000080900000|100%| O|  |TAMS 0x0000000080900000, 0x0000000080800000| Untracked 
|   9|0x0000000080900000, 0x0000000080a00000, 0x0000000080a00000|100%| O|  |TAMS 0x0000000080a00000, 0x0000000080900000| Untracked 
|  10|0x0000000080a00000, 0x0000000080b00000, 0x0000000080b00000|100%| O|  |TAMS 0x0000000080b00000, 0x0000000080a00000| Untracked 
|  11|0x0000000080b00000, 0x0000000080c00000, 0x0000000080c00000|100%| O|  |TAMS 0x0000000080c00000, 0x0000000080b00000| Untracked 
|  12|0x0000000080c00000, 0x0000000080d00000, 0x0000000080d00000|100%| O|  |TAMS 0x0000000080d00000, 0x0000000080c00000| Untracked 
|  13|0x0000000080d00000, 0x0000000080e00000, 0x0000000080e00000|100%| O|  |TAMS 0x0000000080e00000, 0x0000000080d00000| Untracked 
|  14|0x0000000080e00000, 0x0000000080f00000, 0x0000000080f00000|100%| O|  |TAMS 0x0000000080f00000, 0x0000000080e00000| Untracked 
|  15|0x0000000080f00000, 0x0000000081000000, 0x0000000081000000|100%| O|  |TAMS 0x0000000081000000, 0x0000000080f00000| Untracked 
|  16|0x0000000081000000, 0x0000000081100000, 0x0000000081100000|100%| O|  |TAMS 0x0000000081100000, 0x0000000081000000| Untracked 
|  17|0x0000000081100000, 0x0000000081200000, 0x0000000081200000|100%| O|  |TAMS 0x0000000081200000, 0x0000000081100000| Untracked 
|  18|0x0000000081200000, 0x0000000081300000, 0x0000000081300000|100%| O|  |TAMS 0x0000000081300000, 0x0000000081200000| Untracked 
|  19|0x0000000081300000, 0x0000000081400000, 0x0000000081400000|100%| O|  |TAMS 0x0000000081400000, 0x0000000081300000| Untracked 
|  20|0x0000000081400000, 0x0000000081500000, 0x0000000081500000|100%| O|  |TAMS 0x0000000081500000, 0x0000000081400000| Untracked 
|  21|0x0000000081500000, 0x0000000081600000, 0x0000000081600000|100%| O|  |TAMS 0x0000000081600000, 0x0000000081500000| Untracked 
|  22|0x0000000081600000, 0x0000000081700000, 0x0000000081700000|100%| O|  |TAMS 0x0000000081700000, 0x0000000081600000| Untracked 
|  23|0x0000000081700000, 0x0000000081800000, 0x0000000081800000|100%| O|  |TAMS 0x0000000081800000, 0x0000000081700000| Untracked 
|  24|0x0000000081800000, 0x0000000081900000, 0x0000000081900000|100%| O|  |TAMS 0x0000000081900000, 0x0000000081800000| Untracked 
|  25|0x0000000081900000, 0x0000000081a00000, 0x0000000081a00000|100%| O|  |TAMS 0x0000000081a00000, 0x0000000081900000| Untracked 
|  26|0x0000000081a00000, 0x0000000081b00000, 0x0000000081b00000|100%| O|  |TAMS 0x0000000081b00000, 0x0000000081a00000| Untracked 
|  27|0x0000000081b00000, 0x0000000081c00000, 0x0000000081c00000|100%| O|  |TAMS 0x0000000081c00000, 0x0000000081b00000| Untracked 
|  28|0x0000000081c00000, 0x0000000081d00000, 0x0000000081d00000|100%| O|  |TAMS 0x0000000081d00000, 0x0000000081c00000| Untracked 
|  29|0x0000000081d00000, 0x0000000081e00000, 0x0000000081e00000|100%| O|  |TAMS 0x0000000081e00000, 0x0000000081d00000| Untracked 
|  30|0x0000000081e00000, 0x0000000081f00000, 0x0000000081f00000|100%|HS|  |TAMS 0x0000000081f00000, 0x0000000081e00000| Complete 
|  31|0x0000000081f00000, 0x0000000082000000, 0x0000000082000000|100%| O|  |TAMS 0x0000000082000000, 0x0000000081f00000| Untracked 
|  32|0x0000000082000000, 0x0000000082100000, 0x0000000082100000|100%|HS|  |TAMS 0x0000000082100000, 0x0000000082000000| Complete 
|  33|0x0000000082100000, 0x0000000082200000, 0x0000000082200000|100%|HS|  |TAMS 0x0000000082200000, 0x0000000082100000| Complete 
|  34|0x0000000082200000, 0x0000000082300000, 0x0000000082300000|100%| O|  |TAMS 0x0000000082300000, 0x0000000082200000| Untracked 
|  35|0x0000000082300000, 0x0000000082400000, 0x0000000082400000|100%| O|  |TAMS 0x0000000082400000, 0x0000000082300000| Untracked 
|  36|0x0000000082400000, 0x0000000082500000, 0x0000000082500000|100%| O|  |TAMS 0x0000000082500000, 0x0000000082400000| Untracked 
|  37|0x0000000082500000, 0x0000000082600000, 0x0000000082600000|100%|HS|  |TAMS 0x0000000082600000, 0x0000000082500000| Complete 
|  38|0x0000000082600000, 0x0000000082700000, 0x0000000082700000|100%|HC|  |TAMS 0x0000000082700000, 0x0000000082600000| Complete 
|  39|0x0000000082700000, 0x0000000082800000, 0x0000000082800000|100%| O|  |TAMS 0x0000000082800000, 0x0000000082700000| Untracked 
|  40|0x0000000082800000, 0x0000000082900000, 0x0000000082900000|100%| O|  |TAMS 0x0000000082900000, 0x0000000082800000| Untracked 
|  41|0x0000000082900000, 0x0000000082a00000, 0x0000000082a00000|100%| O|  |TAMS 0x0000000082a00000, 0x0000000082900000| Untracked 
|  42|0x0000000082a00000, 0x0000000082b00000, 0x0000000082b00000|100%| O|  |TAMS 0x0000000082b00000, 0x0000000082a00000| Untracked 
|  43|0x0000000082b00000, 0x0000000082c00000, 0x0000000082c00000|100%| O|  |TAMS 0x0000000082c00000, 0x0000000082b00000| Untracked 
|  44|0x0000000082c00000, 0x0000000082d00000, 0x0000000082d00000|100%| O|  |TAMS 0x0000000082d00000, 0x0000000082c00000| Untracked 
|  45|0x0000000082d00000, 0x0000000082e00000, 0x0000000082e00000|100%| O|  |TAMS 0x0000000082e00000, 0x0000000082d00000| Untracked 
|  46|0x0000000082e00000, 0x0000000082f00000, 0x0000000082f00000|100%| O|  |TAMS 0x0000000082f00000, 0x0000000082e00000| Untracked 
|  47|0x0000000082f00000, 0x0000000083000000, 0x0000000083000000|100%| O|  |TAMS 0x0000000083000000, 0x0000000082f00000| Untracked 
|  48|0x0000000083000000, 0x0000000083100000, 0x0000000083100000|100%| O|  |TAMS 0x0000000083100000, 0x0000000083000000| Untracked 
|  49|0x0000000083100000, 0x0000000083200000, 0x0000000083200000|100%| O|  |TAMS 0x00000000831d6200, 0x0000000083100000| Untracked 
|  50|0x0000000083200000, 0x0000000083300000, 0x0000000083300000|100%| O|  |TAMS 0x0000000083300000, 0x0000000083200000| Untracked 
|  51|0x0000000083300000, 0x0000000083400000, 0x0000000083400000|100%| O|  |TAMS 0x0000000083300000, 0x0000000083300000| Untracked 
|  52|0x0000000083400000, 0x00000000834e7000, 0x0000000083500000| 90%| O|  |TAMS 0x0000000083400000, 0x0000000083400000| Untracked 
|  53|0x0000000083500000, 0x0000000083500000, 0x0000000083600000|  0%| F|  |TAMS 0x0000000083500000, 0x0000000083500000| Untracked 
|  54|0x0000000083600000, 0x0000000083600000, 0x0000000083700000|  0%| F|  |TAMS 0x0000000083600000, 0x0000000083600000| Untracked 
|  55|0x0000000083700000, 0x0000000083700000, 0x0000000083800000|  0%| F|  |TAMS 0x0000000083700000, 0x0000000083700000| Untracked 
|  56|0x0000000083800000, 0x0000000083800000, 0x0000000083900000|  0%| F|  |TAMS 0x0000000083800000, 0x0000000083800000| Untracked 
|  57|0x0000000083900000, 0x0000000083900000, 0x0000000083a00000|  0%| F|  |TAMS 0x0000000083900000, 0x0000000083900000| Untracked 
|  58|0x0000000083a00000, 0x0000000083a00000, 0x0000000083b00000|  0%| F|  |TAMS 0x0000000083a00000, 0x0000000083a00000| Untracked 
|  59|0x0000000083b00000, 0x0000000083b00000, 0x0000000083c00000|  0%| F|  |TAMS 0x0000000083b00000, 0x0000000083b00000| Untracked 
|  60|0x0000000083c00000, 0x0000000083c00000, 0x0000000083d00000|  0%| F|  |TAMS 0x0000000083c00000, 0x0000000083c00000| Untracked 
|  61|0x0000000083d00000, 0x0000000083d00000, 0x0000000083e00000|  0%| F|  |TAMS 0x0000000083d00000, 0x0000000083d00000| Untracked 
|  62|0x0000000083e00000, 0x0000000083e00000, 0x0000000083f00000|  0%| F|  |TAMS 0x0000000083e00000, 0x0000000083e00000| Untracked 
|  63|0x0000000083f00000, 0x0000000083f00000, 0x0000000084000000|  0%| F|  |TAMS 0x0000000083f00000, 0x0000000083f00000| Untracked 
|  64|0x0000000084000000, 0x0000000084000000, 0x0000000084100000|  0%| F|  |TAMS 0x0000000084000000, 0x0000000084000000| Untracked 
|  65|0x0000000084100000, 0x0000000084100000, 0x0000000084200000|  0%| F|  |TAMS 0x0000000084100000, 0x0000000084100000| Untracked 
|  66|0x0000000084200000, 0x0000000084200000, 0x0000000084300000|  0%| F|  |TAMS 0x0000000084200000, 0x0000000084200000| Untracked 
|  67|0x0000000084300000, 0x000000008438b7f0, 0x0000000084400000| 54%| S|CS|TAMS 0x0000000084300000, 0x0000000084300000| Complete 
|  68|0x0000000084400000, 0x0000000084500000, 0x0000000084500000|100%| S|CS|TAMS 0x0000000084400000, 0x0000000084400000| Complete 
|  69|0x0000000084500000, 0x0000000084600000, 0x0000000084600000|100%| S|CS|TAMS 0x0000000084500000, 0x0000000084500000| Complete 
|  70|0x0000000084600000, 0x0000000084600000, 0x0000000084700000|  0%| F|  |TAMS 0x0000000084600000, 0x0000000084600000| Untracked 
|  71|0x0000000084700000, 0x0000000084700000, 0x0000000084800000|  0%| F|  |TAMS 0x0000000084700000, 0x0000000084700000| Untracked 
|  72|0x0000000084800000, 0x0000000084800000, 0x0000000084900000|  0%| F|  |TAMS 0x0000000084800000, 0x0000000084800000| Untracked 
|  73|0x0000000084900000, 0x0000000084a00000, 0x0000000084a00000|100%| S|CS|TAMS 0x0000000084900000, 0x0000000084900000| Complete 
|  74|0x0000000084a00000, 0x0000000084a00000, 0x0000000084b00000|  0%| F|  |TAMS 0x0000000084a00000, 0x0000000084a00000| Untracked 
|  75|0x0000000084b00000, 0x0000000084b00000, 0x0000000084c00000|  0%| F|  |TAMS 0x0000000084b00000, 0x0000000084b00000| Untracked 
|  76|0x0000000084c00000, 0x0000000084c00000, 0x0000000084d00000|  0%| F|  |TAMS 0x0000000084c00000, 0x0000000084c00000| Untracked 
|  77|0x0000000084d00000, 0x0000000084d00000, 0x0000000084e00000|  0%| F|  |TAMS 0x0000000084d00000, 0x0000000084d00000| Untracked 
|  78|0x0000000084e00000, 0x0000000084e00000, 0x0000000084f00000|  0%| F|  |TAMS 0x0000000084e00000, 0x0000000084e00000| Untracked 
|  79|0x0000000084f00000, 0x0000000084f00000, 0x0000000085000000|  0%| F|  |TAMS 0x0000000084f00000, 0x0000000084f00000| Untracked 
|  80|0x0000000085000000, 0x0000000085000000, 0x0000000085100000|  0%| F|  |TAMS 0x0000000085000000, 0x0000000085000000| Untracked 
|  81|0x0000000085100000, 0x0000000085100000, 0x0000000085200000|  0%| F|  |TAMS 0x0000000085100000, 0x0000000085100000| Untracked 
|  82|0x0000000085200000, 0x0000000085200000, 0x0000000085300000|  0%| F|  |TAMS 0x0000000085200000, 0x0000000085200000| Untracked 
|  83|0x0000000085300000, 0x0000000085300000, 0x0000000085400000|  0%| F|  |TAMS 0x0000000085300000, 0x0000000085300000| Untracked 
|  84|0x0000000085400000, 0x0000000085400000, 0x0000000085500000|  0%| F|  |TAMS 0x0000000085400000, 0x0000000085400000| Untracked 
|  85|0x0000000085500000, 0x0000000085500000, 0x0000000085600000|  0%| F|  |TAMS 0x0000000085500000, 0x0000000085500000| Untracked 
|  86|0x0000000085600000, 0x0000000085600000, 0x0000000085700000|  0%| F|  |TAMS 0x0000000085600000, 0x0000000085600000| Untracked 
|  87|0x0000000085700000, 0x0000000085700000, 0x0000000085800000|  0%| F|  |TAMS 0x0000000085700000, 0x0000000085700000| Untracked 
|  88|0x0000000085800000, 0x0000000085800000, 0x0000000085900000|  0%| F|  |TAMS 0x0000000085800000, 0x0000000085800000| Untracked 
|  89|0x0000000085900000, 0x0000000085900000, 0x0000000085a00000|  0%| F|  |TAMS 0x0000000085900000, 0x0000000085900000| Untracked 
|  90|0x0000000085a00000, 0x0000000085a00000, 0x0000000085b00000|  0%| F|  |TAMS 0x0000000085a00000, 0x0000000085a00000| Untracked 
|  91|0x0000000085b00000, 0x0000000085b00000, 0x0000000085c00000|  0%| F|  |TAMS 0x0000000085b00000, 0x0000000085b00000| Untracked 
|  92|0x0000000085c00000, 0x0000000085c00000, 0x0000000085d00000|  0%| F|  |TAMS 0x0000000085c00000, 0x0000000085c00000| Untracked 
|  93|0x0000000085d00000, 0x0000000085d00000, 0x0000000085e00000|  0%| F|  |TAMS 0x0000000085d00000, 0x0000000085d00000| Untracked 
|  94|0x0000000085e00000, 0x0000000085e00000, 0x0000000085f00000|  0%| F|  |TAMS 0x0000000085e00000, 0x0000000085e00000| Untracked 
|  95|0x0000000085f00000, 0x0000000085f00000, 0x0000000086000000|  0%| F|  |TAMS 0x0000000085f00000, 0x0000000085f00000| Untracked 
|  96|0x0000000086000000, 0x0000000086000000, 0x0000000086100000|  0%| F|  |TAMS 0x0000000086000000, 0x0000000086000000| Untracked 
|  97|0x0000000086100000, 0x0000000086100000, 0x0000000086200000|  0%| F|  |TAMS 0x0000000086100000, 0x0000000086100000| Untracked 
|  98|0x0000000086200000, 0x0000000086200000, 0x0000000086300000|  0%| F|  |TAMS 0x0000000086200000, 0x0000000086200000| Untracked 
|  99|0x0000000086300000, 0x0000000086380800, 0x0000000086400000| 50%| E|  |TAMS 0x0000000086300000, 0x0000000086300000| Complete 
| 100|0x0000000086400000, 0x0000000086500000, 0x0000000086500000|100%| E|CS|TAMS 0x0000000086400000, 0x0000000086400000| Complete 
| 101|0x0000000086500000, 0x0000000086600000, 0x0000000086600000|100%| E|CS|TAMS 0x0000000086500000, 0x0000000086500000| Complete 
| 102|0x0000000086600000, 0x0000000086700000, 0x0000000086700000|100%| E|CS|TAMS 0x0000000086600000, 0x0000000086600000| Complete 
| 103|0x0000000086700000, 0x0000000086800000, 0x0000000086800000|100%| E|CS|TAMS 0x0000000086700000, 0x0000000086700000| Complete 
| 104|0x0000000086800000, 0x0000000086900000, 0x0000000086900000|100%| E|CS|TAMS 0x0000000086800000, 0x0000000086800000| Complete 
| 105|0x0000000086900000, 0x0000000086a00000, 0x0000000086a00000|100%| E|CS|TAMS 0x0000000086900000, 0x0000000086900000| Complete 
| 106|0x0000000086a00000, 0x0000000086b00000, 0x0000000086b00000|100%| E|CS|TAMS 0x0000000086a00000, 0x0000000086a00000| Complete 
| 107|0x0000000086b00000, 0x0000000086c00000, 0x0000000086c00000|100%| E|CS|TAMS 0x0000000086b00000, 0x0000000086b00000| Complete 
| 108|0x0000000086c00000, 0x0000000086d00000, 0x0000000086d00000|100%| E|CS|TAMS 0x0000000086c00000, 0x0000000086c00000| Complete 
| 109|0x0000000086d00000, 0x0000000086e00000, 0x0000000086e00000|100%| E|CS|TAMS 0x0000000086d00000, 0x0000000086d00000| Complete 
| 110|0x0000000086e00000, 0x0000000086f00000, 0x0000000086f00000|100%| E|CS|TAMS 0x0000000086e00000, 0x0000000086e00000| Complete 
| 111|0x0000000086f00000, 0x0000000087000000, 0x0000000087000000|100%| E|CS|TAMS 0x0000000086f00000, 0x0000000086f00000| Complete 
| 112|0x0000000087000000, 0x0000000087100000, 0x0000000087100000|100%| E|CS|TAMS 0x0000000087000000, 0x0000000087000000| Complete 
| 113|0x0000000087100000, 0x0000000087200000, 0x0000000087200000|100%| E|CS|TAMS 0x0000000087100000, 0x0000000087100000| Complete 
| 114|0x0000000087200000, 0x0000000087300000, 0x0000000087300000|100%| E|CS|TAMS 0x0000000087200000, 0x0000000087200000| Complete 
| 115|0x0000000087300000, 0x0000000087400000, 0x0000000087400000|100%| E|CS|TAMS 0x0000000087300000, 0x0000000087300000| Complete 
| 116|0x0000000087400000, 0x0000000087500000, 0x0000000087500000|100%| E|CS|TAMS 0x0000000087400000, 0x0000000087400000| Complete 
| 117|0x0000000087500000, 0x0000000087600000, 0x0000000087600000|100%| E|CS|TAMS 0x0000000087500000, 0x0000000087500000| Complete 
| 118|0x0000000087600000, 0x0000000087700000, 0x0000000087700000|100%| E|CS|TAMS 0x0000000087600000, 0x0000000087600000| Complete 

Card table byte_map: [0x0000018e32410000,0x0000018e32810000] _byte_map_base: 0x0000018e32010000

Marking Bits (Prev, Next): (CMBitMap*) 0x0000018e1f2225e0, (CMBitMap*) 0x0000018e1f2225a8
 Prev Bits: [0x0000018e34c10000, 0x0000018e36c10000)
 Next Bits: [0x0000018e32c10000, 0x0000018e34c10000)

Polling page: 0x0000018e1e9c0000

Metaspace:

Usage:
  Non-class:     62.32 MB capacity,    61.33 MB ( 98%) used,   838.33 KB (  1%) free+waste,   176.31 KB ( <1%) overhead. 
      Class:      9.70 MB capacity,     9.10 MB ( 94%) used,   529.60 KB (  5%) free+waste,    82.00 KB ( <1%) overhead. 
       Both:     72.02 MB capacity,    70.43 MB ( 98%) used,     1.34 MB (  2%) free+waste,   258.31 KB ( <1%) overhead. 

Virtual space:
  Non-class space:       64.00 MB reserved,      62.37 MB ( 97%) committed 
      Class space:        1.00 GB reserved,       9.75 MB ( <1%) committed 
             Both:        1.06 GB reserved,      72.12 MB (  7%) committed 

Chunk freelists:
   Non-Class:  51.00 KB
       Class:  24.00 KB
        Both:  75.00 KB

MaxMetaspaceSize: 17179869184.00 GB
CompressedClassSpaceSize: 1.00 GB

CodeHeap 'non-profiled nmethods': size=120000Kb used=3331Kb max_used=3331Kb free=116668Kb
 bounds [0x0000018e2a7b0000, 0x0000018e2ab00000, 0x0000018e31ce0000]
CodeHeap 'profiled nmethods': size=120000Kb used=14698Kb max_used=14698Kb free=105301Kb
 bounds [0x0000018e23280000, 0x0000018e240e0000, 0x0000018e2a7b0000]
CodeHeap 'non-nmethods': size=5760Kb used=2268Kb max_used=2311Kb free=3491Kb
 bounds [0x0000018e22ce0000, 0x0000018e22f50000, 0x0000018e23280000]
 total_blobs=7775 nmethods=6913 adapters=773
 compilation: enabled
              stopped_count=0, restarted_count=0
 full_count=0

Compilation events (20 events):
Event: 34.682 Thread 0x0000018e39fbc000 7028       1       org.gradle.api.internal.artifacts.result.DefaultResolvedComponentResult::getId (5 bytes)
Event: 34.682 Thread 0x0000018e39fbc000 nmethod 7028 0x0000018e2aaf0610 code [0x0000018e2aaf07c0, 0x0000018e2aaf0878]
Event: 34.682 Thread 0x0000018e39fbc000 7029       1       com.android.build.gradle.internal.utils.ViolatingPluginDetector::access$getPluginToSearch$p (5 bytes)
Event: 34.682 Thread 0x0000018e39fbc000 nmethod 7029 0x0000018e2aaf0910 code [0x0000018e2aaf0ac0, 0x0000018e2aaf0b58]
Event: 34.682 Thread 0x0000018e39fbc000 7030       1       com.android.build.gradle.internal.utils.DependencyInfo::getDependencyGroup (5 bytes)
Event: 34.683 Thread 0x0000018e39fbc000 nmethod 7030 0x0000018e2aaf0c10 code [0x0000018e2aaf0dc0, 0x0000018e2aaf0e78]
Event: 34.683 Thread 0x0000018e39fbc000 7031       3       com.android.build.gradle.internal.utils.ViolatingPluginDetector$detect$violatingPlugins$1::invoke (12 bytes)
Event: 34.683 Thread 0x0000018e39fbc000 nmethod 7031 0x0000018e240c3410 code [0x0000018e240c35e0, 0x0000018e240c38e8]
Event: 34.683 Thread 0x0000018e39fbc000 7032       3       com.android.build.gradle.internal.utils.ViolatingPluginDetector$detect$violatingPlugins$1::invoke (91 bytes)
Event: 34.686 Thread 0x0000018e39fbc000 nmethod 7032 0x0000018e240c3a10 code [0x0000018e240c3d00, 0x0000018e240c4bf8]
Event: 34.737 Thread 0x0000018e39fbc000 7034       2       java.util.TreeSet::add (22 bytes)
Event: 34.737 Thread 0x0000018e39fbc000 nmethod 7034 0x0000018e240c5210 code [0x0000018e240c53c0, 0x0000018e240c5508]
Event: 34.752 Thread 0x0000018e39fbc000 7035       3       jdk.internal.org.objectweb.asm.ClassReader::<init> (257 bytes)
Event: 34.754 Thread 0x0000018e39fbc000 nmethod 7035 0x0000018e240c5590 code [0x0000018e240c57c0, 0x0000018e240c6268]
Event: 34.762 Thread 0x0000018e39fbc000 7036       2       org.gradle.api.internal.file.AbstractFileCollection::<init> (12 bytes)
Event: 34.762 Thread 0x0000018e39fbc000 nmethod 7036 0x0000018e240c6610 code [0x0000018e240c67c0, 0x0000018e240c6918]
Event: 34.762 Thread 0x0000018e39fbc000 7037       2       org.gradle.api.tasks.util.internal.PatternSets::getNonCachingPatternSetFactory (4 bytes)
Event: 34.762 Thread 0x0000018e39fbc000 nmethod 7037 0x0000018e240c6990 code [0x0000018e240c6b40, 0x0000018e240c6c18]
Event: 34.763 Thread 0x0000018e39fbc000 7038       2       org.gradle.api.internal.project.taskfactory.DefaultTaskClassInfoStore::createTaskAction (215 bytes)
Event: 34.769 Thread 0x0000018e39fbc000 nmethod 7038 0x0000018e240c6c90 code [0x0000018e240c7120, 0x0000018e240c8d18]

GC Heap History (20 events):
Event: 26.829 GC heap before
{Heap before GC invocations=38 (full 0):
 garbage-first heap   total 83968K, used 60357K [0x0000000080000000, 0x0000000100000000)
  region size 1024K, 16 young (16384K), 1 survivors (1024K)
 Metaspace       used 52507K, capacity 53774K, committed 54012K, reserved 1095680K
  class space    used 6693K, capacity 7202K, committed 7296K, reserved 1048576K
}
Event: 26.833 GC heap after
{Heap after GC invocations=39 (full 0):
 garbage-first heap   total 83968K, used 45586K [0x0000000080000000, 0x0000000100000000)
  region size 1024K, 2 young (2048K), 2 survivors (2048K)
 Metaspace       used 52507K, capacity 53774K, committed 54012K, reserved 1095680K
  class space    used 6693K, capacity 7202K, committed 7296K, reserved 1048576K
}
Event: 27.421 GC heap before
{Heap before GC invocations=39 (full 0):
 garbage-first heap   total 83968K, used 61970K [0x0000000080000000, 0x0000000100000000)
  region size 1024K, 18 young (18432K), 2 survivors (2048K)
 Metaspace       used 55006K, capacity 56323K, committed 56572K, reserved 1097728K
  class space    used 6991K, capacity 7475K, committed 7552K, reserved 1048576K
}
Event: 27.426 GC heap after
{Heap after GC invocations=40 (full 0):
 garbage-first heap   total 83968K, used 46097K [0x0000000080000000, 0x0000000100000000)
  region size 1024K, 2 young (2048K), 2 survivors (2048K)
 Metaspace       used 55006K, capacity 56323K, committed 56572K, reserved 1097728K
  class space    used 6991K, capacity 7475K, committed 7552K, reserved 1048576K
}
Event: 28.102 GC heap before
{Heap before GC invocations=41 (full 0):
 garbage-first heap   total 83968K, used 62481K [0x0000000080000000, 0x0000000100000000)
  region size 1024K, 19 young (19456K), 2 survivors (2048K)
 Metaspace       used 57842K, capacity 59231K, committed 59516K, reserved 1101824K
  class space    used 7295K, capacity 7821K, committed 7936K, reserved 1048576K
}
Event: 28.107 GC heap after
{Heap after GC invocations=42 (full 0):
 garbage-first heap   total 83968K, used 46865K [0x0000000080000000, 0x0000000100000000)
  region size 1024K, 3 young (3072K), 3 survivors (3072K)
 Metaspace       used 57842K, capacity 59231K, committed 59516K, reserved 1101824K
  class space    used 7295K, capacity 7821K, committed 7936K, reserved 1048576K
}
Event: 28.714 GC heap before
{Heap before GC invocations=42 (full 0):
 garbage-first heap   total 83968K, used 63249K [0x0000000080000000, 0x0000000100000000)
  region size 1024K, 20 young (20480K), 3 survivors (3072K)
 Metaspace       used 60764K, capacity 62264K, committed 62460K, reserved 1103872K
  class space    used 7679K, capacity 8236K, committed 8320K, reserved 1048576K
}
Event: 28.723 GC heap after
{Heap after GC invocations=43 (full 0):
 garbage-first heap   total 83968K, used 48499K [0x0000000080000000, 0x0000000100000000)
  region size 1024K, 3 young (3072K), 3 survivors (3072K)
 Metaspace       used 60764K, capacity 62264K, committed 62460K, reserved 1103872K
  class space    used 7679K, capacity 8236K, committed 8320K, reserved 1048576K
}
Event: 29.190 GC heap before
{Heap before GC invocations=44 (full 0):
 garbage-first heap   total 83968K, used 64883K [0x0000000080000000, 0x0000000100000000)
  region size 1024K, 20 young (20480K), 3 survivors (3072K)
 Metaspace       used 62049K, capacity 63521K, committed 63612K, reserved 1103872K
  class space    used 7830K, capacity 8398K, committed 8448K, reserved 1048576K
}
Event: 29.198 GC heap after
{Heap after GC invocations=45 (full 0):
 garbage-first heap   total 83968K, used 50131K [0x0000000080000000, 0x0000000100000000)
  region size 1024K, 3 young (3072K), 3 survivors (3072K)
 Metaspace       used 62049K, capacity 63521K, committed 63612K, reserved 1103872K
  class space    used 7830K, capacity 8398K, committed 8448K, reserved 1048576K
}
Event: 29.698 GC heap before
{Heap before GC invocations=45 (full 0):
 garbage-first heap   total 83968K, used 66515K [0x0000000080000000, 0x0000000100000000)
  region size 1024K, 19 young (19456K), 3 survivors (3072K)
 Metaspace       used 63581K, capacity 65122K, committed 65276K, reserved 1105920K
  class space    used 8013K, capacity 8565K, committed 8576K, reserved 1048576K
}
Event: 29.706 GC heap after
{Heap after GC invocations=46 (full 0):
 garbage-first heap   total 101376K, used 51264K [0x0000000080000000, 0x0000000100000000)
  region size 1024K, 2 young (2048K), 2 survivors (2048K)
 Metaspace       used 63581K, capacity 65122K, committed 65276K, reserved 1105920K
  class space    used 8013K, capacity 8565K, committed 8576K, reserved 1048576K
}
Event: 30.183 GC heap before
{Heap before GC invocations=47 (full 0):
 garbage-first heap   total 101376K, used 64576K [0x0000000080000000, 0x0000000100000000)
  region size 1024K, 16 young (16384K), 2 survivors (2048K)
 Metaspace       used 64790K, capacity 66285K, committed 66556K, reserved 1107968K
  class space    used 8174K, capacity 8737K, committed 8832K, reserved 1048576K
}
Event: 30.189 GC heap after
{Heap after GC invocations=48 (full 0):
 garbage-first heap   total 101376K, used 52247K [0x0000000080000000, 0x0000000100000000)
  region size 1024K, 3 young (3072K), 3 survivors (3072K)
 Metaspace       used 64790K, capacity 66285K, committed 66556K, reserved 1107968K
  class space    used 8174K, capacity 8737K, committed 8832K, reserved 1048576K
}
Event: 31.157 GC heap before
{Heap before GC invocations=49 (full 0):
 garbage-first heap   total 101376K, used 79895K [0x0000000080000000, 0x0000000100000000)
  region size 1024K, 29 young (29696K), 3 survivors (3072K)
 Metaspace       used 65599K, capacity 67073K, committed 67196K, reserved 1107968K
  class space    used 8300K, capacity 8844K, committed 8960K, reserved 1048576K
}
Event: 31.165 GC heap after
{Heap after GC invocations=50 (full 0):
 garbage-first heap   total 101376K, used 54143K [0x0000000080000000, 0x0000000100000000)
  region size 1024K, 3 young (3072K), 3 survivors (3072K)
 Metaspace       used 65599K, capacity 67073K, committed 67196K, reserved 1107968K
  class space    used 8300K, capacity 8844K, committed 8960K, reserved 1048576K
}
Event: 31.954 GC heap before
{Heap before GC invocations=50 (full 0):
 garbage-first heap   total 101376K, used 80767K [0x0000000080000000, 0x0000000100000000)
  region size 1024K, 29 young (29696K), 3 survivors (3072K)
 Metaspace       used 67086K, capacity 68557K, committed 68860K, reserved 1110016K
  class space    used 8482K, capacity 9040K, committed 9088K, reserved 1048576K
}
Event: 31.967 GC heap after
{Heap after GC invocations=51 (full 0):
 garbage-first heap   total 101376K, used 56072K [0x0000000080000000, 0x0000000100000000)
  region size 1024K, 4 young (4096K), 4 survivors (4096K)
 Metaspace       used 67086K, capacity 68557K, committed 68860K, reserved 1110016K
  class space    used 8482K, capacity 9040K, committed 9088K, reserved 1048576K
}
Event: 33.384 GC heap before
{Heap before GC invocations=52 (full 0):
 garbage-first heap   total 101376K, used 80648K [0x0000000080000000, 0x0000000100000000)
  region size 1024K, 29 young (29696K), 4 survivors (4096K)
 Metaspace       used 70363K, capacity 71958K, committed 72060K, reserved 1112064K
  class space    used 9080K, capacity 9661K, committed 9728K, reserved 1048576K
}
Event: 33.402 GC heap after
{Heap after GC invocations=53 (full 0):
 garbage-first heap   total 121856K, used 57801K [0x0000000080000000, 0x0000000100000000)
  region size 1024K, 4 young (4096K), 4 survivors (4096K)
 Metaspace       used 70363K, capacity 71958K, committed 72060K, reserved 1112064K
  class space    used 9080K, capacity 9661K, committed 9728K, reserved 1048576K
}

Deoptimization events (20 events):
Event: 31.274 Thread 0x0000018e3bad6800 DEOPT PACKING pc=0x0000018e2a94993c sp=0x0000006e3aef4c50
Event: 31.274 Thread 0x0000018e3bad6800 DEOPT UNPACKING pc=0x0000018e22d0662f sp=0x0000006e3aef4c68 mode 2
Event: 34.508 Thread 0x0000018e3bad6800 Uncommon trap: trap_request=0xffffffde fr.pc=0x0000018e2aa9e72c relative=0x0000000000002b0c
Event: 34.508 Thread 0x0000018e3bad6800 Uncommon trap: reason=class_check action=maybe_recompile pc=0x0000018e2aa9e72c method=java.util.TreeMap.put(Ljava/lang/Object;Ljava/lang/Object;)Ljava/lang/Object; @ 127 c2
Event: 34.508 Thread 0x0000018e3bad6800 DEOPT PACKING pc=0x0000018e2aa9e72c sp=0x0000006e3aefa970
Event: 34.508 Thread 0x0000018e3bad6800 DEOPT UNPACKING pc=0x0000018e22d0662f sp=0x0000006e3aefa938 mode 2
Event: 34.564 Thread 0x0000018e3bad6800 Uncommon trap: trap_request=0xffffffde fr.pc=0x0000018e2aa9e72c relative=0x0000000000002b0c
Event: 34.564 Thread 0x0000018e3bad6800 Uncommon trap: reason=class_check action=maybe_recompile pc=0x0000018e2aa9e72c method=java.util.TreeMap.put(Ljava/lang/Object;Ljava/lang/Object;)Ljava/lang/Object; @ 127 c2
Event: 34.564 Thread 0x0000018e3bad6800 DEOPT PACKING pc=0x0000018e2aa9e72c sp=0x0000006e3aefa970
Event: 34.564 Thread 0x0000018e3bad6800 DEOPT UNPACKING pc=0x0000018e22d0662f sp=0x0000006e3aefa938 mode 2
Event: 34.604 Thread 0x0000018e3bad6800 Uncommon trap: trap_request=0xffffff4d fr.pc=0x0000018e2a9bc79c relative=0x0000000000000bfc
Event: 34.604 Thread 0x0000018e3bad6800 Uncommon trap: reason=unstable_if action=reinterpret pc=0x0000018e2a9bc79c method=com.esotericsoftware.kryo.io.Input.readString()Ljava/lang/String; @ 28 c2
Event: 34.604 Thread 0x0000018e3bad6800 DEOPT PACKING pc=0x0000018e2a9bc79c sp=0x0000006e3aef9120
Event: 34.604 Thread 0x0000018e3bad6800 DEOPT UNPACKING pc=0x0000018e22d0662f sp=0x0000006e3aef90f8 mode 2
Event: 34.608 Thread 0x0000018e3bad6800 Uncommon trap: trap_request=0xffffff4d fr.pc=0x0000018e2a9b89fc relative=0x00000000000001bc
Event: 34.608 Thread 0x0000018e3bad6800 Uncommon trap: reason=unstable_if action=reinterpret pc=0x0000018e2a9b89fc method=com.esotericsoftware.kryo.io.Input.require(I)I @ 65 c2
Event: 34.608 Thread 0x0000018e3bad6800 DEOPT PACKING pc=0x0000018e2a9b89fc sp=0x0000006e3aef8fc0
Event: 34.608 Thread 0x0000018e3bad6800 DEOPT UNPACKING pc=0x0000018e22d0662f sp=0x0000006e3aef8f80 mode 2
Event: 34.752 Thread 0x0000018e3bad6800 DEOPT PACKING pc=0x0000018e23f1bb5b sp=0x0000006e3aef9730
Event: 34.752 Thread 0x0000018e3bad6800 DEOPT UNPACKING pc=0x0000018e22d06dde sp=0x0000006e3aef8be0 mode 0

Classes redefined (0 events):
No events

Internal exceptions (20 events):
Event: 31.320 Thread 0x0000018e3bad6800 Exception <a 'java/lang/ClassNotFoundException'{0x0000000085770128}: build_atjxkagnta0fdy3auf1uxi6gn$_run_closure1Customizer> (0x0000000085770128) thrown at [./src/hotspot/share/classfile/systemDictionary.cpp, line 231]
Event: 31.332 Thread 0x0000018e3bad6800 Exception <a 'java/lang/ClassNotFoundException'{0x00000000857d0420}: org/gradle/api/JavaVersionBeanInfo> (0x00000000857d0420) thrown at [./src/hotspot/share/classfile/systemDictionary.cpp, line 231]
Event: 31.335 Thread 0x0000018e3bad6800 Exception <a 'java/lang/ClassNotFoundException'{0x00000000857fb178}: org/gradle/api/JavaVersionCustomizer> (0x00000000857fb178) thrown at [./src/hotspot/share/classfile/systemDictionary.cpp, line 231]
Event: 31.342 Thread 0x0000018e3bad6800 Exception <a 'java/lang/ClassNotFoundException'{0x00000000856675b8}: com/android/build/gradle/internal/CompileOptions$AgpDecorated_DecoratedBeanInfo> (0x00000000856675b8) thrown at [./src/hotspot/share/classfile/systemDictionary.cpp, line 231]
Event: 31.343 Thread 0x0000018e3bad6800 Exception <a 'java/lang/ClassNotFoundException'{0x0000000085682a18}: com/android/build/gradle/internal/CompileOptions$AgpDecoratedBeanInfo> (0x0000000085682a18) thrown at [./src/hotspot/share/classfile/systemDictionary.cpp, line 231]
Event: 31.344 Thread 0x0000018e3bad6800 Exception <a 'java/lang/ClassNotFoundException'{0x000000008569bdd0}: com/android/build/gradle/internal/CompileOptionsBeanInfo> (0x000000008569bdd0) thrown at [./src/hotspot/share/classfile/systemDictionary.cpp, line 231]
Event: 31.345 Thread 0x0000018e3bad6800 Exception <a 'java/lang/ClassNotFoundException'{0x00000000856b54d0}: com/android/build/gradle/internal/CompileOptionsCustomizer> (0x00000000856b54d0) thrown at [./src/hotspot/share/classfile/systemDictionary.cpp, line 231]
Event: 31.349 Thread 0x0000018e3bad6800 Exception <a 'java/lang/ClassNotFoundException'{0x00000000856dc8e0}: com/android/build/gradle/internal/CompileOptions$AgpDecoratedCustomizer> (0x00000000856dc8e0) thrown at [./src/hotspot/share/classfile/systemDictionary.cpp, line 231]
Event: 31.352 Thread 0x0000018e3bad6800 Exception <a 'java/lang/ClassNotFoundException'{0x00000000855079c0}: com/android/build/gradle/internal/CompileOptions$AgpDecorated_DecoratedCustomizer> (0x00000000855079c0) thrown at [./src/hotspot/share/classfile/systemDictionary.cpp, line 231]
Event: 31.364 Thread 0x0000018e3bad6800 Exception <a 'java/lang/ClassNotFoundException'{0x00000000855c8f60}: org/gradle/api/internal/artifacts/dsl/dependencies/DefaultDependencyHandler_DecoratedBeanInfo> (0x00000000855c8f60) thrown at [./src/hotspot/share/classfile/systemDictionary.cpp, line 231]
Event: 31.366 Thread 0x0000018e3bad6800 Exception <a 'java/lang/ClassNotFoundException'{0x0000000085411b38}: org/gradle/api/internal/artifacts/dsl/dependencies/DefaultDependencyHandlerBeanInfo> (0x0000000085411b38) thrown at [./src/hotspot/share/classfile/systemDictionary.cpp, line 231]
Event: 31.369 Thread 0x0000018e3bad6800 Exception <a 'java/lang/ClassNotFoundException'{0x0000000085459ec8}: org/gradle/api/internal/artifacts/dsl/dependencies/DefaultDependencyHandlerCustomizer> (0x0000000085459ec8) thrown at [./src/hotspot/share/classfile/systemDictionary.cpp, line 231]
Event: 31.373 Thread 0x0000018e3bad6800 Exception <a 'java/lang/ClassNotFoundException'{0x00000000854cb7c0}: org/gradle/api/internal/artifacts/dsl/dependencies/DefaultDependencyHandler_DecoratedCustomizer> (0x00000000854cb7c0) thrown at [./src/hotspot/share/classfile/systemDictionary.cpp, line 231]
Event: 34.262 Thread 0x0000018e3bad6800 Exception <a 'java/lang/ClassNotFoundException'{0x0000000086c1d0e8}: com/android/build/gradle/internal/api/ApkVariantOutputImpl_DecoratedBeanInfo> (0x0000000086c1d0e8) thrown at [./src/hotspot/share/classfile/systemDictionary.cpp, line 231]
Event: 34.267 Thread 0x0000018e3bad6800 Exception <a 'java/lang/ClassNotFoundException'{0x0000000086c37918}: com/android/build/gradle/internal/api/ApkVariantOutputImplBeanInfo> (0x0000000086c37918) thrown at [./src/hotspot/share/classfile/systemDictionary.cpp, line 231]
Event: 34.272 Thread 0x0000018e3bad6800 Exception <a 'java/lang/ClassNotFoundException'{0x0000000086c52988}: com/android/build/gradle/internal/api/BaseVariantOutputImplBeanInfo> (0x0000000086c52988) thrown at [./src/hotspot/share/classfile/systemDictionary.cpp, line 231]
Event: 34.277 Thread 0x0000018e3bad6800 Exception <a 'java/lang/ClassNotFoundException'{0x0000000086c6da60}: com/android/build/gradle/internal/api/BaseVariantOutputImplCustomizer> (0x0000000086c6da60) thrown at [./src/hotspot/share/classfile/systemDictionary.cpp, line 231]
Event: 34.284 Thread 0x0000018e3bad6800 Exception <a 'java/lang/ClassNotFoundException'{0x0000000086c9b498}: com/android/build/gradle/internal/api/ApkVariantOutputImplCustomizer> (0x0000000086c9b498) thrown at [./src/hotspot/share/classfile/systemDictionary.cpp, line 231]
Event: 34.288 Thread 0x0000018e3bad6800 Exception <a 'java/lang/ClassNotFoundException'{0x0000000086cc5130}: com/android/build/gradle/internal/api/ApkVariantOutputImpl_DecoratedCustomizer> (0x0000000086cc5130) thrown at [./src/hotspot/share/classfile/systemDictionary.cpp, line 231]
Event: 34.360 Thread 0x0000018e3bad6800 Exception <a 'java/lang/NoClassDefFoundError'{0x0000000086a32b20}: org/jetbrains/kotlin/gradle/plugin/KotlinBasePluginWrapper> (0x0000000086a32b20) thrown at [./src/hotspot/share/classfile/systemDictionary.cpp, line 220]

Events (20 events):
Event: 34.726 loading class org/gradle/execution/taskpath/TaskPathResolver
Event: 34.726 loading class org/gradle/execution/taskpath/TaskPathResolver done
Event: 34.727 loading class org/gradle/execution/taskpath/ProjectFinderByTaskPath
Event: 34.727 loading class org/gradle/execution/taskpath/ProjectFinderByTaskPath done
Event: 34.728 loading class org/gradle/execution/taskpath/ProjectFinderByTaskPath$ProjectLookupException
Event: 34.728 loading class org/gradle/execution/taskpath/ProjectFinderByTaskPath$ProjectLookupException done
Event: 34.729 loading class org/gradle/util/internal/NameMatcher
Event: 34.729 loading class org/gradle/util/internal/NameMatcher done
Event: 34.732 loading class org/gradle/execution/taskpath/ResolvedTaskPath
Event: 34.732 loading class org/gradle/execution/taskpath/ResolvedTaskPath done
Event: 34.737 loading class org/gradle/execution/TaskNameResolver$1
Event: 34.737 loading class org/gradle/execution/TaskNameResolver$1 done
Event: 34.739 loading class org/gradle/execution/TaskSelection
Event: 34.739 loading class org/gradle/execution/TaskSelection done
Event: 34.740 loading class org/gradle/api/internal/tasks/DefaultTaskContainer$TaskCreatingProvider$1
Event: 34.740 loading class org/gradle/api/internal/tasks/DefaultTaskContainer$TaskCreatingProvider$1 done
Event: 34.763 loading class org/gradle/api/internal/AbstractTask$10
Event: 34.763 loading class org/gradle/api/internal/AbstractTask$10 done
Event: 34.768 loading class org/gradle/internal/resources/ResourceDeadlockException
Event: 34.768 loading class org/gradle/internal/resources/ResourceDeadlockException done


Dynamic libraries:
0x00007ff6ceef0000 - 0x00007ff6ceefa000 	C:\Program Files\Android\Android Studio\jre\bin\java.exe
0x00007fff4ad80000 - 0x00007fff4af89000 	C:\WINDOWS\SYSTEM32\ntdll.dll
0x00007fff49600000 - 0x00007fff496bd000 	C:\WINDOWS\System32\KERNEL32.DLL
0x00007fff48600000 - 0x00007fff48974000 	C:\WINDOWS\System32\KERNELBASE.dll
0x00007fff484e0000 - 0x00007fff485f1000 	C:\WINDOWS\System32\ucrtbase.dll
0x00007fff3a740000 - 0x00007fff3a759000 	C:\Program Files\Android\Android Studio\jre\bin\jli.dll
0x00007fff48de0000 - 0x00007fff48f8c000 	C:\WINDOWS\System32\USER32.dll
0x00007fff48390000 - 0x00007fff483b6000 	C:\WINDOWS\System32\win32u.dll
0x00007fff4aaf0000 - 0x00007fff4ab19000 	C:\WINDOWS\System32\GDI32.dll
0x00007fff365b0000 - 0x00007fff36855000 	C:\WINDOWS\WinSxS\amd64_microsoft.windows.common-controls_6595b64144ccf1df_6.0.22000.120_none_9d947278b86cc467\COMCTL32.dll
0x00007fff483c0000 - 0x00007fff484d2000 	C:\WINDOWS\System32\gdi32full.dll
0x00007fff48270000 - 0x00007fff4830d000 	C:\WINDOWS\System32\msvcp_win.dll
0x00007fff36090000 - 0x00007fff360a7000 	C:\Program Files\Android\Android Studio\jre\bin\VCRUNTIME140.dll
0x00007fff49890000 - 0x00007fff49933000 	C:\WINDOWS\System32\msvcrt.dll
0x00007fff49100000 - 0x00007fff49131000 	C:\WINDOWS\System32\IMM32.DLL
0x00007ffefc7e0000 - 0x00007ffefc87d000 	C:\Program Files\Android\Android Studio\jre\bin\msvcp140.dll
0x00007ffea2260000 - 0x00007ffea2d35000 	C:\Program Files\Android\Android Studio\jre\bin\server\jvm.dll
0x00007fff4ac20000 - 0x00007fff4acce000 	C:\WINDOWS\System32\ADVAPI32.dll
0x00007fff48c20000 - 0x00007fff48cbe000 	C:\WINDOWS\System32\sechost.dll
0x00007fff49230000 - 0x00007fff49350000 	C:\WINDOWS\System32\RPCRT4.dll
0x00007fff496c0000 - 0x00007fff496c8000 	C:\WINDOWS\System32\PSAPI.DLL
0x00007fff41b80000 - 0x00007fff41bb3000 	C:\WINDOWS\SYSTEM32\WINMM.dll
0x00007fff3b5d0000 - 0x00007fff3b5d9000 	C:\WINDOWS\SYSTEM32\WSOCK32.dll
0x00007fff3f7d0000 - 0x00007fff3f7da000 	C:\WINDOWS\SYSTEM32\VERSION.dll
0x00007fff49000000 - 0x00007fff4906f000 	C:\WINDOWS\System32\WS2_32.dll
0x00007fff47370000 - 0x00007fff47388000 	C:\WINDOWS\SYSTEM32\kernel.appcore.dll
0x00007fff35e00000 - 0x00007fff35e11000 	C:\Program Files\Android\Android Studio\jre\bin\verify.dll
0x00007fff3a0f0000 - 0x00007fff3a311000 	C:\WINDOWS\SYSTEM32\DBGHELP.DLL
0x00007fff37d80000 - 0x00007fff37db1000 	C:\WINDOWS\SYSTEM32\dbgcore.DLL
0x00007fff48310000 - 0x00007fff4838f000 	C:\WINDOWS\System32\bcryptPrimitives.dll
0x00007fff31710000 - 0x00007fff31739000 	C:\Program Files\Android\Android Studio\jre\bin\java.dll
0x00007fff42820000 - 0x00007fff4282b000 	C:\Program Files\Android\Android Studio\jre\bin\jimage.dll
0x00007fff00e00000 - 0x00007fff00e18000 	C:\Program Files\Android\Android Studio\jre\bin\zip.dll
0x00007fff49ed0000 - 0x00007fff4a67e000 	C:\WINDOWS\System32\SHELL32.dll
0x00007fff463e0000 - 0x00007fff46c47000 	C:\WINDOWS\SYSTEM32\windows.storage.dll
0x00007fff499b0000 - 0x00007fff49d28000 	C:\WINDOWS\System32\combase.dll
0x00007fff46270000 - 0x00007fff463d6000 	C:\WINDOWS\SYSTEM32\wintypes.dll
0x00007fff49510000 - 0x00007fff495fa000 	C:\WINDOWS\System32\SHCORE.dll
0x00007fff491d0000 - 0x00007fff4922d000 	C:\WINDOWS\System32\shlwapi.dll
0x00007fff481a0000 - 0x00007fff481c1000 	C:\WINDOWS\SYSTEM32\profapi.dll
0x00007fff00de0000 - 0x00007fff00dfa000 	C:\Program Files\Android\Android Studio\jre\bin\net.dll
0x00007fff41a00000 - 0x00007fff41b0c000 	C:\WINDOWS\SYSTEM32\WINHTTP.dll
0x00007fff477a0000 - 0x00007fff47807000 	C:\WINDOWS\system32\mswsock.dll
0x00007ffefdbf0000 - 0x00007ffefdc04000 	C:\Program Files\Android\Android Studio\jre\bin\nio.dll
0x00007fff359f0000 - 0x00007fff35a17000 	C:\Users\acer\.gradle\native\e1d6ef7f7dcc3fd88c89a11ec53ec762bb8ba0a96d01ffa2cd45eb1d1d8dd5c5\windows-amd64\native-platform.dll
0x00007ffefaa40000 - 0x00007ffefab84000 	C:\Users\acer\.gradle\native\5664cfc778a61ccfe75a443a1ab52a65af34e5dc3c78e0209fed803814484fcb\windows-amd64\native-platform-file-events.dll
0x00007fff3af40000 - 0x00007fff3af4a000 	C:\Program Files\Android\Android Studio\jre\bin\management.dll
0x00007fff39af0000 - 0x00007fff39afd000 	C:\Program Files\Android\Android Studio\jre\bin\management_ext.dll
0x00007fff479e0000 - 0x00007fff479f8000 	C:\WINDOWS\SYSTEM32\CRYPTSP.dll
0x00007fff472d0000 - 0x00007fff47305000 	C:\WINDOWS\system32\rsaenh.dll
0x00007fff47890000 - 0x00007fff478b9000 	C:\WINDOWS\SYSTEM32\USERENV.dll
0x00007fff47b60000 - 0x00007fff47b87000 	C:\WINDOWS\SYSTEM32\bcrypt.dll
0x00007fff47a00000 - 0x00007fff47a0c000 	C:\WINDOWS\SYSTEM32\CRYPTBASE.dll
0x00007fff46ea0000 - 0x00007fff46ecd000 	C:\WINDOWS\SYSTEM32\IPHLPAPI.DLL
0x00007fff48f90000 - 0x00007fff48f99000 	C:\WINDOWS\System32\NSI.dll
0x00007fff419c0000 - 0x00007fff419d9000 	C:\WINDOWS\SYSTEM32\dhcpcsvc6.DLL
0x00007fff41ee0000 - 0x00007fff41efe000 	C:\WINDOWS\SYSTEM32\dhcpcsvc.DLL
0x00007fff46ed0000 - 0x00007fff46fb7000 	C:\WINDOWS\SYSTEM32\DNSAPI.dll

dbghelp: loaded successfully - version: 4.0.5 - missing functions: none
symbol engine: initialized successfully - sym options: 0x614 - pdb path: .;C:\Program Files\Android\Android Studio\jre\bin;C:\WINDOWS\SYSTEM32;C:\WINDOWS\WinSxS\amd64_microsoft.windows.common-controls_6595b64144ccf1df_6.0.22000.120_none_9d947278b86cc467;C:\Program Files\Android\Android Studio\jre\bin\server;C:\Users\acer\.gradle\native\e1d6ef7f7dcc3fd88c89a11ec53ec762bb8ba0a96d01ffa2cd45eb1d1d8dd5c5\windows-amd64;C:\Users\acer\.gradle\native\5664cfc778a61ccfe75a443a1ab52a65af34e5dc3c78e0209fed803814484fcb\windows-amd64

VM Arguments:
jvm_args: --add-opens=java.base/java.util=ALL-UNNAMED --add-opens=java.base/java.lang=ALL-UNNAMED --add-opens=java.base/java.lang.invoke=ALL-UNNAMED --add-opens=java.base/java.util=ALL-UNNAMED --add-opens=java.prefs/java.util.prefs=ALL-UNNAMED --add-opens=java.prefs/java.util.prefs=ALL-UNNAMED --add-opens=java.base/java.nio.charset=ALL-UNNAMED --add-opens=java.base/java.net=ALL-UNNAMED --add-opens=java.base/java.util.concurrent.atomic=ALL-UNNAMED -Xmx2048m -Dfile.encoding=UTF-8 -Duser.country=US -Duser.language=en -Duser.variant 
java_command: org.gradle.launcher.daemon.bootstrap.GradleDaemon 7.2
java_class_path (initial): C:\Users\acer\.gradle\wrapper\dists\gradle-7.2-bin\2dnblmf4td7x66yl1d74lt32g\gradle-7.2\lib\gradle-launcher-7.2.jar
Launcher Type: SUN_STANDARD

[Global flags]
     intx CICompilerCount                          = 4                                         {product} {ergonomic}
     uint ConcGCThreads                            = 2                                         {product} {ergonomic}
     uint G1ConcRefinementThreads                  = 8                                         {product} {ergonomic}
   size_t G1HeapRegionSize                         = 1048576                                   {product} {ergonomic}
    uintx GCDrainStackTargetSize                   = 64                                        {product} {ergonomic}
   size_t InitialHeapSize                          = 58720256                                  {product} {ergonomic}
   size_t MarkStackSize                            = 4194304                                   {product} {ergonomic}
   size_t MaxHeapSize                              = 2147483648                                {product} {command line}
   size_t MaxNewSize                               = 1287651328                                {product} {ergonomic}
   size_t MinHeapDeltaBytes                        = 1048576                                   {product} {ergonomic}
    uintx NonNMethodCodeHeapSize                   = 5836300                                {pd product} {ergonomic}
    uintx NonProfiledCodeHeapSize                  = 122910970                              {pd product} {ergonomic}
    uintx ProfiledCodeHeapSize                     = 122910970                              {pd product} {ergonomic}
    uintx ReservedCodeCacheSize                    = 251658240                              {pd product} {ergonomic}
     bool SegmentedCodeCache                       = true                                      {product} {ergonomic}
     bool UseCompressedClassPointers               = true                                 {lp64_product} {ergonomic}
     bool UseCompressedOops                        = true                                 {lp64_product} {ergonomic}
     bool UseG1GC                                  = true                                      {product} {ergonomic}
     bool UseLargePagesIndividualAllocation        = false                                  {pd product} {ergonomic}

Logging:
Log output configuration:
 #0: stdout all=warning uptime,level,tags
 #1: stderr all=off uptime,level,tags

Environment Variables:
PATH=C:\Program Files\Microsoft MPI\Bin\;C:\Program Files (x86)\Common Files\Intel\Shared Files\cpp\bin\Intel64;C:\WINDOWS\system32;C:\WINDOWS;C:\WINDOWS\System32\Wbem;C:\WINDOWS\System32\WindowsPowerShell\v1.0\;C:\WINDOWS\System32\OpenSSH\;C:\Program Files\Microsoft SQL Server\Client SDK\ODBC\170\Tools\Binn\;C:\Program Files (x86)\Microsoft SQL Server\150\Tools\Binn\;C:\Program Files\Microsoft SQL Server\150\Tools\Binn\;C:\Program Files\Microsoft SQL Server\150\DTS\Binn\;C:\Program Files (x86)\Microsoft SQL Server\150\DTS\Binn\;C:\Program Files\Azure Data Studio\bin;C:\Program Files\dotnet\;C:\Program Files (x86)\dotnet\;D;C:\HashiCorp\Vagrant\bin;C:\Program Files\Kubernetes\Minikube;C:\minikube;C:\Program Files\Git\cmd;C:\Program Files\Microsoft SQL Server\130\Tools\Binn\;C:\Users\acer\AppData\Local\Programs\Python\Python39\Scripts\;C:\Users\acer\AppData\Local\Programs\Python\Python39\;C:\Users\acer\AppData\Local\Microsoft\WindowsApps;;C:\Program Files\Azure Data Studio\bin;C:\Users\acer\AppData\Local\Programs\Microsoft VS Code\bin;C:\Users\acer\.dotnet\tools
USERNAME=acer
OS=Windows_NT
PROCESSOR_IDENTIFIER=AMD64 Family 23 Model 24 Stepping 1, AuthenticAMD



---------------  S Y S T E M  ---------------

OS: Windows 10 , 64 bit Build 22000 (10.0.22000.434)
OS uptime: 10 days 22:53 hours

CPU:total 8 (initial active 8) (8 cores per cpu, 2 threads per core) family 23 model 24 stepping 1 microcode 0x0, cmov, cx8, fxsr, mmx, sse, sse2, sse3, ssse3, sse4.1, sse4.2, popcnt, avx, avx2, aes, clmul, mmxext, 3dnowpref, lzcnt, sse4a, ht, tsc, tscinvbit, tscinv, bmi1, bmi2, adx, s

Memory: 4k page, system-wide physical 3514M (19M free)
TotalPageFile size 14266M (AvailPageFile size 8M)
current process WorkingSet (physical memory assigned to process): 189M, peak: 235M
current process commit charge ("private bytes"): 368M, peak: 370M

vm_info: OpenJDK 64-Bit Server VM (11.0.11+9-b60-7590822) for windows-amd64 JRE (11.0.11+9-b60-7590822), built on Jul 29 2021 21:43:44 by "builder" with MS VC++ 14.0 (VS2015)

END.
